2023-12-13 11:35:44,881 [INFO] Activator:176 - 


2023-12-13 11:35:44,886 [INFO] Activator:177 - !SESSION log4j initialized
2023-12-13 11:35:47,993 [ERROR] LogOutputStream:75 - [STDERR_REDIRECT] 
2023-12-13 11:35:48,681 [INFO] LogOutputStream:77 - [STDOUT_REDIRECT] 
2023-12-13 11:35:51,590 [INFO] LogOutputStream:77 - [STDOUT_REDIRECT] 
2023-12-13 11:35:52,183 [ERROR] LogOutputStream:75 - [STDERR_REDIRECT] java.net.URISyntaxException: Illegal character in path at index 47: file:/Users/jianghui/Documents/GitHub/ss_hw/H08 A/A2/.metadata/.log4j2.xml
2023-12-13 11:35:52,183 [ERROR] LogOutputStream:75 - [STDERR_REDIRECT] 	at java.base/java.net.URI$Parser.fail(URI.java:2974)
2023-12-13 11:35:52,183 [ERROR] LogOutputStream:75 - [STDERR_REDIRECT] 	at java.base/java.net.URI$Parser.checkChars(URI.java:3145)
2023-12-13 11:35:52,184 [ERROR] LogOutputStream:75 - [STDERR_REDIRECT] 	at java.base/java.net.URI$Parser.parseHierarchical(URI.java:3227)
2023-12-13 11:35:52,184 [ERROR] LogOutputStream:75 - [STDERR_REDIRECT] 	at java.base/java.net.URI$Parser.parse(URI.java:3175)
2023-12-13 11:35:52,185 [ERROR] LogOutputStream:75 - [STDERR_REDIRECT] 	at java.base/java.net.URI.<init>(URI.java:623)
2023-12-13 11:35:52,185 [ERROR] LogOutputStream:75 - [STDERR_REDIRECT] 	at java.base/java.net.URL.toURI(URL.java:1056)
2023-12-13 11:35:52,185 [ERROR] LogOutputStream:75 - [STDERR_REDIRECT] 	at com.st.stm32cube.common.mx.core.CubeMxInstance.getInstance(CubeMxInstance.java:81)
2023-12-13 11:35:52,185 [ERROR] LogOutputStream:75 - [STDERR_REDIRECT] 	at com.st.stm32cube.common.mx.userauth.UserAuthAdapter.<init>(UserAuthAdapter.java:18)
2023-12-13 11:35:52,186 [ERROR] LogOutputStream:75 - [STDERR_REDIRECT] 	at com.st.stm32cube.common.mx.userauth.UserAuthProvider.getUserAuthAdapter(UserAuthProvider.java:9)
2023-12-13 11:35:52,186 [ERROR] LogOutputStream:75 - [STDERR_REDIRECT] 	at com.st.stm32cube.common.ecosystemintegration.ui.core.MCUEcoSystemIntegrationUiHelper.getUserAuth(MCUEcoSystemIntegrationUiHelper.java:100)
2023-12-13 11:35:52,186 [ERROR] LogOutputStream:75 - [STDERR_REDIRECT] 	at com.st.stm32cube.ide.mcu.userauth.UserAuthStartup.earlyStartup(UserAuthStartup.java:41)
2023-12-13 11:35:52,186 [ERROR] LogOutputStream:75 - [STDERR_REDIRECT] 	at org.eclipse.ui.internal.EarlyStartupRunnable.runEarlyStartup(EarlyStartupRunnable.java:79)
2023-12-13 11:35:52,186 [ERROR] LogOutputStream:75 - [STDERR_REDIRECT] 	at org.eclipse.ui.internal.EarlyStartupRunnable.run(EarlyStartupRunnable.java:55)
2023-12-13 11:35:52,186 [ERROR] LogOutputStream:75 - [STDERR_REDIRECT] 	at org.eclipse.core.runtime.SafeRunner.run(SafeRunner.java:45)
2023-12-13 11:35:52,187 [ERROR] LogOutputStream:75 - [STDERR_REDIRECT] 	at org.eclipse.ui.internal.Workbench$39.run(Workbench.java:2656)
2023-12-13 11:35:52,187 [ERROR] LogOutputStream:75 - [STDERR_REDIRECT] 	at org.eclipse.core.internal.jobs.Worker.run(Worker.java:63)
2023-12-13 11:35:52,356 [INFO] ApplicationProperties:184 - Using Application install path: /Applications/STM32CubeIDE.app/Contents/Eclipse/plugins/com.st.stm32cube.common.mx_6.9.2.202309101412
2023-12-13 11:35:52,369 [INFO] DbMcusXml:78 - Set database path to: /Applications/STM32CubeIDE.app/Contents/Eclipse/plugins/com.st.stm32cube.common.mx_6.9.2.202309101412//db//mcu/
2023-12-13 11:35:52,370 [INFO] ApiDb:274 - Set plugin database path to: /Applications/STM32CubeIDE.app/Contents/Eclipse/plugins/com.st.stm32cube.common.mx_6.9.2.202309101412//db//plugins/boardmanager/
2023-12-13 11:35:52,370 [WARN] ApiDb:259 - Overriding images path with different value:  => /Applications/STM32CubeIDE.app/Contents/Eclipse/plugins/com.st.stm32cube.common.mx_6.9.2.202309101412//db//plugins/mcufinder/images/
2023-12-13 11:35:52,378 [INFO] ApiDb:250 - Set database path to: /Users/jianghui/.stmcufinder/plugins/mcufinder//mcu/
2023-12-13 11:35:52,380 [INFO] DbMcusAds:125 - Set database path to: /Users/jianghui/.stmcufinder/plugins/mcufinder//mcu/
2023-12-13 11:35:52,382 [INFO] CrossReferenceDbSqlite:203 - Set database path to: /Users/jianghui/.stmcufinder/plugins/mcufinder//mcu/cs/
2023-12-13 11:35:52,468 [INFO] RulesReader:64 - Compatibility file has been processed (293 Rules)
2023-12-13 11:35:52,529 [INFO] DbMcusXml:78 - Set database path to: /Applications/STM32CubeIDE.app/Contents/Eclipse/plugins/com.st.stm32cube.common.mx_6.9.2.202309101412//db//mcu/
2023-12-13 11:35:52,529 [INFO] ApiDb:274 - Set plugin database path to: /Applications/STM32CubeIDE.app/Contents/Eclipse/plugins/com.st.stm32cube.common.mx_6.9.2.202309101412//db//plugins/boardmanager/
2023-12-13 11:35:52,529 [INFO] ApiDb:261 - Set plugin images path to: /Applications/STM32CubeIDE.app/Contents/Eclipse/plugins/com.st.stm32cube.common.mx_6.9.2.202309101412//db//plugins/mcufinder/images/
2023-12-13 11:35:52,529 [WARN] DbFile:41 - Overriding database path with different value: /Users/jianghui/.stmcufinder/plugins/mcufinder/ => /Users/jianghui/.stmcufinder/plugins/mcufinder
2023-12-13 11:35:52,529 [INFO] ApiDb:250 - Set database path to: /Users/jianghui/.stmcufinder/plugins/mcufinder//mcu/
2023-12-13 11:35:52,529 [WARN] DbFile:41 - Overriding database path with different value: /Users/jianghui/.stmcufinder/plugins/mcufinder/ => /Users/jianghui/.stmcufinder/plugins/mcufinder
2023-12-13 11:35:52,529 [INFO] DbMcusAds:125 - Set database path to: /Users/jianghui/.stmcufinder/plugins/mcufinder//mcu/
2023-12-13 11:35:52,530 [WARN] DbFile:41 - Overriding database path with different value: /Users/jianghui/.stmcufinder/plugins/mcufinder/ => /Users/jianghui/.stmcufinder/plugins/mcufinder
2023-12-13 11:35:52,530 [WARN] DbFile:41 - Overriding database path with different value: /Users/jianghui/.stmcufinder/plugins/mcufinder/ => /Users/jianghui/.stmcufinder/plugins/mcufinder
2023-12-13 11:35:52,530 [INFO] CrossReferenceDbSqlite:203 - Set database path to: /Users/jianghui/.stmcufinder/plugins/mcufinder//mcu/cs/
2023-12-13 11:35:52,590 [INFO] MainPanel:262 - HeapMemory: 268435456
2023-12-13 11:35:52,649 [INFO] DbMcusXml:78 - Set database path to: /Applications/STM32CubeIDE.app/Contents/Eclipse/plugins/com.st.stm32cube.common.mx_6.9.2.202309101412//db//mcu/
2023-12-13 11:35:52,649 [INFO] ApiDb:274 - Set plugin database path to: /Applications/STM32CubeIDE.app/Contents/Eclipse/plugins/com.st.stm32cube.common.mx_6.9.2.202309101412//db//plugins/boardmanager/
2023-12-13 11:35:52,649 [INFO] ApiDb:261 - Set plugin images path to: /Applications/STM32CubeIDE.app/Contents/Eclipse/plugins/com.st.stm32cube.common.mx_6.9.2.202309101412//db//plugins/mcufinder/images/
2023-12-13 11:35:52,649 [WARN] DbFile:41 - Overriding database path with different value: /Users/jianghui/.stmcufinder/plugins/mcufinder/ => /Users/jianghui/.stmcufinder/plugins/mcufinder
2023-12-13 11:35:52,649 [INFO] ApiDb:250 - Set database path to: /Users/jianghui/.stmcufinder/plugins/mcufinder//mcu/
2023-12-13 11:35:52,649 [WARN] DbFile:41 - Overriding database path with different value: /Users/jianghui/.stmcufinder/plugins/mcufinder/ => /Users/jianghui/.stmcufinder/plugins/mcufinder
2023-12-13 11:35:52,649 [INFO] DbMcusAds:125 - Set database path to: /Users/jianghui/.stmcufinder/plugins/mcufinder//mcu/
2023-12-13 11:35:52,650 [WARN] DbFile:41 - Overriding database path with different value: /Users/jianghui/.stmcufinder/plugins/mcufinder/ => /Users/jianghui/.stmcufinder/plugins/mcufinder
2023-12-13 11:35:52,650 [WARN] DbFile:41 - Overriding database path with different value: /Users/jianghui/.stmcufinder/plugins/mcufinder/ => /Users/jianghui/.stmcufinder/plugins/mcufinder
2023-12-13 11:35:52,650 [INFO] CrossReferenceDbSqlite:203 - Set database path to: /Users/jianghui/.stmcufinder/plugins/mcufinder//mcu/cs/
2023-12-13 11:35:52,663 [INFO] ApplicationProperties:184 - Using Application install path: /Applications/STM32CubeIDE.app/Contents/Eclipse/plugins/com.st.stm32cube.common.mx_6.9.2.202309101412
2023-12-13 11:35:52,664 [INFO] PluginManage:196 - Search for loadable plugins [exclusion list=, ]
2023-12-13 11:35:52,665 [INFO] PluginManage:310 - Check plugin analytics
2023-12-13 11:35:52,800 [INFO] AnalyticsPlugin:253 - Accepted Software Licenses: 
2023-12-13 11:35:52,801 [INFO] AnalyticsPlugin:255 - Accepted CMSIS Pack Licenses: 
2023-12-13 11:35:52,801 [INFO] AnalyticsPlugin:257 - Accepted Firmware Licenses: FW.F4.1.27.0
2023-12-13 11:35:52,803 [INFO] PluginManage:359 - Loaded plugin analytics (category:tool,tabindex:-1)
2023-12-13 11:35:52,803 [INFO] PluginManage:310 - Check plugin cadmodel
2023-12-13 11:35:53,054 [INFO] CADModel:105 - Init CAD model plugin
2023-12-13 11:35:53,054 [INFO] PluginManage:359 - Loaded plugin cadmodel (category:power,tabindex:5)
2023-12-13 11:35:53,055 [INFO] PluginManage:310 - Check plugin clock
2023-12-13 11:35:53,061 [INFO] PluginManage:359 - Loaded plugin clock (category:base,tabindex:2)
2023-12-13 11:35:53,061 [INFO] PluginManage:310 - Check plugin ddr
2023-12-13 11:35:53,062 [INFO] PluginManage:359 - Loaded plugin ddr (category:tool,tabindex:6)
2023-12-13 11:35:53,062 [INFO] PluginManage:310 - Check plugin filemanager
2023-12-13 11:35:53,160 [INFO] PluginManage:359 - Loaded plugin filemanager (category:base,tabindex:10)
2023-12-13 11:35:53,160 [INFO] PluginManage:310 - Check plugin ipmanager
2023-12-13 11:35:53,165 [INFO] PluginManage:359 - Loaded plugin ipmanager (category:base,tabindex:5)
2023-12-13 11:35:53,165 [INFO] PluginManage:310 - Check plugin lpbam
2023-12-13 11:35:53,172 [INFO] PluginManage:359 - Loaded plugin lpbam (category:base,tabindex:0)
2023-12-13 11:35:53,172 [INFO] PluginManage:310 - Check plugin memorymap
2023-12-13 11:35:53,182 [INFO] PluginManage:359 - Loaded plugin memorymap (category:base,tabindex:4)
2023-12-13 11:35:53,182 [INFO] PluginManage:310 - Check plugin pinoutandconfiguration
2023-12-13 11:35:53,187 [INFO] PluginManage:359 - Loaded plugin pinoutandconfiguration (category:base,tabindex:1)
2023-12-13 11:35:53,187 [INFO] PluginManage:310 - Check plugin pinoutconfig
2023-12-13 11:35:53,256 [WARN] SupportedApi:132 - Cannot load RTOS API schema: s4s-elt-must-match.1: The content of 'definitions' must match (annotation?, (simpleType | complexType)?, (unique | key | keyref)*)). A problem was found starting at: attribute.
2023-12-13 11:35:53,364 [INFO] PluginManage:359 - Loaded plugin pinoutconfig (category:base,tabindex:0)
2023-12-13 11:35:53,364 [INFO] PluginManage:310 - Check plugin power
2023-12-13 11:35:53,371 [INFO] PluginManage:359 - Loaded plugin power (category:power,tabindex:4)
2023-12-13 11:35:53,372 [INFO] PluginManage:310 - Check plugin projectmanager
2023-12-13 11:35:53,383 [INFO] PluginManage:359 - Loaded plugin projectmanager (category:projectmanager,tabindex:3)
2023-12-13 11:35:53,383 [INFO] PluginManage:310 - Check plugin thirdparty
2023-12-13 11:35:53,472 [WARN] IntegrityCheckThread:84 - waiting for thirdparty lock release [integrity check]
2023-12-13 11:35:53,472 [INFO] PluginManage:359 - Loaded plugin thirdparty (category:base,tabindex:-1)
2023-12-13 11:35:53,472 [INFO] PluginManage:310 - Check plugin tools
2023-12-13 11:35:53,472 [INFO] IntegrityCheckThread:86 - entering critical section [integrity check]
2023-12-13 11:35:53,473 [INFO] ThirdPartyUpdaterWithRetryManager:70 - Updater plugin not ready yet. [1/15]
2023-12-13 11:35:53,474 [INFO] PluginManage:359 - Loaded plugin tools (category:base,tabindex:7)
2023-12-13 11:35:53,474 [INFO] PluginManage:310 - Check plugin tutovideos
2023-12-13 11:35:53,605 [INFO] PluginManage:359 - Loaded plugin tutovideos (category:base,tabindex:-1)
2023-12-13 11:35:53,605 [INFO] PluginManage:310 - Check plugin updater
2023-12-13 11:35:53,613 [INFO] PluginManage:359 - Loaded plugin updater (category:base,tabindex:12)
2023-12-13 11:35:53,613 [INFO] PluginManage:310 - Check plugin userauth
2023-12-13 11:35:53,616 [INFO] UserAuth:113 - Init User Auth plugin
2023-12-13 11:35:53,617 [INFO] PluginManage:359 - Loaded plugin userauth (category:base,tabindex:14)
2023-12-13 11:35:53,617 [INFO] PluginManage:283 - PluginManage : Loaded plugins [17]
2023-12-13 11:35:53,639 [INFO] McuFinderGlobals:63 - Set McuFinder mode to 2 (CubeIDE integrated)
2023-12-13 11:35:53,654 [ERROR] LogOutputStream:75 - [STDERR_REDIRECT] java.net.URISyntaxException: Illegal character in path at index 47: file:/Users/jianghui/Documents/GitHub/ss_hw/H08 A/A2/.metadata/.log4j2.xml
2023-12-13 11:35:53,654 [ERROR] LogOutputStream:75 - [STDERR_REDIRECT] 	at java.base/java.net.URI$Parser.fail(URI.java:2974)
2023-12-13 11:35:53,655 [ERROR] LogOutputStream:75 - [STDERR_REDIRECT] 	at java.base/java.net.URI$Parser.checkChars(URI.java:3145)
2023-12-13 11:35:53,655 [ERROR] LogOutputStream:75 - [STDERR_REDIRECT] 	at java.base/java.net.URI$Parser.parseHierarchical(URI.java:3227)
2023-12-13 11:35:53,655 [ERROR] LogOutputStream:75 - [STDERR_REDIRECT] 	at java.base/java.net.URI$Parser.parse(URI.java:3175)
2023-12-13 11:35:53,655 [ERROR] LogOutputStream:75 - [STDERR_REDIRECT] 	at java.base/java.net.URI.<init>(URI.java:623)
2023-12-13 11:35:53,655 [ERROR] LogOutputStream:75 - [STDERR_REDIRECT] 	at java.base/java.net.URL.toURI(URL.java:1056)
2023-12-13 11:35:53,656 [ERROR] LogOutputStream:75 - [STDERR_REDIRECT] 	at com.st.stm32cube.common.mx.core.CubeMxInstance.getInstance(CubeMxInstance.java:81)
2023-12-13 11:35:53,656 [ERROR] LogOutputStream:75 - [STDERR_REDIRECT] 	at com.st.stm32cube.common.mx.editor.CubeMxEditor.createPartControl(CubeMxEditor.java:1036)
2023-12-13 11:35:53,656 [ERROR] LogOutputStream:75 - [STDERR_REDIRECT] 	at org.eclipse.ui.internal.e4.compatibility.CompatibilityPart.createPartControl(CompatibilityPart.java:158)
2023-12-13 11:35:53,657 [ERROR] LogOutputStream:75 - [STDERR_REDIRECT] 	at org.eclipse.ui.internal.e4.compatibility.CompatibilityEditor.createPartControl(CompatibilityEditor.java:96)
2023-12-13 11:35:53,657 [ERROR] LogOutputStream:75 - [STDERR_REDIRECT] 	at org.eclipse.ui.internal.e4.compatibility.CompatibilityPart.create(CompatibilityPart.java:365)
2023-12-13 11:35:53,657 [ERROR] LogOutputStream:75 - [STDERR_REDIRECT] 	at java.base/jdk.internal.reflect.NativeMethodAccessorImpl.invoke0(Native Method)
2023-12-13 11:35:53,657 [ERROR] LogOutputStream:75 - [STDERR_REDIRECT] 	at java.base/jdk.internal.reflect.NativeMethodAccessorImpl.invoke(NativeMethodAccessorImpl.java:77)
2023-12-13 11:35:53,657 [ERROR] LogOutputStream:75 - [STDERR_REDIRECT] 	at java.base/jdk.internal.reflect.DelegatingMethodAccessorImpl.invoke(DelegatingMethodAccessorImpl.java:43)
2023-12-13 11:35:53,658 [ERROR] LogOutputStream:75 - [STDERR_REDIRECT] 	at java.base/java.lang.reflect.Method.invoke(Method.java:568)
2023-12-13 11:35:53,658 [ERROR] LogOutputStream:75 - [STDERR_REDIRECT] 	at org.eclipse.e4.core.internal.di.MethodRequestor.execute(MethodRequestor.java:58)
2023-12-13 11:35:53,658 [ERROR] LogOutputStream:75 - [STDERR_REDIRECT] 	at org.eclipse.e4.core.internal.di.InjectorImpl.processAnnotated(InjectorImpl.java:995)
2023-12-13 11:35:53,658 [ERROR] LogOutputStream:75 - [STDERR_REDIRECT] 	at org.eclipse.e4.core.internal.di.InjectorImpl.processAnnotated(InjectorImpl.java:960)
2023-12-13 11:35:53,658 [ERROR] LogOutputStream:75 - [STDERR_REDIRECT] 	at org.eclipse.e4.core.internal.di.InjectorImpl.internalInject(InjectorImpl.java:140)
2023-12-13 11:35:53,659 [ERROR] LogOutputStream:75 - [STDERR_REDIRECT] 	at org.eclipse.e4.core.internal.di.InjectorImpl.internalMake(InjectorImpl.java:403)
2023-12-13 11:35:53,659 [ERROR] LogOutputStream:75 - [STDERR_REDIRECT] 	at org.eclipse.e4.core.internal.di.InjectorImpl.make(InjectorImpl.java:330)
2023-12-13 11:35:53,659 [ERROR] LogOutputStream:75 - [STDERR_REDIRECT] 	at org.eclipse.e4.core.contexts.ContextInjectionFactory.make(ContextInjectionFactory.java:202)
2023-12-13 11:35:53,659 [ERROR] LogOutputStream:75 - [STDERR_REDIRECT] 	at org.eclipse.e4.ui.internal.workbench.ReflectionContributionFactory.createFromBundle(ReflectionContributionFactory.java:91)
2023-12-13 11:35:53,659 [ERROR] LogOutputStream:75 - [STDERR_REDIRECT] 	at org.eclipse.e4.ui.internal.workbench.ReflectionContributionFactory.doCreate(ReflectionContributionFactory.java:60)
2023-12-13 11:35:53,660 [ERROR] LogOutputStream:75 - [STDERR_REDIRECT] 	at org.eclipse.e4.ui.internal.workbench.ReflectionContributionFactory.create(ReflectionContributionFactory.java:42)
2023-12-13 11:35:53,660 [ERROR] LogOutputStream:75 - [STDERR_REDIRECT] 	at org.eclipse.e4.ui.workbench.renderers.swt.ContributedPartRenderer.createWidget(ContributedPartRenderer.java:132)
2023-12-13 11:35:53,660 [ERROR] LogOutputStream:75 - [STDERR_REDIRECT] 	at org.eclipse.e4.ui.internal.workbench.swt.PartRenderingEngine.createWidget(PartRenderingEngine.java:995)
2023-12-13 11:35:53,660 [ERROR] LogOutputStream:75 - [STDERR_REDIRECT] 	at org.eclipse.e4.ui.internal.workbench.swt.PartRenderingEngine.safeCreateGui(PartRenderingEngine.java:659)
2023-12-13 11:35:53,660 [ERROR] LogOutputStream:75 - [STDERR_REDIRECT] 	at org.eclipse.e4.ui.internal.workbench.swt.PartRenderingEngine.safeCreateGui(PartRenderingEngine.java:763)
2023-12-13 11:35:53,661 [ERROR] LogOutputStream:75 - [STDERR_REDIRECT] 	at org.eclipse.e4.ui.internal.workbench.swt.PartRenderingEngine$2.run(PartRenderingEngine.java:728)
2023-12-13 11:35:53,661 [ERROR] LogOutputStream:75 - [STDERR_REDIRECT] 	at org.eclipse.core.runtime.SafeRunner.run(SafeRunner.java:45)
2023-12-13 11:35:53,661 [ERROR] LogOutputStream:75 - [STDERR_REDIRECT] 	at org.eclipse.e4.ui.internal.workbench.swt.PartRenderingEngine.createGui(PartRenderingEngine.java:712)
2023-12-13 11:35:53,661 [ERROR] LogOutputStream:75 - [STDERR_REDIRECT] 	at org.eclipse.e4.ui.internal.workbench.PartServiceImpl.lambda$0(PartServiceImpl.java:105)
2023-12-13 11:35:53,662 [ERROR] LogOutputStream:75 - [STDERR_REDIRECT] 	at org.eclipse.e4.ui.services.internal.events.UIEventHandler.lambda$0(UIEventHandler.java:38)
2023-12-13 11:35:53,662 [ERROR] LogOutputStream:75 - [STDERR_REDIRECT] 	at org.eclipse.swt.widgets.Synchronizer.syncExec(Synchronizer.java:183)
2023-12-13 11:35:53,662 [ERROR] LogOutputStream:75 - [STDERR_REDIRECT] 	at org.eclipse.ui.internal.UISynchronizer.syncExec(UISynchronizer.java:133)
2023-12-13 11:35:53,662 [ERROR] LogOutputStream:75 - [STDERR_REDIRECT] 	at org.eclipse.swt.widgets.Display.syncExec(Display.java:5250)
2023-12-13 11:35:53,663 [ERROR] LogOutputStream:75 - [STDERR_REDIRECT] 	at org.eclipse.e4.ui.workbench.swt.DisplayUISynchronize.syncExec(DisplayUISynchronize.java:34)
2023-12-13 11:35:53,663 [ERROR] LogOutputStream:75 - [STDERR_REDIRECT] 	at org.eclipse.e4.ui.services.internal.events.UIEventHandler.handleEvent(UIEventHandler.java:38)
2023-12-13 11:35:53,663 [ERROR] LogOutputStream:75 - [STDERR_REDIRECT] 	at org.eclipse.equinox.internal.event.EventHandlerWrapper.handleEvent(EventHandlerWrapper.java:205)
2023-12-13 11:35:53,663 [ERROR] LogOutputStream:75 - [STDERR_REDIRECT] 	at org.eclipse.equinox.internal.event.EventHandlerTracker.dispatchEvent(EventHandlerTracker.java:203)
2023-12-13 11:35:53,664 [ERROR] LogOutputStream:75 - [STDERR_REDIRECT] 	at org.eclipse.equinox.internal.event.EventHandlerTracker.dispatchEvent(EventHandlerTracker.java:1)
2023-12-13 11:35:53,664 [ERROR] LogOutputStream:75 - [STDERR_REDIRECT] 	at org.eclipse.osgi.framework.eventmgr.EventManager.dispatchEvent(EventManager.java:234)
2023-12-13 11:35:53,664 [ERROR] LogOutputStream:75 - [STDERR_REDIRECT] 	at org.eclipse.osgi.framework.eventmgr.ListenerQueue.dispatchEventSynchronous(ListenerQueue.java:151)
2023-12-13 11:35:53,664 [ERROR] LogOutputStream:75 - [STDERR_REDIRECT] 	at org.eclipse.equinox.internal.event.EventAdminImpl.dispatchEvent(EventAdminImpl.java:133)
2023-12-13 11:35:53,664 [ERROR] LogOutputStream:75 - [STDERR_REDIRECT] 	at org.eclipse.equinox.internal.event.EventAdminImpl.sendEvent(EventAdminImpl.java:75)
2023-12-13 11:35:53,665 [ERROR] LogOutputStream:75 - [STDERR_REDIRECT] 	at org.eclipse.equinox.internal.event.EventComponent.sendEvent(EventComponent.java:44)
2023-12-13 11:35:53,665 [ERROR] LogOutputStream:75 - [STDERR_REDIRECT] 	at org.eclipse.e4.ui.services.internal.events.EventBroker.send(EventBroker.java:55)
2023-12-13 11:35:53,665 [ERROR] LogOutputStream:75 - [STDERR_REDIRECT] 	at org.eclipse.e4.ui.internal.workbench.UIEventPublisher.notifyChanged(UIEventPublisher.java:63)
2023-12-13 11:35:53,665 [ERROR] LogOutputStream:75 - [STDERR_REDIRECT] 	at org.eclipse.emf.common.notify.impl.BasicNotifierImpl.eNotify(BasicNotifierImpl.java:424)
2023-12-13 11:35:53,666 [ERROR] LogOutputStream:75 - [STDERR_REDIRECT] 	at org.eclipse.e4.ui.model.application.ui.impl.ElementContainerImpl.setSelectedElementGen(ElementContainerImpl.java:170)
2023-12-13 11:35:53,666 [ERROR] LogOutputStream:75 - [STDERR_REDIRECT] 	at org.eclipse.e4.ui.model.application.ui.impl.ElementContainerImpl.setSelectedElement(ElementContainerImpl.java:188)
2023-12-13 11:35:53,666 [ERROR] LogOutputStream:75 - [STDERR_REDIRECT] 	at org.eclipse.e4.ui.internal.workbench.ModelServiceImpl.showElementInWindow(ModelServiceImpl.java:660)
2023-12-13 11:35:53,666 [ERROR] LogOutputStream:75 - [STDERR_REDIRECT] 	at org.eclipse.e4.ui.internal.workbench.ModelServiceImpl.bringToTop(ModelServiceImpl.java:624)
2023-12-13 11:35:53,666 [ERROR] LogOutputStream:75 - [STDERR_REDIRECT] 	at org.eclipse.e4.ui.internal.workbench.PartServiceImpl.delegateBringToTop(PartServiceImpl.java:790)
2023-12-13 11:35:53,666 [ERROR] LogOutputStream:75 - [STDERR_REDIRECT] 	at org.eclipse.e4.ui.internal.workbench.PartServiceImpl.bringToTop(PartServiceImpl.java:401)
2023-12-13 11:35:53,667 [ERROR] LogOutputStream:75 - [STDERR_REDIRECT] 	at org.eclipse.e4.ui.internal.workbench.PartServiceImpl.showPart(PartServiceImpl.java:1264)
2023-12-13 11:35:53,667 [ERROR] LogOutputStream:75 - [STDERR_REDIRECT] 	at org.eclipse.ui.internal.WorkbenchPage.busyOpenEditor(WorkbenchPage.java:3210)
2023-12-13 11:35:53,667 [ERROR] LogOutputStream:75 - [STDERR_REDIRECT] 	at org.eclipse.ui.internal.WorkbenchPage.lambda$9(WorkbenchPage.java:3100)
2023-12-13 11:35:53,667 [ERROR] LogOutputStream:75 - [STDERR_REDIRECT] 	at org.eclipse.swt.custom.BusyIndicator.showWhile(BusyIndicator.java:67)
2023-12-13 11:35:53,667 [ERROR] LogOutputStream:75 - [STDERR_REDIRECT] 	at org.eclipse.ui.internal.WorkbenchPage.openEditor(WorkbenchPage.java:3098)
2023-12-13 11:35:53,668 [ERROR] LogOutputStream:75 - [STDERR_REDIRECT] 	at org.eclipse.ui.internal.WorkbenchPage.openEditor(WorkbenchPage.java:3068)
2023-12-13 11:35:53,668 [ERROR] LogOutputStream:75 - [STDERR_REDIRECT] 	at org.eclipse.ui.internal.WorkbenchPage.openEditor(WorkbenchPage.java:3059)
2023-12-13 11:35:53,668 [ERROR] LogOutputStream:75 - [STDERR_REDIRECT] 	at org.eclipse.ui.ide.IDE.openEditor(IDE.java:548)
2023-12-13 11:35:53,668 [ERROR] LogOutputStream:75 - [STDERR_REDIRECT] 	at org.eclipse.ui.ide.IDE.openEditor(IDE.java:508)
2023-12-13 11:35:53,669 [ERROR] LogOutputStream:75 - [STDERR_REDIRECT] 	at org.eclipse.ui.actions.OpenFileAction.openFile(OpenFileAction.java:103)
2023-12-13 11:35:53,669 [ERROR] LogOutputStream:75 - [STDERR_REDIRECT] 	at org.eclipse.ui.actions.OpenSystemEditorAction.run(OpenSystemEditorAction.java:96)
2023-12-13 11:35:53,669 [ERROR] LogOutputStream:75 - [STDERR_REDIRECT] 	at org.eclipse.ui.actions.RetargetAction.run(RetargetAction.java:215)
2023-12-13 11:35:53,670 [ERROR] LogOutputStream:75 - [STDERR_REDIRECT] 	at org.eclipse.ui.navigator.CommonNavigatorManager$1.open(CommonNavigatorManager.java:183)
2023-12-13 11:35:53,670 [ERROR] LogOutputStream:75 - [STDERR_REDIRECT] 	at org.eclipse.ui.OpenAndLinkWithEditorHelper$InternalListener.open(OpenAndLinkWithEditorHelper.java:48)
2023-12-13 11:35:53,670 [ERROR] LogOutputStream:75 - [STDERR_REDIRECT] 	at org.eclipse.jface.viewers.StructuredViewer$2.run(StructuredViewer.java:800)
2023-12-13 11:35:53,670 [ERROR] LogOutputStream:75 - [STDERR_REDIRECT] 	at org.eclipse.core.runtime.SafeRunner.run(SafeRunner.java:45)
2023-12-13 11:35:53,670 [ERROR] LogOutputStream:75 - [STDERR_REDIRECT] 	at org.eclipse.jface.util.SafeRunnable.run(SafeRunnable.java:174)
2023-12-13 11:35:53,671 [ERROR] LogOutputStream:75 - [STDERR_REDIRECT] 	at org.eclipse.jface.viewers.StructuredViewer.fireOpen(StructuredViewer.java:797)
2023-12-13 11:35:53,671 [ERROR] LogOutputStream:75 - [STDERR_REDIRECT] 	at org.eclipse.jface.viewers.StructuredViewer.handleOpen(StructuredViewer.java:1116)
2023-12-13 11:35:53,671 [ERROR] LogOutputStream:75 - [STDERR_REDIRECT] 	at org.eclipse.ui.navigator.CommonViewer.handleOpen(CommonViewer.java:454)
2023-12-13 11:35:53,671 [ERROR] LogOutputStream:75 - [STDERR_REDIRECT] 	at org.eclipse.jface.util.OpenStrategy.fireOpenEvent(OpenStrategy.java:296)
2023-12-13 11:35:53,671 [ERROR] LogOutputStream:75 - [STDERR_REDIRECT] 	at org.eclipse.jface.util.OpenStrategy$1.handleEvent(OpenStrategy.java:331)
2023-12-13 11:35:53,672 [ERROR] LogOutputStream:75 - [STDERR_REDIRECT] 	at org.eclipse.swt.widgets.EventTable.sendEvent(EventTable.java:89)
2023-12-13 11:35:53,672 [ERROR] LogOutputStream:75 - [STDERR_REDIRECT] 	at org.eclipse.swt.widgets.Display.sendEvent(Display.java:4646)
2023-12-13 11:35:53,672 [ERROR] LogOutputStream:75 - [STDERR_REDIRECT] 	at org.eclipse.swt.widgets.Widget.sendEvent(Widget.java:1524)
2023-12-13 11:35:53,672 [ERROR] LogOutputStream:75 - [STDERR_REDIRECT] 	at org.eclipse.swt.widgets.Widget.sendEvent(Widget.java:1547)
2023-12-13 11:35:53,673 [ERROR] LogOutputStream:75 - [STDERR_REDIRECT] 	at org.eclipse.swt.widgets.Widget.sendEvent(Widget.java:1532)
2023-12-13 11:35:53,673 [ERROR] LogOutputStream:75 - [STDERR_REDIRECT] 	at org.eclipse.swt.widgets.Widget.notifyListeners(Widget.java:1325)
2023-12-13 11:35:53,673 [ERROR] LogOutputStream:75 - [STDERR_REDIRECT] 	at org.eclipse.swt.widgets.Display.runDeferredEvents(Display.java:4413)
2023-12-13 11:35:53,673 [ERROR] LogOutputStream:75 - [STDERR_REDIRECT] 	at org.eclipse.swt.widgets.Display.readAndDispatch(Display.java:3989)
2023-12-13 11:35:53,674 [ERROR] LogOutputStream:75 - [STDERR_REDIRECT] 	at org.eclipse.e4.ui.internal.workbench.swt.PartRenderingEngine$5.run(PartRenderingEngine.java:1155)
2023-12-13 11:35:53,674 [ERROR] LogOutputStream:75 - [STDERR_REDIRECT] 	at org.eclipse.core.databinding.observable.Realm.runWithDefault(Realm.java:338)
2023-12-13 11:35:53,674 [ERROR] LogOutputStream:75 - [STDERR_REDIRECT] 	at org.eclipse.e4.ui.internal.workbench.swt.PartRenderingEngine.run(PartRenderingEngine.java:1046)
2023-12-13 11:35:53,674 [ERROR] LogOutputStream:75 - [STDERR_REDIRECT] 	at org.eclipse.e4.ui.internal.workbench.E4Workbench.createAndRunUI(E4Workbench.java:155)
2023-12-13 11:35:53,674 [ERROR] LogOutputStream:75 - [STDERR_REDIRECT] 	at org.eclipse.ui.internal.Workbench.lambda$3(Workbench.java:643)
2023-12-13 11:35:53,675 [ERROR] LogOutputStream:75 - [STDERR_REDIRECT] 	at org.eclipse.core.databinding.observable.Realm.runWithDefault(Realm.java:338)
2023-12-13 11:35:53,675 [ERROR] LogOutputStream:75 - [STDERR_REDIRECT] 	at org.eclipse.ui.internal.Workbench.createAndRunWorkbench(Workbench.java:550)
2023-12-13 11:35:53,675 [ERROR] LogOutputStream:75 - [STDERR_REDIRECT] 	at org.eclipse.ui.PlatformUI.createAndRunWorkbench(PlatformUI.java:171)
2023-12-13 11:35:53,675 [ERROR] LogOutputStream:75 - [STDERR_REDIRECT] 	at org.eclipse.ui.internal.ide.application.IDEApplication.start(IDEApplication.java:152)
2023-12-13 11:35:53,675 [ERROR] LogOutputStream:75 - [STDERR_REDIRECT] 	at org.eclipse.equinox.internal.app.EclipseAppHandle.run(EclipseAppHandle.java:203)
2023-12-13 11:35:53,676 [ERROR] LogOutputStream:75 - [STDERR_REDIRECT] 	at org.eclipse.core.runtime.internal.adaptor.EclipseAppLauncher.runApplication(EclipseAppLauncher.java:136)
2023-12-13 11:35:53,676 [ERROR] LogOutputStream:75 - [STDERR_REDIRECT] 	at org.eclipse.core.runtime.internal.adaptor.EclipseAppLauncher.start(EclipseAppLauncher.java:104)
2023-12-13 11:35:53,676 [ERROR] LogOutputStream:75 - [STDERR_REDIRECT] 	at org.eclipse.core.runtime.adaptor.EclipseStarter.run(EclipseStarter.java:402)
2023-12-13 11:35:53,676 [ERROR] LogOutputStream:75 - [STDERR_REDIRECT] 	at org.eclipse.core.runtime.adaptor.EclipseStarter.run(EclipseStarter.java:255)
2023-12-13 11:35:53,676 [ERROR] LogOutputStream:75 - [STDERR_REDIRECT] 	at java.base/jdk.internal.reflect.NativeMethodAccessorImpl.invoke0(Native Method)
2023-12-13 11:35:53,677 [ERROR] LogOutputStream:75 - [STDERR_REDIRECT] 	at java.base/jdk.internal.reflect.NativeMethodAccessorImpl.invoke(NativeMethodAccessorImpl.java:77)
2023-12-13 11:35:53,677 [ERROR] LogOutputStream:75 - [STDERR_REDIRECT] 	at java.base/jdk.internal.reflect.DelegatingMethodAccessorImpl.invoke(DelegatingMethodAccessorImpl.java:43)
2023-12-13 11:35:53,677 [ERROR] LogOutputStream:75 - [STDERR_REDIRECT] 	at java.base/java.lang.reflect.Method.invoke(Method.java:568)
2023-12-13 11:35:53,677 [ERROR] LogOutputStream:75 - [STDERR_REDIRECT] 	at org.eclipse.equinox.launcher.Main.invokeFramework(Main.java:659)
2023-12-13 11:35:53,678 [ERROR] LogOutputStream:75 - [STDERR_REDIRECT] 	at org.eclipse.equinox.launcher.Main.basicRun(Main.java:596)
2023-12-13 11:35:53,678 [ERROR] LogOutputStream:75 - [STDERR_REDIRECT] 	at org.eclipse.equinox.launcher.Main.run(Main.java:1467)
2023-12-13 11:35:56,474 [INFO] ThirdPartyUpdaterWithRetryManager:70 - Updater plugin not ready yet. [2/15]
2023-12-13 11:35:59,479 [INFO] ThirdPartyUpdaterWithRetryManager:70 - Updater plugin not ready yet. [3/15]
2023-12-13 11:36:02,485 [INFO] ThirdPartyUpdaterWithRetryManager:70 - Updater plugin not ready yet. [4/15]
2023-12-13 11:36:05,488 [INFO] ThirdPartyUpdaterWithRetryManager:70 - Updater plugin not ready yet. [5/15]
2023-12-13 11:36:08,489 [INFO] ThirdPartyUpdaterWithRetryManager:70 - Updater plugin not ready yet. [6/15]
2023-12-13 11:36:17,193 [INFO] Activator:176 - 


2023-12-13 11:36:17,196 [INFO] Activator:177 - !SESSION log4j initialized
2023-12-13 11:36:20,183 [ERROR] LogOutputStream:75 - [STDERR_REDIRECT] 
2023-12-13 11:36:20,834 [INFO] LogOutputStream:77 - [STDOUT_REDIRECT] 
2023-12-13 11:36:23,718 [INFO] LogOutputStream:77 - [STDOUT_REDIRECT] 
2023-12-13 11:36:23,983 [ERROR] LogOutputStream:75 - [STDERR_REDIRECT] java.net.URISyntaxException: Illegal character in path at index 47: file:/Users/jianghui/Documents/GitHub/ss_hw/H08 A/A2/.metadata/.log4j2.xml
2023-12-13 11:36:23,983 [ERROR] LogOutputStream:75 - [STDERR_REDIRECT] 	at java.base/java.net.URI$Parser.fail(URI.java:2974)
2023-12-13 11:36:23,983 [ERROR] LogOutputStream:75 - [STDERR_REDIRECT] 	at java.base/java.net.URI$Parser.checkChars(URI.java:3145)
2023-12-13 11:36:23,983 [ERROR] LogOutputStream:75 - [STDERR_REDIRECT] 	at java.base/java.net.URI$Parser.parseHierarchical(URI.java:3227)
2023-12-13 11:36:23,984 [ERROR] LogOutputStream:75 - [STDERR_REDIRECT] 	at java.base/java.net.URI$Parser.parse(URI.java:3175)
2023-12-13 11:36:23,984 [ERROR] LogOutputStream:75 - [STDERR_REDIRECT] 	at java.base/java.net.URI.<init>(URI.java:623)
2023-12-13 11:36:23,984 [ERROR] LogOutputStream:75 - [STDERR_REDIRECT] 	at java.base/java.net.URL.toURI(URL.java:1056)
2023-12-13 11:36:23,984 [ERROR] LogOutputStream:75 - [STDERR_REDIRECT] 	at com.st.stm32cube.common.mx.core.CubeMxInstance.getInstance(CubeMxInstance.java:81)
2023-12-13 11:36:23,984 [ERROR] LogOutputStream:75 - [STDERR_REDIRECT] 	at com.st.stm32cube.common.mx.userauth.UserAuthAdapter.<init>(UserAuthAdapter.java:18)
2023-12-13 11:36:23,985 [ERROR] LogOutputStream:75 - [STDERR_REDIRECT] 	at com.st.stm32cube.common.mx.userauth.UserAuthProvider.getUserAuthAdapter(UserAuthProvider.java:9)
2023-12-13 11:36:23,985 [ERROR] LogOutputStream:75 - [STDERR_REDIRECT] 	at com.st.stm32cube.common.ecosystemintegration.ui.core.MCUEcoSystemIntegrationUiHelper.getUserAuth(MCUEcoSystemIntegrationUiHelper.java:100)
2023-12-13 11:36:23,985 [ERROR] LogOutputStream:75 - [STDERR_REDIRECT] 	at com.st.stm32cube.ide.mcu.userauth.UserAuthStartup.earlyStartup(UserAuthStartup.java:41)
2023-12-13 11:36:23,985 [ERROR] LogOutputStream:75 - [STDERR_REDIRECT] 	at org.eclipse.ui.internal.EarlyStartupRunnable.runEarlyStartup(EarlyStartupRunnable.java:79)
2023-12-13 11:36:23,985 [ERROR] LogOutputStream:75 - [STDERR_REDIRECT] 	at org.eclipse.ui.internal.EarlyStartupRunnable.run(EarlyStartupRunnable.java:55)
2023-12-13 11:36:23,985 [ERROR] LogOutputStream:75 - [STDERR_REDIRECT] 	at org.eclipse.core.runtime.SafeRunner.run(SafeRunner.java:45)
2023-12-13 11:36:23,985 [ERROR] LogOutputStream:75 - [STDERR_REDIRECT] 	at org.eclipse.ui.internal.Workbench$39.run(Workbench.java:2656)
2023-12-13 11:36:23,986 [ERROR] LogOutputStream:75 - [STDERR_REDIRECT] 	at org.eclipse.core.internal.jobs.Worker.run(Worker.java:63)
2023-12-13 11:36:24,065 [INFO] ApplicationProperties:184 - Using Application install path: /Applications/STM32CubeIDE.app/Contents/Eclipse/plugins/com.st.stm32cube.common.mx_6.9.2.202309101412
2023-12-13 11:36:24,078 [INFO] DbMcusXml:78 - Set database path to: /Applications/STM32CubeIDE.app/Contents/Eclipse/plugins/com.st.stm32cube.common.mx_6.9.2.202309101412//db//mcu/
2023-12-13 11:36:24,078 [INFO] ApiDb:274 - Set plugin database path to: /Applications/STM32CubeIDE.app/Contents/Eclipse/plugins/com.st.stm32cube.common.mx_6.9.2.202309101412//db//plugins/boardmanager/
2023-12-13 11:36:24,079 [WARN] ApiDb:259 - Overriding images path with different value:  => /Applications/STM32CubeIDE.app/Contents/Eclipse/plugins/com.st.stm32cube.common.mx_6.9.2.202309101412//db//plugins/mcufinder/images/
2023-12-13 11:36:24,085 [INFO] ApiDb:250 - Set database path to: /Users/jianghui/.stmcufinder/plugins/mcufinder//mcu/
2023-12-13 11:36:24,086 [INFO] DbMcusAds:125 - Set database path to: /Users/jianghui/.stmcufinder/plugins/mcufinder//mcu/
2023-12-13 11:36:24,088 [INFO] CrossReferenceDbSqlite:203 - Set database path to: /Users/jianghui/.stmcufinder/plugins/mcufinder//mcu/cs/
2023-12-13 11:36:24,172 [INFO] RulesReader:64 - Compatibility file has been processed (293 Rules)
2023-12-13 11:36:24,223 [INFO] DbMcusXml:78 - Set database path to: /Applications/STM32CubeIDE.app/Contents/Eclipse/plugins/com.st.stm32cube.common.mx_6.9.2.202309101412//db//mcu/
2023-12-13 11:36:24,223 [INFO] ApiDb:274 - Set plugin database path to: /Applications/STM32CubeIDE.app/Contents/Eclipse/plugins/com.st.stm32cube.common.mx_6.9.2.202309101412//db//plugins/boardmanager/
2023-12-13 11:36:24,224 [INFO] ApiDb:261 - Set plugin images path to: /Applications/STM32CubeIDE.app/Contents/Eclipse/plugins/com.st.stm32cube.common.mx_6.9.2.202309101412//db//plugins/mcufinder/images/
2023-12-13 11:36:24,224 [WARN] DbFile:41 - Overriding database path with different value: /Users/jianghui/.stmcufinder/plugins/mcufinder/ => /Users/jianghui/.stmcufinder/plugins/mcufinder
2023-12-13 11:36:24,224 [INFO] ApiDb:250 - Set database path to: /Users/jianghui/.stmcufinder/plugins/mcufinder//mcu/
2023-12-13 11:36:24,224 [WARN] DbFile:41 - Overriding database path with different value: /Users/jianghui/.stmcufinder/plugins/mcufinder/ => /Users/jianghui/.stmcufinder/plugins/mcufinder
2023-12-13 11:36:24,224 [INFO] DbMcusAds:125 - Set database path to: /Users/jianghui/.stmcufinder/plugins/mcufinder//mcu/
2023-12-13 11:36:24,224 [WARN] DbFile:41 - Overriding database path with different value: /Users/jianghui/.stmcufinder/plugins/mcufinder/ => /Users/jianghui/.stmcufinder/plugins/mcufinder
2023-12-13 11:36:24,225 [WARN] DbFile:41 - Overriding database path with different value: /Users/jianghui/.stmcufinder/plugins/mcufinder/ => /Users/jianghui/.stmcufinder/plugins/mcufinder
2023-12-13 11:36:24,225 [INFO] CrossReferenceDbSqlite:203 - Set database path to: /Users/jianghui/.stmcufinder/plugins/mcufinder//mcu/cs/
2023-12-13 11:36:24,275 [INFO] MainPanel:262 - HeapMemory: 268435456
2023-12-13 11:36:24,333 [INFO] DbMcusXml:78 - Set database path to: /Applications/STM32CubeIDE.app/Contents/Eclipse/plugins/com.st.stm32cube.common.mx_6.9.2.202309101412//db//mcu/
2023-12-13 11:36:24,334 [INFO] ApiDb:274 - Set plugin database path to: /Applications/STM32CubeIDE.app/Contents/Eclipse/plugins/com.st.stm32cube.common.mx_6.9.2.202309101412//db//plugins/boardmanager/
2023-12-13 11:36:24,334 [INFO] ApiDb:261 - Set plugin images path to: /Applications/STM32CubeIDE.app/Contents/Eclipse/plugins/com.st.stm32cube.common.mx_6.9.2.202309101412//db//plugins/mcufinder/images/
2023-12-13 11:36:24,334 [WARN] DbFile:41 - Overriding database path with different value: /Users/jianghui/.stmcufinder/plugins/mcufinder/ => /Users/jianghui/.stmcufinder/plugins/mcufinder
2023-12-13 11:36:24,334 [INFO] ApiDb:250 - Set database path to: /Users/jianghui/.stmcufinder/plugins/mcufinder//mcu/
2023-12-13 11:36:24,334 [WARN] DbFile:41 - Overriding database path with different value: /Users/jianghui/.stmcufinder/plugins/mcufinder/ => /Users/jianghui/.stmcufinder/plugins/mcufinder
2023-12-13 11:36:24,334 [INFO] DbMcusAds:125 - Set database path to: /Users/jianghui/.stmcufinder/plugins/mcufinder//mcu/
2023-12-13 11:36:24,334 [WARN] DbFile:41 - Overriding database path with different value: /Users/jianghui/.stmcufinder/plugins/mcufinder/ => /Users/jianghui/.stmcufinder/plugins/mcufinder
2023-12-13 11:36:24,334 [WARN] DbFile:41 - Overriding database path with different value: /Users/jianghui/.stmcufinder/plugins/mcufinder/ => /Users/jianghui/.stmcufinder/plugins/mcufinder
2023-12-13 11:36:24,335 [INFO] CrossReferenceDbSqlite:203 - Set database path to: /Users/jianghui/.stmcufinder/plugins/mcufinder//mcu/cs/
2023-12-13 11:36:24,347 [INFO] ApplicationProperties:184 - Using Application install path: /Applications/STM32CubeIDE.app/Contents/Eclipse/plugins/com.st.stm32cube.common.mx_6.9.2.202309101412
2023-12-13 11:36:24,348 [INFO] PluginManage:196 - Search for loadable plugins [exclusion list=, ]
2023-12-13 11:36:24,348 [INFO] PluginManage:310 - Check plugin analytics
2023-12-13 11:36:24,468 [INFO] AnalyticsPlugin:253 - Accepted Software Licenses: 
2023-12-13 11:36:24,468 [INFO] AnalyticsPlugin:255 - Accepted CMSIS Pack Licenses: 
2023-12-13 11:36:24,468 [INFO] AnalyticsPlugin:257 - Accepted Firmware Licenses: FW.F4.1.27.0
2023-12-13 11:36:24,470 [INFO] PluginManage:359 - Loaded plugin analytics (category:tool,tabindex:-1)
2023-12-13 11:36:24,471 [INFO] PluginManage:310 - Check plugin cadmodel
2023-12-13 11:36:24,685 [INFO] CADModel:105 - Init CAD model plugin
2023-12-13 11:36:24,686 [INFO] PluginManage:359 - Loaded plugin cadmodel (category:power,tabindex:5)
2023-12-13 11:36:24,686 [INFO] PluginManage:310 - Check plugin clock
2023-12-13 11:36:24,692 [INFO] PluginManage:359 - Loaded plugin clock (category:base,tabindex:2)
2023-12-13 11:36:24,692 [INFO] PluginManage:310 - Check plugin ddr
2023-12-13 11:36:24,693 [INFO] PluginManage:359 - Loaded plugin ddr (category:tool,tabindex:6)
2023-12-13 11:36:24,693 [INFO] PluginManage:310 - Check plugin filemanager
2023-12-13 11:36:24,795 [INFO] PluginManage:359 - Loaded plugin filemanager (category:base,tabindex:10)
2023-12-13 11:36:24,795 [INFO] PluginManage:310 - Check plugin ipmanager
2023-12-13 11:36:24,799 [INFO] PluginManage:359 - Loaded plugin ipmanager (category:base,tabindex:5)
2023-12-13 11:36:24,800 [INFO] PluginManage:310 - Check plugin lpbam
2023-12-13 11:36:24,805 [INFO] PluginManage:359 - Loaded plugin lpbam (category:base,tabindex:0)
2023-12-13 11:36:24,806 [INFO] PluginManage:310 - Check plugin memorymap
2023-12-13 11:36:24,813 [INFO] PluginManage:359 - Loaded plugin memorymap (category:base,tabindex:4)
2023-12-13 11:36:24,813 [INFO] PluginManage:310 - Check plugin pinoutandconfiguration
2023-12-13 11:36:24,818 [INFO] PluginManage:359 - Loaded plugin pinoutandconfiguration (category:base,tabindex:1)
2023-12-13 11:36:24,819 [INFO] PluginManage:310 - Check plugin pinoutconfig
2023-12-13 11:36:24,885 [WARN] SupportedApi:132 - Cannot load RTOS API schema: s4s-elt-must-match.1: The content of 'definitions' must match (annotation?, (simpleType | complexType)?, (unique | key | keyref)*)). A problem was found starting at: attribute.
2023-12-13 11:36:24,992 [INFO] PluginManage:359 - Loaded plugin pinoutconfig (category:base,tabindex:0)
2023-12-13 11:36:24,993 [INFO] PluginManage:310 - Check plugin power
2023-12-13 11:36:24,999 [INFO] PluginManage:359 - Loaded plugin power (category:power,tabindex:4)
2023-12-13 11:36:24,999 [INFO] PluginManage:310 - Check plugin projectmanager
2023-12-13 11:36:25,012 [INFO] PluginManage:359 - Loaded plugin projectmanager (category:projectmanager,tabindex:3)
2023-12-13 11:36:25,012 [INFO] PluginManage:310 - Check plugin thirdparty
2023-12-13 11:36:25,111 [WARN] IntegrityCheckThread:84 - waiting for thirdparty lock release [integrity check]
2023-12-13 11:36:25,112 [INFO] PluginManage:359 - Loaded plugin thirdparty (category:base,tabindex:-1)
2023-12-13 11:36:25,112 [INFO] IntegrityCheckThread:86 - entering critical section [integrity check]
2023-12-13 11:36:25,112 [INFO] PluginManage:310 - Check plugin tools
2023-12-13 11:36:25,112 [INFO] ThirdPartyUpdaterWithRetryManager:70 - Updater plugin not ready yet. [1/15]
2023-12-13 11:36:25,113 [INFO] PluginManage:359 - Loaded plugin tools (category:base,tabindex:7)
2023-12-13 11:36:25,114 [INFO] PluginManage:310 - Check plugin tutovideos
2023-12-13 11:36:25,249 [INFO] PluginManage:359 - Loaded plugin tutovideos (category:base,tabindex:-1)
2023-12-13 11:36:25,249 [INFO] PluginManage:310 - Check plugin updater
2023-12-13 11:36:25,257 [INFO] PluginManage:359 - Loaded plugin updater (category:base,tabindex:12)
2023-12-13 11:36:25,257 [INFO] PluginManage:310 - Check plugin userauth
2023-12-13 11:36:25,260 [INFO] UserAuth:113 - Init User Auth plugin
2023-12-13 11:36:25,261 [INFO] PluginManage:359 - Loaded plugin userauth (category:base,tabindex:14)
2023-12-13 11:36:25,261 [INFO] PluginManage:283 - PluginManage : Loaded plugins [17]
2023-12-13 11:36:25,388 [INFO] PinOutPanel:1499 - setPackage(No Configuration,No Configuration)
2023-12-13 11:36:25,477 [INFO] CADModel:165 - CPN selected for project level
2023-12-13 11:36:25,477 [INFO] CADModel:114 - Register for checkConnection events
2023-12-13 11:36:25,492 [INFO] IPUIPlugin:80 - create IPUIPlugin
2023-12-13 11:36:25,492 [INFO] PluginManager:220 - loadIPPluginJar : add mdma
2023-12-13 11:36:25,497 [INFO] IPUIPlugin:80 - create IPUIPlugin
2023-12-13 11:36:25,498 [INFO] PluginManager:220 - loadIPPluginJar : add freertos
2023-12-13 11:36:25,502 [INFO] IPUIPlugin:80 - create IPUIPlugin
2023-12-13 11:36:25,502 [INFO] PluginManager:220 - loadIPPluginJar : add gic
2023-12-13 11:36:25,511 [INFO] IPUIPlugin:80 - create IPUIPlugin
2023-12-13 11:36:25,511 [INFO] PluginManager:220 - loadIPPluginJar : add adc
2023-12-13 11:36:25,513 [INFO] IPUIPlugin:80 - create IPUIPlugin
2023-12-13 11:36:25,513 [INFO] PluginManager:220 - loadIPPluginJar : add gtzc
2023-12-13 11:36:25,514 [INFO] IPUIPlugin:80 - create IPUIPlugin
2023-12-13 11:36:25,514 [INFO] PluginManager:220 - loadIPPluginJar : add quadspi
2023-12-13 11:36:25,516 [INFO] IPUIPlugin:80 - create IPUIPlugin
2023-12-13 11:36:25,516 [INFO] PluginManager:220 - loadIPPluginJar : add aes
2023-12-13 11:36:25,519 [INFO] IPUIPlugin:80 - create IPUIPlugin
2023-12-13 11:36:25,519 [INFO] PluginManager:220 - loadIPPluginJar : add pdm2pcm
2023-12-13 11:36:25,521 [INFO] IPUIPlugin:80 - create IPUIPlugin
2023-12-13 11:36:25,521 [INFO] PluginManager:220 - loadIPPluginJar : add hash
2023-12-13 11:36:25,522 [INFO] IPUIPlugin:80 - create IPUIPlugin
2023-12-13 11:36:25,523 [INFO] PluginManager:220 - loadIPPluginJar : add tim
2023-12-13 11:36:25,524 [INFO] IPUIPlugin:80 - create IPUIPlugin
2023-12-13 11:36:25,524 [INFO] PluginManager:220 - loadIPPluginJar : add tsc
2023-12-13 11:36:25,526 [INFO] IPUIPlugin:80 - create IPUIPlugin
2023-12-13 11:36:25,526 [INFO] PluginManager:220 - loadIPPluginJar : add ts
2023-12-13 11:36:25,528 [INFO] IPUIPlugin:80 - create IPUIPlugin
2023-12-13 11:36:25,528 [INFO] PluginManager:220 - loadIPPluginJar : add can
2023-12-13 11:36:25,530 [INFO] IPUIPlugin:80 - create IPUIPlugin
2023-12-13 11:36:25,530 [INFO] PluginManager:220 - loadIPPluginJar : add dma3
2023-12-13 11:36:25,531 [INFO] IPUIPlugin:80 - create IPUIPlugin
2023-12-13 11:36:25,531 [INFO] PluginManager:220 - loadIPPluginJar : add dfsdm
2023-12-13 11:36:25,533 [INFO] IPUIPlugin:80 - create IPUIPlugin
2023-12-13 11:36:25,533 [INFO] PluginManager:220 - loadIPPluginJar : add spi
2023-12-13 11:36:25,535 [INFO] IPUIPlugin:80 - create IPUIPlugin
2023-12-13 11:36:25,535 [INFO] PluginManager:220 - loadIPPluginJar : add gfxmmu
2023-12-13 11:36:25,536 [INFO] IPUIPlugin:80 - create IPUIPlugin
2023-12-13 11:36:25,536 [INFO] PluginManager:220 - loadIPPluginJar : add genericplugin
2023-12-13 11:36:25,538 [INFO] IPUIPlugin:80 - create IPUIPlugin
2023-12-13 11:36:25,538 [INFO] PluginManager:220 - loadIPPluginJar : add cryp
2023-12-13 11:36:25,540 [INFO] IPUIPlugin:80 - create IPUIPlugin
2023-12-13 11:36:25,541 [INFO] PluginManager:220 - loadIPPluginJar : add gpio
2023-12-13 11:36:25,541 [INFO] IPUIPlugin:80 - create IPUIPlugin
2023-12-13 11:36:25,542 [INFO] PluginManager:220 - loadIPPluginJar : add comp
2023-12-13 11:36:25,543 [INFO] IPUIPlugin:80 - create IPUIPlugin
2023-12-13 11:36:25,543 [INFO] PluginManager:220 - loadIPPluginJar : add tracer_emb
2023-12-13 11:36:25,544 [INFO] IPUIPlugin:80 - create IPUIPlugin
2023-12-13 11:36:25,544 [INFO] PluginManager:220 - loadIPPluginJar : add openamp
2023-12-13 11:36:25,547 [INFO] IPUIPlugin:80 - create IPUIPlugin
2023-12-13 11:36:25,548 [INFO] PluginManager:220 - loadIPPluginJar : add stm32_wpan
2023-12-13 11:36:25,552 [INFO] IPUIPlugin:80 - create IPUIPlugin
2023-12-13 11:36:25,555 [INFO] PluginManager:220 - loadIPPluginJar : add plateformsettings
2023-12-13 11:36:25,557 [INFO] IPUIPlugin:80 - create IPUIPlugin
2023-12-13 11:36:25,557 [INFO] PluginManager:220 - loadIPPluginJar : add ipddr
2023-12-13 11:36:25,559 [INFO] IPUIPlugin:80 - create IPUIPlugin
2023-12-13 11:36:25,559 [INFO] PluginManager:220 - loadIPPluginJar : add usart
2023-12-13 11:36:25,560 [INFO] IPUIPlugin:80 - create IPUIPlugin
2023-12-13 11:36:25,560 [INFO] PluginManager:220 - loadIPPluginJar : add ltdc
2023-12-13 11:36:25,562 [INFO] IPUIPlugin:80 - create IPUIPlugin
2023-12-13 11:36:25,562 [INFO] PluginManager:220 - loadIPPluginJar : add nvic
2023-12-13 11:36:25,562 [INFO] IPUIPlugin:80 - create IPUIPlugin
2023-12-13 11:36:25,563 [INFO] PluginManager:220 - loadIPPluginJar : add fatfs
2023-12-13 11:36:25,567 [INFO] IPUIPlugin:80 - create IPUIPlugin
2023-12-13 11:36:25,567 [INFO] PluginManager:220 - loadIPPluginJar : add linkedlist
2023-12-13 11:36:25,571 [INFO] IPUIPlugin:80 - create IPUIPlugin
2023-12-13 11:36:25,571 [INFO] PluginManager:220 - loadIPPluginJar : add dma
2023-12-13 11:36:25,573 [INFO] IPUIPlugin:80 - create IPUIPlugin
2023-12-13 11:36:25,574 [INFO] PluginManager:220 - loadIPPluginJar : add fmc
2023-12-13 11:36:25,575 [INFO] IPUIPlugin:80 - create IPUIPlugin
2023-12-13 11:36:25,575 [INFO] PluginManager:220 - loadIPPluginJar : add i2s
2023-12-13 11:36:25,576 [INFO] IPUIPlugin:80 - create IPUIPlugin
2023-12-13 11:36:25,576 [INFO] PluginManager:220 - loadIPPluginJar : add ucpd
2023-12-13 11:36:25,577 [INFO] IPUIPlugin:80 - create IPUIPlugin
2023-12-13 11:36:25,578 [INFO] PluginManager:220 - loadIPPluginJar : add lorawan
2023-12-13 11:36:25,579 [INFO] IPUIPlugin:80 - create IPUIPlugin
2023-12-13 11:36:25,579 [INFO] PluginManager:220 - loadIPPluginJar : add opamp
2023-12-13 11:36:25,581 [INFO] IPUIPlugin:80 - create IPUIPlugin
2023-12-13 11:36:25,581 [INFO] PluginManager:220 - loadIPPluginJar : add i3c
2023-12-13 11:36:25,582 [INFO] IPUIPlugin:80 - create IPUIPlugin
2023-12-13 11:36:25,582 [INFO] PluginManager:220 - loadIPPluginJar : add touchsensing
2023-12-13 11:36:25,584 [INFO] IPUIPlugin:80 - create IPUIPlugin
2023-12-13 11:36:25,584 [INFO] PluginManager:220 - loadIPPluginJar : add i2c
2023-12-13 11:36:25,586 [INFO] IPUIPlugin:80 - create IPUIPlugin
2023-12-13 11:36:25,586 [INFO] PluginManager:220 - loadIPPluginJar : add resmgrutility
2023-12-13 11:36:25,587 [INFO] IPUIPlugin:80 - create IPUIPlugin
2023-12-13 11:36:25,587 [INFO] PluginManager:220 - loadIPPluginJar : add sai
2023-12-13 11:36:25,589 [INFO] IPUIPlugin:80 - create IPUIPlugin
2023-12-13 11:36:25,590 [INFO] PluginManager:220 - loadIPPluginJar : add usbx
2023-12-13 11:36:25,686 [INFO] CADModel:165 - CPN selected for project level
2023-12-13 11:36:25,686 [INFO] CADModel:114 - Register for checkConnection events
2023-12-13 11:36:25,686 [FATAL] Updater:308 - Updater called before beeing initialized
2023-12-13 11:36:25,687 [ERROR] CADModel:125 - Updater not yet initialized, retry later 
2023-12-13 11:36:25,833 [INFO] CADModel:165 - CPN selected for project level
2023-12-13 11:36:25,834 [INFO] CADModel:114 - Register for checkConnection events
2023-12-13 11:36:25,834 [FATAL] Updater:308 - Updater called before beeing initialized
2023-12-13 11:36:25,834 [ERROR] CADModel:125 - Updater not yet initialized, retry later 
2023-12-13 11:36:25,837 [FATAL] Updater:308 - Updater called before beeing initialized
2023-12-13 11:36:25,897 [FATAL] Updater:308 - Updater called before beeing initialized
2023-12-13 11:36:25,902 [INFO] DbMcusAds:53 - JSON generation date=Wed Nov 29 11:52:38 CET 2023 (1701255158764)
2023-12-13 11:36:25,902 [FATAL] Updater:308 - Updater called before beeing initialized
2023-12-13 11:36:25,950 [WARN] DetailPanel:346 - Failed to get advertising image, set to default
2023-12-13 11:36:26,026 [FATAL] Updater:308 - Updater called before beeing initialized
2023-12-13 11:36:26,027 [FATAL] Updater:308 - Updater called before beeing initialized
2023-12-13 11:36:26,027 [FATAL] Updater:308 - Updater called before beeing initialized
2023-12-13 11:36:26,027 [WARN] DetailPanel:346 - Failed to get advertising image, set to default
2023-12-13 11:36:26,028 [FATAL] Updater:308 - Updater called before beeing initialized
2023-12-13 11:36:26,053 [ERROR] Updater:1120 - MainUpdater not yet initialized. External WinMGr cannot be set.
2023-12-13 11:36:26,066 [INFO] Updater:1056 - Updater Version found : 6.9.2
2023-12-13 11:36:26,080 [INFO] ApplicationProperties:184 - Using Application install path: /Applications/STM32CubeIDE.app/Contents/Eclipse/plugins/com.st.stm32cube.common.mx_6.9.2.202309101412
2023-12-13 11:36:26,165 [INFO] MainUpdater:2868 - connection check result : 10
2023-12-13 11:36:26,166 [INFO] MainUpdater:285 - Updater Check For Update Now.
2023-12-13 11:36:26,166 [INFO] MicroXplorer:498 - Change Database Version : DB.6.0.92
2023-12-13 11:36:26,170 [INFO] McuFinderGlobals:63 - Set McuFinder mode to 2 (CubeIDE integrated)
2023-12-13 11:36:26,170 [INFO] UserAuth:179 - activating auth plugin
2023-12-13 11:36:26,172 [INFO] UserAuth:393 - Internet connection configuration mode: 1
2023-12-13 11:36:26,179 [INFO] JxBrowserEngine:151 - Initiate JxBrowser Engine with user profile folder
2023-12-13 11:36:26,334 [INFO] CheckServerUpdateThread:120 - End of CheckServer Thread
2023-12-13 11:36:26,883 [INFO] WebApp:157 - Instantiating new browser for Auth
2023-12-13 11:36:27,293 [INFO] WebApp:753 - Register for checkConnection events
2023-12-13 11:36:27,316 [INFO] WebApp:390 - Apply proxy settings
2023-12-13 11:36:27,340 [INFO] WebApp:455 - Chromium authenticates against System proxy
2023-12-13 11:36:27,556 [INFO] WebApp:188 - Starting web application
2023-12-13 11:36:27,598 [INFO] WebApp:520 - Web application path used /Applications/STM32CubeIDE.app/Contents/Eclipse/plugins/com.st.stm32cube.common.mx_6.9.2.202309101412/db/plugins/mcufinder/reactClient1/index.html
2023-12-13 11:36:28,218 [WARN] PackLoader:240 - Cannot read IP mode file for STMicroelectronics.X-CUBE-SMBUS.2.1.0
2023-12-13 11:36:28,242 [WARN] PackLoader:240 - Cannot read IP mode file for STMicroelectronics.X-CUBE-AZRTOS-F7.1.1.0
2023-12-13 11:36:28,250 [WARN] PackLoader:240 - Cannot read IP mode file for STMicroelectronics.FP-SNS-MOTENV1.4.3.2
2023-12-13 11:36:28,255 [WARN] PackLoader:240 - Cannot read IP mode file for STMicroelectronics.FP-SNS-FLIGHT1.5.0.2
2023-12-13 11:36:28,261 [WARN] PackLoader:240 - Cannot read IP mode file for STMicroelectronics.X-CUBE-DISPLAY.3.0.0
2023-12-13 11:36:28,269 [WARN] PackLoader:240 - Cannot read IP mode file for STMicroelectronics.X-CUBE-BLE1.7.0.0
2023-12-13 11:36:28,273 [WARN] PackLoader:240 - Cannot read IP mode file for emotas.I-CUBE-CANOPEN.1.3.0
2023-12-13 11:36:28,276 [WARN] PackLoader:240 - Cannot read IP mode file for STMicroelectronics.X-CUBE-TOUCHGFX.4.22.0
2023-12-13 11:36:28,277 [WARN] PackLoader:240 - Cannot read IP mode file for STMicroelectronics.X-CUBE-TOUCHGFX.4.22.1
2023-12-13 11:36:28,280 [WARN] PackLoader:240 - Cannot read IP mode file for STMicroelectronics.FP-SNS-SMARTAG2.1.2.0
2023-12-13 11:36:28,288 [INFO] LogOutputStream:77 - [STDOUT_REDIRECT] 1 : Invalid condition id : UX_CORESTACK_Condition cause : null
2023-12-13 11:36:28,289 [INFO] LogOutputStream:77 - [STDOUT_REDIRECT] 1 : Invalid condition id : UX_CORESTACK_Condition cause : null
2023-12-13 11:36:28,289 [INFO] LogOutputStream:77 - [STDOUT_REDIRECT] 1 : Invalid condition id : UX_CORESTACK_Condition cause : null
2023-12-13 11:36:28,289 [INFO] LogOutputStream:77 - [STDOUT_REDIRECT] 1 : Invalid condition id : UX_CORESTACK_Condition cause : null
2023-12-13 11:36:28,289 [INFO] LogOutputStream:77 - [STDOUT_REDIRECT] 1 : Invalid condition id : UX_CORESTACK_Condition cause : null
2023-12-13 11:36:28,292 [WARN] PackLoader:240 - Cannot read IP mode file for STMicroelectronics.X-CUBE-AZRTOS-WL.2.0.0
2023-12-13 11:36:28,299 [WARN] PackLoader:240 - Cannot read IP mode file for WES.I-CUBE-Cesium.1.3.0
2023-12-13 11:36:28,302 [WARN] PackLoader:240 - Cannot read IP mode file for STMicroelectronics.X-CUBE-BLE2.3.3.0
2023-12-13 11:36:28,307 [WARN] PackLoader:240 - Cannot read IP mode file for STMicroelectronics.X-CUBE-ALGOBUILD.1.3.0
2023-12-13 11:36:28,322 [WARN] PackLoader:240 - Cannot read IP mode file for STMicroelectronics.X-CUBE-AZRTOS-G0.1.1.0
2023-12-13 11:36:28,327 [WARN] PackLoader:240 - Cannot read IP mode file for STMicroelectronics.X-CUBE-NFC4.3.0.0
2023-12-13 11:36:28,335 [WARN] PackLoader:240 - Cannot read IP mode file for STMicroelectronics.X-CUBE-BLEMGR.3.0.0
2023-12-13 11:36:28,340 [WARN] PackLoader:240 - Cannot read IP mode file for STMicroelectronics.FP-ATR-SIGFOX1.3.2.0
2023-12-13 11:36:28,368 [WARN] PackLoader:240 - Cannot read IP mode file for SEGGER.I-CUBE-embOS.1.3.1
2023-12-13 11:36:28,407 [WARN] PackLoader:240 - Cannot read IP mode file for STMicroelectronics.X-CUBE-GNSS1.6.0.0
2023-12-13 11:36:28,419 [WARN] PackLoader:240 - Cannot read IP mode file for STMicroelectronics.X-CUBE-AZRTOS-F4.1.1.0
2023-12-13 11:36:28,423 [WARN] PackLoader:240 - Cannot read IP mode file for wolfSSL.I-CUBE-wolfSSL.5.6.3
2023-12-13 11:36:28,435 [WARN] PackLoader:240 - Cannot read IP mode file for STMicroelectronics.X-CUBE-AZRTOS-L5.2.0.0
2023-12-13 11:36:28,465 [WARN] PackLoader:240 - Cannot read IP mode file for STMicroelectronics.X-CUBE-MEMS1.9.6.0
2023-12-13 11:36:28,528 [INFO] McuFinderGlobals:63 - Set McuFinder mode to 2 (CubeIDE integrated)
2023-12-13 11:36:28,531 [INFO] MainUpdater:2868 - connection check result : 10
2023-12-13 11:36:28,531 [INFO] MainUpdater:2868 - connection check result : 10
2023-12-13 11:36:28,651 [WARN] PackLoader:240 - Cannot read IP mode file for STMicroelectronics.X-CUBE-EEPRMA1.4.2.0
2023-12-13 11:36:28,661 [WARN] PackLoader:240 - Cannot read IP mode file for ITTIA_DB.I-CUBE-ITTIADB.8.8.0
2023-12-13 11:36:28,666 [WARN] PackLoader:240 - Cannot read IP mode file for STMicroelectronics.X-CUBE-BLEMGR.2.0.0
2023-12-13 11:36:28,686 [WARN] ConditionMgr:438 - getConditionDescription Invalid condition id : UX DEVICE CLASS RTOS Condition cause : null
2023-12-13 11:36:28,687 [WARN] ConditionMgr:438 - getConditionDescription Invalid condition id : UX DEVICE CLASS RTOS Condition cause : null
2023-12-13 11:36:28,689 [WARN] PackLoader:240 - Cannot read IP mode file for STMicroelectronics.X-CUBE-AZRTOS-H7.3.1.0
2023-12-13 11:36:28,690 [WARN] ConditionMgr:1039 - genDependencies : Invalid condition id : UX DEVICE CLASS RTOS Condition cause : null
2023-12-13 11:36:28,691 [WARN] ConditionMgr:1039 - genDependencies : Invalid condition id : UX DEVICE CLASS RTOS Condition cause : null
2023-12-13 11:36:28,691 [WARN] ConditionMgr:1039 - genDependencies : Invalid condition id : UX DEVICE CLASS RTOS Condition cause : null
2023-12-13 11:36:28,692 [WARN] ConditionMgr:1039 - genDependencies : Invalid condition id : UX DEVICE CLASS RTOS Condition cause : null
2023-12-13 11:36:28,692 [WARN] ConditionMgr:1039 - genDependencies : Invalid condition id : UX DEVICE CLASS RTOS Condition cause : null
2023-12-13 11:36:28,697 [WARN] PackLoader:240 - Cannot read IP mode file for STMicroelectronics.X-CUBE-NFC7.1.0.1
2023-12-13 11:36:28,702 [WARN] PackLoader:240 - Cannot read IP mode file for STMicroelectronics.X-CUBE-NFC6.3.0.0
2023-12-13 11:36:28,708 [WARN] PackLoader:240 - Cannot read IP mode file for STMicroelectronics.X-CUBE-EEPRMA1.4.1.0
2023-12-13 11:36:28,711 [WARN] PackLoader:240 - Cannot read IP mode file for STMicroelectronics.X-CUBE-AI.8.1.0
2023-12-13 11:36:28,727 [WARN] ConditionMgr:438 - getConditionDescription Invalid condition id : LAN8742 Phy interface Condition cause : null
2023-12-13 11:36:28,728 [WARN] PackLoader:240 - Cannot read IP mode file for STMicroelectronics.X-CUBE-AZRTOS-L4.2.0.0
2023-12-13 11:36:28,729 [WARN] ConditionMgr:1039 - genDependencies : Invalid condition id : LAN8742 Phy interface Condition cause : null
2023-12-13 11:36:28,730 [WARN] ConditionMgr:1039 - genDependencies : Invalid condition id : LAN8742 Phy interface Condition cause : null
2023-12-13 11:36:28,730 [WARN] ConditionMgr:1039 - genDependencies : Invalid condition id : LAN8742 Phy interface Condition cause : null
2023-12-13 11:36:28,736 [WARN] PackLoader:240 - Cannot read IP mode file for STMicroelectronics.X-CUBE-SFXS2LP1.4.0.0
2023-12-13 11:36:28,739 [WARN] PackLoader:240 - Cannot read IP mode file for STMicroelectronics.X-CUBE-ISPU.1.1.0
2023-12-13 11:36:28,749 [WARN] ConditionMgr:438 - getConditionDescription Invalid condition id : UX DEVICE CLASS RTOS Condition cause : null
2023-12-13 11:36:28,750 [WARN] ConditionMgr:438 - getConditionDescription Invalid condition id : UX DEVICE CLASS RTOS Condition cause : null
2023-12-13 11:36:28,752 [WARN] PackLoader:240 - Cannot read IP mode file for STMicroelectronics.X-CUBE-AZRTOS-WB.2.0.0
2023-12-13 11:36:28,752 [WARN] ConditionMgr:1039 - genDependencies : Invalid condition id : UX DEVICE CLASS RTOS Condition cause : null
2023-12-13 11:36:28,752 [WARN] ConditionMgr:1039 - genDependencies : Invalid condition id : UX DEVICE CLASS RTOS Condition cause : null
2023-12-13 11:36:28,753 [WARN] ConditionMgr:1039 - genDependencies : Invalid condition id : UX DEVICE CLASS RTOS Condition cause : null
2023-12-13 11:36:28,753 [WARN] ConditionMgr:1039 - genDependencies : Invalid condition id : UX DEVICE CLASS RTOS Condition cause : null
2023-12-13 11:36:28,753 [WARN] ConditionMgr:1039 - genDependencies : Invalid condition id : UX DEVICE CLASS RTOS Condition cause : null
2023-12-13 11:36:28,761 [WARN] PackLoader:240 - Cannot read IP mode file for STMicroelectronics.X-CUBE-SUBG2.5.0.0
2023-12-13 11:36:28,772 [WARN] PackLoader:240 - Cannot read IP mode file for STMicroelectronics.X-CUBE-TOF1.3.3.1
2023-12-13 11:36:28,790 [WARN] PackLoader:240 - Cannot read IP mode file for STMicroelectronics.X-CUBE-AZRTOS-G4.2.0.0
2023-12-13 11:36:28,801 [WARN] PackLoader:240 - Cannot read IP mode file for Infineon.AIROC-Wi-Fi-Bluetooth-STM32.1.5.1
2023-12-13 11:36:28,805 [WARN] PackLoader:240 - Cannot read IP mode file for STMicroelectronics.FP-SNS-MOTENVWB1.1.3.0
2023-12-13 11:36:28,808 [WARN] PackLoader:240 - Cannot read IP mode file for STMicroelectronics.FP-SNS-MOTENVWB1.1.3.1
2023-12-13 11:36:28,811 [WARN] PackLoader:240 - Cannot read IP mode file for STMicroelectronics.X-CUBE-ISPU.2.0.0
2023-12-13 11:36:28,861 [WARN] PackLoader:240 - Cannot read IP mode file for STMicroelectronics.X-CUBE-MEMS1.10.0.0
2023-12-13 11:36:28,991 [WARN] PackLoader:240 - Cannot read IP mode file for STMicroelectronics.X-CUBE-FREERTOS.1.1.0
2023-12-13 11:36:28,996 [WARN] PackLoader:240 - Cannot read IP mode file for portGmbH.I-Cube-SoM-uGOAL.1.1.0
2023-12-13 11:36:29,000 [WARN] PackLoader:240 - Cannot read IP mode file for STMicroelectronics.X-CUBE-ALS.1.0.1
2023-12-13 11:36:29,004 [WARN] PackLoader:240 - Cannot read IP mode file for STMicroelectronics.FP-ATR-ASTRA1.2.0.0
2023-12-13 11:36:29,016 [WARN] PackLoader:240 - Cannot read IP mode file for STMicroelectronics.X-CUBE-TOF1.3.4.0
2023-12-13 11:36:29,052 [WARN] PackLoader:240 - Cannot read IP mode file for STMicroelectronics.X-CUBE-AZRTOS-H7.3.2.0
2023-12-13 11:36:29,056 [INFO] ThirdParty:978 - Integrity check success = true
2023-12-13 11:36:29,056 [INFO] IntegrityCheckThread:100 - exiting critical section [integrity check]
2023-12-13 11:36:29,057 [INFO] IntegrityCheckThread:103 - End integrity checks thread
2023-12-13 11:36:29,091 [INFO] MicroXplorer:468 - Change Database Path : 
2023-12-13 11:36:29,092 [INFO] MicroXplorer:498 - Change Database Version : DB.6.0.92
2023-12-13 11:36:29,095 [WARN] ThirdParty:871 - waiting for thirdparty lock release [close project]
2023-12-13 11:36:29,095 [INFO] ThirdParty:873 - entering critical section [close project]
2023-12-13 11:36:29,096 [INFO] ThirdParty:883 - exiting critical section [close project]
2023-12-13 11:36:29,097 [INFO] PinOutPanel:1499 - setPackage(No Configuration,No Configuration)
2023-12-13 11:36:29,102 [INFO] UtilMem:75 - Begin LoadConfig() Used Memory: 253534608 Bytes (610271232)
2023-12-13 11:36:29,103 [INFO] MicroXplorer:468 - Change Database Path : 
2023-12-13 11:36:29,103 [INFO] MicroXplorer:498 - Change Database Version : DB.6.0.92
2023-12-13 11:36:29,103 [INFO] OpenFileManager:308 - Change cursor
2023-12-13 11:36:29,120 [INFO] Mcu:1946 - Initializing MCU STM32F401R(D-E)Tx STM32F401RETx STM32F401RET6
2023-12-13 11:36:29,948 [INFO] Context:659 - Trying to add GPIOservice into a context  which must be forbidden
2023-12-13 11:36:30,527 [INFO] RtosManager:555 - Registered RTOS mode: class=CMSIS, group=RTOS, mode=CMSIS_V1, owner=FREERTOS
2023-12-13 11:36:30,527 [INFO] RtosManager:555 - Registered RTOS mode: class=CMSIS, group=RTOS2, mode=CMSIS_V2, owner=FREERTOS
2023-12-13 11:36:30,527 [INFO] RtosManager:555 - Registered RTOS mode: class=RTOS, group=Core, mode=CMSIS_V1, owner=FREERTOS
2023-12-13 11:36:30,527 [INFO] RtosManager:555 - Registered RTOS mode: class=RTOS, group=Core, mode=CMSIS_V2, owner=FREERTOS
2023-12-13 11:36:30,528 [WARN] ModelIntegratedComponent:184 - Missing modes for component STMicroelectronics:FreeRTOS:0.0.1:STMicroelectronics:RTOS:FreeRTOS:Core:::10.2.0:
2023-12-13 11:36:30,537 [WARN] ModelIntegratedComponent:63 - No mode defined for component null
2023-12-13 11:36:30,537 [WARN] ModelIntegratedComponent:63 - No mode defined for component null
2023-12-13 11:36:30,537 [WARN] ModelIntegratedComponent:63 - No mode defined for component null
2023-12-13 11:36:30,537 [WARN] ModelIntegratedComponent:63 - No mode defined for component null
2023-12-13 11:36:30,537 [WARN] ModelIntegratedComponent:63 - No mode defined for component null
2023-12-13 11:36:30,537 [WARN] ModelIntegratedComponent:63 - No mode defined for component null
2023-12-13 11:36:30,537 [WARN] ModelIntegratedComponent:63 - No mode defined for component null
2023-12-13 11:36:30,537 [WARN] ModelIntegratedComponent:63 - No mode defined for component null
2023-12-13 11:36:30,537 [WARN] ModelIntegratedComponent:63 - No mode defined for component null
2023-12-13 11:36:30,538 [WARN] ModelIntegratedComponent:63 - No mode defined for component null
2023-12-13 11:36:30,538 [WARN] ModelIntegratedComponent:63 - No mode defined for component null
2023-12-13 11:36:30,538 [WARN] ModelIntegratedComponent:63 - No mode defined for component null
2023-12-13 11:36:30,538 [WARN] ModelIntegratedComponent:63 - No mode defined for component null
2023-12-13 11:36:30,538 [WARN] ModelIntegratedComponent:63 - No mode defined for component null
2023-12-13 11:36:30,538 [WARN] ModelIntegratedComponent:63 - No mode defined for component null
2023-12-13 11:36:30,538 [WARN] ModelIntegratedComponent:63 - No mode defined for component null
2023-12-13 11:36:30,538 [WARN] ModelIntegratedComponent:63 - No mode defined for component null
2023-12-13 11:36:30,538 [WARN] ModelIntegratedComponent:63 - No mode defined for component null
2023-12-13 11:36:30,538 [WARN] ModelIntegratedComponent:63 - No mode defined for component null
2023-12-13 11:36:30,538 [WARN] ModelIntegratedComponent:63 - No mode defined for component null
2023-12-13 11:36:30,538 [WARN] ModelIntegratedComponent:63 - No mode defined for component null
2023-12-13 11:36:30,538 [WARN] ModelIntegratedComponent:63 - No mode defined for component null
2023-12-13 11:36:30,538 [WARN] ModelIntegratedComponent:63 - No mode defined for component null
2023-12-13 11:36:30,538 [WARN] ModelIntegratedComponent:63 - No mode defined for component null
2023-12-13 11:36:30,538 [WARN] ModelIntegratedComponent:63 - No mode defined for component null
2023-12-13 11:36:30,539 [WARN] ModelIntegratedComponent:63 - No mode defined for component null
2023-12-13 11:36:30,539 [WARN] ModelIntegratedComponent:63 - No mode defined for component null
2023-12-13 11:36:30,539 [WARN] ModelIntegratedComponent:63 - No mode defined for component null
2023-12-13 11:36:30,539 [WARN] ModelIntegratedComponent:63 - No mode defined for component null
2023-12-13 11:36:30,539 [WARN] ModelIntegratedComponent:63 - No mode defined for component null
2023-12-13 11:36:30,539 [WARN] ModelIntegratedComponent:63 - No mode defined for component null
2023-12-13 11:36:30,539 [WARN] ModelIntegratedComponent:63 - No mode defined for component null
2023-12-13 11:36:30,539 [WARN] ModelIntegratedComponent:63 - No mode defined for component null
2023-12-13 11:36:30,637 [INFO] ThirdPartyModel:298 - Start build external matchings
2023-12-13 11:36:31,317 [INFO] ThirdPartyModel:316 - End build external matchings
2023-12-13 11:36:31,336 [INFO] ImportTextPane:194 - (OptionalMessage_ERROR) IP (DMA) : Parameter (Instance) has Id (USART2_TX) currently not set
2023-12-13 11:36:31,336 [INFO] ImportTextPane:194 - (OptionalMessage_ERROR) IP (DMA) : Parameter (Channel) has Id (USART2_TX) currently not set
2023-12-13 11:36:31,336 [INFO] ImportTextPane:194 - (OptionalMessage_ERROR) IP (DMA) : Parameter (Direction) has Id (USART2_TX) currently not set
2023-12-13 11:36:31,336 [INFO] ImportTextPane:194 - (OptionalMessage_ERROR) IP (DMA) : Parameter (PeriphInc) has Id (USART2_TX) currently not set
2023-12-13 11:36:31,336 [INFO] ImportTextPane:194 - (OptionalMessage_ERROR) IP (DMA) : Parameter (MemInc) has Id (USART2_TX) currently not set
2023-12-13 11:36:31,336 [INFO] ImportTextPane:194 - (OptionalMessage_ERROR) IP (DMA) : Parameter (PeriphDataAlignment) has Id (USART2_TX) currently not set
2023-12-13 11:36:31,336 [INFO] ImportTextPane:194 - (OptionalMessage_ERROR) IP (DMA) : Parameter (MemDataAlignment) has Id (USART2_TX) currently not set
2023-12-13 11:36:31,336 [INFO] ImportTextPane:194 - (OptionalMessage_ERROR) IP (DMA) : Parameter (Mode) has Id (USART2_TX) currently not set
2023-12-13 11:36:31,337 [INFO] ImportTextPane:194 - (OptionalMessage_ERROR) IP (DMA) : Parameter (Priority) has Id (USART2_TX) currently not set
2023-12-13 11:36:31,337 [INFO] ImportTextPane:194 - (OptionalMessage_ERROR) IP (DMA) : Parameter (FIFOMode) has Id (USART2_TX) currently not set
2023-12-13 11:36:31,338 [INFO] ImportTextPane:194 - (OptionalMessage_ERROR) IP (RCC) : Parameter (RTCHSEDivFreq_Value) has invalid value (4000000)
2023-12-13 11:36:31,485 [INFO] UtilMem:75 - End LoadConfig() Used Memory: 453336512 Bytes (610271232)
2023-12-13 11:36:31,698 [INFO] ApiDb:581 - Connected to CubeFinder SQLite database (/Users/jianghui/.stmcufinder/plugins/mcufinder/mcu/cube-finder-db.db)
2023-12-13 11:36:31,842 [INFO] ApiDb:668 - CubeFinder database Data Model version=2.1
2023-12-13 11:36:31,842 [INFO] ApiDb:669 - CubeFinder database Configuration version=3.0.39
2023-12-13 11:36:31,842 [INFO] ApiDb:670 - CubeFinder database generation date=2023-11-06 (1699269565)
2023-12-13 11:36:31,842 [INFO] ApiDb:671 - CubeFinder database FW Pack versions=[FP-ATR-ASTRA1_V2.0.0, FP-SNS-FLIGHT1_V5.0.1, FP-SNS-FLIGHT1_V5.0.2, FP-SNS-MOTENV1_V4.3.1, FP-SNS-MOTENV1_V4.3.2, FP-SNS-MOTENVWB1_V1.3.0, FP-SNS-SMARTAG2_V1.2.0, STM32Cube_FW_C0_V1.1.0, STM32Cube_FW_F4_V1.28.0, STM32Cube_FW_F7_V1.17.0, STM32Cube_FW_G0_V1.6.1, STM32Cube_FW_G4_V1.5.1, STM32Cube_FW_H5_V0.5.1, STM32Cube_FW_H5_V1.1.1, STM32Cube_FW_H5_V1.2.0RC2, STM32Cube_FW_H7_V1.11.0, STM32Cube_FW_L0_V1.12.2, STM32Cube_FW_L5_V1.5.0, STM32Cube_FW_U5_V1.3.0RC4, STM32Cube_FW_U5_V1.4.0, STM32Cube_FW_WBA_V1.0.0RC1, STM32Cube_FW_WBA_V1.1.0RC1, STM32Cube_FW_WBA_V1.2.0, STM32Cube_FW_WBA_V1.2.0RC2, STM32Cube_FW_WB_V1.15.0RC1, STM32Cube_FW_WB_V1.16.0, STM32Cube_FW_WB_V1.16.0RC2, STM32Cube_FW_WB_V1.18.0, STM32Cube_FW_WL_V1.3.0, X-CUBE-ALGOBUILD_V1.3.0, X-CUBE-ALS_V1.0.1, X-CUBE-AZRTOS-F4_V1.1.0, X-CUBE-AZRTOS-F7_V1.1.0, X-CUBE-AZRTOS-G0_V1.1.0, X-CUBE-AZRTOS-G4_V2.0.0, X-CUBE-AZRTOS-H7_V3.1.0, X-CUBE-AZRTOS-L4_V1.0.0, X-CUBE-AZRTOS-L4_V2.0.0, X-CUBE-AZRTOS-L5_V1.1.0, X-CUBE-AZRTOS-WB_V2.0.0, X-CUBE-AZRTOS-WL_V2.0.0, X-CUBE-BLE1_V7.0.0, X-CUBE-BLE2_V3.3.0, X-CUBE-BLEMGR_V2.0.0, X-CUBE-EEPRMA1_V4.1.0, X-CUBE-EEPRMA1_V4.2.0, X-CUBE-FREERTOS_V1.1.0, X-CUBE-GNSS1_V6.0.0, X-CUBE-MEMS1_V10.0.0, X-CUBE-MEMS1_V9.1.0, X-CUBE-MEMS1_V9.4.0, X-CUBE-MEMS1_V9.6.0, X-CUBE-NFC4_V3.0.0, X-CUBE-NFC7_V1.0.1, X-CUBE-SFXS2LP1_V4.0.0, X-CUBE-SUBG2_V5.0.0, X-CUBE-TOF1_V3.3.1]
2023-12-13 11:36:33,926 [INFO] ApiDb:240 - Found 323 in-development CPN: [B-G473E-ZEST1S, B-WB1M-WPAN1, B-WL5M-SUBG1, NUCLEO-C031C6, NUCLEO-H503RB, NUCLEO-H563ZI, NUCLEO-U545RE-Q, NUCLEO-U5A5ZJ-Q, NUCLEO-WBA52CG, STEVAL-PROTEUS1, STEVAL-SMARTAG2, STEVAL-STWINBX1, STM320518-EVAL, STM32C0116-DK, STM32C011D6Y3TR, STM32C011D6Y6TR, STM32C011F4P3, STM32C011F4P6, STM32C011F4U3, STM32C011F4U6TR, STM32C011F6P3, STM32C011F6P6, STM32C011F6U3, STM32C011F6U6TR, STM32C011J4M3, STM32C011J4M6, STM32C011J6M3, STM32C011J6M6, STM32C0316-DK, STM32C031C4T3, STM32C031C4T6, STM32C031C4U3, STM32C031C4U6, STM32C031C6T3, STM32C031C6T6, STM32C031C6U3, STM32C031C6U6, STM32C031F4P3, STM32C031F4P6, STM32C031F6P3, STM32C031F6P6, STM32C031G4U3, STM32C031G4U6, STM32C031G6U3, STM32C031G6U6, STM32C031K4T3, STM32C031K4T6, STM32C031K4U3, STM32C031K4U6, STM32C031K6T3, STM32C031K6T6, STM32C031K6U3, STM32C031K6U6, STM32G071K8TXN, STM32G071K8UXN, STM32G081GBU6N, STM32G081KBT6N, STM32G081KBUXN, STM32G0B1CCT6N, STM32G0B1KCT6, STM32G0B1NEY6TR, STM32G0B1RCT6N, STM32G0C1CCT6, STM32G0C1CCT6N, STM32G0C1CCU6N, STM32G0C1CET6N, STM32G0C1CEU6N, STM32G0C1KCT6, STM32G0C1NEY6TR, STM32G0C1RCI6N, STM32G0C1RCT6N, STM32G0C1REI6N, STM32G0C1RET6N, STM32G0C1VCI6, STM32G0C1VEI6, STM32G471CCT6, STM32G471CCU6, STM32G471CET3, STM32G471CET6, STM32G471CEU3, STM32G471CEU6, STM32G471MCT6, STM32G471MET3, STM32G471MET6, STM32G471MEY6TR, STM32G471QCT6, STM32G471QET3, STM32G471RCT6, STM32G471RET3, STM32G471RET6, STM32G471VCH6, STM32G471VCI6, STM32G471VCT6, STM32G471VEH3, STM32G471VEH6, STM32G471VEI3, STM32G471VEI6, STM32G471VET3, STM32G471VET6, STM32G474CCT6, STM32H503CBT6, STM32H503CBU6, STM32H503EBY6TR, STM32H503KBU6, STM32H503RBT6, STM32H562AGI6, STM32H562AII6, STM32H562IGK6, STM32H562IGT6, STM32H562IIK6, STM32H562IIT6, STM32H562RGT6, STM32H562RGV6, STM32H562RIT6, STM32H562RIV6, STM32H562VGT6, STM32H562VIT6, STM32H562ZGT6, STM32H562ZIT6, STM32H563AGI6, STM32H563AII3Q, STM32H563AII6, STM32H563IGK6, STM32H563IGT6, STM32H563IIK3Q, STM32H563IIK6, STM32H563IIT3Q, STM32H563IIT6, STM32H563MIY3QTR, STM32H563RGT6, STM32H563RGV6, STM32H563RIT6, STM32H563RIV6, STM32H563VGT6, STM32H563VIT3Q, STM32H563VIT6, STM32H563ZGT6, STM32H563ZIT3Q, STM32H563ZIT6, STM32H573AII3Q, STM32H573AII6, STM32H573I-DK, STM32H573IIK3Q, STM32H573IIK6, STM32H573IIT3Q, STM32H573IIT6, STM32H573MIY3QTR, STM32H573RIT6, STM32H573RIV6, STM32H573VIT3Q, STM32H573VIT6, STM32H573ZIT3Q, STM32H573ZIT6, STM32L4R5QGI6STR, STM32MP131AAE3, STM32MP131AAF3, STM32MP131AAG3, STM32MP131CAE3, STM32MP131CAF3, STM32MP131CAG3, STM32MP131DAE7, STM32MP131DAF7, STM32MP131DAG7, STM32MP131FAE7, STM32MP131FAF7, STM32MP131FAG7, STM32MP133AAE3, STM32MP133AAF3, STM32MP133AAG3, STM32MP133CAE3, STM32MP133CAF3, STM32MP133CAG3, STM32MP133DAE7, STM32MP133DAF7, STM32MP133DAG7, STM32MP133FAE7, STM32MP133FAF7, STM32MP133FAG7, STM32MP135AAE3, STM32MP135AAF3, STM32MP135AAG3, STM32MP135CAE3, STM32MP135CAF3, STM32MP135CAG3, STM32MP135DAE7, STM32MP135DAF7, STM32MP135DAG7, STM32MP135F-DK, STM32MP135FAE7, STM32MP135FAF7, STM32MP135FAF7T, STM32MP135FAF7U, STM32MP135FAG7, STM32U535CBT6, STM32U535CBT6Q, STM32U535CBU6, STM32U535CBU6Q, STM32U535CCT6, STM32U535CCT6Q, STM32U535CCU6, STM32U535CCU6Q, STM32U535CET6, STM32U535CET6Q, STM32U535CEU6, STM32U535CEU6Q, STM32U535JEY6QTR, STM32U535NCY6QTR, STM32U535NEY6QTR, STM32U535RBI6, STM32U535RBI6Q, STM32U535RBT6, STM32U535RBT6Q, STM32U535RCI6, STM32U535RCI6Q, STM32U535RCT6, STM32U535RCT6Q, STM32U535REI6, STM32U535REI6Q, STM32U535RET6, STM32U535RET6Q, STM32U535VCI6, STM32U535VCI6Q, STM32U535VCT6, STM32U535VCT6Q, STM32U535VEI6, STM32U535VEI6Q, STM32U535VET6, STM32U535VET6Q, STM32U545CET6, STM32U545CET6Q, STM32U545CEU6, STM32U545CEU6Q, STM32U545JEY6QTR, STM32U545NEY6QTR, STM32U545REI6, STM32U545REI6Q, STM32U545RET6, STM32U545RET6Q, STM32U545VEI6, STM32U545VEI6Q, STM32U545VET6, STM32U545VET6Q, STM32U595AIH6, STM32U595AIH6Q, STM32U595AJH6, STM32U595AJH6Q, STM32U595QII6, STM32U595QII6Q, STM32U595QJI6, STM32U595QJI6Q, STM32U595RIT6, STM32U595RIT6Q, STM32U595RJT6, STM32U595RJT6Q, STM32U595VIT6, STM32U595VIT6Q, STM32U595VJT6, STM32U595VJT6Q, STM32U595ZIT6, STM32U595ZIT6Q, STM32U595ZIY6QTR, STM32U595ZJT6, STM32U595ZJT6Q, STM32U595ZJY6QTR, STM32U599BJY6QTR, STM32U599NIH6Q, STM32U599NJH6Q, STM32U599VIT6Q, STM32U599VJT6, STM32U599VJT6Q, STM32U599ZIT6Q, STM32U599ZIY6QTR, STM32U599ZJT6Q, STM32U599ZJY6QTR, STM32U5A5AJH6, STM32U5A5AJH6Q, STM32U5A5QJI6, STM32U5A5QJI6Q, STM32U5A5RJT6, STM32U5A5RJT6Q, STM32U5A5VJT6, STM32U5A5VJT6Q, STM32U5A5ZJT6, STM32U5A5ZJT6Q, STM32U5A5ZJY6QTR, STM32U5A9BJY6QTR, STM32U5A9J-DK, STM32U5A9NJH6Q, STM32U5A9VJT6Q, STM32U5A9ZJT6Q, STM32U5A9ZJY6QTR, STM32U5F7VIT6, STM32U5F7VIT6Q, STM32U5F7VJT6, STM32U5F7VJT6Q, STM32U5F9BJY6QTR, STM32U5F9NJH6Q, STM32U5F9VIT6Q, STM32U5F9VJT6Q, STM32U5F9ZIJ6QTR, STM32U5F9ZIT6Q, STM32U5F9ZJJ6QTR, STM32U5F9ZJT6Q, STM32U5G7VJT6, STM32U5G7VJT6Q, STM32U5G9BJY6QTR, STM32U5G9J-DK1, STM32U5G9J-DK2, STM32U5G9NJH6Q, STM32U5G9VJT6Q, STM32U5G9ZJJ6QTR, STM32U5G9ZJT6Q, STM32WB1MMCH6, STM32WBA52CEU6, STM32WBA52CEU6T, STM32WBA52CGU6, STM32WBA52CGU6T, STM32WBA52KEU6, STM32WBA52KEU6T, STM32WBA52KGU6, STM32WBA52KGU6T, STM32WL5MOCH6, STM32WL5MOCH6TR]
2023-12-13 11:36:33,930 [INFO] DbMcus:217 - Found 3882 MCUs, 3882 are supported
2023-12-13 11:36:33,931 [INFO] ApiDb:423 - Load user favorites file /Users/jianghui/.stm32cubeide/favorites.mcus.txt: 0 item(s)
2023-12-13 11:36:33,931 [INFO] ApiDb:427 - User favorites MCUs=[]
2023-12-13 11:36:33,931 [INFO] DbMcus:223 - Set 0 / 0 favorites MCUs
2023-12-13 11:36:34,309 [WARN] ThirdParty:833 - waiting for thirdparty lock release [change project]
2023-12-13 11:36:34,309 [INFO] ThirdParty:835 - entering critical section [change project]
2023-12-13 11:36:34,309 [INFO] ThirdParty:1030 - CMSIS Pack Vendor :STMicroelectronics X-CUBE-ISPU 1.1.0
2023-12-13 11:36:34,309 [INFO] ThirdParty:1030 - CMSIS Pack Vendor :STMicroelectronics USBPD 4.1
2023-12-13 11:36:34,309 [INFO] ThirdParty:1030 - CMSIS Pack Vendor :STMicroelectronics X-CUBE-GNSS1 6.0.0
2023-12-13 11:36:34,310 [INFO] ThirdParty:1030 - CMSIS Pack Vendor :STMicroelectronics USB_HOST 2.0.0
2023-12-13 11:36:34,310 [INFO] ThirdParty:1030 - CMSIS Pack Vendor :STMicroelectronics X-CUBE-AZRTOS-F4 1.1.0
2023-12-13 11:36:34,310 [INFO] ThirdParty:1030 - CMSIS Pack Vendor :STMicroelectronics LIBJPEG 8.0.0
2023-12-13 11:36:34,310 [INFO] ThirdParty:1030 - CMSIS Pack Vendor :wolfSSL I-CUBE-wolfSSL 5.6.3
2023-12-13 11:36:34,310 [INFO] ThirdParty:1030 - CMSIS Pack Vendor :STMicroelectronics X-CUBE-SMBUS 2.1.0
2023-12-13 11:36:34,310 [INFO] ThirdParty:1030 - CMSIS Pack Vendor :STMicroelectronics USB_DEVICE 3.0.0
2023-12-13 11:36:34,310 [INFO] ThirdParty:1030 - CMSIS Pack Vendor :STMicroelectronics X-CUBE-AZRTOS-WB 2.0.0
2023-12-13 11:36:34,310 [INFO] ThirdParty:1030 - CMSIS Pack Vendor :STMicroelectronics X-CUBE-AZRTOS-F7 1.1.0
2023-12-13 11:36:34,310 [INFO] ThirdParty:1030 - CMSIS Pack Vendor :STMicroelectronics X-CUBE-AZRTOS-L5 2.0.0
2023-12-13 11:36:34,310 [INFO] ThirdParty:1030 - CMSIS Pack Vendor :STMicroelectronics USB_DEVICE 2.0.0
2023-12-13 11:36:34,310 [INFO] ThirdParty:1030 - CMSIS Pack Vendor :STMicroelectronics X-CUBE-MEMS1 9.6.0
2023-12-13 11:36:34,310 [INFO] ThirdParty:1030 - CMSIS Pack Vendor :STMicroelectronics X-CUBE-EEPRMA1 4.2.0
2023-12-13 11:36:34,311 [INFO] ThirdParty:1030 - CMSIS Pack Vendor :ITTIA_DB I-CUBE-ITTIADB 8.8.0
2023-12-13 11:36:34,311 [INFO] ThirdParty:1030 - CMSIS Pack Vendor :STMicroelectronics FP-SNS-MOTENV1 4.3.2
2023-12-13 11:36:34,311 [INFO] ThirdParty:1030 - CMSIS Pack Vendor :STMicroelectronics X-CUBE-ALGOBUILD 1.3.0
2023-12-13 11:36:34,311 [INFO] ThirdParty:1030 - CMSIS Pack Vendor :STMicroelectronics FreeRTOS 0.0.1
2023-12-13 11:36:34,311 [INFO] ThirdParty:1030 - CMSIS Pack Vendor :STMicroelectronics X-CUBE-AZRTOS-G0 1.1.0
2023-12-13 11:36:34,311 [INFO] ThirdParty:1030 - CMSIS Pack Vendor :STMicroelectronics X-CUBE-BLEMGR 2.0.0
2023-12-13 11:36:34,311 [INFO] ThirdParty:1030 - CMSIS Pack Vendor :STMicroelectronics X-CUBE-NFC4 3.0.0
2023-12-13 11:36:34,311 [INFO] ThirdParty:1030 - CMSIS Pack Vendor :STMicroelectronics X-CUBE-SUBG2 5.0.0
2023-12-13 11:36:34,311 [INFO] ThirdParty:1030 - CMSIS Pack Vendor :STMicroelectronics STM32_WPAN 1.0.0
2023-12-13 11:36:34,311 [INFO] ThirdParty:1030 - CMSIS Pack Vendor :STMicroelectronics lwIP 2.0.3
2023-12-13 11:36:34,311 [INFO] ThirdParty:1030 - CMSIS Pack Vendor :STMicroelectronics FP-SNS-FLIGHT1 5.0.2
2023-12-13 11:36:34,311 [INFO] ThirdParty:1030 - CMSIS Pack Vendor :STMicroelectronics USB_HOST 1.0.0
2023-12-13 11:36:34,311 [INFO] ThirdParty:1030 - CMSIS Pack Vendor :STMicroelectronics X-CUBE-TOF1 3.3.1
2023-12-13 11:36:34,311 [INFO] ThirdParty:1030 - CMSIS Pack Vendor :STMicroelectronics X-CUBE-AZRTOS-G4 2.0.0
2023-12-13 11:36:34,311 [INFO] ThirdParty:1030 - CMSIS Pack Vendor :STMicroelectronics PDM2PCM 3.1.0
2023-12-13 11:36:34,311 [INFO] ThirdParty:1030 - CMSIS Pack Vendor :STMicroelectronics X-CUBE-AZRTOS-H7 3.1.0
2023-12-13 11:36:34,311 [INFO] ThirdParty:1030 - CMSIS Pack Vendor :Infineon AIROC-Wi-Fi-Bluetooth-STM32 1.5.1
2023-12-13 11:36:34,311 [INFO] ThirdParty:1030 - CMSIS Pack Vendor :STMicroelectronics X-CUBE-BLEMGR 3.0.0
2023-12-13 11:36:34,311 [INFO] ThirdParty:1030 - CMSIS Pack Vendor :STMicroelectronics PDM2PCM 3.3.0
2023-12-13 11:36:34,312 [INFO] ThirdParty:1030 - CMSIS Pack Vendor :STMicroelectronics X-CUBE-DISPLAY 3.0.0
2023-12-13 11:36:34,312 [INFO] ThirdParty:1030 - CMSIS Pack Vendor :STMicroelectronics FP-SNS-MOTENVWB1 1.3.0
2023-12-13 11:36:34,312 [INFO] ThirdParty:1030 - CMSIS Pack Vendor :STMicroelectronics FP-SNS-MOTENVWB1 1.3.1
2023-12-13 11:36:34,312 [INFO] ThirdParty:1030 - CMSIS Pack Vendor :STMicroelectronics X-CUBE-BLE1 7.0.0
2023-12-13 11:36:34,312 [INFO] ThirdParty:1030 - CMSIS Pack Vendor :STMicroelectronics FP-ATR-SIGFOX1 3.2.0
2023-12-13 11:36:34,312 [INFO] ThirdParty:1030 - CMSIS Pack Vendor :STMicroelectronics X-CUBE-ISPU 2.0.0
2023-12-13 11:36:34,312 [INFO] ThirdParty:1030 - CMSIS Pack Vendor :STMicroelectronics HAL Drivers 0.0.0
2023-12-13 11:36:34,312 [INFO] ThirdParty:1030 - CMSIS Pack Vendor :STMicroelectronics MBEDTLS 2.16.2
2023-12-13 11:36:34,312 [INFO] ThirdParty:1030 - CMSIS Pack Vendor :emotas I-CUBE-CANOPEN 1.3.0
2023-12-13 11:36:34,312 [INFO] ThirdParty:1030 - CMSIS Pack Vendor :STMicroelectronics X-CUBE-MEMS1 10.0.0
2023-12-13 11:36:34,312 [INFO] ThirdParty:1030 - CMSIS Pack Vendor :STMicroelectronics X-CUBE-FREERTOS 1.1.0
2023-12-13 11:36:34,312 [INFO] ThirdParty:1030 - CMSIS Pack Vendor :STMicroelectronics X-CUBE-TOUCHGFX 4.22.0
2023-12-13 11:36:34,312 [INFO] ThirdParty:1030 - CMSIS Pack Vendor :STMicroelectronics X-CUBE-NFC7 1.0.1
2023-12-13 11:36:34,312 [INFO] ThirdParty:1030 - CMSIS Pack Vendor :STMicroelectronics MBEDTLS 2.14.1
2023-12-13 11:36:34,313 [INFO] ThirdParty:1030 - CMSIS Pack Vendor :STMicroelectronics X-CUBE-TOUCHGFX 4.22.1
2023-12-13 11:36:34,313 [INFO] ThirdParty:1030 - CMSIS Pack Vendor :STMicroelectronics X-CUBE-NFC6 3.0.0
2023-12-13 11:36:34,313 [INFO] ThirdParty:1030 - CMSIS Pack Vendor :STMicroelectronics X-CUBE-EEPRMA1 4.1.0
2023-12-13 11:36:34,313 [INFO] ThirdParty:1030 - CMSIS Pack Vendor :portGmbH I-Cube-SoM-uGOAL 1.1.0
2023-12-13 11:36:34,313 [INFO] ThirdParty:1030 - CMSIS Pack Vendor :STMicroelectronics X-CUBE-ALS 1.0.1
2023-12-13 11:36:34,313 [INFO] ThirdParty:1030 - CMSIS Pack Vendor :STMicroelectronics ThreadX 1.0.0
2023-12-13 11:36:34,313 [INFO] ThirdParty:1030 - CMSIS Pack Vendor :STMicroelectronics FP-SNS-SMARTAG2 1.2.0
2023-12-13 11:36:34,313 [INFO] ThirdParty:1030 - CMSIS Pack Vendor :STMicroelectronics X-CUBE-AZRTOS-WL 2.0.0
2023-12-13 11:36:34,313 [INFO] ThirdParty:1030 - CMSIS Pack Vendor :SEGGER I-CUBE-embOS 1.3.1
2023-12-13 11:36:34,313 [INFO] ThirdParty:1030 - CMSIS Pack Vendor :STMicroelectronics USB_DEVICE 1.0.0
2023-12-13 11:36:34,313 [INFO] ThirdParty:1030 - CMSIS Pack Vendor :STMicroelectronics X-CUBE-AI 8.1.0
2023-12-13 11:36:34,313 [INFO] ThirdParty:1030 - CMSIS Pack Vendor :STMicroelectronics X-CUBE-AZRTOS-L4 2.0.0
2023-12-13 11:36:34,313 [INFO] ThirdParty:1030 - CMSIS Pack Vendor :STMicroelectronics ThreadX 0.0.2
2023-12-13 11:36:34,313 [INFO] ThirdParty:1030 - CMSIS Pack Vendor :WES I-CUBE-Cesium 1.3.0
2023-12-13 11:36:34,313 [INFO] ThirdParty:1030 - CMSIS Pack Vendor :STMicroelectronics FP-ATR-ASTRA1 2.0.0
2023-12-13 11:36:34,314 [INFO] ThirdParty:1030 - CMSIS Pack Vendor :STMicroelectronics lwIP 2.1.2
2023-12-13 11:36:34,314 [INFO] ThirdParty:1030 - CMSIS Pack Vendor :STMicroelectronics X-CUBE-SFXS2LP1 4.0.0
2023-12-13 11:36:34,314 [INFO] ThirdParty:1030 - CMSIS Pack Vendor :STMicroelectronics X-CUBE-BLE2 3.3.0
2023-12-13 11:36:34,314 [INFO] ThirdParty:1030 - CMSIS Pack Vendor :STMicroelectronics X-CUBE-TOF1 3.4.0
2023-12-13 11:36:34,314 [INFO] ThirdParty:1030 - CMSIS Pack Vendor :STMicroelectronics X-CUBE-AZRTOS-H7 3.2.0
2023-12-13 11:36:34,314 [INFO] ThirdParty:1030 - CMSIS Pack Vendor :STMicroelectronics PDM2PCM 3.2.0
2023-12-13 11:36:34,314 [INFO] ThirdParty:841 - exiting critical section [change project]
2023-12-13 11:36:34,583 [INFO] PinOutPanel:1499 - setPackage(No Configuration,No Configuration)
2023-12-13 11:36:34,584 [INFO] PinOutPanel:1499 - setPackage(STM32F401RETx,LQFP64)
2023-12-13 11:36:34,951 [INFO] UtilMem:75 - Before build in PCC Used Memory: 397848696 Bytes (610271232)
2023-12-13 11:36:35,415 [INFO] UtilMem:75 - After build in PCC Used Memory: 502075824 Bytes (610271232)
2023-12-13 11:36:35,444 [INFO] IPUIPlugin:80 - create IPUIPlugin
2023-12-13 11:36:35,444 [INFO] IPUIPlugin:80 - create IPUIPlugin
2023-12-13 11:36:35,444 [INFO] IPUIPlugin:80 - create IPUIPlugin
2023-12-13 11:36:35,444 [INFO] IPUIPlugin:80 - create IPUIPlugin
2023-12-13 11:36:35,444 [INFO] IPUIPlugin:80 - create IPUIPlugin
2023-12-13 11:36:35,445 [INFO] IPUIPlugin:80 - create IPUIPlugin
2023-12-13 11:36:35,445 [INFO] IPUIPlugin:80 - create IPUIPlugin
2023-12-13 11:36:35,445 [INFO] IPUIPlugin:80 - create IPUIPlugin
2023-12-13 11:36:35,445 [INFO] IPUIPlugin:80 - create IPUIPlugin
2023-12-13 11:36:35,445 [INFO] IPUIPlugin:80 - create IPUIPlugin
2023-12-13 11:36:35,445 [INFO] IPUIPlugin:80 - create IPUIPlugin
2023-12-13 11:36:35,446 [INFO] IPUIPlugin:80 - create IPUIPlugin
2023-12-13 11:36:35,446 [INFO] IPUIPlugin:80 - create IPUIPlugin
2023-12-13 11:36:35,446 [INFO] IPUIPlugin:80 - create IPUIPlugin
2023-12-13 11:36:35,446 [INFO] IPUIPlugin:80 - create IPUIPlugin
2023-12-13 11:36:35,446 [INFO] IPUIPlugin:80 - create IPUIPlugin
2023-12-13 11:36:35,446 [INFO] IPUIPlugin:80 - create IPUIPlugin
2023-12-13 11:36:35,446 [INFO] IPUIPlugin:80 - create IPUIPlugin
2023-12-13 11:36:35,447 [INFO] IPUIPlugin:80 - create IPUIPlugin
2023-12-13 11:36:35,447 [INFO] IPUIPlugin:80 - create IPUIPlugin
2023-12-13 11:36:35,447 [INFO] IPUIPlugin:80 - create IPUIPlugin
2023-12-13 11:36:35,447 [INFO] IPUIPlugin:80 - create IPUIPlugin
2023-12-13 11:36:35,447 [INFO] IPUIPlugin:80 - create IPUIPlugin
2023-12-13 11:36:35,447 [INFO] IPUIPlugin:80 - create IPUIPlugin
2023-12-13 11:36:35,447 [INFO] IPUIPlugin:80 - create IPUIPlugin
2023-12-13 11:36:35,447 [INFO] IPUIPlugin:80 - create IPUIPlugin
2023-12-13 11:36:35,447 [INFO] IPUIPlugin:80 - create IPUIPlugin
2023-12-13 11:36:35,448 [INFO] IPUIPlugin:80 - create IPUIPlugin
2023-12-13 11:36:35,448 [INFO] IPUIPlugin:80 - create IPUIPlugin
2023-12-13 11:36:35,448 [INFO] IPUIPlugin:80 - create IPUIPlugin
2023-12-13 11:36:35,448 [INFO] IPUIPlugin:80 - create IPUIPlugin
2023-12-13 11:36:35,448 [INFO] IPUIPlugin:80 - create IPUIPlugin
2023-12-13 11:36:35,448 [INFO] IPUIPlugin:80 - create IPUIPlugin
2023-12-13 11:36:35,448 [INFO] IPUIPlugin:80 - create IPUIPlugin
2023-12-13 11:36:35,449 [INFO] IPUIPlugin:80 - create IPUIPlugin
2023-12-13 11:36:35,449 [INFO] IPUIPlugin:80 - create IPUIPlugin
2023-12-13 11:36:35,449 [INFO] IPUIPlugin:80 - create IPUIPlugin
2023-12-13 11:36:35,449 [INFO] IPUIPlugin:80 - create IPUIPlugin
2023-12-13 11:36:35,483 [INFO] ApiDbMcu:507 - Load IP Config File for PDM2PCM
2023-12-13 11:36:35,604 [INFO] CADModel:165 - CPN selected for project levelSTM32F401RET6
2023-12-13 11:36:35,605 [INFO] CADModel:114 - Register for checkConnection events
2023-12-13 11:36:35,642 [INFO] OpenFileManager:328 - Restore cursor
2023-12-13 11:36:48,204 [ERROR] LogOutputStream:75 - [STDERR_REDIRECT] SLF4J: Failed to load class "org.slf4j.impl.StaticLoggerBinder".
2023-12-13 11:36:48,204 [ERROR] LogOutputStream:75 - [STDERR_REDIRECT] SLF4J: Defaulting to no-operation (NOP) logger implementation
2023-12-13 11:36:48,205 [ERROR] LogOutputStream:75 - [STDERR_REDIRECT] SLF4J: See http://www.slf4j.org/codes.html#StaticLoggerBinder for further details.
2023-12-13 11:50:38,190 [ERROR] LogOutputStream:75 - [STDERR_REDIRECT] 
