2023-12-03 16:54:29,736 [INFO] Activator:176 - 


2023-12-03 16:54:29,738 [INFO] Activator:177 - !SESSION log4j initialized
2023-12-03 16:54:30,290 [ERROR] LogOutputStream:75 - [STDERR_REDIRECT] 
2023-12-03 16:54:32,415 [INFO] LogOutputStream:77 - [STDOUT_REDIRECT] 
2023-12-03 16:54:33,402 [INFO] LogOutputStream:77 - [STDOUT_REDIRECT] 
2023-12-03 16:54:33,684 [ERROR] LogOutputStream:75 - [STDERR_REDIRECT] java.net.URISyntaxException: Illegal character in path at index 47: file:/Users/jianghui/Documents/GitHub/ss_hw/H04 A/A2/.metadata/.log4j2.xml
2023-12-03 16:54:33,684 [ERROR] LogOutputStream:75 - [STDERR_REDIRECT] 	at java.base/java.net.URI$Parser.fail(URI.java:2974)
2023-12-03 16:54:33,685 [ERROR] LogOutputStream:75 - [STDERR_REDIRECT] 	at java.base/java.net.URI$Parser.checkChars(URI.java:3145)
2023-12-03 16:54:33,685 [ERROR] LogOutputStream:75 - [STDERR_REDIRECT] 	at java.base/java.net.URI$Parser.parseHierarchical(URI.java:3227)
2023-12-03 16:54:33,686 [ERROR] LogOutputStream:75 - [STDERR_REDIRECT] 	at java.base/java.net.URI$Parser.parse(URI.java:3175)
2023-12-03 16:54:33,686 [ERROR] LogOutputStream:75 - [STDERR_REDIRECT] 	at java.base/java.net.URI.<init>(URI.java:623)
2023-12-03 16:54:33,687 [ERROR] LogOutputStream:75 - [STDERR_REDIRECT] 	at java.base/java.net.URL.toURI(URL.java:1056)
2023-12-03 16:54:33,687 [ERROR] LogOutputStream:75 - [STDERR_REDIRECT] 	at com.st.stm32cube.common.mx.core.CubeMxInstance.getInstance(CubeMxInstance.java:81)
2023-12-03 16:54:33,687 [ERROR] LogOutputStream:75 - [STDERR_REDIRECT] 	at com.st.stm32cube.common.mx.userauth.UserAuthAdapter.<init>(UserAuthAdapter.java:18)
2023-12-03 16:54:33,688 [ERROR] LogOutputStream:75 - [STDERR_REDIRECT] 	at com.st.stm32cube.common.mx.userauth.UserAuthProvider.getUserAuthAdapter(UserAuthProvider.java:9)
2023-12-03 16:54:33,688 [ERROR] LogOutputStream:75 - [STDERR_REDIRECT] 	at com.st.stm32cube.common.ecosystemintegration.ui.core.MCUEcoSystemIntegrationUiHelper.getUserAuth(MCUEcoSystemIntegrationUiHelper.java:100)
2023-12-03 16:54:33,688 [ERROR] LogOutputStream:75 - [STDERR_REDIRECT] 	at com.st.stm32cube.ide.mcu.userauth.UserAuthStartup.earlyStartup(UserAuthStartup.java:41)
2023-12-03 16:54:33,688 [ERROR] LogOutputStream:75 - [STDERR_REDIRECT] 	at org.eclipse.ui.internal.EarlyStartupRunnable.runEarlyStartup(EarlyStartupRunnable.java:79)
2023-12-03 16:54:33,689 [ERROR] LogOutputStream:75 - [STDERR_REDIRECT] 	at org.eclipse.ui.internal.EarlyStartupRunnable.run(EarlyStartupRunnable.java:55)
2023-12-03 16:54:33,689 [ERROR] LogOutputStream:75 - [STDERR_REDIRECT] 	at org.eclipse.core.runtime.SafeRunner.run(SafeRunner.java:45)
2023-12-03 16:54:33,689 [ERROR] LogOutputStream:75 - [STDERR_REDIRECT] 	at org.eclipse.ui.internal.Workbench$39.run(Workbench.java:2656)
2023-12-03 16:54:33,690 [ERROR] LogOutputStream:75 - [STDERR_REDIRECT] 	at org.eclipse.core.internal.jobs.Worker.run(Worker.java:63)
2023-12-03 16:54:35,017 [INFO] ApplicationProperties:184 - Using Application install path: /Applications/STM32CubeIDE.app/Contents/Eclipse/plugins/com.st.stm32cube.common.mx_6.9.2.202309101412
2023-12-03 16:54:35,033 [INFO] DbMcusXml:78 - Set database path to: /Applications/STM32CubeIDE.app/Contents/Eclipse/plugins/com.st.stm32cube.common.mx_6.9.2.202309101412//db//mcu/
2023-12-03 16:54:35,033 [INFO] ApiDb:274 - Set plugin database path to: /Applications/STM32CubeIDE.app/Contents/Eclipse/plugins/com.st.stm32cube.common.mx_6.9.2.202309101412//db//plugins/boardmanager/
2023-12-03 16:54:35,033 [WARN] ApiDb:259 - Overriding images path with different value:  => /Applications/STM32CubeIDE.app/Contents/Eclipse/plugins/com.st.stm32cube.common.mx_6.9.2.202309101412//db//plugins/mcufinder/images/
2023-12-03 16:54:35,042 [INFO] ApiDb:250 - Set database path to: /Users/jianghui/.stmcufinder/plugins/mcufinder//mcu/
2023-12-03 16:54:35,044 [INFO] DbMcusAds:125 - Set database path to: /Users/jianghui/.stmcufinder/plugins/mcufinder//mcu/
2023-12-03 16:54:35,046 [INFO] CrossReferenceDbSqlite:203 - Set database path to: /Users/jianghui/.stmcufinder/plugins/mcufinder//mcu/cs/
2023-12-03 16:54:35,133 [INFO] RulesReader:64 - Compatibility file has been processed (293 Rules)
2023-12-03 16:54:35,190 [INFO] DbMcusXml:78 - Set database path to: /Applications/STM32CubeIDE.app/Contents/Eclipse/plugins/com.st.stm32cube.common.mx_6.9.2.202309101412//db//mcu/
2023-12-03 16:54:35,190 [INFO] ApiDb:274 - Set plugin database path to: /Applications/STM32CubeIDE.app/Contents/Eclipse/plugins/com.st.stm32cube.common.mx_6.9.2.202309101412//db//plugins/boardmanager/
2023-12-03 16:54:35,191 [INFO] ApiDb:261 - Set plugin images path to: /Applications/STM32CubeIDE.app/Contents/Eclipse/plugins/com.st.stm32cube.common.mx_6.9.2.202309101412//db//plugins/mcufinder/images/
2023-12-03 16:54:35,191 [WARN] DbFile:41 - Overriding database path with different value: /Users/jianghui/.stmcufinder/plugins/mcufinder/ => /Users/jianghui/.stmcufinder/plugins/mcufinder
2023-12-03 16:54:35,191 [INFO] ApiDb:250 - Set database path to: /Users/jianghui/.stmcufinder/plugins/mcufinder//mcu/
2023-12-03 16:54:35,191 [WARN] DbFile:41 - Overriding database path with different value: /Users/jianghui/.stmcufinder/plugins/mcufinder/ => /Users/jianghui/.stmcufinder/plugins/mcufinder
2023-12-03 16:54:35,191 [INFO] DbMcusAds:125 - Set database path to: /Users/jianghui/.stmcufinder/plugins/mcufinder//mcu/
2023-12-03 16:54:35,191 [WARN] DbFile:41 - Overriding database path with different value: /Users/jianghui/.stmcufinder/plugins/mcufinder/ => /Users/jianghui/.stmcufinder/plugins/mcufinder
2023-12-03 16:54:35,191 [WARN] DbFile:41 - Overriding database path with different value: /Users/jianghui/.stmcufinder/plugins/mcufinder/ => /Users/jianghui/.stmcufinder/plugins/mcufinder
2023-12-03 16:54:35,192 [INFO] CrossReferenceDbSqlite:203 - Set database path to: /Users/jianghui/.stmcufinder/plugins/mcufinder//mcu/cs/
2023-12-03 16:54:35,249 [INFO] MainPanel:262 - HeapMemory: 274726912
2023-12-03 16:54:35,302 [INFO] DbMcusXml:78 - Set database path to: /Applications/STM32CubeIDE.app/Contents/Eclipse/plugins/com.st.stm32cube.common.mx_6.9.2.202309101412//db//mcu/
2023-12-03 16:54:35,302 [INFO] ApiDb:274 - Set plugin database path to: /Applications/STM32CubeIDE.app/Contents/Eclipse/plugins/com.st.stm32cube.common.mx_6.9.2.202309101412//db//plugins/boardmanager/
2023-12-03 16:54:35,302 [INFO] ApiDb:261 - Set plugin images path to: /Applications/STM32CubeIDE.app/Contents/Eclipse/plugins/com.st.stm32cube.common.mx_6.9.2.202309101412//db//plugins/mcufinder/images/
2023-12-03 16:54:35,302 [WARN] DbFile:41 - Overriding database path with different value: /Users/jianghui/.stmcufinder/plugins/mcufinder/ => /Users/jianghui/.stmcufinder/plugins/mcufinder
2023-12-03 16:54:35,303 [INFO] ApiDb:250 - Set database path to: /Users/jianghui/.stmcufinder/plugins/mcufinder//mcu/
2023-12-03 16:54:35,303 [WARN] DbFile:41 - Overriding database path with different value: /Users/jianghui/.stmcufinder/plugins/mcufinder/ => /Users/jianghui/.stmcufinder/plugins/mcufinder
2023-12-03 16:54:35,303 [INFO] DbMcusAds:125 - Set database path to: /Users/jianghui/.stmcufinder/plugins/mcufinder//mcu/
2023-12-03 16:54:35,303 [WARN] DbFile:41 - Overriding database path with different value: /Users/jianghui/.stmcufinder/plugins/mcufinder/ => /Users/jianghui/.stmcufinder/plugins/mcufinder
2023-12-03 16:54:35,303 [WARN] DbFile:41 - Overriding database path with different value: /Users/jianghui/.stmcufinder/plugins/mcufinder/ => /Users/jianghui/.stmcufinder/plugins/mcufinder
2023-12-03 16:54:35,303 [INFO] CrossReferenceDbSqlite:203 - Set database path to: /Users/jianghui/.stmcufinder/plugins/mcufinder//mcu/cs/
2023-12-03 16:54:35,315 [INFO] ApplicationProperties:184 - Using Application install path: /Applications/STM32CubeIDE.app/Contents/Eclipse/plugins/com.st.stm32cube.common.mx_6.9.2.202309101412
2023-12-03 16:54:35,316 [INFO] PluginManage:196 - Search for loadable plugins [exclusion list=, ]
2023-12-03 16:54:35,317 [INFO] PluginManage:310 - Check plugin analytics
2023-12-03 16:54:35,464 [INFO] AnalyticsPlugin:253 - Accepted Software Licenses: 
2023-12-03 16:54:35,464 [INFO] AnalyticsPlugin:255 - Accepted CMSIS Pack Licenses: 
2023-12-03 16:54:35,464 [INFO] AnalyticsPlugin:257 - Accepted Firmware Licenses: FW.F4.1.27.0
2023-12-03 16:54:35,467 [INFO] PluginManage:359 - Loaded plugin analytics (category:tool,tabindex:-1)
2023-12-03 16:54:35,467 [INFO] PluginManage:310 - Check plugin cadmodel
2023-12-03 16:54:35,838 [INFO] CADModel:105 - Init CAD model plugin
2023-12-03 16:54:35,838 [INFO] PluginManage:359 - Loaded plugin cadmodel (category:power,tabindex:5)
2023-12-03 16:54:35,838 [INFO] PluginManage:310 - Check plugin clock
2023-12-03 16:54:35,847 [INFO] PluginManage:359 - Loaded plugin clock (category:base,tabindex:2)
2023-12-03 16:54:35,847 [INFO] PluginManage:310 - Check plugin ddr
2023-12-03 16:54:35,851 [INFO] PluginManage:359 - Loaded plugin ddr (category:tool,tabindex:6)
2023-12-03 16:54:35,851 [INFO] PluginManage:310 - Check plugin filemanager
2023-12-03 16:54:35,971 [INFO] PluginManage:359 - Loaded plugin filemanager (category:base,tabindex:10)
2023-12-03 16:54:35,972 [INFO] PluginManage:310 - Check plugin ipmanager
2023-12-03 16:54:35,978 [INFO] PluginManage:359 - Loaded plugin ipmanager (category:base,tabindex:5)
2023-12-03 16:54:35,978 [INFO] PluginManage:310 - Check plugin lpbam
2023-12-03 16:54:35,986 [INFO] PluginManage:359 - Loaded plugin lpbam (category:base,tabindex:0)
2023-12-03 16:54:35,987 [INFO] PluginManage:310 - Check plugin memorymap
2023-12-03 16:54:35,999 [INFO] PluginManage:359 - Loaded plugin memorymap (category:base,tabindex:4)
2023-12-03 16:54:35,999 [INFO] PluginManage:310 - Check plugin pinoutandconfiguration
2023-12-03 16:54:36,007 [INFO] PluginManage:359 - Loaded plugin pinoutandconfiguration (category:base,tabindex:1)
2023-12-03 16:54:36,007 [INFO] PluginManage:310 - Check plugin pinoutconfig
2023-12-03 16:54:36,095 [WARN] SupportedApi:132 - Cannot load RTOS API schema: s4s-elt-must-match.1: The content of 'definitions' must match (annotation?, (simpleType | complexType)?, (unique | key | keyref)*)). A problem was found starting at: attribute.
2023-12-03 16:54:36,210 [INFO] PluginManage:359 - Loaded plugin pinoutconfig (category:base,tabindex:0)
2023-12-03 16:54:36,210 [INFO] PluginManage:310 - Check plugin power
2023-12-03 16:54:36,219 [INFO] PluginManage:359 - Loaded plugin power (category:power,tabindex:4)
2023-12-03 16:54:36,219 [INFO] PluginManage:310 - Check plugin projectmanager
2023-12-03 16:54:36,231 [INFO] PluginManage:359 - Loaded plugin projectmanager (category:projectmanager,tabindex:3)
2023-12-03 16:54:36,231 [INFO] PluginManage:310 - Check plugin thirdparty
2023-12-03 16:54:36,334 [INFO] PluginManage:359 - Loaded plugin thirdparty (category:base,tabindex:-1)
2023-12-03 16:54:36,334 [INFO] PluginManage:310 - Check plugin tools
2023-12-03 16:54:36,334 [WARN] IntegrityCheckThread:84 - waiting for thirdparty lock release [integrity check]
2023-12-03 16:54:36,335 [INFO] IntegrityCheckThread:86 - entering critical section [integrity check]
2023-12-03 16:54:36,335 [INFO] ThirdPartyUpdaterWithRetryManager:70 - Updater plugin not ready yet. [1/15]
2023-12-03 16:54:36,336 [INFO] PluginManage:359 - Loaded plugin tools (category:base,tabindex:7)
2023-12-03 16:54:36,336 [INFO] PluginManage:310 - Check plugin tutovideos
2023-12-03 16:54:36,510 [INFO] PluginManage:359 - Loaded plugin tutovideos (category:base,tabindex:-1)
2023-12-03 16:54:36,510 [INFO] PluginManage:310 - Check plugin updater
2023-12-03 16:54:36,519 [INFO] PluginManage:359 - Loaded plugin updater (category:base,tabindex:12)
2023-12-03 16:54:36,519 [INFO] PluginManage:310 - Check plugin userauth
2023-12-03 16:54:36,523 [INFO] UserAuth:113 - Init User Auth plugin
2023-12-03 16:54:36,523 [INFO] PluginManage:359 - Loaded plugin userauth (category:base,tabindex:14)
2023-12-03 16:54:36,524 [INFO] PluginManage:283 - PluginManage : Loaded plugins [17]
2023-12-03 16:54:36,667 [INFO] PinOutPanel:1499 - setPackage(No Configuration,No Configuration)
2023-12-03 16:54:36,739 [INFO] CADModel:165 - CPN selected for project level
2023-12-03 16:54:36,739 [INFO] CADModel:114 - Register for checkConnection events
2023-12-03 16:54:36,750 [INFO] IPUIPlugin:80 - create IPUIPlugin
2023-12-03 16:54:36,750 [INFO] PluginManager:220 - loadIPPluginJar : add mdma
2023-12-03 16:54:36,757 [INFO] IPUIPlugin:80 - create IPUIPlugin
2023-12-03 16:54:36,757 [INFO] PluginManager:220 - loadIPPluginJar : add freertos
2023-12-03 16:54:36,762 [INFO] IPUIPlugin:80 - create IPUIPlugin
2023-12-03 16:54:36,762 [INFO] PluginManager:220 - loadIPPluginJar : add gic
2023-12-03 16:54:36,770 [INFO] IPUIPlugin:80 - create IPUIPlugin
2023-12-03 16:54:36,770 [INFO] PluginManager:220 - loadIPPluginJar : add adc
2023-12-03 16:54:36,772 [INFO] IPUIPlugin:80 - create IPUIPlugin
2023-12-03 16:54:36,772 [INFO] PluginManager:220 - loadIPPluginJar : add gtzc
2023-12-03 16:54:36,773 [INFO] IPUIPlugin:80 - create IPUIPlugin
2023-12-03 16:54:36,773 [INFO] PluginManager:220 - loadIPPluginJar : add quadspi
2023-12-03 16:54:36,775 [INFO] IPUIPlugin:80 - create IPUIPlugin
2023-12-03 16:54:36,775 [INFO] PluginManager:220 - loadIPPluginJar : add aes
2023-12-03 16:54:36,777 [INFO] IPUIPlugin:80 - create IPUIPlugin
2023-12-03 16:54:36,777 [INFO] PluginManager:220 - loadIPPluginJar : add pdm2pcm
2023-12-03 16:54:36,778 [INFO] IPUIPlugin:80 - create IPUIPlugin
2023-12-03 16:54:36,778 [INFO] PluginManager:220 - loadIPPluginJar : add hash
2023-12-03 16:54:36,779 [INFO] IPUIPlugin:80 - create IPUIPlugin
2023-12-03 16:54:36,779 [INFO] PluginManager:220 - loadIPPluginJar : add tim
2023-12-03 16:54:36,780 [INFO] IPUIPlugin:80 - create IPUIPlugin
2023-12-03 16:54:36,780 [INFO] PluginManager:220 - loadIPPluginJar : add tsc
2023-12-03 16:54:36,781 [INFO] IPUIPlugin:80 - create IPUIPlugin
2023-12-03 16:54:36,781 [INFO] PluginManager:220 - loadIPPluginJar : add ts
2023-12-03 16:54:36,783 [INFO] IPUIPlugin:80 - create IPUIPlugin
2023-12-03 16:54:36,784 [INFO] PluginManager:220 - loadIPPluginJar : add can
2023-12-03 16:54:36,785 [INFO] IPUIPlugin:80 - create IPUIPlugin
2023-12-03 16:54:36,785 [INFO] PluginManager:220 - loadIPPluginJar : add dma3
2023-12-03 16:54:36,787 [INFO] IPUIPlugin:80 - create IPUIPlugin
2023-12-03 16:54:36,787 [INFO] PluginManager:220 - loadIPPluginJar : add dfsdm
2023-12-03 16:54:36,789 [INFO] IPUIPlugin:80 - create IPUIPlugin
2023-12-03 16:54:36,789 [INFO] PluginManager:220 - loadIPPluginJar : add spi
2023-12-03 16:54:36,790 [INFO] IPUIPlugin:80 - create IPUIPlugin
2023-12-03 16:54:36,791 [INFO] PluginManager:220 - loadIPPluginJar : add gfxmmu
2023-12-03 16:54:36,791 [INFO] IPUIPlugin:80 - create IPUIPlugin
2023-12-03 16:54:36,791 [INFO] PluginManager:220 - loadIPPluginJar : add genericplugin
2023-12-03 16:54:36,793 [INFO] IPUIPlugin:80 - create IPUIPlugin
2023-12-03 16:54:36,793 [INFO] PluginManager:220 - loadIPPluginJar : add cryp
2023-12-03 16:54:36,796 [INFO] IPUIPlugin:80 - create IPUIPlugin
2023-12-03 16:54:36,796 [INFO] PluginManager:220 - loadIPPluginJar : add gpio
2023-12-03 16:54:36,797 [INFO] IPUIPlugin:80 - create IPUIPlugin
2023-12-03 16:54:36,797 [INFO] PluginManager:220 - loadIPPluginJar : add comp
2023-12-03 16:54:36,798 [INFO] IPUIPlugin:80 - create IPUIPlugin
2023-12-03 16:54:36,798 [INFO] PluginManager:220 - loadIPPluginJar : add tracer_emb
2023-12-03 16:54:36,801 [INFO] IPUIPlugin:80 - create IPUIPlugin
2023-12-03 16:54:36,801 [INFO] PluginManager:220 - loadIPPluginJar : add openamp
2023-12-03 16:54:36,805 [INFO] IPUIPlugin:80 - create IPUIPlugin
2023-12-03 16:54:36,805 [INFO] PluginManager:220 - loadIPPluginJar : add stm32_wpan
2023-12-03 16:54:36,810 [INFO] IPUIPlugin:80 - create IPUIPlugin
2023-12-03 16:54:36,812 [INFO] PluginManager:220 - loadIPPluginJar : add plateformsettings
2023-12-03 16:54:36,816 [INFO] IPUIPlugin:80 - create IPUIPlugin
2023-12-03 16:54:36,816 [INFO] PluginManager:220 - loadIPPluginJar : add ipddr
2023-12-03 16:54:36,819 [INFO] IPUIPlugin:80 - create IPUIPlugin
2023-12-03 16:54:36,819 [INFO] PluginManager:220 - loadIPPluginJar : add usart
2023-12-03 16:54:36,820 [INFO] IPUIPlugin:80 - create IPUIPlugin
2023-12-03 16:54:36,820 [INFO] PluginManager:220 - loadIPPluginJar : add ltdc
2023-12-03 16:54:36,823 [INFO] IPUIPlugin:80 - create IPUIPlugin
2023-12-03 16:54:36,823 [INFO] PluginManager:220 - loadIPPluginJar : add nvic
2023-12-03 16:54:36,824 [INFO] IPUIPlugin:80 - create IPUIPlugin
2023-12-03 16:54:36,824 [INFO] PluginManager:220 - loadIPPluginJar : add fatfs
2023-12-03 16:54:36,830 [INFO] IPUIPlugin:80 - create IPUIPlugin
2023-12-03 16:54:36,830 [INFO] PluginManager:220 - loadIPPluginJar : add linkedlist
2023-12-03 16:54:36,834 [INFO] IPUIPlugin:80 - create IPUIPlugin
2023-12-03 16:54:36,834 [INFO] PluginManager:220 - loadIPPluginJar : add dma
2023-12-03 16:54:36,837 [INFO] IPUIPlugin:80 - create IPUIPlugin
2023-12-03 16:54:36,837 [INFO] PluginManager:220 - loadIPPluginJar : add fmc
2023-12-03 16:54:36,839 [INFO] IPUIPlugin:80 - create IPUIPlugin
2023-12-03 16:54:36,839 [INFO] PluginManager:220 - loadIPPluginJar : add i2s
2023-12-03 16:54:36,840 [INFO] IPUIPlugin:80 - create IPUIPlugin
2023-12-03 16:54:36,840 [INFO] PluginManager:220 - loadIPPluginJar : add ucpd
2023-12-03 16:54:36,842 [INFO] IPUIPlugin:80 - create IPUIPlugin
2023-12-03 16:54:36,842 [INFO] PluginManager:220 - loadIPPluginJar : add lorawan
2023-12-03 16:54:36,843 [INFO] IPUIPlugin:80 - create IPUIPlugin
2023-12-03 16:54:36,843 [INFO] PluginManager:220 - loadIPPluginJar : add opamp
2023-12-03 16:54:36,845 [INFO] IPUIPlugin:80 - create IPUIPlugin
2023-12-03 16:54:36,845 [INFO] PluginManager:220 - loadIPPluginJar : add i3c
2023-12-03 16:54:36,847 [INFO] IPUIPlugin:80 - create IPUIPlugin
2023-12-03 16:54:36,847 [INFO] PluginManager:220 - loadIPPluginJar : add touchsensing
2023-12-03 16:54:36,848 [INFO] IPUIPlugin:80 - create IPUIPlugin
2023-12-03 16:54:36,849 [INFO] PluginManager:220 - loadIPPluginJar : add i2c
2023-12-03 16:54:36,852 [INFO] IPUIPlugin:80 - create IPUIPlugin
2023-12-03 16:54:36,852 [INFO] PluginManager:220 - loadIPPluginJar : add resmgrutility
2023-12-03 16:54:36,854 [INFO] IPUIPlugin:80 - create IPUIPlugin
2023-12-03 16:54:36,854 [INFO] PluginManager:220 - loadIPPluginJar : add sai
2023-12-03 16:54:36,856 [INFO] IPUIPlugin:80 - create IPUIPlugin
2023-12-03 16:54:36,856 [INFO] PluginManager:220 - loadIPPluginJar : add usbx
2023-12-03 16:54:36,949 [INFO] CADModel:165 - CPN selected for project level
2023-12-03 16:54:36,949 [INFO] CADModel:114 - Register for checkConnection events
2023-12-03 16:54:36,949 [FATAL] Updater:308 - Updater called before beeing initialized
2023-12-03 16:54:36,949 [ERROR] CADModel:125 - Updater not yet initialized, retry later 
2023-12-03 16:54:37,079 [INFO] CADModel:165 - CPN selected for project level
2023-12-03 16:54:37,079 [INFO] CADModel:114 - Register for checkConnection events
2023-12-03 16:54:37,079 [FATAL] Updater:308 - Updater called before beeing initialized
2023-12-03 16:54:37,079 [ERROR] CADModel:125 - Updater not yet initialized, retry later 
2023-12-03 16:54:37,082 [FATAL] Updater:308 - Updater called before beeing initialized
2023-12-03 16:54:37,148 [FATAL] Updater:308 - Updater called before beeing initialized
2023-12-03 16:54:37,153 [INFO] DbMcusAds:53 - JSON generation date=Tue Mar 07 09:50:55 CET 2023 (1678179055335)
2023-12-03 16:54:37,153 [FATAL] Updater:308 - Updater called before beeing initialized
2023-12-03 16:54:37,202 [WARN] DetailPanel:346 - Failed to get advertising image, set to default
2023-12-03 16:54:37,271 [FATAL] Updater:308 - Updater called before beeing initialized
2023-12-03 16:54:37,272 [FATAL] Updater:308 - Updater called before beeing initialized
2023-12-03 16:54:37,273 [FATAL] Updater:308 - Updater called before beeing initialized
2023-12-03 16:54:37,273 [WARN] DetailPanel:346 - Failed to get advertising image, set to default
2023-12-03 16:54:37,274 [FATAL] Updater:308 - Updater called before beeing initialized
2023-12-03 16:54:37,297 [ERROR] Updater:1120 - MainUpdater not yet initialized. External WinMGr cannot be set.
2023-12-03 16:54:37,317 [INFO] Updater:1056 - Updater Version found : 6.9.2
2023-12-03 16:54:37,331 [INFO] ApplicationProperties:184 - Using Application install path: /Applications/STM32CubeIDE.app/Contents/Eclipse/plugins/com.st.stm32cube.common.mx_6.9.2.202309101412
2023-12-03 16:54:37,476 [INFO] MainUpdater:2868 - connection check result : 10
2023-12-03 16:54:37,477 [INFO] MainUpdater:285 - Updater Check For Update Now.
2023-12-03 16:54:37,477 [INFO] MicroXplorer:498 - Change Database Version : DB.6.0.92
2023-12-03 16:54:37,481 [INFO] McuFinderGlobals:63 - Set McuFinder mode to 2 (CubeIDE integrated)
2023-12-03 16:54:37,482 [INFO] UserAuth:179 - activating auth plugin
2023-12-03 16:54:37,484 [INFO] UserAuth:393 - Internet connection configuration mode: 1
2023-12-03 16:54:37,496 [INFO] JxBrowserEngine:151 - Initiate JxBrowser Engine with user profile folder
2023-12-03 16:54:37,653 [INFO] CheckServerUpdateThread:120 - End of CheckServer Thread
2023-12-03 16:54:38,299 [INFO] WebApp:157 - Instantiating new browser for Auth
2023-12-03 16:54:38,778 [INFO] WebApp:753 - Register for checkConnection events
2023-12-03 16:54:38,791 [INFO] WebApp:390 - Apply proxy settings
2023-12-03 16:54:38,830 [INFO] WebApp:455 - Chromium authenticates against System proxy
2023-12-03 16:54:39,040 [INFO] WebApp:188 - Starting web application
2023-12-03 16:54:39,070 [INFO] WebApp:520 - Web application path used /Applications/STM32CubeIDE.app/Contents/Eclipse/plugins/com.st.stm32cube.common.mx_6.9.2.202309101412/db/plugins/mcufinder/reactClient1/index.html
2023-12-03 16:54:39,453 [WARN] PackLoader:240 - Cannot read IP mode file for STMicroelectronics.X-CUBE-SMBUS.2.1.0
2023-12-03 16:54:39,486 [WARN] PackLoader:240 - Cannot read IP mode file for STMicroelectronics.X-CUBE-AZRTOS-F7.1.1.0
2023-12-03 16:54:39,500 [WARN] PackLoader:240 - Cannot read IP mode file for STMicroelectronics.FP-SNS-MOTENV1.4.3.2
2023-12-03 16:54:39,508 [WARN] PackLoader:240 - Cannot read IP mode file for STMicroelectronics.FP-SNS-FLIGHT1.5.0.2
2023-12-03 16:54:39,518 [WARN] PackLoader:240 - Cannot read IP mode file for STMicroelectronics.X-CUBE-DISPLAY.3.0.0
2023-12-03 16:54:39,533 [WARN] PackLoader:240 - Cannot read IP mode file for STMicroelectronics.X-CUBE-BLE1.7.0.0
2023-12-03 16:54:39,539 [WARN] PackLoader:240 - Cannot read IP mode file for emotas.I-CUBE-CANOPEN.1.3.0
2023-12-03 16:54:39,544 [WARN] PackLoader:240 - Cannot read IP mode file for STMicroelectronics.X-CUBE-TOUCHGFX.4.22.0
2023-12-03 16:54:39,547 [WARN] PackLoader:240 - Cannot read IP mode file for STMicroelectronics.X-CUBE-TOUCHGFX.4.22.1
2023-12-03 16:54:39,553 [WARN] PackLoader:240 - Cannot read IP mode file for STMicroelectronics.FP-SNS-SMARTAG2.1.2.0
2023-12-03 16:54:39,569 [INFO] LogOutputStream:77 - [STDOUT_REDIRECT] 1 : Invalid condition id : UX_CORESTACK_Condition cause : null
2023-12-03 16:54:39,570 [INFO] LogOutputStream:77 - [STDOUT_REDIRECT] 1 : Invalid condition id : UX_CORESTACK_Condition cause : null
2023-12-03 16:54:39,570 [INFO] LogOutputStream:77 - [STDOUT_REDIRECT] 1 : Invalid condition id : UX_CORESTACK_Condition cause : null
2023-12-03 16:54:39,570 [INFO] LogOutputStream:77 - [STDOUT_REDIRECT] 1 : Invalid condition id : UX_CORESTACK_Condition cause : null
2023-12-03 16:54:39,570 [INFO] LogOutputStream:77 - [STDOUT_REDIRECT] 1 : Invalid condition id : UX_CORESTACK_Condition cause : null
2023-12-03 16:54:39,579 [WARN] PackLoader:240 - Cannot read IP mode file for STMicroelectronics.X-CUBE-AZRTOS-WL.2.0.0
2023-12-03 16:54:39,589 [WARN] PackLoader:240 - Cannot read IP mode file for WES.I-CUBE-Cesium.1.3.0
2023-12-03 16:54:39,596 [WARN] PackLoader:240 - Cannot read IP mode file for STMicroelectronics.X-CUBE-BLE2.3.3.0
2023-12-03 16:54:39,605 [WARN] PackLoader:240 - Cannot read IP mode file for STMicroelectronics.X-CUBE-ALGOBUILD.1.3.0
2023-12-03 16:54:39,631 [WARN] PackLoader:240 - Cannot read IP mode file for STMicroelectronics.X-CUBE-AZRTOS-G0.1.1.0
2023-12-03 16:54:39,638 [WARN] PackLoader:240 - Cannot read IP mode file for STMicroelectronics.X-CUBE-NFC4.3.0.0
2023-12-03 16:54:39,657 [WARN] PackLoader:240 - Cannot read IP mode file for STMicroelectronics.X-CUBE-BLEMGR.3.0.0
2023-12-03 16:54:39,669 [WARN] PackLoader:240 - Cannot read IP mode file for STMicroelectronics.FP-ATR-SIGFOX1.3.2.0
2023-12-03 16:54:39,711 [WARN] PackLoader:240 - Cannot read IP mode file for SEGGER.I-CUBE-embOS.1.3.1
2023-12-03 16:54:39,751 [WARN] PackLoader:240 - Cannot read IP mode file for STMicroelectronics.X-CUBE-GNSS1.6.0.0
2023-12-03 16:54:39,769 [WARN] PackLoader:240 - Cannot read IP mode file for STMicroelectronics.X-CUBE-AZRTOS-F4.1.1.0
2023-12-03 16:54:39,776 [WARN] PackLoader:240 - Cannot read IP mode file for wolfSSL.I-CUBE-wolfSSL.5.6.3
2023-12-03 16:54:39,796 [WARN] PackLoader:240 - Cannot read IP mode file for STMicroelectronics.X-CUBE-AZRTOS-L5.2.0.0
2023-12-03 16:54:39,849 [WARN] PackLoader:240 - Cannot read IP mode file for STMicroelectronics.X-CUBE-MEMS1.9.6.0
2023-12-03 16:54:40,097 [WARN] PackLoader:240 - Cannot read IP mode file for STMicroelectronics.X-CUBE-EEPRMA1.4.2.0
2023-12-03 16:54:40,112 [WARN] PackLoader:240 - Cannot read IP mode file for ITTIA_DB.I-CUBE-ITTIADB.8.8.0
2023-12-03 16:54:40,121 [WARN] PackLoader:240 - Cannot read IP mode file for STMicroelectronics.X-CUBE-BLEMGR.2.0.0
2023-12-03 16:54:40,139 [WARN] ConditionMgr:438 - getConditionDescription Invalid condition id : UX DEVICE CLASS RTOS Condition cause : null
2023-12-03 16:54:40,140 [WARN] ConditionMgr:438 - getConditionDescription Invalid condition id : UX DEVICE CLASS RTOS Condition cause : null
2023-12-03 16:54:40,144 [WARN] PackLoader:240 - Cannot read IP mode file for STMicroelectronics.X-CUBE-AZRTOS-H7.3.1.0
2023-12-03 16:54:40,146 [WARN] ConditionMgr:1039 - genDependencies : Invalid condition id : UX DEVICE CLASS RTOS Condition cause : null
2023-12-03 16:54:40,146 [WARN] ConditionMgr:1039 - genDependencies : Invalid condition id : UX DEVICE CLASS RTOS Condition cause : null
2023-12-03 16:54:40,147 [WARN] ConditionMgr:1039 - genDependencies : Invalid condition id : UX DEVICE CLASS RTOS Condition cause : null
2023-12-03 16:54:40,147 [WARN] ConditionMgr:1039 - genDependencies : Invalid condition id : UX DEVICE CLASS RTOS Condition cause : null
2023-12-03 16:54:40,147 [WARN] ConditionMgr:1039 - genDependencies : Invalid condition id : UX DEVICE CLASS RTOS Condition cause : null
2023-12-03 16:54:40,154 [WARN] PackLoader:240 - Cannot read IP mode file for STMicroelectronics.X-CUBE-NFC7.1.0.1
2023-12-03 16:54:40,164 [WARN] PackLoader:240 - Cannot read IP mode file for STMicroelectronics.X-CUBE-NFC6.3.0.0
2023-12-03 16:54:40,173 [WARN] PackLoader:240 - Cannot read IP mode file for STMicroelectronics.X-CUBE-EEPRMA1.4.1.0
2023-12-03 16:54:40,178 [WARN] PackLoader:240 - Cannot read IP mode file for STMicroelectronics.X-CUBE-AI.8.1.0
2023-12-03 16:54:40,197 [WARN] ConditionMgr:438 - getConditionDescription Invalid condition id : LAN8742 Phy interface Condition cause : null
2023-12-03 16:54:40,198 [WARN] PackLoader:240 - Cannot read IP mode file for STMicroelectronics.X-CUBE-AZRTOS-L4.2.0.0
2023-12-03 16:54:40,199 [WARN] ConditionMgr:1039 - genDependencies : Invalid condition id : LAN8742 Phy interface Condition cause : null
2023-12-03 16:54:40,199 [WARN] ConditionMgr:1039 - genDependencies : Invalid condition id : LAN8742 Phy interface Condition cause : null
2023-12-03 16:54:40,200 [WARN] ConditionMgr:1039 - genDependencies : Invalid condition id : LAN8742 Phy interface Condition cause : null
2023-12-03 16:54:40,207 [WARN] PackLoader:240 - Cannot read IP mode file for STMicroelectronics.X-CUBE-SFXS2LP1.4.0.0
2023-12-03 16:54:40,213 [WARN] PackLoader:240 - Cannot read IP mode file for STMicroelectronics.X-CUBE-ISPU.1.1.0
2023-12-03 16:54:40,226 [WARN] ConditionMgr:438 - getConditionDescription Invalid condition id : UX DEVICE CLASS RTOS Condition cause : null
2023-12-03 16:54:40,226 [WARN] ConditionMgr:438 - getConditionDescription Invalid condition id : UX DEVICE CLASS RTOS Condition cause : null
2023-12-03 16:54:40,229 [WARN] PackLoader:240 - Cannot read IP mode file for STMicroelectronics.X-CUBE-AZRTOS-WB.2.0.0
2023-12-03 16:54:40,230 [WARN] ConditionMgr:1039 - genDependencies : Invalid condition id : UX DEVICE CLASS RTOS Condition cause : null
2023-12-03 16:54:40,230 [WARN] ConditionMgr:1039 - genDependencies : Invalid condition id : UX DEVICE CLASS RTOS Condition cause : null
2023-12-03 16:54:40,231 [WARN] ConditionMgr:1039 - genDependencies : Invalid condition id : UX DEVICE CLASS RTOS Condition cause : null
2023-12-03 16:54:40,231 [WARN] ConditionMgr:1039 - genDependencies : Invalid condition id : UX DEVICE CLASS RTOS Condition cause : null
2023-12-03 16:54:40,231 [WARN] ConditionMgr:1039 - genDependencies : Invalid condition id : UX DEVICE CLASS RTOS Condition cause : null
2023-12-03 16:54:40,242 [WARN] PackLoader:240 - Cannot read IP mode file for STMicroelectronics.X-CUBE-SUBG2.5.0.0
2023-12-03 16:54:40,255 [WARN] PackLoader:240 - Cannot read IP mode file for STMicroelectronics.X-CUBE-TOF1.3.3.1
2023-12-03 16:54:40,277 [WARN] PackLoader:240 - Cannot read IP mode file for STMicroelectronics.X-CUBE-AZRTOS-G4.2.0.0
2023-12-03 16:54:40,293 [WARN] PackLoader:240 - Cannot read IP mode file for Infineon.AIROC-Wi-Fi-Bluetooth-STM32.1.5.1
2023-12-03 16:54:40,299 [WARN] PackLoader:240 - Cannot read IP mode file for STMicroelectronics.FP-SNS-MOTENVWB1.1.3.0
2023-12-03 16:54:40,304 [WARN] PackLoader:240 - Cannot read IP mode file for STMicroelectronics.FP-SNS-MOTENVWB1.1.3.1
2023-12-03 16:54:40,348 [WARN] PackLoader:240 - Cannot read IP mode file for STMicroelectronics.X-CUBE-MEMS1.10.0.0
2023-12-03 16:54:40,491 [WARN] PackLoader:240 - Cannot read IP mode file for STMicroelectronics.X-CUBE-FREERTOS.1.1.0
2023-12-03 16:54:40,497 [WARN] PackLoader:240 - Cannot read IP mode file for portGmbH.I-Cube-SoM-uGOAL.1.1.0
2023-12-03 16:54:40,501 [WARN] PackLoader:240 - Cannot read IP mode file for STMicroelectronics.X-CUBE-ALS.1.0.1
2023-12-03 16:54:40,506 [WARN] PackLoader:240 - Cannot read IP mode file for STMicroelectronics.FP-ATR-ASTRA1.2.0.0
2023-12-03 16:54:40,518 [WARN] PackLoader:240 - Cannot read IP mode file for STMicroelectronics.X-CUBE-TOF1.3.4.0
2023-12-03 16:54:40,528 [INFO] ThirdParty:978 - Integrity check success = true
2023-12-03 16:54:40,528 [INFO] IntegrityCheckThread:100 - exiting critical section [integrity check]
2023-12-03 16:54:40,529 [INFO] IntegrityCheckThread:103 - End integrity checks thread
2023-12-03 16:54:59,609 [ERROR] LogOutputStream:75 - [STDERR_REDIRECT] SLF4J: Failed to load class "org.slf4j.impl.StaticLoggerBinder".
2023-12-03 16:54:59,610 [ERROR] LogOutputStream:75 - [STDERR_REDIRECT] SLF4J: Defaulting to no-operation (NOP) logger implementation
2023-12-03 16:54:59,610 [ERROR] LogOutputStream:75 - [STDERR_REDIRECT] SLF4J: See http://www.slf4j.org/codes.html#StaticLoggerBinder for further details.
2023-12-03 16:55:45,554 [ERROR] LogOutputStream:75 - [STDERR_REDIRECT] 
2023-12-03 16:55:53,350 [INFO] Activator:176 - 


2023-12-03 16:55:53,352 [INFO] Activator:177 - !SESSION log4j initialized
2023-12-03 16:55:54,199 [ERROR] LogOutputStream:75 - [STDERR_REDIRECT] 
2023-12-03 16:55:57,321 [INFO] LogOutputStream:77 - [STDOUT_REDIRECT] 
2023-12-03 16:55:57,546 [ERROR] LogOutputStream:75 - [STDERR_REDIRECT] java.net.URISyntaxException: Illegal character in path at index 47: file:/Users/jianghui/Documents/GitHub/ss_hw/H04 A/A2/.metadata/.log4j2.xml
2023-12-03 16:55:57,547 [ERROR] LogOutputStream:75 - [STDERR_REDIRECT] 	at java.base/java.net.URI$Parser.fail(URI.java:2974)
2023-12-03 16:55:57,547 [ERROR] LogOutputStream:75 - [STDERR_REDIRECT] 	at java.base/java.net.URI$Parser.checkChars(URI.java:3145)
2023-12-03 16:55:57,547 [ERROR] LogOutputStream:75 - [STDERR_REDIRECT] 	at java.base/java.net.URI$Parser.parseHierarchical(URI.java:3227)
2023-12-03 16:55:57,548 [ERROR] LogOutputStream:75 - [STDERR_REDIRECT] 	at java.base/java.net.URI$Parser.parse(URI.java:3175)
2023-12-03 16:55:57,548 [ERROR] LogOutputStream:75 - [STDERR_REDIRECT] 	at java.base/java.net.URI.<init>(URI.java:623)
2023-12-03 16:55:57,548 [ERROR] LogOutputStream:75 - [STDERR_REDIRECT] 	at java.base/java.net.URL.toURI(URL.java:1056)
2023-12-03 16:55:57,549 [ERROR] LogOutputStream:75 - [STDERR_REDIRECT] 	at com.st.stm32cube.common.mx.core.CubeMxInstance.getInstance(CubeMxInstance.java:81)
2023-12-03 16:55:57,549 [ERROR] LogOutputStream:75 - [STDERR_REDIRECT] 	at com.st.stm32cube.common.mx.userauth.UserAuthAdapter.<init>(UserAuthAdapter.java:18)
2023-12-03 16:55:57,550 [ERROR] LogOutputStream:75 - [STDERR_REDIRECT] 	at com.st.stm32cube.common.mx.userauth.UserAuthProvider.getUserAuthAdapter(UserAuthProvider.java:9)
2023-12-03 16:55:57,550 [ERROR] LogOutputStream:75 - [STDERR_REDIRECT] 	at com.st.stm32cube.common.ecosystemintegration.ui.core.MCUEcoSystemIntegrationUiHelper.getUserAuth(MCUEcoSystemIntegrationUiHelper.java:100)
2023-12-03 16:55:57,550 [ERROR] LogOutputStream:75 - [STDERR_REDIRECT] 	at com.st.stm32cube.ide.mcu.userauth.UserAuthStartup.earlyStartup(UserAuthStartup.java:41)
2023-12-03 16:55:57,551 [ERROR] LogOutputStream:75 - [STDERR_REDIRECT] 	at org.eclipse.ui.internal.EarlyStartupRunnable.runEarlyStartup(EarlyStartupRunnable.java:79)
2023-12-03 16:55:57,551 [ERROR] LogOutputStream:75 - [STDERR_REDIRECT] 	at org.eclipse.ui.internal.EarlyStartupRunnable.run(EarlyStartupRunnable.java:55)
2023-12-03 16:55:57,551 [ERROR] LogOutputStream:75 - [STDERR_REDIRECT] 	at org.eclipse.core.runtime.SafeRunner.run(SafeRunner.java:45)
2023-12-03 16:55:57,552 [ERROR] LogOutputStream:75 - [STDERR_REDIRECT] 	at org.eclipse.ui.internal.Workbench$39.run(Workbench.java:2656)
2023-12-03 16:55:57,552 [ERROR] LogOutputStream:75 - [STDERR_REDIRECT] 	at org.eclipse.core.internal.jobs.Worker.run(Worker.java:63)
2023-12-03 16:55:58,682 [INFO] ApplicationProperties:184 - Using Application install path: /Applications/STM32CubeIDE.app/Contents/Eclipse/plugins/com.st.stm32cube.common.mx_6.9.2.202309101412
2023-12-03 16:55:58,696 [INFO] DbMcusXml:78 - Set database path to: /Applications/STM32CubeIDE.app/Contents/Eclipse/plugins/com.st.stm32cube.common.mx_6.9.2.202309101412//db//mcu/
2023-12-03 16:55:58,696 [INFO] ApiDb:274 - Set plugin database path to: /Applications/STM32CubeIDE.app/Contents/Eclipse/plugins/com.st.stm32cube.common.mx_6.9.2.202309101412//db//plugins/boardmanager/
2023-12-03 16:55:58,697 [WARN] ApiDb:259 - Overriding images path with different value:  => /Applications/STM32CubeIDE.app/Contents/Eclipse/plugins/com.st.stm32cube.common.mx_6.9.2.202309101412//db//plugins/mcufinder/images/
2023-12-03 16:55:58,703 [INFO] ApiDb:250 - Set database path to: /Users/jianghui/.stmcufinder/plugins/mcufinder//mcu/
2023-12-03 16:55:58,705 [INFO] DbMcusAds:125 - Set database path to: /Users/jianghui/.stmcufinder/plugins/mcufinder//mcu/
2023-12-03 16:55:58,707 [INFO] CrossReferenceDbSqlite:203 - Set database path to: /Users/jianghui/.stmcufinder/plugins/mcufinder//mcu/cs/
2023-12-03 16:55:58,796 [INFO] RulesReader:64 - Compatibility file has been processed (293 Rules)
2023-12-03 16:55:58,854 [INFO] DbMcusXml:78 - Set database path to: /Applications/STM32CubeIDE.app/Contents/Eclipse/plugins/com.st.stm32cube.common.mx_6.9.2.202309101412//db//mcu/
2023-12-03 16:55:58,854 [INFO] ApiDb:274 - Set plugin database path to: /Applications/STM32CubeIDE.app/Contents/Eclipse/plugins/com.st.stm32cube.common.mx_6.9.2.202309101412//db//plugins/boardmanager/
2023-12-03 16:55:58,854 [INFO] ApiDb:261 - Set plugin images path to: /Applications/STM32CubeIDE.app/Contents/Eclipse/plugins/com.st.stm32cube.common.mx_6.9.2.202309101412//db//plugins/mcufinder/images/
2023-12-03 16:55:58,854 [WARN] DbFile:41 - Overriding database path with different value: /Users/jianghui/.stmcufinder/plugins/mcufinder/ => /Users/jianghui/.stmcufinder/plugins/mcufinder
2023-12-03 16:55:58,854 [INFO] ApiDb:250 - Set database path to: /Users/jianghui/.stmcufinder/plugins/mcufinder//mcu/
2023-12-03 16:55:58,855 [WARN] DbFile:41 - Overriding database path with different value: /Users/jianghui/.stmcufinder/plugins/mcufinder/ => /Users/jianghui/.stmcufinder/plugins/mcufinder
2023-12-03 16:55:58,855 [INFO] DbMcusAds:125 - Set database path to: /Users/jianghui/.stmcufinder/plugins/mcufinder//mcu/
2023-12-03 16:55:58,855 [WARN] DbFile:41 - Overriding database path with different value: /Users/jianghui/.stmcufinder/plugins/mcufinder/ => /Users/jianghui/.stmcufinder/plugins/mcufinder
2023-12-03 16:55:58,855 [WARN] DbFile:41 - Overriding database path with different value: /Users/jianghui/.stmcufinder/plugins/mcufinder/ => /Users/jianghui/.stmcufinder/plugins/mcufinder
2023-12-03 16:55:58,855 [INFO] CrossReferenceDbSqlite:203 - Set database path to: /Users/jianghui/.stmcufinder/plugins/mcufinder//mcu/cs/
2023-12-03 16:55:58,910 [INFO] MainPanel:262 - HeapMemory: 268435456
2023-12-03 16:55:58,984 [INFO] DbMcusXml:78 - Set database path to: /Applications/STM32CubeIDE.app/Contents/Eclipse/plugins/com.st.stm32cube.common.mx_6.9.2.202309101412//db//mcu/
2023-12-03 16:55:58,984 [INFO] ApiDb:274 - Set plugin database path to: /Applications/STM32CubeIDE.app/Contents/Eclipse/plugins/com.st.stm32cube.common.mx_6.9.2.202309101412//db//plugins/boardmanager/
2023-12-03 16:55:58,984 [INFO] ApiDb:261 - Set plugin images path to: /Applications/STM32CubeIDE.app/Contents/Eclipse/plugins/com.st.stm32cube.common.mx_6.9.2.202309101412//db//plugins/mcufinder/images/
2023-12-03 16:55:58,984 [WARN] DbFile:41 - Overriding database path with different value: /Users/jianghui/.stmcufinder/plugins/mcufinder/ => /Users/jianghui/.stmcufinder/plugins/mcufinder
2023-12-03 16:55:58,985 [INFO] ApiDb:250 - Set database path to: /Users/jianghui/.stmcufinder/plugins/mcufinder//mcu/
2023-12-03 16:55:58,985 [WARN] DbFile:41 - Overriding database path with different value: /Users/jianghui/.stmcufinder/plugins/mcufinder/ => /Users/jianghui/.stmcufinder/plugins/mcufinder
2023-12-03 16:55:58,985 [INFO] DbMcusAds:125 - Set database path to: /Users/jianghui/.stmcufinder/plugins/mcufinder//mcu/
2023-12-03 16:55:58,985 [WARN] DbFile:41 - Overriding database path with different value: /Users/jianghui/.stmcufinder/plugins/mcufinder/ => /Users/jianghui/.stmcufinder/plugins/mcufinder
2023-12-03 16:55:58,985 [WARN] DbFile:41 - Overriding database path with different value: /Users/jianghui/.stmcufinder/plugins/mcufinder/ => /Users/jianghui/.stmcufinder/plugins/mcufinder
2023-12-03 16:55:58,985 [INFO] CrossReferenceDbSqlite:203 - Set database path to: /Users/jianghui/.stmcufinder/plugins/mcufinder//mcu/cs/
2023-12-03 16:55:58,998 [INFO] ApplicationProperties:184 - Using Application install path: /Applications/STM32CubeIDE.app/Contents/Eclipse/plugins/com.st.stm32cube.common.mx_6.9.2.202309101412
2023-12-03 16:55:58,999 [INFO] PluginManage:196 - Search for loadable plugins [exclusion list=, ]
2023-12-03 16:55:59,000 [INFO] PluginManage:310 - Check plugin analytics
2023-12-03 16:55:59,140 [INFO] AnalyticsPlugin:253 - Accepted Software Licenses: 
2023-12-03 16:55:59,140 [INFO] AnalyticsPlugin:255 - Accepted CMSIS Pack Licenses: 
2023-12-03 16:55:59,140 [INFO] AnalyticsPlugin:257 - Accepted Firmware Licenses: FW.F4.1.27.0
2023-12-03 16:55:59,142 [INFO] PluginManage:359 - Loaded plugin analytics (category:tool,tabindex:-1)
2023-12-03 16:55:59,143 [INFO] PluginManage:310 - Check plugin cadmodel
2023-12-03 16:55:59,426 [INFO] CADModel:105 - Init CAD model plugin
2023-12-03 16:55:59,426 [INFO] PluginManage:359 - Loaded plugin cadmodel (category:power,tabindex:5)
2023-12-03 16:55:59,426 [INFO] PluginManage:310 - Check plugin clock
2023-12-03 16:55:59,435 [INFO] PluginManage:359 - Loaded plugin clock (category:base,tabindex:2)
2023-12-03 16:55:59,435 [INFO] PluginManage:310 - Check plugin ddr
2023-12-03 16:55:59,438 [INFO] PluginManage:359 - Loaded plugin ddr (category:tool,tabindex:6)
2023-12-03 16:55:59,438 [INFO] PluginManage:310 - Check plugin filemanager
2023-12-03 16:55:59,541 [INFO] PluginManage:359 - Loaded plugin filemanager (category:base,tabindex:10)
2023-12-03 16:55:59,541 [INFO] PluginManage:310 - Check plugin ipmanager
2023-12-03 16:55:59,547 [INFO] PluginManage:359 - Loaded plugin ipmanager (category:base,tabindex:5)
2023-12-03 16:55:59,547 [INFO] PluginManage:310 - Check plugin lpbam
2023-12-03 16:55:59,555 [INFO] PluginManage:359 - Loaded plugin lpbam (category:base,tabindex:0)
2023-12-03 16:55:59,555 [INFO] PluginManage:310 - Check plugin memorymap
2023-12-03 16:55:59,565 [INFO] PluginManage:359 - Loaded plugin memorymap (category:base,tabindex:4)
2023-12-03 16:55:59,566 [INFO] PluginManage:310 - Check plugin pinoutandconfiguration
2023-12-03 16:55:59,571 [INFO] PluginManage:359 - Loaded plugin pinoutandconfiguration (category:base,tabindex:1)
2023-12-03 16:55:59,571 [INFO] PluginManage:310 - Check plugin pinoutconfig
2023-12-03 16:55:59,640 [WARN] SupportedApi:132 - Cannot load RTOS API schema: s4s-elt-must-match.1: The content of 'definitions' must match (annotation?, (simpleType | complexType)?, (unique | key | keyref)*)). A problem was found starting at: attribute.
2023-12-03 16:55:59,742 [INFO] PluginManage:359 - Loaded plugin pinoutconfig (category:base,tabindex:0)
2023-12-03 16:55:59,742 [INFO] PluginManage:310 - Check plugin power
2023-12-03 16:55:59,751 [INFO] PluginManage:359 - Loaded plugin power (category:power,tabindex:4)
2023-12-03 16:55:59,751 [INFO] PluginManage:310 - Check plugin projectmanager
2023-12-03 16:55:59,764 [INFO] PluginManage:359 - Loaded plugin projectmanager (category:projectmanager,tabindex:3)
2023-12-03 16:55:59,764 [INFO] PluginManage:310 - Check plugin thirdparty
2023-12-03 16:55:59,864 [INFO] PluginManage:359 - Loaded plugin thirdparty (category:base,tabindex:-1)
2023-12-03 16:55:59,864 [WARN] IntegrityCheckThread:84 - waiting for thirdparty lock release [integrity check]
2023-12-03 16:55:59,865 [INFO] IntegrityCheckThread:86 - entering critical section [integrity check]
2023-12-03 16:55:59,865 [INFO] PluginManage:310 - Check plugin tools
2023-12-03 16:55:59,865 [INFO] ThirdPartyUpdaterWithRetryManager:70 - Updater plugin not ready yet. [1/15]
2023-12-03 16:55:59,867 [INFO] PluginManage:359 - Loaded plugin tools (category:base,tabindex:7)
2023-12-03 16:55:59,867 [INFO] PluginManage:310 - Check plugin tutovideos
2023-12-03 16:56:00,021 [INFO] PluginManage:359 - Loaded plugin tutovideos (category:base,tabindex:-1)
2023-12-03 16:56:00,021 [INFO] PluginManage:310 - Check plugin updater
2023-12-03 16:56:00,029 [INFO] PluginManage:359 - Loaded plugin updater (category:base,tabindex:12)
2023-12-03 16:56:00,029 [INFO] PluginManage:310 - Check plugin userauth
2023-12-03 16:56:00,033 [INFO] UserAuth:113 - Init User Auth plugin
2023-12-03 16:56:00,033 [INFO] PluginManage:359 - Loaded plugin userauth (category:base,tabindex:14)
2023-12-03 16:56:00,033 [INFO] PluginManage:283 - PluginManage : Loaded plugins [17]
2023-12-03 16:56:00,168 [INFO] PinOutPanel:1499 - setPackage(No Configuration,No Configuration)
2023-12-03 16:56:00,238 [INFO] CADModel:165 - CPN selected for project level
2023-12-03 16:56:00,238 [INFO] CADModel:114 - Register for checkConnection events
2023-12-03 16:56:00,249 [INFO] IPUIPlugin:80 - create IPUIPlugin
2023-12-03 16:56:00,250 [INFO] PluginManager:220 - loadIPPluginJar : add mdma
2023-12-03 16:56:00,256 [INFO] IPUIPlugin:80 - create IPUIPlugin
2023-12-03 16:56:00,256 [INFO] PluginManager:220 - loadIPPluginJar : add freertos
2023-12-03 16:56:00,260 [INFO] IPUIPlugin:80 - create IPUIPlugin
2023-12-03 16:56:00,261 [INFO] PluginManager:220 - loadIPPluginJar : add gic
2023-12-03 16:56:00,268 [INFO] IPUIPlugin:80 - create IPUIPlugin
2023-12-03 16:56:00,268 [INFO] PluginManager:220 - loadIPPluginJar : add adc
2023-12-03 16:56:00,270 [INFO] IPUIPlugin:80 - create IPUIPlugin
2023-12-03 16:56:00,270 [INFO] PluginManager:220 - loadIPPluginJar : add gtzc
2023-12-03 16:56:00,271 [INFO] IPUIPlugin:80 - create IPUIPlugin
2023-12-03 16:56:00,271 [INFO] PluginManager:220 - loadIPPluginJar : add quadspi
2023-12-03 16:56:00,272 [INFO] IPUIPlugin:80 - create IPUIPlugin
2023-12-03 16:56:00,272 [INFO] PluginManager:220 - loadIPPluginJar : add aes
2023-12-03 16:56:00,274 [INFO] IPUIPlugin:80 - create IPUIPlugin
2023-12-03 16:56:00,274 [INFO] PluginManager:220 - loadIPPluginJar : add pdm2pcm
2023-12-03 16:56:00,275 [INFO] IPUIPlugin:80 - create IPUIPlugin
2023-12-03 16:56:00,275 [INFO] PluginManager:220 - loadIPPluginJar : add hash
2023-12-03 16:56:00,276 [INFO] IPUIPlugin:80 - create IPUIPlugin
2023-12-03 16:56:00,276 [INFO] PluginManager:220 - loadIPPluginJar : add tim
2023-12-03 16:56:00,277 [INFO] IPUIPlugin:80 - create IPUIPlugin
2023-12-03 16:56:00,277 [INFO] PluginManager:220 - loadIPPluginJar : add tsc
2023-12-03 16:56:00,278 [INFO] IPUIPlugin:80 - create IPUIPlugin
2023-12-03 16:56:00,278 [INFO] PluginManager:220 - loadIPPluginJar : add ts
2023-12-03 16:56:00,279 [INFO] IPUIPlugin:80 - create IPUIPlugin
2023-12-03 16:56:00,280 [INFO] PluginManager:220 - loadIPPluginJar : add can
2023-12-03 16:56:00,281 [INFO] IPUIPlugin:80 - create IPUIPlugin
2023-12-03 16:56:00,281 [INFO] PluginManager:220 - loadIPPluginJar : add dma3
2023-12-03 16:56:00,282 [INFO] IPUIPlugin:80 - create IPUIPlugin
2023-12-03 16:56:00,282 [INFO] PluginManager:220 - loadIPPluginJar : add dfsdm
2023-12-03 16:56:00,284 [INFO] IPUIPlugin:80 - create IPUIPlugin
2023-12-03 16:56:00,284 [INFO] PluginManager:220 - loadIPPluginJar : add spi
2023-12-03 16:56:00,286 [INFO] IPUIPlugin:80 - create IPUIPlugin
2023-12-03 16:56:00,286 [INFO] PluginManager:220 - loadIPPluginJar : add gfxmmu
2023-12-03 16:56:00,286 [INFO] IPUIPlugin:80 - create IPUIPlugin
2023-12-03 16:56:00,287 [INFO] PluginManager:220 - loadIPPluginJar : add genericplugin
2023-12-03 16:56:00,288 [INFO] IPUIPlugin:80 - create IPUIPlugin
2023-12-03 16:56:00,288 [INFO] PluginManager:220 - loadIPPluginJar : add cryp
2023-12-03 16:56:00,291 [INFO] IPUIPlugin:80 - create IPUIPlugin
2023-12-03 16:56:00,291 [INFO] PluginManager:220 - loadIPPluginJar : add gpio
2023-12-03 16:56:00,292 [INFO] IPUIPlugin:80 - create IPUIPlugin
2023-12-03 16:56:00,292 [INFO] PluginManager:220 - loadIPPluginJar : add comp
2023-12-03 16:56:00,293 [INFO] IPUIPlugin:80 - create IPUIPlugin
2023-12-03 16:56:00,293 [INFO] PluginManager:220 - loadIPPluginJar : add tracer_emb
2023-12-03 16:56:00,295 [INFO] IPUIPlugin:80 - create IPUIPlugin
2023-12-03 16:56:00,295 [INFO] PluginManager:220 - loadIPPluginJar : add openamp
2023-12-03 16:56:00,299 [INFO] IPUIPlugin:80 - create IPUIPlugin
2023-12-03 16:56:00,299 [INFO] PluginManager:220 - loadIPPluginJar : add stm32_wpan
2023-12-03 16:56:00,303 [INFO] IPUIPlugin:80 - create IPUIPlugin
2023-12-03 16:56:00,306 [INFO] PluginManager:220 - loadIPPluginJar : add plateformsettings
2023-12-03 16:56:00,309 [INFO] IPUIPlugin:80 - create IPUIPlugin
2023-12-03 16:56:00,309 [INFO] PluginManager:220 - loadIPPluginJar : add ipddr
2023-12-03 16:56:00,311 [INFO] IPUIPlugin:80 - create IPUIPlugin
2023-12-03 16:56:00,311 [INFO] PluginManager:220 - loadIPPluginJar : add usart
2023-12-03 16:56:00,312 [INFO] IPUIPlugin:80 - create IPUIPlugin
2023-12-03 16:56:00,312 [INFO] PluginManager:220 - loadIPPluginJar : add ltdc
2023-12-03 16:56:00,314 [INFO] IPUIPlugin:80 - create IPUIPlugin
2023-12-03 16:56:00,314 [INFO] PluginManager:220 - loadIPPluginJar : add nvic
2023-12-03 16:56:00,315 [INFO] IPUIPlugin:80 - create IPUIPlugin
2023-12-03 16:56:00,315 [INFO] PluginManager:220 - loadIPPluginJar : add fatfs
2023-12-03 16:56:00,321 [INFO] IPUIPlugin:80 - create IPUIPlugin
2023-12-03 16:56:00,321 [INFO] PluginManager:220 - loadIPPluginJar : add linkedlist
2023-12-03 16:56:00,324 [INFO] IPUIPlugin:80 - create IPUIPlugin
2023-12-03 16:56:00,325 [INFO] PluginManager:220 - loadIPPluginJar : add dma
2023-12-03 16:56:00,327 [INFO] IPUIPlugin:80 - create IPUIPlugin
2023-12-03 16:56:00,327 [INFO] PluginManager:220 - loadIPPluginJar : add fmc
2023-12-03 16:56:00,329 [INFO] IPUIPlugin:80 - create IPUIPlugin
2023-12-03 16:56:00,329 [INFO] PluginManager:220 - loadIPPluginJar : add i2s
2023-12-03 16:56:00,330 [INFO] IPUIPlugin:80 - create IPUIPlugin
2023-12-03 16:56:00,330 [INFO] PluginManager:220 - loadIPPluginJar : add ucpd
2023-12-03 16:56:00,331 [INFO] IPUIPlugin:80 - create IPUIPlugin
2023-12-03 16:56:00,331 [INFO] PluginManager:220 - loadIPPluginJar : add lorawan
2023-12-03 16:56:00,333 [INFO] IPUIPlugin:80 - create IPUIPlugin
2023-12-03 16:56:00,333 [INFO] PluginManager:220 - loadIPPluginJar : add opamp
2023-12-03 16:56:00,334 [INFO] IPUIPlugin:80 - create IPUIPlugin
2023-12-03 16:56:00,334 [INFO] PluginManager:220 - loadIPPluginJar : add i3c
2023-12-03 16:56:00,336 [INFO] IPUIPlugin:80 - create IPUIPlugin
2023-12-03 16:56:00,336 [INFO] PluginManager:220 - loadIPPluginJar : add touchsensing
2023-12-03 16:56:00,338 [INFO] IPUIPlugin:80 - create IPUIPlugin
2023-12-03 16:56:00,338 [INFO] PluginManager:220 - loadIPPluginJar : add i2c
2023-12-03 16:56:00,340 [INFO] IPUIPlugin:80 - create IPUIPlugin
2023-12-03 16:56:00,341 [INFO] PluginManager:220 - loadIPPluginJar : add resmgrutility
2023-12-03 16:56:00,342 [INFO] IPUIPlugin:80 - create IPUIPlugin
2023-12-03 16:56:00,342 [INFO] PluginManager:220 - loadIPPluginJar : add sai
2023-12-03 16:56:00,344 [INFO] IPUIPlugin:80 - create IPUIPlugin
2023-12-03 16:56:00,344 [INFO] PluginManager:220 - loadIPPluginJar : add usbx
2023-12-03 16:56:00,441 [INFO] CADModel:165 - CPN selected for project level
2023-12-03 16:56:00,441 [INFO] CADModel:114 - Register for checkConnection events
2023-12-03 16:56:00,442 [FATAL] Updater:308 - Updater called before beeing initialized
2023-12-03 16:56:00,442 [ERROR] CADModel:125 - Updater not yet initialized, retry later 
2023-12-03 16:56:00,558 [INFO] CADModel:165 - CPN selected for project level
2023-12-03 16:56:00,558 [INFO] CADModel:114 - Register for checkConnection events
2023-12-03 16:56:00,559 [FATAL] Updater:308 - Updater called before beeing initialized
2023-12-03 16:56:00,559 [ERROR] CADModel:125 - Updater not yet initialized, retry later 
2023-12-03 16:56:00,562 [FATAL] Updater:308 - Updater called before beeing initialized
2023-12-03 16:56:00,627 [FATAL] Updater:308 - Updater called before beeing initialized
2023-12-03 16:56:00,632 [INFO] DbMcusAds:53 - JSON generation date=Tue Mar 07 09:50:55 CET 2023 (1678179055335)
2023-12-03 16:56:00,632 [FATAL] Updater:308 - Updater called before beeing initialized
2023-12-03 16:56:00,681 [WARN] DetailPanel:346 - Failed to get advertising image, set to default
2023-12-03 16:56:00,761 [FATAL] Updater:308 - Updater called before beeing initialized
2023-12-03 16:56:00,763 [FATAL] Updater:308 - Updater called before beeing initialized
2023-12-03 16:56:00,763 [FATAL] Updater:308 - Updater called before beeing initialized
2023-12-03 16:56:00,763 [WARN] DetailPanel:346 - Failed to get advertising image, set to default
2023-12-03 16:56:00,764 [FATAL] Updater:308 - Updater called before beeing initialized
2023-12-03 16:56:00,786 [ERROR] Updater:1120 - MainUpdater not yet initialized. External WinMGr cannot be set.
2023-12-03 16:56:00,806 [INFO] Updater:1056 - Updater Version found : 6.9.2
2023-12-03 16:56:00,825 [INFO] ApplicationProperties:184 - Using Application install path: /Applications/STM32CubeIDE.app/Contents/Eclipse/plugins/com.st.stm32cube.common.mx_6.9.2.202309101412
2023-12-03 16:56:01,139 [INFO] MainUpdater:2868 - connection check result : 10
2023-12-03 16:56:01,140 [INFO] MainUpdater:285 - Updater Check For Update Now.
2023-12-03 16:56:01,140 [INFO] MicroXplorer:498 - Change Database Version : DB.6.0.92
2023-12-03 16:56:01,146 [INFO] McuFinderGlobals:63 - Set McuFinder mode to 2 (CubeIDE integrated)
2023-12-03 16:56:01,146 [INFO] UserAuth:179 - activating auth plugin
2023-12-03 16:56:01,154 [INFO] UserAuth:393 - Internet connection configuration mode: 1
2023-12-03 16:56:01,165 [INFO] JxBrowserEngine:151 - Initiate JxBrowser Engine with user profile folder
2023-12-03 16:56:01,315 [INFO] CheckServerUpdateThread:120 - End of CheckServer Thread
2023-12-03 16:56:01,807 [INFO] WebApp:157 - Instantiating new browser for Auth
2023-12-03 16:56:02,280 [INFO] WebApp:753 - Register for checkConnection events
2023-12-03 16:56:02,291 [INFO] WebApp:390 - Apply proxy settings
2023-12-03 16:56:02,295 [INFO] WebApp:455 - Chromium authenticates against System proxy
2023-12-03 16:56:02,541 [INFO] WebApp:188 - Starting web application
2023-12-03 16:56:02,542 [INFO] WebApp:520 - Web application path used /Applications/STM32CubeIDE.app/Contents/Eclipse/plugins/com.st.stm32cube.common.mx_6.9.2.202309101412/db/plugins/mcufinder/reactClient1/index.html
2023-12-03 16:56:02,981 [WARN] PackLoader:240 - Cannot read IP mode file for STMicroelectronics.X-CUBE-SMBUS.2.1.0
2023-12-03 16:56:03,013 [WARN] PackLoader:240 - Cannot read IP mode file for STMicroelectronics.X-CUBE-AZRTOS-F7.1.1.0
2023-12-03 16:56:03,027 [WARN] PackLoader:240 - Cannot read IP mode file for STMicroelectronics.FP-SNS-MOTENV1.4.3.2
2023-12-03 16:56:03,034 [WARN] PackLoader:240 - Cannot read IP mode file for STMicroelectronics.FP-SNS-FLIGHT1.5.0.2
2023-12-03 16:56:03,042 [WARN] PackLoader:240 - Cannot read IP mode file for STMicroelectronics.X-CUBE-DISPLAY.3.0.0
2023-12-03 16:56:03,054 [WARN] PackLoader:240 - Cannot read IP mode file for STMicroelectronics.X-CUBE-BLE1.7.0.0
2023-12-03 16:56:03,060 [WARN] PackLoader:240 - Cannot read IP mode file for emotas.I-CUBE-CANOPEN.1.3.0
2023-12-03 16:56:03,063 [WARN] PackLoader:240 - Cannot read IP mode file for STMicroelectronics.X-CUBE-TOUCHGFX.4.22.0
2023-12-03 16:56:03,066 [WARN] PackLoader:240 - Cannot read IP mode file for STMicroelectronics.X-CUBE-TOUCHGFX.4.22.1
2023-12-03 16:56:03,070 [WARN] PackLoader:240 - Cannot read IP mode file for STMicroelectronics.FP-SNS-SMARTAG2.1.2.0
2023-12-03 16:56:03,081 [INFO] LogOutputStream:77 - [STDOUT_REDIRECT] 1 : Invalid condition id : UX_CORESTACK_Condition cause : null
2023-12-03 16:56:03,081 [INFO] LogOutputStream:77 - [STDOUT_REDIRECT] 1 : Invalid condition id : UX_CORESTACK_Condition cause : null
2023-12-03 16:56:03,082 [INFO] LogOutputStream:77 - [STDOUT_REDIRECT] 1 : Invalid condition id : UX_CORESTACK_Condition cause : null
2023-12-03 16:56:03,082 [INFO] LogOutputStream:77 - [STDOUT_REDIRECT] 1 : Invalid condition id : UX_CORESTACK_Condition cause : null
2023-12-03 16:56:03,082 [INFO] LogOutputStream:77 - [STDOUT_REDIRECT] 1 : Invalid condition id : UX_CORESTACK_Condition cause : null
2023-12-03 16:56:03,087 [WARN] PackLoader:240 - Cannot read IP mode file for STMicroelectronics.X-CUBE-AZRTOS-WL.2.0.0
2023-12-03 16:56:03,096 [WARN] PackLoader:240 - Cannot read IP mode file for WES.I-CUBE-Cesium.1.3.0
2023-12-03 16:56:03,101 [WARN] PackLoader:240 - Cannot read IP mode file for STMicroelectronics.X-CUBE-BLE2.3.3.0
2023-12-03 16:56:03,108 [WARN] PackLoader:240 - Cannot read IP mode file for STMicroelectronics.X-CUBE-ALGOBUILD.1.3.0
2023-12-03 16:56:03,123 [WARN] PackLoader:240 - Cannot read IP mode file for STMicroelectronics.X-CUBE-AZRTOS-G0.1.1.0
2023-12-03 16:56:03,129 [WARN] PackLoader:240 - Cannot read IP mode file for STMicroelectronics.X-CUBE-NFC4.3.0.0
2023-12-03 16:56:03,137 [WARN] PackLoader:240 - Cannot read IP mode file for STMicroelectronics.X-CUBE-BLEMGR.3.0.0
2023-12-03 16:56:03,142 [WARN] PackLoader:240 - Cannot read IP mode file for STMicroelectronics.FP-ATR-SIGFOX1.3.2.0
2023-12-03 16:56:03,166 [WARN] PackLoader:240 - Cannot read IP mode file for SEGGER.I-CUBE-embOS.1.3.1
2023-12-03 16:56:03,197 [WARN] PackLoader:240 - Cannot read IP mode file for STMicroelectronics.X-CUBE-GNSS1.6.0.0
2023-12-03 16:56:03,214 [WARN] PackLoader:240 - Cannot read IP mode file for STMicroelectronics.X-CUBE-AZRTOS-F4.1.1.0
2023-12-03 16:56:03,221 [WARN] PackLoader:240 - Cannot read IP mode file for wolfSSL.I-CUBE-wolfSSL.5.6.3
2023-12-03 16:56:03,237 [WARN] PackLoader:240 - Cannot read IP mode file for STMicroelectronics.X-CUBE-AZRTOS-L5.2.0.0
2023-12-03 16:56:03,297 [WARN] PackLoader:240 - Cannot read IP mode file for STMicroelectronics.X-CUBE-MEMS1.9.6.0
2023-12-03 16:56:03,445 [WARN] PackLoader:240 - Cannot read IP mode file for STMicroelectronics.X-CUBE-EEPRMA1.4.2.0
2023-12-03 16:56:03,450 [WARN] PackLoader:240 - Cannot read IP mode file for ITTIA_DB.I-CUBE-ITTIADB.8.8.0
2023-12-03 16:56:03,456 [WARN] PackLoader:240 - Cannot read IP mode file for STMicroelectronics.X-CUBE-BLEMGR.2.0.0
2023-12-03 16:56:03,474 [WARN] ConditionMgr:438 - getConditionDescription Invalid condition id : UX DEVICE CLASS RTOS Condition cause : null
2023-12-03 16:56:03,474 [WARN] ConditionMgr:438 - getConditionDescription Invalid condition id : UX DEVICE CLASS RTOS Condition cause : null
2023-12-03 16:56:03,481 [WARN] PackLoader:240 - Cannot read IP mode file for STMicroelectronics.X-CUBE-AZRTOS-H7.3.1.0
2023-12-03 16:56:03,482 [WARN] ConditionMgr:1039 - genDependencies : Invalid condition id : UX DEVICE CLASS RTOS Condition cause : null
2023-12-03 16:56:03,482 [WARN] ConditionMgr:1039 - genDependencies : Invalid condition id : UX DEVICE CLASS RTOS Condition cause : null
2023-12-03 16:56:03,483 [WARN] ConditionMgr:1039 - genDependencies : Invalid condition id : UX DEVICE CLASS RTOS Condition cause : null
2023-12-03 16:56:03,483 [WARN] ConditionMgr:1039 - genDependencies : Invalid condition id : UX DEVICE CLASS RTOS Condition cause : null
2023-12-03 16:56:03,484 [WARN] ConditionMgr:1039 - genDependencies : Invalid condition id : UX DEVICE CLASS RTOS Condition cause : null
2023-12-03 16:56:03,490 [WARN] PackLoader:240 - Cannot read IP mode file for STMicroelectronics.X-CUBE-NFC7.1.0.1
2023-12-03 16:56:03,495 [WARN] PackLoader:240 - Cannot read IP mode file for STMicroelectronics.X-CUBE-NFC6.3.0.0
2023-12-03 16:56:03,501 [WARN] PackLoader:240 - Cannot read IP mode file for STMicroelectronics.X-CUBE-EEPRMA1.4.1.0
2023-12-03 16:56:03,505 [WARN] PackLoader:240 - Cannot read IP mode file for STMicroelectronics.X-CUBE-AI.8.1.0
2023-12-03 16:56:03,520 [WARN] ConditionMgr:438 - getConditionDescription Invalid condition id : LAN8742 Phy interface Condition cause : null
2023-12-03 16:56:03,520 [WARN] PackLoader:240 - Cannot read IP mode file for STMicroelectronics.X-CUBE-AZRTOS-L4.2.0.0
2023-12-03 16:56:03,522 [WARN] ConditionMgr:1039 - genDependencies : Invalid condition id : LAN8742 Phy interface Condition cause : null
2023-12-03 16:56:03,522 [WARN] ConditionMgr:1039 - genDependencies : Invalid condition id : LAN8742 Phy interface Condition cause : null
2023-12-03 16:56:03,522 [WARN] ConditionMgr:1039 - genDependencies : Invalid condition id : LAN8742 Phy interface Condition cause : null
2023-12-03 16:56:03,528 [WARN] PackLoader:240 - Cannot read IP mode file for STMicroelectronics.X-CUBE-SFXS2LP1.4.0.0
2023-12-03 16:56:03,532 [WARN] PackLoader:240 - Cannot read IP mode file for STMicroelectronics.X-CUBE-ISPU.1.1.0
2023-12-03 16:56:03,543 [WARN] ConditionMgr:438 - getConditionDescription Invalid condition id : UX DEVICE CLASS RTOS Condition cause : null
2023-12-03 16:56:03,543 [WARN] ConditionMgr:438 - getConditionDescription Invalid condition id : UX DEVICE CLASS RTOS Condition cause : null
2023-12-03 16:56:03,545 [WARN] PackLoader:240 - Cannot read IP mode file for STMicroelectronics.X-CUBE-AZRTOS-WB.2.0.0
2023-12-03 16:56:03,545 [WARN] ConditionMgr:1039 - genDependencies : Invalid condition id : UX DEVICE CLASS RTOS Condition cause : null
2023-12-03 16:56:03,546 [WARN] ConditionMgr:1039 - genDependencies : Invalid condition id : UX DEVICE CLASS RTOS Condition cause : null
2023-12-03 16:56:03,546 [WARN] ConditionMgr:1039 - genDependencies : Invalid condition id : UX DEVICE CLASS RTOS Condition cause : null
2023-12-03 16:56:03,546 [WARN] ConditionMgr:1039 - genDependencies : Invalid condition id : UX DEVICE CLASS RTOS Condition cause : null
2023-12-03 16:56:03,546 [WARN] ConditionMgr:1039 - genDependencies : Invalid condition id : UX DEVICE CLASS RTOS Condition cause : null
2023-12-03 16:56:03,555 [WARN] PackLoader:240 - Cannot read IP mode file for STMicroelectronics.X-CUBE-SUBG2.5.0.0
2023-12-03 16:56:03,567 [WARN] PackLoader:240 - Cannot read IP mode file for STMicroelectronics.X-CUBE-TOF1.3.3.1
2023-12-03 16:56:03,585 [WARN] PackLoader:240 - Cannot read IP mode file for STMicroelectronics.X-CUBE-AZRTOS-G4.2.0.0
2023-12-03 16:56:03,595 [WARN] PackLoader:240 - Cannot read IP mode file for Infineon.AIROC-Wi-Fi-Bluetooth-STM32.1.5.1
2023-12-03 16:56:03,599 [WARN] PackLoader:240 - Cannot read IP mode file for STMicroelectronics.FP-SNS-MOTENVWB1.1.3.0
2023-12-03 16:56:03,602 [WARN] PackLoader:240 - Cannot read IP mode file for STMicroelectronics.FP-SNS-MOTENVWB1.1.3.1
2023-12-03 16:56:03,630 [WARN] PackLoader:240 - Cannot read IP mode file for STMicroelectronics.X-CUBE-MEMS1.10.0.0
2023-12-03 16:56:03,717 [WARN] PackLoader:240 - Cannot read IP mode file for STMicroelectronics.X-CUBE-FREERTOS.1.1.0
2023-12-03 16:56:03,721 [WARN] PackLoader:240 - Cannot read IP mode file for portGmbH.I-Cube-SoM-uGOAL.1.1.0
2023-12-03 16:56:03,724 [WARN] PackLoader:240 - Cannot read IP mode file for STMicroelectronics.X-CUBE-ALS.1.0.1
2023-12-03 16:56:03,727 [WARN] PackLoader:240 - Cannot read IP mode file for STMicroelectronics.FP-ATR-ASTRA1.2.0.0
2023-12-03 16:56:03,733 [WARN] PackLoader:240 - Cannot read IP mode file for STMicroelectronics.X-CUBE-TOF1.3.4.0
2023-12-03 16:56:03,741 [INFO] ThirdParty:978 - Integrity check success = true
2023-12-03 16:56:03,741 [INFO] IntegrityCheckThread:100 - exiting critical section [integrity check]
2023-12-03 16:56:03,741 [INFO] IntegrityCheckThread:103 - End integrity checks thread
2023-12-03 16:56:23,105 [ERROR] LogOutputStream:75 - [STDERR_REDIRECT] SLF4J: Failed to load class "org.slf4j.impl.StaticLoggerBinder".
2023-12-03 16:56:23,106 [ERROR] LogOutputStream:75 - [STDERR_REDIRECT] SLF4J: Defaulting to no-operation (NOP) logger implementation
2023-12-03 16:56:23,106 [ERROR] LogOutputStream:75 - [STDERR_REDIRECT] SLF4J: See http://www.slf4j.org/codes.html#StaticLoggerBinder for further details.
2023-12-03 16:56:55,283 [ERROR] LogOutputStream:75 - [STDERR_REDIRECT] 
