2023-10-31 12:23:26,538 [INFO] Activator:176 - 


2023-10-31 12:23:26,540 [INFO] Activator:177 - !SESSION log4j initialized
2023-10-31 12:23:27,095 [ERROR] LogOutputStream:75 - [STDERR_REDIRECT] 
2023-10-31 12:23:29,306 [INFO] LogOutputStream:77 - [STDOUT_REDIRECT] 
2023-10-31 12:23:30,314 [INFO] LogOutputStream:77 - [STDOUT_REDIRECT] 
2023-10-31 12:23:30,581 [ERROR] LogOutputStream:75 - [STDERR_REDIRECT] java.net.URISyntaxException: Illegal character in path at index 47: file:/Users/jianghui/Documents/GitHub/ss_hw/H06 A/A2/Homework6a/.metadata/.log4j2.xml
2023-10-31 12:23:30,581 [ERROR] LogOutputStream:75 - [STDERR_REDIRECT] 	at java.base/java.net.URI$Parser.fail(URI.java:2974)
2023-10-31 12:23:30,582 [ERROR] LogOutputStream:75 - [STDERR_REDIRECT] 	at java.base/java.net.URI$Parser.checkChars(URI.java:3145)
2023-10-31 12:23:30,582 [ERROR] LogOutputStream:75 - [STDERR_REDIRECT] 	at java.base/java.net.URI$Parser.parseHierarchical(URI.java:3227)
2023-10-31 12:23:30,583 [ERROR] LogOutputStream:75 - [STDERR_REDIRECT] 	at java.base/java.net.URI$Parser.parse(URI.java:3175)
2023-10-31 12:23:30,583 [ERROR] LogOutputStream:75 - [STDERR_REDIRECT] 	at java.base/java.net.URI.<init>(URI.java:623)
2023-10-31 12:23:30,583 [ERROR] LogOutputStream:75 - [STDERR_REDIRECT] 	at java.base/java.net.URL.toURI(URL.java:1056)
2023-10-31 12:23:30,584 [ERROR] LogOutputStream:75 - [STDERR_REDIRECT] 	at com.st.stm32cube.common.mx.core.CubeMxInstance.getInstance(CubeMxInstance.java:81)
2023-10-31 12:23:30,584 [ERROR] LogOutputStream:75 - [STDERR_REDIRECT] 	at com.st.stm32cube.common.mx.userauth.UserAuthAdapter.<init>(UserAuthAdapter.java:18)
2023-10-31 12:23:30,584 [ERROR] LogOutputStream:75 - [STDERR_REDIRECT] 	at com.st.stm32cube.common.mx.userauth.UserAuthProvider.getUserAuthAdapter(UserAuthProvider.java:9)
2023-10-31 12:23:30,584 [ERROR] LogOutputStream:75 - [STDERR_REDIRECT] 	at com.st.stm32cube.common.ecosystemintegration.ui.core.MCUEcoSystemIntegrationUiHelper.getUserAuth(MCUEcoSystemIntegrationUiHelper.java:100)
2023-10-31 12:23:30,585 [ERROR] LogOutputStream:75 - [STDERR_REDIRECT] 	at com.st.stm32cube.ide.mcu.userauth.UserAuthStartup.earlyStartup(UserAuthStartup.java:41)
2023-10-31 12:23:30,585 [ERROR] LogOutputStream:75 - [STDERR_REDIRECT] 	at org.eclipse.ui.internal.EarlyStartupRunnable.runEarlyStartup(EarlyStartupRunnable.java:79)
2023-10-31 12:23:30,585 [ERROR] LogOutputStream:75 - [STDERR_REDIRECT] 	at org.eclipse.ui.internal.EarlyStartupRunnable.run(EarlyStartupRunnable.java:55)
2023-10-31 12:23:30,585 [ERROR] LogOutputStream:75 - [STDERR_REDIRECT] 	at org.eclipse.core.runtime.SafeRunner.run(SafeRunner.java:45)
2023-10-31 12:23:30,585 [ERROR] LogOutputStream:75 - [STDERR_REDIRECT] 	at org.eclipse.ui.internal.Workbench$39.run(Workbench.java:2656)
2023-10-31 12:23:30,585 [ERROR] LogOutputStream:75 - [STDERR_REDIRECT] 	at org.eclipse.core.internal.jobs.Worker.run(Worker.java:63)
2023-10-31 12:23:31,937 [INFO] ApplicationProperties:184 - Using Application install path: /Applications/STM32CubeIDE.app/Contents/Eclipse/plugins/com.st.stm32cube.common.mx_6.9.2.202309101412
2023-10-31 12:23:31,953 [INFO] DbMcusXml:78 - Set database path to: /Applications/STM32CubeIDE.app/Contents/Eclipse/plugins/com.st.stm32cube.common.mx_6.9.2.202309101412//db//mcu/
2023-10-31 12:23:31,953 [INFO] ApiDb:274 - Set plugin database path to: /Applications/STM32CubeIDE.app/Contents/Eclipse/plugins/com.st.stm32cube.common.mx_6.9.2.202309101412//db//plugins/boardmanager/
2023-10-31 12:23:31,953 [WARN] ApiDb:259 - Overriding images path with different value:  => /Applications/STM32CubeIDE.app/Contents/Eclipse/plugins/com.st.stm32cube.common.mx_6.9.2.202309101412//db//plugins/mcufinder/images/
2023-10-31 12:23:31,962 [INFO] ApiDb:250 - Set database path to: /Users/jianghui/.stmcufinder/plugins/mcufinder//mcu/
2023-10-31 12:23:31,964 [INFO] DbMcusAds:125 - Set database path to: /Users/jianghui/.stmcufinder/plugins/mcufinder//mcu/
2023-10-31 12:23:31,966 [INFO] CrossReferenceDbSqlite:203 - Set database path to: /Users/jianghui/.stmcufinder/plugins/mcufinder//mcu/cs/
2023-10-31 12:23:32,055 [INFO] RulesReader:64 - Compatibility file has been processed (293 Rules)
2023-10-31 12:23:32,118 [INFO] DbMcusXml:78 - Set database path to: /Applications/STM32CubeIDE.app/Contents/Eclipse/plugins/com.st.stm32cube.common.mx_6.9.2.202309101412//db//mcu/
2023-10-31 12:23:32,118 [INFO] ApiDb:274 - Set plugin database path to: /Applications/STM32CubeIDE.app/Contents/Eclipse/plugins/com.st.stm32cube.common.mx_6.9.2.202309101412//db//plugins/boardmanager/
2023-10-31 12:23:32,118 [INFO] ApiDb:261 - Set plugin images path to: /Applications/STM32CubeIDE.app/Contents/Eclipse/plugins/com.st.stm32cube.common.mx_6.9.2.202309101412//db//plugins/mcufinder/images/
2023-10-31 12:23:32,118 [WARN] DbFile:41 - Overriding database path with different value: /Users/jianghui/.stmcufinder/plugins/mcufinder/ => /Users/jianghui/.stmcufinder/plugins/mcufinder
2023-10-31 12:23:32,118 [INFO] ApiDb:250 - Set database path to: /Users/jianghui/.stmcufinder/plugins/mcufinder//mcu/
2023-10-31 12:23:32,119 [WARN] DbFile:41 - Overriding database path with different value: /Users/jianghui/.stmcufinder/plugins/mcufinder/ => /Users/jianghui/.stmcufinder/plugins/mcufinder
2023-10-31 12:23:32,119 [INFO] DbMcusAds:125 - Set database path to: /Users/jianghui/.stmcufinder/plugins/mcufinder//mcu/
2023-10-31 12:23:32,119 [WARN] DbFile:41 - Overriding database path with different value: /Users/jianghui/.stmcufinder/plugins/mcufinder/ => /Users/jianghui/.stmcufinder/plugins/mcufinder
2023-10-31 12:23:32,119 [WARN] DbFile:41 - Overriding database path with different value: /Users/jianghui/.stmcufinder/plugins/mcufinder/ => /Users/jianghui/.stmcufinder/plugins/mcufinder
2023-10-31 12:23:32,119 [INFO] CrossReferenceDbSqlite:203 - Set database path to: /Users/jianghui/.stmcufinder/plugins/mcufinder//mcu/cs/
2023-10-31 12:23:32,172 [INFO] MainPanel:262 - HeapMemory: 275775488
2023-10-31 12:23:32,233 [INFO] DbMcusXml:78 - Set database path to: /Applications/STM32CubeIDE.app/Contents/Eclipse/plugins/com.st.stm32cube.common.mx_6.9.2.202309101412//db//mcu/
2023-10-31 12:23:32,233 [INFO] ApiDb:274 - Set plugin database path to: /Applications/STM32CubeIDE.app/Contents/Eclipse/plugins/com.st.stm32cube.common.mx_6.9.2.202309101412//db//plugins/boardmanager/
2023-10-31 12:23:32,234 [INFO] ApiDb:261 - Set plugin images path to: /Applications/STM32CubeIDE.app/Contents/Eclipse/plugins/com.st.stm32cube.common.mx_6.9.2.202309101412//db//plugins/mcufinder/images/
2023-10-31 12:23:32,234 [WARN] DbFile:41 - Overriding database path with different value: /Users/jianghui/.stmcufinder/plugins/mcufinder/ => /Users/jianghui/.stmcufinder/plugins/mcufinder
2023-10-31 12:23:32,234 [INFO] ApiDb:250 - Set database path to: /Users/jianghui/.stmcufinder/plugins/mcufinder//mcu/
2023-10-31 12:23:32,234 [WARN] DbFile:41 - Overriding database path with different value: /Users/jianghui/.stmcufinder/plugins/mcufinder/ => /Users/jianghui/.stmcufinder/plugins/mcufinder
2023-10-31 12:23:32,234 [INFO] DbMcusAds:125 - Set database path to: /Users/jianghui/.stmcufinder/plugins/mcufinder//mcu/
2023-10-31 12:23:32,234 [WARN] DbFile:41 - Overriding database path with different value: /Users/jianghui/.stmcufinder/plugins/mcufinder/ => /Users/jianghui/.stmcufinder/plugins/mcufinder
2023-10-31 12:23:32,235 [WARN] DbFile:41 - Overriding database path with different value: /Users/jianghui/.stmcufinder/plugins/mcufinder/ => /Users/jianghui/.stmcufinder/plugins/mcufinder
2023-10-31 12:23:32,235 [INFO] CrossReferenceDbSqlite:203 - Set database path to: /Users/jianghui/.stmcufinder/plugins/mcufinder//mcu/cs/
2023-10-31 12:23:32,249 [INFO] ApplicationProperties:184 - Using Application install path: /Applications/STM32CubeIDE.app/Contents/Eclipse/plugins/com.st.stm32cube.common.mx_6.9.2.202309101412
2023-10-31 12:23:32,250 [INFO] PluginManage:196 - Search for loadable plugins [exclusion list=, ]
2023-10-31 12:23:32,251 [INFO] PluginManage:310 - Check plugin analytics
2023-10-31 12:23:32,395 [INFO] AnalyticsPlugin:253 - Accepted Software Licenses: 
2023-10-31 12:23:32,395 [INFO] AnalyticsPlugin:255 - Accepted CMSIS Pack Licenses: 
2023-10-31 12:23:32,395 [INFO] AnalyticsPlugin:257 - Accepted Firmware Licenses: FW.F4.1.27.0
2023-10-31 12:23:32,397 [INFO] PluginManage:359 - Loaded plugin analytics (category:tool,tabindex:-1)
2023-10-31 12:23:32,397 [INFO] PluginManage:310 - Check plugin cadmodel
2023-10-31 12:23:32,631 [INFO] CADModel:105 - Init CAD model plugin
2023-10-31 12:23:32,631 [INFO] PluginManage:359 - Loaded plugin cadmodel (category:power,tabindex:5)
2023-10-31 12:23:32,631 [INFO] PluginManage:310 - Check plugin clock
2023-10-31 12:23:32,640 [INFO] PluginManage:359 - Loaded plugin clock (category:base,tabindex:2)
2023-10-31 12:23:32,641 [INFO] PluginManage:310 - Check plugin ddr
2023-10-31 12:23:32,643 [INFO] PluginManage:359 - Loaded plugin ddr (category:tool,tabindex:6)
2023-10-31 12:23:32,643 [INFO] PluginManage:310 - Check plugin filemanager
2023-10-31 12:23:32,763 [INFO] PluginManage:359 - Loaded plugin filemanager (category:base,tabindex:10)
2023-10-31 12:23:32,763 [INFO] PluginManage:310 - Check plugin ipmanager
2023-10-31 12:23:32,771 [INFO] PluginManage:359 - Loaded plugin ipmanager (category:base,tabindex:5)
2023-10-31 12:23:32,771 [INFO] PluginManage:310 - Check plugin lpbam
2023-10-31 12:23:32,782 [INFO] PluginManage:359 - Loaded plugin lpbam (category:base,tabindex:0)
2023-10-31 12:23:32,782 [INFO] PluginManage:310 - Check plugin memorymap
2023-10-31 12:23:32,797 [INFO] PluginManage:359 - Loaded plugin memorymap (category:base,tabindex:4)
2023-10-31 12:23:32,798 [INFO] PluginManage:310 - Check plugin pinoutandconfiguration
2023-10-31 12:23:32,807 [INFO] PluginManage:359 - Loaded plugin pinoutandconfiguration (category:base,tabindex:1)
2023-10-31 12:23:32,807 [INFO] PluginManage:310 - Check plugin pinoutconfig
2023-10-31 12:23:32,896 [WARN] SupportedApi:132 - Cannot load RTOS API schema: s4s-elt-must-match.1: The content of 'definitions' must match (annotation?, (simpleType | complexType)?, (unique | key | keyref)*)). A problem was found starting at: attribute.
2023-10-31 12:23:33,023 [INFO] PluginManage:359 - Loaded plugin pinoutconfig (category:base,tabindex:0)
2023-10-31 12:23:33,023 [INFO] PluginManage:310 - Check plugin power
2023-10-31 12:23:33,032 [INFO] PluginManage:359 - Loaded plugin power (category:power,tabindex:4)
2023-10-31 12:23:33,033 [INFO] PluginManage:310 - Check plugin projectmanager
2023-10-31 12:23:33,044 [INFO] PluginManage:359 - Loaded plugin projectmanager (category:projectmanager,tabindex:3)
2023-10-31 12:23:33,044 [INFO] PluginManage:310 - Check plugin thirdparty
2023-10-31 12:23:33,152 [INFO] PluginManage:359 - Loaded plugin thirdparty (category:base,tabindex:-1)
2023-10-31 12:23:33,152 [WARN] IntegrityCheckThread:84 - waiting for thirdparty lock release [integrity check]
2023-10-31 12:23:33,153 [INFO] PluginManage:310 - Check plugin tools
2023-10-31 12:23:33,153 [INFO] IntegrityCheckThread:86 - entering critical section [integrity check]
2023-10-31 12:23:33,153 [INFO] ThirdPartyUpdaterWithRetryManager:70 - Updater plugin not ready yet. [1/15]
2023-10-31 12:23:33,155 [INFO] PluginManage:359 - Loaded plugin tools (category:base,tabindex:7)
2023-10-31 12:23:33,155 [INFO] PluginManage:310 - Check plugin tutovideos
2023-10-31 12:23:33,303 [INFO] PluginManage:359 - Loaded plugin tutovideos (category:base,tabindex:-1)
2023-10-31 12:23:33,304 [INFO] PluginManage:310 - Check plugin updater
2023-10-31 12:23:33,324 [INFO] PluginManage:359 - Loaded plugin updater (category:base,tabindex:12)
2023-10-31 12:23:33,324 [INFO] PluginManage:310 - Check plugin userauth
2023-10-31 12:23:33,329 [INFO] UserAuth:113 - Init User Auth plugin
2023-10-31 12:23:33,329 [INFO] PluginManage:359 - Loaded plugin userauth (category:base,tabindex:14)
2023-10-31 12:23:33,329 [INFO] PluginManage:283 - PluginManage : Loaded plugins [17]
2023-10-31 12:23:33,470 [INFO] PinOutPanel:1499 - setPackage(No Configuration,No Configuration)
2023-10-31 12:23:33,546 [INFO] CADModel:165 - CPN selected for project level
2023-10-31 12:23:33,546 [INFO] CADModel:114 - Register for checkConnection events
2023-10-31 12:23:33,557 [INFO] IPUIPlugin:80 - create IPUIPlugin
2023-10-31 12:23:33,558 [INFO] PluginManager:220 - loadIPPluginJar : add mdma
2023-10-31 12:23:33,565 [INFO] IPUIPlugin:80 - create IPUIPlugin
2023-10-31 12:23:33,565 [INFO] PluginManager:220 - loadIPPluginJar : add freertos
2023-10-31 12:23:33,569 [INFO] IPUIPlugin:80 - create IPUIPlugin
2023-10-31 12:23:33,569 [INFO] PluginManager:220 - loadIPPluginJar : add gic
2023-10-31 12:23:33,577 [INFO] IPUIPlugin:80 - create IPUIPlugin
2023-10-31 12:23:33,577 [INFO] PluginManager:220 - loadIPPluginJar : add adc
2023-10-31 12:23:33,579 [INFO] IPUIPlugin:80 - create IPUIPlugin
2023-10-31 12:23:33,579 [INFO] PluginManager:220 - loadIPPluginJar : add gtzc
2023-10-31 12:23:33,580 [INFO] IPUIPlugin:80 - create IPUIPlugin
2023-10-31 12:23:33,580 [INFO] PluginManager:220 - loadIPPluginJar : add quadspi
2023-10-31 12:23:33,582 [INFO] IPUIPlugin:80 - create IPUIPlugin
2023-10-31 12:23:33,582 [INFO] PluginManager:220 - loadIPPluginJar : add aes
2023-10-31 12:23:33,584 [INFO] IPUIPlugin:80 - create IPUIPlugin
2023-10-31 12:23:33,584 [INFO] PluginManager:220 - loadIPPluginJar : add pdm2pcm
2023-10-31 12:23:33,585 [INFO] IPUIPlugin:80 - create IPUIPlugin
2023-10-31 12:23:33,586 [INFO] PluginManager:220 - loadIPPluginJar : add hash
2023-10-31 12:23:33,587 [INFO] IPUIPlugin:80 - create IPUIPlugin
2023-10-31 12:23:33,587 [INFO] PluginManager:220 - loadIPPluginJar : add tim
2023-10-31 12:23:33,588 [INFO] IPUIPlugin:80 - create IPUIPlugin
2023-10-31 12:23:33,588 [INFO] PluginManager:220 - loadIPPluginJar : add tsc
2023-10-31 12:23:33,589 [INFO] IPUIPlugin:80 - create IPUIPlugin
2023-10-31 12:23:33,589 [INFO] PluginManager:220 - loadIPPluginJar : add ts
2023-10-31 12:23:33,591 [INFO] IPUIPlugin:80 - create IPUIPlugin
2023-10-31 12:23:33,591 [INFO] PluginManager:220 - loadIPPluginJar : add can
2023-10-31 12:23:33,593 [INFO] IPUIPlugin:80 - create IPUIPlugin
2023-10-31 12:23:33,593 [INFO] PluginManager:220 - loadIPPluginJar : add dma3
2023-10-31 12:23:33,594 [INFO] IPUIPlugin:80 - create IPUIPlugin
2023-10-31 12:23:33,594 [INFO] PluginManager:220 - loadIPPluginJar : add dfsdm
2023-10-31 12:23:33,596 [INFO] IPUIPlugin:80 - create IPUIPlugin
2023-10-31 12:23:33,596 [INFO] PluginManager:220 - loadIPPluginJar : add spi
2023-10-31 12:23:33,598 [INFO] IPUIPlugin:80 - create IPUIPlugin
2023-10-31 12:23:33,598 [INFO] PluginManager:220 - loadIPPluginJar : add gfxmmu
2023-10-31 12:23:33,599 [INFO] IPUIPlugin:80 - create IPUIPlugin
2023-10-31 12:23:33,599 [INFO] PluginManager:220 - loadIPPluginJar : add genericplugin
2023-10-31 12:23:33,601 [INFO] IPUIPlugin:80 - create IPUIPlugin
2023-10-31 12:23:33,601 [INFO] PluginManager:220 - loadIPPluginJar : add cryp
2023-10-31 12:23:33,604 [INFO] IPUIPlugin:80 - create IPUIPlugin
2023-10-31 12:23:33,605 [INFO] PluginManager:220 - loadIPPluginJar : add gpio
2023-10-31 12:23:33,606 [INFO] IPUIPlugin:80 - create IPUIPlugin
2023-10-31 12:23:33,606 [INFO] PluginManager:220 - loadIPPluginJar : add comp
2023-10-31 12:23:33,607 [INFO] IPUIPlugin:80 - create IPUIPlugin
2023-10-31 12:23:33,607 [INFO] PluginManager:220 - loadIPPluginJar : add tracer_emb
2023-10-31 12:23:33,609 [INFO] IPUIPlugin:80 - create IPUIPlugin
2023-10-31 12:23:33,609 [INFO] PluginManager:220 - loadIPPluginJar : add openamp
2023-10-31 12:23:33,612 [INFO] IPUIPlugin:80 - create IPUIPlugin
2023-10-31 12:23:33,613 [INFO] PluginManager:220 - loadIPPluginJar : add stm32_wpan
2023-10-31 12:23:33,618 [INFO] IPUIPlugin:80 - create IPUIPlugin
2023-10-31 12:23:33,620 [INFO] PluginManager:220 - loadIPPluginJar : add plateformsettings
2023-10-31 12:23:33,624 [INFO] IPUIPlugin:80 - create IPUIPlugin
2023-10-31 12:23:33,624 [INFO] PluginManager:220 - loadIPPluginJar : add ipddr
2023-10-31 12:23:33,626 [INFO] IPUIPlugin:80 - create IPUIPlugin
2023-10-31 12:23:33,626 [INFO] PluginManager:220 - loadIPPluginJar : add usart
2023-10-31 12:23:33,628 [INFO] IPUIPlugin:80 - create IPUIPlugin
2023-10-31 12:23:33,628 [INFO] PluginManager:220 - loadIPPluginJar : add ltdc
2023-10-31 12:23:33,631 [INFO] IPUIPlugin:80 - create IPUIPlugin
2023-10-31 12:23:33,631 [INFO] PluginManager:220 - loadIPPluginJar : add nvic
2023-10-31 12:23:33,632 [INFO] IPUIPlugin:80 - create IPUIPlugin
2023-10-31 12:23:33,632 [INFO] PluginManager:220 - loadIPPluginJar : add fatfs
2023-10-31 12:23:33,638 [INFO] IPUIPlugin:80 - create IPUIPlugin
2023-10-31 12:23:33,638 [INFO] PluginManager:220 - loadIPPluginJar : add linkedlist
2023-10-31 12:23:33,642 [INFO] IPUIPlugin:80 - create IPUIPlugin
2023-10-31 12:23:33,642 [INFO] PluginManager:220 - loadIPPluginJar : add dma
2023-10-31 12:23:33,645 [INFO] IPUIPlugin:80 - create IPUIPlugin
2023-10-31 12:23:33,645 [INFO] PluginManager:220 - loadIPPluginJar : add fmc
2023-10-31 12:23:33,647 [INFO] IPUIPlugin:80 - create IPUIPlugin
2023-10-31 12:23:33,647 [INFO] PluginManager:220 - loadIPPluginJar : add i2s
2023-10-31 12:23:33,648 [INFO] IPUIPlugin:80 - create IPUIPlugin
2023-10-31 12:23:33,648 [INFO] PluginManager:220 - loadIPPluginJar : add ucpd
2023-10-31 12:23:33,650 [INFO] IPUIPlugin:80 - create IPUIPlugin
2023-10-31 12:23:33,650 [INFO] PluginManager:220 - loadIPPluginJar : add lorawan
2023-10-31 12:23:33,651 [INFO] IPUIPlugin:80 - create IPUIPlugin
2023-10-31 12:23:33,652 [INFO] PluginManager:220 - loadIPPluginJar : add opamp
2023-10-31 12:23:33,653 [INFO] IPUIPlugin:80 - create IPUIPlugin
2023-10-31 12:23:33,653 [INFO] PluginManager:220 - loadIPPluginJar : add i3c
2023-10-31 12:23:33,656 [INFO] IPUIPlugin:80 - create IPUIPlugin
2023-10-31 12:23:33,656 [INFO] PluginManager:220 - loadIPPluginJar : add touchsensing
2023-10-31 12:23:33,657 [INFO] IPUIPlugin:80 - create IPUIPlugin
2023-10-31 12:23:33,658 [INFO] PluginManager:220 - loadIPPluginJar : add i2c
2023-10-31 12:23:33,660 [INFO] IPUIPlugin:80 - create IPUIPlugin
2023-10-31 12:23:33,660 [INFO] PluginManager:220 - loadIPPluginJar : add resmgrutility
2023-10-31 12:23:33,662 [INFO] IPUIPlugin:80 - create IPUIPlugin
2023-10-31 12:23:33,662 [INFO] PluginManager:220 - loadIPPluginJar : add sai
2023-10-31 12:23:33,664 [INFO] IPUIPlugin:80 - create IPUIPlugin
2023-10-31 12:23:33,664 [INFO] PluginManager:220 - loadIPPluginJar : add usbx
2023-10-31 12:23:33,761 [INFO] CADModel:165 - CPN selected for project level
2023-10-31 12:23:33,761 [INFO] CADModel:114 - Register for checkConnection events
2023-10-31 12:23:33,761 [FATAL] Updater:308 - Updater called before beeing initialized
2023-10-31 12:23:33,761 [ERROR] CADModel:125 - Updater not yet initialized, retry later 
2023-10-31 12:23:33,877 [INFO] CADModel:165 - CPN selected for project level
2023-10-31 12:23:33,877 [INFO] CADModel:114 - Register for checkConnection events
2023-10-31 12:23:33,878 [FATAL] Updater:308 - Updater called before beeing initialized
2023-10-31 12:23:33,878 [ERROR] CADModel:125 - Updater not yet initialized, retry later 
2023-10-31 12:23:33,881 [FATAL] Updater:308 - Updater called before beeing initialized
2023-10-31 12:23:33,946 [FATAL] Updater:308 - Updater called before beeing initialized
2023-10-31 12:23:33,952 [INFO] DbMcusAds:53 - JSON generation date=Tue Mar 07 09:50:55 CET 2023 (1678179055114)
2023-10-31 12:23:33,952 [FATAL] Updater:308 - Updater called before beeing initialized
2023-10-31 12:23:34,000 [WARN] DetailPanel:346 - Failed to get advertising image, set to default
2023-10-31 12:23:34,106 [FATAL] Updater:308 - Updater called before beeing initialized
2023-10-31 12:23:34,108 [FATAL] Updater:308 - Updater called before beeing initialized
2023-10-31 12:23:34,108 [FATAL] Updater:308 - Updater called before beeing initialized
2023-10-31 12:23:34,108 [WARN] DetailPanel:346 - Failed to get advertising image, set to default
2023-10-31 12:23:34,109 [FATAL] Updater:308 - Updater called before beeing initialized
2023-10-31 12:23:34,140 [ERROR] Updater:1120 - MainUpdater not yet initialized. External WinMGr cannot be set.
2023-10-31 12:23:34,160 [INFO] Updater:1056 - Updater Version found : 6.9.2
2023-10-31 12:23:34,175 [INFO] ApplicationProperties:184 - Using Application install path: /Applications/STM32CubeIDE.app/Contents/Eclipse/plugins/com.st.stm32cube.common.mx_6.9.2.202309101412
2023-10-31 12:23:34,311 [INFO] MainUpdater:2868 - connection check result : 10
2023-10-31 12:23:34,312 [INFO] MainUpdater:285 - Updater Check For Update Now.
2023-10-31 12:23:34,312 [INFO] MicroXplorer:498 - Change Database Version : DB.6.0.92
2023-10-31 12:23:34,317 [INFO] McuFinderGlobals:63 - Set McuFinder mode to 2 (CubeIDE integrated)
2023-10-31 12:23:34,317 [INFO] UserAuth:179 - activating auth plugin
2023-10-31 12:23:34,319 [INFO] UserAuth:393 - Internet connection configuration mode: 1
2023-10-31 12:23:34,330 [INFO] JxBrowserEngine:151 - Initiate JxBrowser Engine with user profile folder
2023-10-31 12:23:34,498 [INFO] CheckServerUpdateThread:120 - End of CheckServer Thread
2023-10-31 12:23:35,042 [INFO] WebApp:157 - Instantiating new browser for Auth
2023-10-31 12:23:35,544 [INFO] WebApp:753 - Register for checkConnection events
2023-10-31 12:23:35,568 [INFO] WebApp:390 - Apply proxy settings
2023-10-31 12:23:35,573 [INFO] WebApp:455 - Chromium authenticates against System proxy
2023-10-31 12:23:35,757 [INFO] WebApp:188 - Starting web application
2023-10-31 12:23:35,761 [INFO] WebApp:520 - Web application path used /Applications/STM32CubeIDE.app/Contents/Eclipse/plugins/com.st.stm32cube.common.mx_6.9.2.202309101412/db/plugins/mcufinder/reactClient1/index.html
2023-10-31 12:23:36,263 [WARN] PackLoader:240 - Cannot read IP mode file for STMicroelectronics.X-CUBE-SMBUS.2.1.0
2023-10-31 12:23:36,293 [WARN] PackLoader:240 - Cannot read IP mode file for STMicroelectronics.X-CUBE-AZRTOS-F7.1.1.0
2023-10-31 12:23:36,305 [WARN] PackLoader:240 - Cannot read IP mode file for STMicroelectronics.FP-SNS-MOTENV1.4.3.2
2023-10-31 12:23:36,318 [WARN] PackLoader:240 - Cannot read IP mode file for STMicroelectronics.FP-SNS-FLIGHT1.5.0.2
2023-10-31 12:23:36,328 [WARN] PackLoader:240 - Cannot read IP mode file for STMicroelectronics.X-CUBE-DISPLAY.3.0.0
2023-10-31 12:23:36,339 [WARN] PackLoader:240 - Cannot read IP mode file for STMicroelectronics.X-CUBE-BLE1.7.0.0
2023-10-31 12:23:36,345 [WARN] PackLoader:240 - Cannot read IP mode file for emotas.I-CUBE-CANOPEN.1.3.0
2023-10-31 12:23:36,348 [WARN] PackLoader:240 - Cannot read IP mode file for STMicroelectronics.X-CUBE-TOUCHGFX.4.22.0
2023-10-31 12:23:36,351 [WARN] PackLoader:240 - Cannot read IP mode file for STMicroelectronics.X-CUBE-TOUCHGFX.4.22.1
2023-10-31 12:23:36,375 [WARN] PackLoader:240 - Cannot read IP mode file for STMicroelectronics.FP-SNS-SMARTAG2.1.2.0
2023-10-31 12:23:36,386 [INFO] LogOutputStream:77 - [STDOUT_REDIRECT] 1 : Invalid condition id : UX_CORESTACK_Condition cause : null
2023-10-31 12:23:36,386 [INFO] LogOutputStream:77 - [STDOUT_REDIRECT] 1 : Invalid condition id : UX_CORESTACK_Condition cause : null
2023-10-31 12:23:36,386 [INFO] LogOutputStream:77 - [STDOUT_REDIRECT] 1 : Invalid condition id : UX_CORESTACK_Condition cause : null
2023-10-31 12:23:36,387 [INFO] LogOutputStream:77 - [STDOUT_REDIRECT] 1 : Invalid condition id : UX_CORESTACK_Condition cause : null
2023-10-31 12:23:36,387 [INFO] LogOutputStream:77 - [STDOUT_REDIRECT] 1 : Invalid condition id : UX_CORESTACK_Condition cause : null
2023-10-31 12:23:36,391 [WARN] PackLoader:240 - Cannot read IP mode file for STMicroelectronics.X-CUBE-AZRTOS-WL.2.0.0
2023-10-31 12:23:36,399 [WARN] PackLoader:240 - Cannot read IP mode file for WES.I-CUBE-Cesium.1.3.0
2023-10-31 12:23:36,404 [WARN] PackLoader:240 - Cannot read IP mode file for STMicroelectronics.X-CUBE-BLE2.3.3.0
2023-10-31 12:23:36,411 [WARN] PackLoader:240 - Cannot read IP mode file for STMicroelectronics.X-CUBE-ALGOBUILD.1.3.0
2023-10-31 12:23:36,429 [WARN] PackLoader:240 - Cannot read IP mode file for STMicroelectronics.X-CUBE-AZRTOS-G0.1.1.0
2023-10-31 12:23:36,435 [WARN] PackLoader:240 - Cannot read IP mode file for STMicroelectronics.X-CUBE-NFC4.3.0.0
2023-10-31 12:23:36,440 [WARN] PackLoader:240 - Cannot read IP mode file for STMicroelectronics.FP-ATR-SIGFOX1.3.2.0
2023-10-31 12:23:36,472 [WARN] PackLoader:240 - Cannot read IP mode file for SEGGER.I-CUBE-embOS.1.3.1
2023-10-31 12:23:36,517 [WARN] PackLoader:240 - Cannot read IP mode file for STMicroelectronics.X-CUBE-GNSS1.6.0.0
2023-10-31 12:23:36,533 [WARN] PackLoader:240 - Cannot read IP mode file for STMicroelectronics.X-CUBE-AZRTOS-F4.1.1.0
2023-10-31 12:23:36,538 [WARN] PackLoader:240 - Cannot read IP mode file for wolfSSL.I-CUBE-wolfSSL.5.6.3
2023-10-31 12:23:36,554 [WARN] PackLoader:240 - Cannot read IP mode file for STMicroelectronics.X-CUBE-AZRTOS-L5.2.0.0
2023-10-31 12:23:36,591 [WARN] PackLoader:240 - Cannot read IP mode file for STMicroelectronics.X-CUBE-MEMS1.9.6.0
2023-10-31 12:23:36,752 [WARN] PackLoader:240 - Cannot read IP mode file for STMicroelectronics.X-CUBE-EEPRMA1.4.2.0
2023-10-31 12:23:36,756 [WARN] PackLoader:240 - Cannot read IP mode file for ITTIA_DB.I-CUBE-ITTIADB.8.8.0
2023-10-31 12:23:36,761 [WARN] PackLoader:240 - Cannot read IP mode file for STMicroelectronics.X-CUBE-BLEMGR.2.0.0
2023-10-31 12:23:36,779 [WARN] ConditionMgr:438 - getConditionDescription Invalid condition id : UX DEVICE CLASS RTOS Condition cause : null
2023-10-31 12:23:36,779 [WARN] ConditionMgr:438 - getConditionDescription Invalid condition id : UX DEVICE CLASS RTOS Condition cause : null
2023-10-31 12:23:36,781 [WARN] PackLoader:240 - Cannot read IP mode file for STMicroelectronics.X-CUBE-AZRTOS-H7.3.1.0
2023-10-31 12:23:36,782 [WARN] ConditionMgr:1039 - genDependencies : Invalid condition id : UX DEVICE CLASS RTOS Condition cause : null
2023-10-31 12:23:36,782 [WARN] ConditionMgr:1039 - genDependencies : Invalid condition id : UX DEVICE CLASS RTOS Condition cause : null
2023-10-31 12:23:36,783 [WARN] ConditionMgr:1039 - genDependencies : Invalid condition id : UX DEVICE CLASS RTOS Condition cause : null
2023-10-31 12:23:36,783 [WARN] ConditionMgr:1039 - genDependencies : Invalid condition id : UX DEVICE CLASS RTOS Condition cause : null
2023-10-31 12:23:36,783 [WARN] ConditionMgr:1039 - genDependencies : Invalid condition id : UX DEVICE CLASS RTOS Condition cause : null
2023-10-31 12:23:36,788 [WARN] PackLoader:240 - Cannot read IP mode file for STMicroelectronics.X-CUBE-NFC7.1.0.1
2023-10-31 12:23:36,795 [WARN] PackLoader:240 - Cannot read IP mode file for STMicroelectronics.X-CUBE-NFC6.3.0.0
2023-10-31 12:23:36,800 [WARN] PackLoader:240 - Cannot read IP mode file for STMicroelectronics.X-CUBE-EEPRMA1.4.1.0
2023-10-31 12:23:36,805 [WARN] PackLoader:240 - Cannot read IP mode file for STMicroelectronics.X-CUBE-AI.8.1.0
2023-10-31 12:23:36,819 [WARN] ConditionMgr:438 - getConditionDescription Invalid condition id : LAN8742 Phy interface Condition cause : null
2023-10-31 12:23:36,820 [WARN] PackLoader:240 - Cannot read IP mode file for STMicroelectronics.X-CUBE-AZRTOS-L4.2.0.0
2023-10-31 12:23:36,821 [WARN] ConditionMgr:1039 - genDependencies : Invalid condition id : LAN8742 Phy interface Condition cause : null
2023-10-31 12:23:36,821 [WARN] ConditionMgr:1039 - genDependencies : Invalid condition id : LAN8742 Phy interface Condition cause : null
2023-10-31 12:23:36,822 [WARN] ConditionMgr:1039 - genDependencies : Invalid condition id : LAN8742 Phy interface Condition cause : null
2023-10-31 12:23:36,828 [WARN] PackLoader:240 - Cannot read IP mode file for STMicroelectronics.X-CUBE-SFXS2LP1.4.0.0
2023-10-31 12:23:36,834 [WARN] PackLoader:240 - Cannot read IP mode file for STMicroelectronics.X-CUBE-ISPU.1.1.0
2023-10-31 12:23:36,847 [WARN] ConditionMgr:438 - getConditionDescription Invalid condition id : UX DEVICE CLASS RTOS Condition cause : null
2023-10-31 12:23:36,847 [WARN] ConditionMgr:438 - getConditionDescription Invalid condition id : UX DEVICE CLASS RTOS Condition cause : null
2023-10-31 12:23:36,849 [WARN] PackLoader:240 - Cannot read IP mode file for STMicroelectronics.X-CUBE-AZRTOS-WB.2.0.0
2023-10-31 12:23:36,850 [WARN] ConditionMgr:1039 - genDependencies : Invalid condition id : UX DEVICE CLASS RTOS Condition cause : null
2023-10-31 12:23:36,850 [WARN] ConditionMgr:1039 - genDependencies : Invalid condition id : UX DEVICE CLASS RTOS Condition cause : null
2023-10-31 12:23:36,850 [WARN] ConditionMgr:1039 - genDependencies : Invalid condition id : UX DEVICE CLASS RTOS Condition cause : null
2023-10-31 12:23:36,850 [WARN] ConditionMgr:1039 - genDependencies : Invalid condition id : UX DEVICE CLASS RTOS Condition cause : null
2023-10-31 12:23:36,851 [WARN] ConditionMgr:1039 - genDependencies : Invalid condition id : UX DEVICE CLASS RTOS Condition cause : null
2023-10-31 12:23:36,860 [WARN] PackLoader:240 - Cannot read IP mode file for STMicroelectronics.X-CUBE-SUBG2.5.0.0
2023-10-31 12:23:36,874 [WARN] PackLoader:240 - Cannot read IP mode file for STMicroelectronics.X-CUBE-TOF1.3.3.1
2023-10-31 12:23:36,897 [WARN] PackLoader:240 - Cannot read IP mode file for STMicroelectronics.X-CUBE-AZRTOS-G4.2.0.0
2023-10-31 12:23:36,912 [WARN] PackLoader:240 - Cannot read IP mode file for Infineon.AIROC-Wi-Fi-Bluetooth-STM32.1.5.1
2023-10-31 12:23:36,952 [WARN] PackLoader:240 - Cannot read IP mode file for STMicroelectronics.X-CUBE-MEMS1.10.0.0
2023-10-31 12:23:37,088 [WARN] PackLoader:240 - Cannot read IP mode file for STMicroelectronics.X-CUBE-FREERTOS.1.1.0
2023-10-31 12:23:37,092 [WARN] PackLoader:240 - Cannot read IP mode file for portGmbH.I-Cube-SoM-uGOAL.1.1.0
2023-10-31 12:23:37,095 [WARN] PackLoader:240 - Cannot read IP mode file for STMicroelectronics.X-CUBE-ALS.1.0.1
2023-10-31 12:23:37,098 [WARN] PackLoader:240 - Cannot read IP mode file for STMicroelectronics.FP-ATR-ASTRA1.2.0.0
2023-10-31 12:23:37,098 [INFO] ThirdParty:978 - Integrity check success = true
2023-10-31 12:23:37,099 [INFO] IntegrityCheckThread:100 - exiting critical section [integrity check]
2023-10-31 12:23:37,099 [INFO] IntegrityCheckThread:103 - End integrity checks thread
2023-10-31 12:23:57,156 [ERROR] LogOutputStream:75 - [STDERR_REDIRECT] SLF4J: Failed to load class "org.slf4j.impl.StaticLoggerBinder".
2023-10-31 12:23:57,157 [ERROR] LogOutputStream:75 - [STDERR_REDIRECT] SLF4J: Defaulting to no-operation (NOP) logger implementation
2023-10-31 12:23:57,158 [ERROR] LogOutputStream:75 - [STDERR_REDIRECT] SLF4J: See http://www.slf4j.org/codes.html#StaticLoggerBinder for further details.
2023-10-31 12:24:43,686 [ERROR] LogOutputStream:75 - [STDERR_REDIRECT] 
