2023-12-03 18:22:35,381 [INFO] Activator:176 - 


2023-12-03 18:22:35,382 [INFO] Activator:177 - !SESSION log4j initialized
2023-12-03 18:22:35,927 [ERROR] LogOutputStream:75 - [STDERR_REDIRECT] 
2023-12-03 18:22:39,345 [INFO] LogOutputStream:77 - [STDOUT_REDIRECT] 
2023-12-03 18:22:39,587 [ERROR] LogOutputStream:75 - [STDERR_REDIRECT] java.net.URISyntaxException: Illegal character in path at index 47: file:/Users/jianghui/Documents/GitHub/ss_hw/H06 A/A2/.metadata/.log4j2.xml
2023-12-03 18:22:39,587 [ERROR] LogOutputStream:75 - [STDERR_REDIRECT] 	at java.base/java.net.URI$Parser.fail(URI.java:2974)
2023-12-03 18:22:39,588 [ERROR] LogOutputStream:75 - [STDERR_REDIRECT] 	at java.base/java.net.URI$Parser.checkChars(URI.java:3145)
2023-12-03 18:22:39,588 [ERROR] LogOutputStream:75 - [STDERR_REDIRECT] 	at java.base/java.net.URI$Parser.parseHierarchical(URI.java:3227)
2023-12-03 18:22:39,588 [ERROR] LogOutputStream:75 - [STDERR_REDIRECT] 	at java.base/java.net.URI$Parser.parse(URI.java:3175)
2023-12-03 18:22:39,589 [ERROR] LogOutputStream:75 - [STDERR_REDIRECT] 	at java.base/java.net.URI.<init>(URI.java:623)
2023-12-03 18:22:39,589 [ERROR] LogOutputStream:75 - [STDERR_REDIRECT] 	at java.base/java.net.URL.toURI(URL.java:1056)
2023-12-03 18:22:39,590 [ERROR] LogOutputStream:75 - [STDERR_REDIRECT] 	at com.st.stm32cube.common.mx.core.CubeMxInstance.getInstance(CubeMxInstance.java:81)
2023-12-03 18:22:39,590 [ERROR] LogOutputStream:75 - [STDERR_REDIRECT] 	at com.st.stm32cube.common.mx.userauth.UserAuthAdapter.<init>(UserAuthAdapter.java:18)
2023-12-03 18:22:39,591 [ERROR] LogOutputStream:75 - [STDERR_REDIRECT] 	at com.st.stm32cube.common.mx.userauth.UserAuthProvider.getUserAuthAdapter(UserAuthProvider.java:9)
2023-12-03 18:22:39,592 [ERROR] LogOutputStream:75 - [STDERR_REDIRECT] 	at com.st.stm32cube.common.ecosystemintegration.ui.core.MCUEcoSystemIntegrationUiHelper.getUserAuth(MCUEcoSystemIntegrationUiHelper.java:100)
2023-12-03 18:22:39,592 [ERROR] LogOutputStream:75 - [STDERR_REDIRECT] 	at com.st.stm32cube.ide.mcu.userauth.UserAuthStartup.earlyStartup(UserAuthStartup.java:41)
2023-12-03 18:22:39,592 [ERROR] LogOutputStream:75 - [STDERR_REDIRECT] 	at org.eclipse.ui.internal.EarlyStartupRunnable.runEarlyStartup(EarlyStartupRunnable.java:79)
2023-12-03 18:22:39,592 [ERROR] LogOutputStream:75 - [STDERR_REDIRECT] 	at org.eclipse.ui.internal.EarlyStartupRunnable.run(EarlyStartupRunnable.java:55)
2023-12-03 18:22:39,592 [ERROR] LogOutputStream:75 - [STDERR_REDIRECT] 	at org.eclipse.core.runtime.SafeRunner.run(SafeRunner.java:45)
2023-12-03 18:22:39,593 [ERROR] LogOutputStream:75 - [STDERR_REDIRECT] 	at org.eclipse.ui.internal.Workbench$39.run(Workbench.java:2656)
2023-12-03 18:22:39,593 [ERROR] LogOutputStream:75 - [STDERR_REDIRECT] 	at org.eclipse.core.internal.jobs.Worker.run(Worker.java:63)
2023-12-03 18:22:40,861 [INFO] ApplicationProperties:184 - Using Application install path: /Applications/STM32CubeIDE.app/Contents/Eclipse/plugins/com.st.stm32cube.common.mx_6.9.2.202309101412
2023-12-03 18:22:40,877 [INFO] DbMcusXml:78 - Set database path to: /Applications/STM32CubeIDE.app/Contents/Eclipse/plugins/com.st.stm32cube.common.mx_6.9.2.202309101412//db//mcu/
2023-12-03 18:22:40,877 [INFO] ApiDb:274 - Set plugin database path to: /Applications/STM32CubeIDE.app/Contents/Eclipse/plugins/com.st.stm32cube.common.mx_6.9.2.202309101412//db//plugins/boardmanager/
2023-12-03 18:22:40,878 [WARN] ApiDb:259 - Overriding images path with different value:  => /Applications/STM32CubeIDE.app/Contents/Eclipse/plugins/com.st.stm32cube.common.mx_6.9.2.202309101412//db//plugins/mcufinder/images/
2023-12-03 18:22:40,887 [INFO] ApiDb:250 - Set database path to: /Users/jianghui/.stmcufinder/plugins/mcufinder//mcu/
2023-12-03 18:22:40,888 [INFO] DbMcusAds:125 - Set database path to: /Users/jianghui/.stmcufinder/plugins/mcufinder//mcu/
2023-12-03 18:22:40,891 [INFO] CrossReferenceDbSqlite:203 - Set database path to: /Users/jianghui/.stmcufinder/plugins/mcufinder//mcu/cs/
2023-12-03 18:22:40,985 [INFO] RulesReader:64 - Compatibility file has been processed (293 Rules)
2023-12-03 18:22:41,049 [INFO] DbMcusXml:78 - Set database path to: /Applications/STM32CubeIDE.app/Contents/Eclipse/plugins/com.st.stm32cube.common.mx_6.9.2.202309101412//db//mcu/
2023-12-03 18:22:41,049 [INFO] ApiDb:274 - Set plugin database path to: /Applications/STM32CubeIDE.app/Contents/Eclipse/plugins/com.st.stm32cube.common.mx_6.9.2.202309101412//db//plugins/boardmanager/
2023-12-03 18:22:41,050 [INFO] ApiDb:261 - Set plugin images path to: /Applications/STM32CubeIDE.app/Contents/Eclipse/plugins/com.st.stm32cube.common.mx_6.9.2.202309101412//db//plugins/mcufinder/images/
2023-12-03 18:22:41,050 [WARN] DbFile:41 - Overriding database path with different value: /Users/jianghui/.stmcufinder/plugins/mcufinder/ => /Users/jianghui/.stmcufinder/plugins/mcufinder
2023-12-03 18:22:41,050 [INFO] ApiDb:250 - Set database path to: /Users/jianghui/.stmcufinder/plugins/mcufinder//mcu/
2023-12-03 18:22:41,050 [WARN] DbFile:41 - Overriding database path with different value: /Users/jianghui/.stmcufinder/plugins/mcufinder/ => /Users/jianghui/.stmcufinder/plugins/mcufinder
2023-12-03 18:22:41,050 [INFO] DbMcusAds:125 - Set database path to: /Users/jianghui/.stmcufinder/plugins/mcufinder//mcu/
2023-12-03 18:22:41,050 [WARN] DbFile:41 - Overriding database path with different value: /Users/jianghui/.stmcufinder/plugins/mcufinder/ => /Users/jianghui/.stmcufinder/plugins/mcufinder
2023-12-03 18:22:41,051 [WARN] DbFile:41 - Overriding database path with different value: /Users/jianghui/.stmcufinder/plugins/mcufinder/ => /Users/jianghui/.stmcufinder/plugins/mcufinder
2023-12-03 18:22:41,051 [INFO] CrossReferenceDbSqlite:203 - Set database path to: /Users/jianghui/.stmcufinder/plugins/mcufinder//mcu/cs/
2023-12-03 18:22:41,107 [INFO] MainPanel:262 - HeapMemory: 268435456
2023-12-03 18:22:41,166 [INFO] DbMcusXml:78 - Set database path to: /Applications/STM32CubeIDE.app/Contents/Eclipse/plugins/com.st.stm32cube.common.mx_6.9.2.202309101412//db//mcu/
2023-12-03 18:22:41,166 [INFO] ApiDb:274 - Set plugin database path to: /Applications/STM32CubeIDE.app/Contents/Eclipse/plugins/com.st.stm32cube.common.mx_6.9.2.202309101412//db//plugins/boardmanager/
2023-12-03 18:22:41,166 [INFO] ApiDb:261 - Set plugin images path to: /Applications/STM32CubeIDE.app/Contents/Eclipse/plugins/com.st.stm32cube.common.mx_6.9.2.202309101412//db//plugins/mcufinder/images/
2023-12-03 18:22:41,167 [WARN] DbFile:41 - Overriding database path with different value: /Users/jianghui/.stmcufinder/plugins/mcufinder/ => /Users/jianghui/.stmcufinder/plugins/mcufinder
2023-12-03 18:22:41,167 [INFO] ApiDb:250 - Set database path to: /Users/jianghui/.stmcufinder/plugins/mcufinder//mcu/
2023-12-03 18:22:41,167 [WARN] DbFile:41 - Overriding database path with different value: /Users/jianghui/.stmcufinder/plugins/mcufinder/ => /Users/jianghui/.stmcufinder/plugins/mcufinder
2023-12-03 18:22:41,167 [INFO] DbMcusAds:125 - Set database path to: /Users/jianghui/.stmcufinder/plugins/mcufinder//mcu/
2023-12-03 18:22:41,167 [WARN] DbFile:41 - Overriding database path with different value: /Users/jianghui/.stmcufinder/plugins/mcufinder/ => /Users/jianghui/.stmcufinder/plugins/mcufinder
2023-12-03 18:22:41,167 [WARN] DbFile:41 - Overriding database path with different value: /Users/jianghui/.stmcufinder/plugins/mcufinder/ => /Users/jianghui/.stmcufinder/plugins/mcufinder
2023-12-03 18:22:41,167 [INFO] CrossReferenceDbSqlite:203 - Set database path to: /Users/jianghui/.stmcufinder/plugins/mcufinder//mcu/cs/
2023-12-03 18:22:41,180 [INFO] ApplicationProperties:184 - Using Application install path: /Applications/STM32CubeIDE.app/Contents/Eclipse/plugins/com.st.stm32cube.common.mx_6.9.2.202309101412
2023-12-03 18:22:41,181 [INFO] PluginManage:196 - Search for loadable plugins [exclusion list=, ]
2023-12-03 18:22:41,183 [INFO] PluginManage:310 - Check plugin analytics
2023-12-03 18:22:41,334 [INFO] AnalyticsPlugin:253 - Accepted Software Licenses: 
2023-12-03 18:22:41,334 [INFO] AnalyticsPlugin:255 - Accepted CMSIS Pack Licenses: 
2023-12-03 18:22:41,334 [INFO] AnalyticsPlugin:257 - Accepted Firmware Licenses: FW.F4.1.27.0
2023-12-03 18:22:41,336 [INFO] PluginManage:359 - Loaded plugin analytics (category:tool,tabindex:-1)
2023-12-03 18:22:41,337 [INFO] PluginManage:310 - Check plugin cadmodel
2023-12-03 18:22:41,654 [INFO] CADModel:105 - Init CAD model plugin
2023-12-03 18:22:41,659 [INFO] PluginManage:359 - Loaded plugin cadmodel (category:power,tabindex:5)
2023-12-03 18:22:41,660 [INFO] PluginManage:310 - Check plugin clock
2023-12-03 18:22:41,667 [INFO] PluginManage:359 - Loaded plugin clock (category:base,tabindex:2)
2023-12-03 18:22:41,668 [INFO] PluginManage:310 - Check plugin ddr
2023-12-03 18:22:41,670 [INFO] PluginManage:359 - Loaded plugin ddr (category:tool,tabindex:6)
2023-12-03 18:22:41,671 [INFO] PluginManage:310 - Check plugin filemanager
2023-12-03 18:22:41,776 [INFO] PluginManage:359 - Loaded plugin filemanager (category:base,tabindex:10)
2023-12-03 18:22:41,777 [INFO] PluginManage:310 - Check plugin ipmanager
2023-12-03 18:22:41,782 [INFO] PluginManage:359 - Loaded plugin ipmanager (category:base,tabindex:5)
2023-12-03 18:22:41,782 [INFO] PluginManage:310 - Check plugin lpbam
2023-12-03 18:22:41,790 [INFO] PluginManage:359 - Loaded plugin lpbam (category:base,tabindex:0)
2023-12-03 18:22:41,790 [INFO] PluginManage:310 - Check plugin memorymap
2023-12-03 18:22:41,799 [INFO] PluginManage:359 - Loaded plugin memorymap (category:base,tabindex:4)
2023-12-03 18:22:41,799 [INFO] PluginManage:310 - Check plugin pinoutandconfiguration
2023-12-03 18:22:41,805 [INFO] PluginManage:359 - Loaded plugin pinoutandconfiguration (category:base,tabindex:1)
2023-12-03 18:22:41,805 [INFO] PluginManage:310 - Check plugin pinoutconfig
2023-12-03 18:22:41,872 [WARN] SupportedApi:132 - Cannot load RTOS API schema: s4s-elt-must-match.1: The content of 'definitions' must match (annotation?, (simpleType | complexType)?, (unique | key | keyref)*)). A problem was found starting at: attribute.
2023-12-03 18:22:41,976 [INFO] PluginManage:359 - Loaded plugin pinoutconfig (category:base,tabindex:0)
2023-12-03 18:22:41,976 [INFO] PluginManage:310 - Check plugin power
2023-12-03 18:22:41,984 [INFO] PluginManage:359 - Loaded plugin power (category:power,tabindex:4)
2023-12-03 18:22:41,984 [INFO] PluginManage:310 - Check plugin projectmanager
2023-12-03 18:22:41,997 [INFO] PluginManage:359 - Loaded plugin projectmanager (category:projectmanager,tabindex:3)
2023-12-03 18:22:41,997 [INFO] PluginManage:310 - Check plugin thirdparty
2023-12-03 18:22:42,098 [INFO] PluginManage:359 - Loaded plugin thirdparty (category:base,tabindex:-1)
2023-12-03 18:22:42,098 [WARN] IntegrityCheckThread:84 - waiting for thirdparty lock release [integrity check]
2023-12-03 18:22:42,099 [INFO] PluginManage:310 - Check plugin tools
2023-12-03 18:22:42,099 [INFO] IntegrityCheckThread:86 - entering critical section [integrity check]
2023-12-03 18:22:42,099 [INFO] ThirdPartyUpdaterWithRetryManager:70 - Updater plugin not ready yet. [1/15]
2023-12-03 18:22:42,100 [INFO] PluginManage:359 - Loaded plugin tools (category:base,tabindex:7)
2023-12-03 18:22:42,101 [INFO] PluginManage:310 - Check plugin tutovideos
2023-12-03 18:22:42,295 [INFO] PluginManage:359 - Loaded plugin tutovideos (category:base,tabindex:-1)
2023-12-03 18:22:42,295 [INFO] PluginManage:310 - Check plugin updater
2023-12-03 18:22:42,304 [INFO] PluginManage:359 - Loaded plugin updater (category:base,tabindex:12)
2023-12-03 18:22:42,304 [INFO] PluginManage:310 - Check plugin userauth
2023-12-03 18:22:42,308 [INFO] UserAuth:113 - Init User Auth plugin
2023-12-03 18:22:42,308 [INFO] PluginManage:359 - Loaded plugin userauth (category:base,tabindex:14)
2023-12-03 18:22:42,308 [INFO] PluginManage:283 - PluginManage : Loaded plugins [17]
2023-12-03 18:22:42,443 [INFO] PinOutPanel:1499 - setPackage(No Configuration,No Configuration)
2023-12-03 18:22:42,516 [INFO] CADModel:165 - CPN selected for project level
2023-12-03 18:22:42,516 [INFO] CADModel:114 - Register for checkConnection events
2023-12-03 18:22:42,526 [INFO] IPUIPlugin:80 - create IPUIPlugin
2023-12-03 18:22:42,526 [INFO] PluginManager:220 - loadIPPluginJar : add mdma
2023-12-03 18:22:42,532 [INFO] IPUIPlugin:80 - create IPUIPlugin
2023-12-03 18:22:42,533 [INFO] PluginManager:220 - loadIPPluginJar : add freertos
2023-12-03 18:22:42,537 [INFO] IPUIPlugin:80 - create IPUIPlugin
2023-12-03 18:22:42,537 [INFO] PluginManager:220 - loadIPPluginJar : add gic
2023-12-03 18:22:42,544 [INFO] IPUIPlugin:80 - create IPUIPlugin
2023-12-03 18:22:42,544 [INFO] PluginManager:220 - loadIPPluginJar : add adc
2023-12-03 18:22:42,546 [INFO] IPUIPlugin:80 - create IPUIPlugin
2023-12-03 18:22:42,546 [INFO] PluginManager:220 - loadIPPluginJar : add gtzc
2023-12-03 18:22:42,547 [INFO] IPUIPlugin:80 - create IPUIPlugin
2023-12-03 18:22:42,547 [INFO] PluginManager:220 - loadIPPluginJar : add quadspi
2023-12-03 18:22:42,548 [INFO] IPUIPlugin:80 - create IPUIPlugin
2023-12-03 18:22:42,548 [INFO] PluginManager:220 - loadIPPluginJar : add aes
2023-12-03 18:22:42,550 [INFO] IPUIPlugin:80 - create IPUIPlugin
2023-12-03 18:22:42,550 [INFO] PluginManager:220 - loadIPPluginJar : add pdm2pcm
2023-12-03 18:22:42,551 [INFO] IPUIPlugin:80 - create IPUIPlugin
2023-12-03 18:22:42,551 [INFO] PluginManager:220 - loadIPPluginJar : add hash
2023-12-03 18:22:42,552 [INFO] IPUIPlugin:80 - create IPUIPlugin
2023-12-03 18:22:42,552 [INFO] PluginManager:220 - loadIPPluginJar : add tim
2023-12-03 18:22:42,553 [INFO] IPUIPlugin:80 - create IPUIPlugin
2023-12-03 18:22:42,553 [INFO] PluginManager:220 - loadIPPluginJar : add tsc
2023-12-03 18:22:42,554 [INFO] IPUIPlugin:80 - create IPUIPlugin
2023-12-03 18:22:42,554 [INFO] PluginManager:220 - loadIPPluginJar : add ts
2023-12-03 18:22:42,556 [INFO] IPUIPlugin:80 - create IPUIPlugin
2023-12-03 18:22:42,556 [INFO] PluginManager:220 - loadIPPluginJar : add can
2023-12-03 18:22:42,557 [INFO] IPUIPlugin:80 - create IPUIPlugin
2023-12-03 18:22:42,558 [INFO] PluginManager:220 - loadIPPluginJar : add dma3
2023-12-03 18:22:42,559 [INFO] IPUIPlugin:80 - create IPUIPlugin
2023-12-03 18:22:42,560 [INFO] PluginManager:220 - loadIPPluginJar : add dfsdm
2023-12-03 18:22:42,562 [INFO] IPUIPlugin:80 - create IPUIPlugin
2023-12-03 18:22:42,562 [INFO] PluginManager:220 - loadIPPluginJar : add spi
2023-12-03 18:22:42,564 [INFO] IPUIPlugin:80 - create IPUIPlugin
2023-12-03 18:22:42,564 [INFO] PluginManager:220 - loadIPPluginJar : add gfxmmu
2023-12-03 18:22:42,565 [INFO] IPUIPlugin:80 - create IPUIPlugin
2023-12-03 18:22:42,565 [INFO] PluginManager:220 - loadIPPluginJar : add genericplugin
2023-12-03 18:22:42,566 [INFO] IPUIPlugin:80 - create IPUIPlugin
2023-12-03 18:22:42,566 [INFO] PluginManager:220 - loadIPPluginJar : add cryp
2023-12-03 18:22:42,569 [INFO] IPUIPlugin:80 - create IPUIPlugin
2023-12-03 18:22:42,569 [INFO] PluginManager:220 - loadIPPluginJar : add gpio
2023-12-03 18:22:42,570 [INFO] IPUIPlugin:80 - create IPUIPlugin
2023-12-03 18:22:42,571 [INFO] PluginManager:220 - loadIPPluginJar : add comp
2023-12-03 18:22:42,572 [INFO] IPUIPlugin:80 - create IPUIPlugin
2023-12-03 18:22:42,572 [INFO] PluginManager:220 - loadIPPluginJar : add tracer_emb
2023-12-03 18:22:42,574 [INFO] IPUIPlugin:80 - create IPUIPlugin
2023-12-03 18:22:42,575 [INFO] PluginManager:220 - loadIPPluginJar : add openamp
2023-12-03 18:22:42,579 [INFO] IPUIPlugin:80 - create IPUIPlugin
2023-12-03 18:22:42,579 [INFO] PluginManager:220 - loadIPPluginJar : add stm32_wpan
2023-12-03 18:22:42,584 [INFO] IPUIPlugin:80 - create IPUIPlugin
2023-12-03 18:22:42,586 [INFO] PluginManager:220 - loadIPPluginJar : add plateformsettings
2023-12-03 18:22:42,589 [INFO] IPUIPlugin:80 - create IPUIPlugin
2023-12-03 18:22:42,590 [INFO] PluginManager:220 - loadIPPluginJar : add ipddr
2023-12-03 18:22:42,591 [INFO] IPUIPlugin:80 - create IPUIPlugin
2023-12-03 18:22:42,592 [INFO] PluginManager:220 - loadIPPluginJar : add usart
2023-12-03 18:22:42,593 [INFO] IPUIPlugin:80 - create IPUIPlugin
2023-12-03 18:22:42,593 [INFO] PluginManager:220 - loadIPPluginJar : add ltdc
2023-12-03 18:22:42,595 [INFO] IPUIPlugin:80 - create IPUIPlugin
2023-12-03 18:22:42,595 [INFO] PluginManager:220 - loadIPPluginJar : add nvic
2023-12-03 18:22:42,596 [INFO] IPUIPlugin:80 - create IPUIPlugin
2023-12-03 18:22:42,596 [INFO] PluginManager:220 - loadIPPluginJar : add fatfs
2023-12-03 18:22:42,601 [INFO] IPUIPlugin:80 - create IPUIPlugin
2023-12-03 18:22:42,601 [INFO] PluginManager:220 - loadIPPluginJar : add linkedlist
2023-12-03 18:22:42,605 [INFO] IPUIPlugin:80 - create IPUIPlugin
2023-12-03 18:22:42,605 [INFO] PluginManager:220 - loadIPPluginJar : add dma
2023-12-03 18:22:42,608 [INFO] IPUIPlugin:80 - create IPUIPlugin
2023-12-03 18:22:42,608 [INFO] PluginManager:220 - loadIPPluginJar : add fmc
2023-12-03 18:22:42,610 [INFO] IPUIPlugin:80 - create IPUIPlugin
2023-12-03 18:22:42,610 [INFO] PluginManager:220 - loadIPPluginJar : add i2s
2023-12-03 18:22:42,611 [INFO] IPUIPlugin:80 - create IPUIPlugin
2023-12-03 18:22:42,611 [INFO] PluginManager:220 - loadIPPluginJar : add ucpd
2023-12-03 18:22:42,613 [INFO] IPUIPlugin:80 - create IPUIPlugin
2023-12-03 18:22:42,613 [INFO] PluginManager:220 - loadIPPluginJar : add lorawan
2023-12-03 18:22:42,614 [INFO] IPUIPlugin:80 - create IPUIPlugin
2023-12-03 18:22:42,614 [INFO] PluginManager:220 - loadIPPluginJar : add opamp
2023-12-03 18:22:42,616 [INFO] IPUIPlugin:80 - create IPUIPlugin
2023-12-03 18:22:42,616 [INFO] PluginManager:220 - loadIPPluginJar : add i3c
2023-12-03 18:22:42,617 [INFO] IPUIPlugin:80 - create IPUIPlugin
2023-12-03 18:22:42,618 [INFO] PluginManager:220 - loadIPPluginJar : add touchsensing
2023-12-03 18:22:42,619 [INFO] IPUIPlugin:80 - create IPUIPlugin
2023-12-03 18:22:42,619 [INFO] PluginManager:220 - loadIPPluginJar : add i2c
2023-12-03 18:22:42,622 [INFO] IPUIPlugin:80 - create IPUIPlugin
2023-12-03 18:22:42,622 [INFO] PluginManager:220 - loadIPPluginJar : add resmgrutility
2023-12-03 18:22:42,623 [INFO] IPUIPlugin:80 - create IPUIPlugin
2023-12-03 18:22:42,623 [INFO] PluginManager:220 - loadIPPluginJar : add sai
2023-12-03 18:22:42,625 [INFO] IPUIPlugin:80 - create IPUIPlugin
2023-12-03 18:22:42,625 [INFO] PluginManager:220 - loadIPPluginJar : add usbx
2023-12-03 18:22:42,717 [INFO] CADModel:165 - CPN selected for project level
2023-12-03 18:22:42,717 [INFO] CADModel:114 - Register for checkConnection events
2023-12-03 18:22:42,717 [FATAL] Updater:308 - Updater called before beeing initialized
2023-12-03 18:22:42,717 [ERROR] CADModel:125 - Updater not yet initialized, retry later 
2023-12-03 18:22:43,167 [INFO] CADModel:165 - CPN selected for project level
2023-12-03 18:22:43,167 [INFO] CADModel:114 - Register for checkConnection events
2023-12-03 18:22:43,167 [FATAL] Updater:308 - Updater called before beeing initialized
2023-12-03 18:22:43,167 [ERROR] CADModel:125 - Updater not yet initialized, retry later 
2023-12-03 18:22:43,170 [FATAL] Updater:308 - Updater called before beeing initialized
2023-12-03 18:22:43,237 [FATAL] Updater:308 - Updater called before beeing initialized
2023-12-03 18:22:43,242 [INFO] DbMcusAds:53 - JSON generation date=Tue Mar 07 09:50:55 CET 2023 (1678179055335)
2023-12-03 18:22:43,242 [FATAL] Updater:308 - Updater called before beeing initialized
2023-12-03 18:22:43,292 [WARN] DetailPanel:346 - Failed to get advertising image, set to default
2023-12-03 18:22:43,376 [FATAL] Updater:308 - Updater called before beeing initialized
2023-12-03 18:22:43,378 [FATAL] Updater:308 - Updater called before beeing initialized
2023-12-03 18:22:43,378 [FATAL] Updater:308 - Updater called before beeing initialized
2023-12-03 18:22:43,378 [WARN] DetailPanel:346 - Failed to get advertising image, set to default
2023-12-03 18:22:43,379 [FATAL] Updater:308 - Updater called before beeing initialized
2023-12-03 18:22:43,404 [ERROR] Updater:1120 - MainUpdater not yet initialized. External WinMGr cannot be set.
2023-12-03 18:22:43,424 [INFO] Updater:1056 - Updater Version found : 6.9.2
2023-12-03 18:22:43,438 [INFO] ApplicationProperties:184 - Using Application install path: /Applications/STM32CubeIDE.app/Contents/Eclipse/plugins/com.st.stm32cube.common.mx_6.9.2.202309101412
2023-12-03 18:22:43,576 [INFO] MainUpdater:2868 - connection check result : 10
2023-12-03 18:22:43,577 [INFO] MainUpdater:285 - Updater Check For Update Now.
2023-12-03 18:22:43,577 [INFO] MicroXplorer:498 - Change Database Version : DB.6.0.92
2023-12-03 18:22:43,585 [INFO] McuFinderGlobals:63 - Set McuFinder mode to 2 (CubeIDE integrated)
2023-12-03 18:22:43,585 [INFO] UserAuth:179 - activating auth plugin
2023-12-03 18:22:43,587 [INFO] UserAuth:393 - Internet connection configuration mode: 1
2023-12-03 18:22:43,596 [INFO] JxBrowserEngine:151 - Initiate JxBrowser Engine with user profile folder
2023-12-03 18:22:43,747 [INFO] CheckServerUpdateThread:120 - End of CheckServer Thread
2023-12-03 18:22:44,277 [INFO] WebApp:157 - Instantiating new browser for Auth
2023-12-03 18:22:44,752 [INFO] WebApp:753 - Register for checkConnection events
2023-12-03 18:22:44,755 [INFO] WebApp:390 - Apply proxy settings
2023-12-03 18:22:44,760 [INFO] WebApp:455 - Chromium authenticates against System proxy
2023-12-03 18:22:44,938 [INFO] WebApp:188 - Starting web application
2023-12-03 18:22:44,956 [INFO] WebApp:520 - Web application path used /Applications/STM32CubeIDE.app/Contents/Eclipse/plugins/com.st.stm32cube.common.mx_6.9.2.202309101412/db/plugins/mcufinder/reactClient1/index.html
2023-12-03 18:22:45,247 [WARN] PackLoader:240 - Cannot read IP mode file for STMicroelectronics.X-CUBE-SMBUS.2.1.0
2023-12-03 18:22:45,287 [WARN] PackLoader:240 - Cannot read IP mode file for STMicroelectronics.X-CUBE-AZRTOS-F7.1.1.0
2023-12-03 18:22:45,301 [WARN] PackLoader:240 - Cannot read IP mode file for STMicroelectronics.FP-SNS-MOTENV1.4.3.2
2023-12-03 18:22:45,309 [WARN] PackLoader:240 - Cannot read IP mode file for STMicroelectronics.FP-SNS-FLIGHT1.5.0.2
2023-12-03 18:22:45,319 [WARN] PackLoader:240 - Cannot read IP mode file for STMicroelectronics.X-CUBE-DISPLAY.3.0.0
2023-12-03 18:22:45,331 [WARN] PackLoader:240 - Cannot read IP mode file for STMicroelectronics.X-CUBE-BLE1.7.0.0
2023-12-03 18:22:45,337 [WARN] PackLoader:240 - Cannot read IP mode file for emotas.I-CUBE-CANOPEN.1.3.0
2023-12-03 18:22:45,340 [WARN] PackLoader:240 - Cannot read IP mode file for STMicroelectronics.X-CUBE-TOUCHGFX.4.22.0
2023-12-03 18:22:45,343 [WARN] PackLoader:240 - Cannot read IP mode file for STMicroelectronics.X-CUBE-TOUCHGFX.4.22.1
2023-12-03 18:22:45,348 [WARN] PackLoader:240 - Cannot read IP mode file for STMicroelectronics.FP-SNS-SMARTAG2.1.2.0
2023-12-03 18:22:45,360 [INFO] LogOutputStream:77 - [STDOUT_REDIRECT] 1 : Invalid condition id : UX_CORESTACK_Condition cause : null
2023-12-03 18:22:45,360 [INFO] LogOutputStream:77 - [STDOUT_REDIRECT] 1 : Invalid condition id : UX_CORESTACK_Condition cause : null
2023-12-03 18:22:45,360 [INFO] LogOutputStream:77 - [STDOUT_REDIRECT] 1 : Invalid condition id : UX_CORESTACK_Condition cause : null
2023-12-03 18:22:45,360 [INFO] LogOutputStream:77 - [STDOUT_REDIRECT] 1 : Invalid condition id : UX_CORESTACK_Condition cause : null
2023-12-03 18:22:45,360 [INFO] LogOutputStream:77 - [STDOUT_REDIRECT] 1 : Invalid condition id : UX_CORESTACK_Condition cause : null
2023-12-03 18:22:45,365 [WARN] PackLoader:240 - Cannot read IP mode file for STMicroelectronics.X-CUBE-AZRTOS-WL.2.0.0
2023-12-03 18:22:45,372 [WARN] PackLoader:240 - Cannot read IP mode file for WES.I-CUBE-Cesium.1.3.0
2023-12-03 18:22:45,377 [WARN] PackLoader:240 - Cannot read IP mode file for STMicroelectronics.X-CUBE-BLE2.3.3.0
2023-12-03 18:22:45,384 [WARN] PackLoader:240 - Cannot read IP mode file for STMicroelectronics.X-CUBE-ALGOBUILD.1.3.0
2023-12-03 18:22:45,407 [WARN] PackLoader:240 - Cannot read IP mode file for STMicroelectronics.X-CUBE-AZRTOS-G0.1.1.0
2023-12-03 18:22:45,414 [WARN] PackLoader:240 - Cannot read IP mode file for STMicroelectronics.X-CUBE-NFC4.3.0.0
2023-12-03 18:22:45,427 [WARN] PackLoader:240 - Cannot read IP mode file for STMicroelectronics.X-CUBE-BLEMGR.3.0.0
2023-12-03 18:22:45,433 [WARN] PackLoader:240 - Cannot read IP mode file for STMicroelectronics.FP-ATR-SIGFOX1.3.2.0
2023-12-03 18:22:45,470 [WARN] PackLoader:240 - Cannot read IP mode file for SEGGER.I-CUBE-embOS.1.3.1
2023-12-03 18:22:45,506 [WARN] PackLoader:240 - Cannot read IP mode file for STMicroelectronics.X-CUBE-GNSS1.6.0.0
2023-12-03 18:22:45,521 [WARN] PackLoader:240 - Cannot read IP mode file for STMicroelectronics.X-CUBE-AZRTOS-F4.1.1.0
2023-12-03 18:22:45,544 [WARN] PackLoader:240 - Cannot read IP mode file for wolfSSL.I-CUBE-wolfSSL.5.6.3
2023-12-03 18:22:45,561 [WARN] PackLoader:240 - Cannot read IP mode file for STMicroelectronics.X-CUBE-AZRTOS-L5.2.0.0
2023-12-03 18:22:45,604 [WARN] PackLoader:240 - Cannot read IP mode file for STMicroelectronics.X-CUBE-MEMS1.9.6.0
2023-12-03 18:22:45,794 [WARN] PackLoader:240 - Cannot read IP mode file for STMicroelectronics.X-CUBE-EEPRMA1.4.2.0
2023-12-03 18:22:45,799 [WARN] PackLoader:240 - Cannot read IP mode file for ITTIA_DB.I-CUBE-ITTIADB.8.8.0
2023-12-03 18:22:45,811 [WARN] PackLoader:240 - Cannot read IP mode file for STMicroelectronics.X-CUBE-BLEMGR.2.0.0
2023-12-03 18:22:45,834 [WARN] ConditionMgr:438 - getConditionDescription Invalid condition id : UX DEVICE CLASS RTOS Condition cause : null
2023-12-03 18:22:45,834 [WARN] ConditionMgr:438 - getConditionDescription Invalid condition id : UX DEVICE CLASS RTOS Condition cause : null
2023-12-03 18:22:45,839 [WARN] PackLoader:240 - Cannot read IP mode file for STMicroelectronics.X-CUBE-AZRTOS-H7.3.1.0
2023-12-03 18:22:45,841 [WARN] ConditionMgr:1039 - genDependencies : Invalid condition id : UX DEVICE CLASS RTOS Condition cause : null
2023-12-03 18:22:45,841 [WARN] ConditionMgr:1039 - genDependencies : Invalid condition id : UX DEVICE CLASS RTOS Condition cause : null
2023-12-03 18:22:45,842 [WARN] ConditionMgr:1039 - genDependencies : Invalid condition id : UX DEVICE CLASS RTOS Condition cause : null
2023-12-03 18:22:45,842 [WARN] ConditionMgr:1039 - genDependencies : Invalid condition id : UX DEVICE CLASS RTOS Condition cause : null
2023-12-03 18:22:45,842 [WARN] ConditionMgr:1039 - genDependencies : Invalid condition id : UX DEVICE CLASS RTOS Condition cause : null
2023-12-03 18:22:45,849 [WARN] PackLoader:240 - Cannot read IP mode file for STMicroelectronics.X-CUBE-NFC7.1.0.1
2023-12-03 18:22:45,858 [WARN] PackLoader:240 - Cannot read IP mode file for STMicroelectronics.X-CUBE-NFC6.3.0.0
2023-12-03 18:22:45,866 [WARN] PackLoader:240 - Cannot read IP mode file for STMicroelectronics.X-CUBE-EEPRMA1.4.1.0
2023-12-03 18:22:45,870 [WARN] PackLoader:240 - Cannot read IP mode file for STMicroelectronics.X-CUBE-AI.8.1.0
2023-12-03 18:22:45,893 [WARN] ConditionMgr:438 - getConditionDescription Invalid condition id : LAN8742 Phy interface Condition cause : null
2023-12-03 18:22:45,894 [WARN] PackLoader:240 - Cannot read IP mode file for STMicroelectronics.X-CUBE-AZRTOS-L4.2.0.0
2023-12-03 18:22:45,896 [WARN] ConditionMgr:1039 - genDependencies : Invalid condition id : LAN8742 Phy interface Condition cause : null
2023-12-03 18:22:45,896 [WARN] ConditionMgr:1039 - genDependencies : Invalid condition id : LAN8742 Phy interface Condition cause : null
2023-12-03 18:22:45,897 [WARN] ConditionMgr:1039 - genDependencies : Invalid condition id : LAN8742 Phy interface Condition cause : null
2023-12-03 18:22:45,906 [WARN] PackLoader:240 - Cannot read IP mode file for STMicroelectronics.X-CUBE-SFXS2LP1.4.0.0
2023-12-03 18:22:45,911 [WARN] PackLoader:240 - Cannot read IP mode file for STMicroelectronics.X-CUBE-ISPU.1.1.0
2023-12-03 18:22:45,927 [WARN] ConditionMgr:438 - getConditionDescription Invalid condition id : UX DEVICE CLASS RTOS Condition cause : null
2023-12-03 18:22:45,927 [WARN] ConditionMgr:438 - getConditionDescription Invalid condition id : UX DEVICE CLASS RTOS Condition cause : null
2023-12-03 18:22:45,931 [WARN] PackLoader:240 - Cannot read IP mode file for STMicroelectronics.X-CUBE-AZRTOS-WB.2.0.0
2023-12-03 18:22:45,931 [WARN] ConditionMgr:1039 - genDependencies : Invalid condition id : UX DEVICE CLASS RTOS Condition cause : null
2023-12-03 18:22:45,932 [WARN] ConditionMgr:1039 - genDependencies : Invalid condition id : UX DEVICE CLASS RTOS Condition cause : null
2023-12-03 18:22:45,932 [WARN] ConditionMgr:1039 - genDependencies : Invalid condition id : UX DEVICE CLASS RTOS Condition cause : null
2023-12-03 18:22:45,932 [WARN] ConditionMgr:1039 - genDependencies : Invalid condition id : UX DEVICE CLASS RTOS Condition cause : null
2023-12-03 18:22:45,933 [WARN] ConditionMgr:1039 - genDependencies : Invalid condition id : UX DEVICE CLASS RTOS Condition cause : null
2023-12-03 18:22:45,943 [WARN] PackLoader:240 - Cannot read IP mode file for STMicroelectronics.X-CUBE-SUBG2.5.0.0
2023-12-03 18:22:45,958 [WARN] PackLoader:240 - Cannot read IP mode file for STMicroelectronics.X-CUBE-TOF1.3.3.1
2023-12-03 18:22:45,984 [WARN] PackLoader:240 - Cannot read IP mode file for STMicroelectronics.X-CUBE-AZRTOS-G4.2.0.0
2023-12-03 18:22:45,994 [WARN] PackLoader:240 - Cannot read IP mode file for Infineon.AIROC-Wi-Fi-Bluetooth-STM32.1.5.1
2023-12-03 18:22:46,000 [WARN] PackLoader:240 - Cannot read IP mode file for STMicroelectronics.FP-SNS-MOTENVWB1.1.3.0
2023-12-03 18:22:46,002 [WARN] PackLoader:240 - Cannot read IP mode file for STMicroelectronics.FP-SNS-MOTENVWB1.1.3.1
2023-12-03 18:22:46,034 [WARN] PackLoader:240 - Cannot read IP mode file for STMicroelectronics.X-CUBE-MEMS1.10.0.0
2023-12-03 18:22:46,138 [WARN] PackLoader:240 - Cannot read IP mode file for STMicroelectronics.X-CUBE-FREERTOS.1.1.0
2023-12-03 18:22:46,142 [WARN] PackLoader:240 - Cannot read IP mode file for portGmbH.I-Cube-SoM-uGOAL.1.1.0
2023-12-03 18:22:46,145 [WARN] PackLoader:240 - Cannot read IP mode file for STMicroelectronics.X-CUBE-ALS.1.0.1
2023-12-03 18:22:46,149 [WARN] PackLoader:240 - Cannot read IP mode file for STMicroelectronics.FP-ATR-ASTRA1.2.0.0
2023-12-03 18:22:46,157 [WARN] PackLoader:240 - Cannot read IP mode file for STMicroelectronics.X-CUBE-TOF1.3.4.0
2023-12-03 18:22:46,166 [INFO] ThirdParty:978 - Integrity check success = true
2023-12-03 18:22:46,166 [INFO] IntegrityCheckThread:100 - exiting critical section [integrity check]
2023-12-03 18:22:46,166 [INFO] IntegrityCheckThread:103 - End integrity checks thread
2023-12-03 18:22:58,828 [ERROR] LogOutputStream:75 - [STDERR_REDIRECT] 
