2023-12-13 11:02:48,992 [INFO] Activator:176 - 


2023-12-13 11:02:48,996 [INFO] Activator:177 - !SESSION log4j initialized
2023-12-13 11:02:50,208 [ERROR] LogOutputStream:75 - [STDERR_REDIRECT] 
2023-12-13 11:02:50,616 [INFO] LogOutputStream:77 - [STDOUT_REDIRECT] 
2023-12-13 11:02:53,437 [INFO] LogOutputStream:77 - [STDOUT_REDIRECT] 
2023-12-13 11:02:53,671 [ERROR] LogOutputStream:75 - [STDERR_REDIRECT] java.net.URISyntaxException: Illegal character in path at index 47: file:/Users/jianghui/Documents/GitHub/ss_hw/H06 A/A2/.metadata/.log4j2.xml
2023-12-13 11:02:53,672 [ERROR] LogOutputStream:75 - [STDERR_REDIRECT] 	at java.base/java.net.URI$Parser.fail(URI.java:2974)
2023-12-13 11:02:53,672 [ERROR] LogOutputStream:75 - [STDERR_REDIRECT] 	at java.base/java.net.URI$Parser.checkChars(URI.java:3145)
2023-12-13 11:02:53,673 [ERROR] LogOutputStream:75 - [STDERR_REDIRECT] 	at java.base/java.net.URI$Parser.parseHierarchical(URI.java:3227)
2023-12-13 11:02:53,673 [ERROR] LogOutputStream:75 - [STDERR_REDIRECT] 	at java.base/java.net.URI$Parser.parse(URI.java:3175)
2023-12-13 11:02:53,674 [ERROR] LogOutputStream:75 - [STDERR_REDIRECT] 	at java.base/java.net.URI.<init>(URI.java:623)
2023-12-13 11:02:53,674 [ERROR] LogOutputStream:75 - [STDERR_REDIRECT] 	at java.base/java.net.URL.toURI(URL.java:1056)
2023-12-13 11:02:53,674 [ERROR] LogOutputStream:75 - [STDERR_REDIRECT] 	at com.st.stm32cube.common.mx.core.CubeMxInstance.getInstance(CubeMxInstance.java:81)
2023-12-13 11:02:53,674 [ERROR] LogOutputStream:75 - [STDERR_REDIRECT] 	at com.st.stm32cube.common.mx.userauth.UserAuthAdapter.<init>(UserAuthAdapter.java:18)
2023-12-13 11:02:53,675 [ERROR] LogOutputStream:75 - [STDERR_REDIRECT] 	at com.st.stm32cube.common.mx.userauth.UserAuthProvider.getUserAuthAdapter(UserAuthProvider.java:9)
2023-12-13 11:02:53,675 [ERROR] LogOutputStream:75 - [STDERR_REDIRECT] 	at com.st.stm32cube.common.ecosystemintegration.ui.core.MCUEcoSystemIntegrationUiHelper.getUserAuth(MCUEcoSystemIntegrationUiHelper.java:100)
2023-12-13 11:02:53,675 [ERROR] LogOutputStream:75 - [STDERR_REDIRECT] 	at com.st.stm32cube.ide.mcu.userauth.UserAuthStartup.earlyStartup(UserAuthStartup.java:41)
2023-12-13 11:02:53,676 [ERROR] LogOutputStream:75 - [STDERR_REDIRECT] 	at org.eclipse.ui.internal.EarlyStartupRunnable.runEarlyStartup(EarlyStartupRunnable.java:79)
2023-12-13 11:02:53,676 [ERROR] LogOutputStream:75 - [STDERR_REDIRECT] 	at org.eclipse.ui.internal.EarlyStartupRunnable.run(EarlyStartupRunnable.java:55)
2023-12-13 11:02:53,676 [ERROR] LogOutputStream:75 - [STDERR_REDIRECT] 	at org.eclipse.core.runtime.SafeRunner.run(SafeRunner.java:45)
2023-12-13 11:02:53,677 [ERROR] LogOutputStream:75 - [STDERR_REDIRECT] 	at org.eclipse.ui.internal.Workbench$39.run(Workbench.java:2656)
2023-12-13 11:02:53,677 [ERROR] LogOutputStream:75 - [STDERR_REDIRECT] 	at org.eclipse.core.internal.jobs.Worker.run(Worker.java:63)
2023-12-13 11:02:54,624 [INFO] ApplicationProperties:184 - Using Application install path: /Applications/STM32CubeIDE.app/Contents/Eclipse/plugins/com.st.stm32cube.common.mx_6.9.2.202309101412
2023-12-13 11:02:54,639 [INFO] DbMcusXml:78 - Set database path to: /Applications/STM32CubeIDE.app/Contents/Eclipse/plugins/com.st.stm32cube.common.mx_6.9.2.202309101412//db//mcu/
2023-12-13 11:02:54,640 [INFO] ApiDb:274 - Set plugin database path to: /Applications/STM32CubeIDE.app/Contents/Eclipse/plugins/com.st.stm32cube.common.mx_6.9.2.202309101412//db//plugins/boardmanager/
2023-12-13 11:02:54,640 [WARN] ApiDb:259 - Overriding images path with different value:  => /Applications/STM32CubeIDE.app/Contents/Eclipse/plugins/com.st.stm32cube.common.mx_6.9.2.202309101412//db//plugins/mcufinder/images/
2023-12-13 11:02:54,648 [INFO] ApiDb:250 - Set database path to: /Users/jianghui/.stmcufinder/plugins/mcufinder//mcu/
2023-12-13 11:02:54,650 [INFO] DbMcusAds:125 - Set database path to: /Users/jianghui/.stmcufinder/plugins/mcufinder//mcu/
2023-12-13 11:02:54,652 [INFO] CrossReferenceDbSqlite:203 - Set database path to: /Users/jianghui/.stmcufinder/plugins/mcufinder//mcu/cs/
2023-12-13 11:02:54,747 [INFO] RulesReader:64 - Compatibility file has been processed (293 Rules)
2023-12-13 11:02:54,808 [INFO] DbMcusXml:78 - Set database path to: /Applications/STM32CubeIDE.app/Contents/Eclipse/plugins/com.st.stm32cube.common.mx_6.9.2.202309101412//db//mcu/
2023-12-13 11:02:54,808 [INFO] ApiDb:274 - Set plugin database path to: /Applications/STM32CubeIDE.app/Contents/Eclipse/plugins/com.st.stm32cube.common.mx_6.9.2.202309101412//db//plugins/boardmanager/
2023-12-13 11:02:54,808 [INFO] ApiDb:261 - Set plugin images path to: /Applications/STM32CubeIDE.app/Contents/Eclipse/plugins/com.st.stm32cube.common.mx_6.9.2.202309101412//db//plugins/mcufinder/images/
2023-12-13 11:02:54,808 [WARN] DbFile:41 - Overriding database path with different value: /Users/jianghui/.stmcufinder/plugins/mcufinder/ => /Users/jianghui/.stmcufinder/plugins/mcufinder
2023-12-13 11:02:54,809 [INFO] ApiDb:250 - Set database path to: /Users/jianghui/.stmcufinder/plugins/mcufinder//mcu/
2023-12-13 11:02:54,809 [WARN] DbFile:41 - Overriding database path with different value: /Users/jianghui/.stmcufinder/plugins/mcufinder/ => /Users/jianghui/.stmcufinder/plugins/mcufinder
2023-12-13 11:02:54,809 [INFO] DbMcusAds:125 - Set database path to: /Users/jianghui/.stmcufinder/plugins/mcufinder//mcu/
2023-12-13 11:02:54,809 [WARN] DbFile:41 - Overriding database path with different value: /Users/jianghui/.stmcufinder/plugins/mcufinder/ => /Users/jianghui/.stmcufinder/plugins/mcufinder
2023-12-13 11:02:54,809 [WARN] DbFile:41 - Overriding database path with different value: /Users/jianghui/.stmcufinder/plugins/mcufinder/ => /Users/jianghui/.stmcufinder/plugins/mcufinder
2023-12-13 11:02:54,809 [INFO] CrossReferenceDbSqlite:203 - Set database path to: /Users/jianghui/.stmcufinder/plugins/mcufinder//mcu/cs/
2023-12-13 11:02:54,868 [INFO] MainPanel:262 - HeapMemory: 268435456
2023-12-13 11:02:54,936 [INFO] DbMcusXml:78 - Set database path to: /Applications/STM32CubeIDE.app/Contents/Eclipse/plugins/com.st.stm32cube.common.mx_6.9.2.202309101412//db//mcu/
2023-12-13 11:02:54,936 [INFO] ApiDb:274 - Set plugin database path to: /Applications/STM32CubeIDE.app/Contents/Eclipse/plugins/com.st.stm32cube.common.mx_6.9.2.202309101412//db//plugins/boardmanager/
2023-12-13 11:02:54,936 [INFO] ApiDb:261 - Set plugin images path to: /Applications/STM32CubeIDE.app/Contents/Eclipse/plugins/com.st.stm32cube.common.mx_6.9.2.202309101412//db//plugins/mcufinder/images/
2023-12-13 11:02:54,936 [WARN] DbFile:41 - Overriding database path with different value: /Users/jianghui/.stmcufinder/plugins/mcufinder/ => /Users/jianghui/.stmcufinder/plugins/mcufinder
2023-12-13 11:02:54,937 [INFO] ApiDb:250 - Set database path to: /Users/jianghui/.stmcufinder/plugins/mcufinder//mcu/
2023-12-13 11:02:54,937 [WARN] DbFile:41 - Overriding database path with different value: /Users/jianghui/.stmcufinder/plugins/mcufinder/ => /Users/jianghui/.stmcufinder/plugins/mcufinder
2023-12-13 11:02:54,937 [INFO] DbMcusAds:125 - Set database path to: /Users/jianghui/.stmcufinder/plugins/mcufinder//mcu/
2023-12-13 11:02:54,937 [WARN] DbFile:41 - Overriding database path with different value: /Users/jianghui/.stmcufinder/plugins/mcufinder/ => /Users/jianghui/.stmcufinder/plugins/mcufinder
2023-12-13 11:02:54,937 [WARN] DbFile:41 - Overriding database path with different value: /Users/jianghui/.stmcufinder/plugins/mcufinder/ => /Users/jianghui/.stmcufinder/plugins/mcufinder
2023-12-13 11:02:54,937 [INFO] CrossReferenceDbSqlite:203 - Set database path to: /Users/jianghui/.stmcufinder/plugins/mcufinder//mcu/cs/
2023-12-13 11:02:54,952 [INFO] ApplicationProperties:184 - Using Application install path: /Applications/STM32CubeIDE.app/Contents/Eclipse/plugins/com.st.stm32cube.common.mx_6.9.2.202309101412
2023-12-13 11:02:54,953 [INFO] PluginManage:196 - Search for loadable plugins [exclusion list=, ]
2023-12-13 11:02:54,954 [INFO] PluginManage:310 - Check plugin analytics
2023-12-13 11:02:55,106 [INFO] AnalyticsPlugin:253 - Accepted Software Licenses: 
2023-12-13 11:02:55,106 [INFO] AnalyticsPlugin:255 - Accepted CMSIS Pack Licenses: 
2023-12-13 11:02:55,107 [INFO] AnalyticsPlugin:257 - Accepted Firmware Licenses: FW.F4.1.27.0
2023-12-13 11:02:55,109 [INFO] PluginManage:359 - Loaded plugin analytics (category:tool,tabindex:-1)
2023-12-13 11:02:55,109 [INFO] PluginManage:310 - Check plugin cadmodel
2023-12-13 11:02:55,418 [INFO] CADModel:105 - Init CAD model plugin
2023-12-13 11:02:55,418 [INFO] PluginManage:359 - Loaded plugin cadmodel (category:power,tabindex:5)
2023-12-13 11:02:55,418 [INFO] PluginManage:310 - Check plugin clock
2023-12-13 11:02:55,426 [INFO] PluginManage:359 - Loaded plugin clock (category:base,tabindex:2)
2023-12-13 11:02:55,426 [INFO] PluginManage:310 - Check plugin ddr
2023-12-13 11:02:55,429 [INFO] PluginManage:359 - Loaded plugin ddr (category:tool,tabindex:6)
2023-12-13 11:02:55,429 [INFO] PluginManage:310 - Check plugin filemanager
2023-12-13 11:02:55,531 [INFO] PluginManage:359 - Loaded plugin filemanager (category:base,tabindex:10)
2023-12-13 11:02:55,532 [INFO] PluginManage:310 - Check plugin ipmanager
2023-12-13 11:02:55,537 [INFO] PluginManage:359 - Loaded plugin ipmanager (category:base,tabindex:5)
2023-12-13 11:02:55,538 [INFO] PluginManage:310 - Check plugin lpbam
2023-12-13 11:02:55,545 [INFO] PluginManage:359 - Loaded plugin lpbam (category:base,tabindex:0)
2023-12-13 11:02:55,545 [INFO] PluginManage:310 - Check plugin memorymap
2023-12-13 11:02:55,556 [INFO] PluginManage:359 - Loaded plugin memorymap (category:base,tabindex:4)
2023-12-13 11:02:55,556 [INFO] PluginManage:310 - Check plugin pinoutandconfiguration
2023-12-13 11:02:55,562 [INFO] PluginManage:359 - Loaded plugin pinoutandconfiguration (category:base,tabindex:1)
2023-12-13 11:02:55,562 [INFO] PluginManage:310 - Check plugin pinoutconfig
2023-12-13 11:02:55,630 [WARN] SupportedApi:132 - Cannot load RTOS API schema: s4s-elt-must-match.1: The content of 'definitions' must match (annotation?, (simpleType | complexType)?, (unique | key | keyref)*)). A problem was found starting at: attribute.
2023-12-13 11:02:55,734 [INFO] PluginManage:359 - Loaded plugin pinoutconfig (category:base,tabindex:0)
2023-12-13 11:02:55,734 [INFO] PluginManage:310 - Check plugin power
2023-12-13 11:02:55,741 [INFO] PluginManage:359 - Loaded plugin power (category:power,tabindex:4)
2023-12-13 11:02:55,741 [INFO] PluginManage:310 - Check plugin projectmanager
2023-12-13 11:02:55,753 [INFO] PluginManage:359 - Loaded plugin projectmanager (category:projectmanager,tabindex:3)
2023-12-13 11:02:55,753 [INFO] PluginManage:310 - Check plugin thirdparty
2023-12-13 11:02:55,872 [INFO] PluginManage:359 - Loaded plugin thirdparty (category:base,tabindex:-1)
2023-12-13 11:02:55,872 [WARN] IntegrityCheckThread:84 - waiting for thirdparty lock release [integrity check]
2023-12-13 11:02:55,873 [INFO] PluginManage:310 - Check plugin tools
2023-12-13 11:02:55,873 [INFO] IntegrityCheckThread:86 - entering critical section [integrity check]
2023-12-13 11:02:55,873 [INFO] ThirdPartyUpdaterWithRetryManager:70 - Updater plugin not ready yet. [1/15]
2023-12-13 11:02:55,874 [INFO] PluginManage:359 - Loaded plugin tools (category:base,tabindex:7)
2023-12-13 11:02:55,875 [INFO] PluginManage:310 - Check plugin tutovideos
2023-12-13 11:02:56,027 [INFO] PluginManage:359 - Loaded plugin tutovideos (category:base,tabindex:-1)
2023-12-13 11:02:56,028 [INFO] PluginManage:310 - Check plugin updater
2023-12-13 11:02:56,036 [INFO] PluginManage:359 - Loaded plugin updater (category:base,tabindex:12)
2023-12-13 11:02:56,036 [INFO] PluginManage:310 - Check plugin userauth
2023-12-13 11:02:56,040 [INFO] UserAuth:113 - Init User Auth plugin
2023-12-13 11:02:56,040 [INFO] PluginManage:359 - Loaded plugin userauth (category:base,tabindex:14)
2023-12-13 11:02:56,040 [INFO] PluginManage:283 - PluginManage : Loaded plugins [17]
2023-12-13 11:02:56,313 [INFO] PinOutPanel:1499 - setPackage(No Configuration,No Configuration)
2023-12-13 11:02:56,385 [INFO] CADModel:165 - CPN selected for project level
2023-12-13 11:02:56,385 [INFO] CADModel:114 - Register for checkConnection events
2023-12-13 11:02:56,395 [INFO] IPUIPlugin:80 - create IPUIPlugin
2023-12-13 11:02:56,395 [INFO] PluginManager:220 - loadIPPluginJar : add mdma
2023-12-13 11:02:56,401 [INFO] IPUIPlugin:80 - create IPUIPlugin
2023-12-13 11:02:56,402 [INFO] PluginManager:220 - loadIPPluginJar : add freertos
2023-12-13 11:02:56,405 [INFO] IPUIPlugin:80 - create IPUIPlugin
2023-12-13 11:02:56,406 [INFO] PluginManager:220 - loadIPPluginJar : add gic
2023-12-13 11:02:56,412 [INFO] IPUIPlugin:80 - create IPUIPlugin
2023-12-13 11:02:56,413 [INFO] PluginManager:220 - loadIPPluginJar : add adc
2023-12-13 11:02:56,414 [INFO] IPUIPlugin:80 - create IPUIPlugin
2023-12-13 11:02:56,414 [INFO] PluginManager:220 - loadIPPluginJar : add gtzc
2023-12-13 11:02:56,415 [INFO] IPUIPlugin:80 - create IPUIPlugin
2023-12-13 11:02:56,415 [INFO] PluginManager:220 - loadIPPluginJar : add quadspi
2023-12-13 11:02:56,416 [INFO] IPUIPlugin:80 - create IPUIPlugin
2023-12-13 11:02:56,417 [INFO] PluginManager:220 - loadIPPluginJar : add aes
2023-12-13 11:02:56,418 [INFO] IPUIPlugin:80 - create IPUIPlugin
2023-12-13 11:02:56,419 [INFO] PluginManager:220 - loadIPPluginJar : add pdm2pcm
2023-12-13 11:02:56,420 [INFO] IPUIPlugin:80 - create IPUIPlugin
2023-12-13 11:02:56,420 [INFO] PluginManager:220 - loadIPPluginJar : add hash
2023-12-13 11:02:56,421 [INFO] IPUIPlugin:80 - create IPUIPlugin
2023-12-13 11:02:56,421 [INFO] PluginManager:220 - loadIPPluginJar : add tim
2023-12-13 11:02:56,421 [INFO] IPUIPlugin:80 - create IPUIPlugin
2023-12-13 11:02:56,422 [INFO] PluginManager:220 - loadIPPluginJar : add tsc
2023-12-13 11:02:56,422 [INFO] IPUIPlugin:80 - create IPUIPlugin
2023-12-13 11:02:56,422 [INFO] PluginManager:220 - loadIPPluginJar : add ts
2023-12-13 11:02:56,424 [INFO] IPUIPlugin:80 - create IPUIPlugin
2023-12-13 11:02:56,424 [INFO] PluginManager:220 - loadIPPluginJar : add can
2023-12-13 11:02:56,425 [INFO] IPUIPlugin:80 - create IPUIPlugin
2023-12-13 11:02:56,425 [INFO] PluginManager:220 - loadIPPluginJar : add dma3
2023-12-13 11:02:56,427 [INFO] IPUIPlugin:80 - create IPUIPlugin
2023-12-13 11:02:56,427 [INFO] PluginManager:220 - loadIPPluginJar : add dfsdm
2023-12-13 11:02:56,429 [INFO] IPUIPlugin:80 - create IPUIPlugin
2023-12-13 11:02:56,429 [INFO] PluginManager:220 - loadIPPluginJar : add spi
2023-12-13 11:02:56,431 [INFO] IPUIPlugin:80 - create IPUIPlugin
2023-12-13 11:02:56,431 [INFO] PluginManager:220 - loadIPPluginJar : add gfxmmu
2023-12-13 11:02:56,431 [INFO] IPUIPlugin:80 - create IPUIPlugin
2023-12-13 11:02:56,432 [INFO] PluginManager:220 - loadIPPluginJar : add genericplugin
2023-12-13 11:02:56,433 [INFO] IPUIPlugin:80 - create IPUIPlugin
2023-12-13 11:02:56,433 [INFO] PluginManager:220 - loadIPPluginJar : add cryp
2023-12-13 11:02:56,436 [INFO] IPUIPlugin:80 - create IPUIPlugin
2023-12-13 11:02:56,436 [INFO] PluginManager:220 - loadIPPluginJar : add gpio
2023-12-13 11:02:56,437 [INFO] IPUIPlugin:80 - create IPUIPlugin
2023-12-13 11:02:56,437 [INFO] PluginManager:220 - loadIPPluginJar : add comp
2023-12-13 11:02:56,438 [INFO] IPUIPlugin:80 - create IPUIPlugin
2023-12-13 11:02:56,438 [INFO] PluginManager:220 - loadIPPluginJar : add tracer_emb
2023-12-13 11:02:56,440 [INFO] IPUIPlugin:80 - create IPUIPlugin
2023-12-13 11:02:56,440 [INFO] PluginManager:220 - loadIPPluginJar : add openamp
2023-12-13 11:02:56,444 [INFO] IPUIPlugin:80 - create IPUIPlugin
2023-12-13 11:02:56,444 [INFO] PluginManager:220 - loadIPPluginJar : add stm32_wpan
2023-12-13 11:02:56,449 [INFO] IPUIPlugin:80 - create IPUIPlugin
2023-12-13 11:02:56,451 [INFO] PluginManager:220 - loadIPPluginJar : add plateformsettings
2023-12-13 11:02:56,455 [INFO] IPUIPlugin:80 - create IPUIPlugin
2023-12-13 11:02:56,455 [INFO] PluginManager:220 - loadIPPluginJar : add ipddr
2023-12-13 11:02:56,456 [INFO] IPUIPlugin:80 - create IPUIPlugin
2023-12-13 11:02:56,457 [INFO] PluginManager:220 - loadIPPluginJar : add usart
2023-12-13 11:02:56,458 [INFO] IPUIPlugin:80 - create IPUIPlugin
2023-12-13 11:02:56,458 [INFO] PluginManager:220 - loadIPPluginJar : add ltdc
2023-12-13 11:02:56,460 [INFO] IPUIPlugin:80 - create IPUIPlugin
2023-12-13 11:02:56,460 [INFO] PluginManager:220 - loadIPPluginJar : add nvic
2023-12-13 11:02:56,461 [INFO] IPUIPlugin:80 - create IPUIPlugin
2023-12-13 11:02:56,461 [INFO] PluginManager:220 - loadIPPluginJar : add fatfs
2023-12-13 11:02:56,467 [INFO] IPUIPlugin:80 - create IPUIPlugin
2023-12-13 11:02:56,467 [INFO] PluginManager:220 - loadIPPluginJar : add linkedlist
2023-12-13 11:02:56,471 [INFO] IPUIPlugin:80 - create IPUIPlugin
2023-12-13 11:02:56,471 [INFO] PluginManager:220 - loadIPPluginJar : add dma
2023-12-13 11:02:56,474 [INFO] IPUIPlugin:80 - create IPUIPlugin
2023-12-13 11:02:56,474 [INFO] PluginManager:220 - loadIPPluginJar : add fmc
2023-12-13 11:02:56,477 [INFO] IPUIPlugin:80 - create IPUIPlugin
2023-12-13 11:02:56,477 [INFO] PluginManager:220 - loadIPPluginJar : add i2s
2023-12-13 11:02:56,478 [INFO] IPUIPlugin:80 - create IPUIPlugin
2023-12-13 11:02:56,478 [INFO] PluginManager:220 - loadIPPluginJar : add ucpd
2023-12-13 11:02:56,481 [INFO] IPUIPlugin:80 - create IPUIPlugin
2023-12-13 11:02:56,481 [INFO] PluginManager:220 - loadIPPluginJar : add lorawan
2023-12-13 11:02:56,482 [INFO] IPUIPlugin:80 - create IPUIPlugin
2023-12-13 11:02:56,482 [INFO] PluginManager:220 - loadIPPluginJar : add opamp
2023-12-13 11:02:56,484 [INFO] IPUIPlugin:80 - create IPUIPlugin
2023-12-13 11:02:56,484 [INFO] PluginManager:220 - loadIPPluginJar : add i3c
2023-12-13 11:02:56,486 [INFO] IPUIPlugin:80 - create IPUIPlugin
2023-12-13 11:02:56,486 [INFO] PluginManager:220 - loadIPPluginJar : add touchsensing
2023-12-13 11:02:56,488 [INFO] IPUIPlugin:80 - create IPUIPlugin
2023-12-13 11:02:56,488 [INFO] PluginManager:220 - loadIPPluginJar : add i2c
2023-12-13 11:02:56,491 [INFO] IPUIPlugin:80 - create IPUIPlugin
2023-12-13 11:02:56,492 [INFO] PluginManager:220 - loadIPPluginJar : add resmgrutility
2023-12-13 11:02:56,494 [INFO] IPUIPlugin:80 - create IPUIPlugin
2023-12-13 11:02:56,494 [INFO] PluginManager:220 - loadIPPluginJar : add sai
2023-12-13 11:02:56,496 [INFO] IPUIPlugin:80 - create IPUIPlugin
2023-12-13 11:02:56,497 [INFO] PluginManager:220 - loadIPPluginJar : add usbx
2023-12-13 11:02:56,594 [INFO] CADModel:165 - CPN selected for project level
2023-12-13 11:02:56,594 [INFO] CADModel:114 - Register for checkConnection events
2023-12-13 11:02:56,594 [FATAL] Updater:308 - Updater called before beeing initialized
2023-12-13 11:02:56,595 [ERROR] CADModel:125 - Updater not yet initialized, retry later 
2023-12-13 11:02:56,771 [INFO] CADModel:165 - CPN selected for project level
2023-12-13 11:02:56,771 [INFO] CADModel:114 - Register for checkConnection events
2023-12-13 11:02:56,772 [FATAL] Updater:308 - Updater called before beeing initialized
2023-12-13 11:02:56,772 [ERROR] CADModel:125 - Updater not yet initialized, retry later 
2023-12-13 11:02:56,775 [FATAL] Updater:308 - Updater called before beeing initialized
2023-12-13 11:02:56,837 [FATAL] Updater:308 - Updater called before beeing initialized
2023-12-13 11:02:56,843 [INFO] DbMcusAds:53 - JSON generation date=Wed Nov 29 11:52:38 CET 2023 (1701255158764)
2023-12-13 11:02:56,844 [FATAL] Updater:308 - Updater called before beeing initialized
2023-12-13 11:02:56,897 [WARN] DetailPanel:346 - Failed to get advertising image, set to default
2023-12-13 11:02:56,981 [FATAL] Updater:308 - Updater called before beeing initialized
2023-12-13 11:02:56,982 [FATAL] Updater:308 - Updater called before beeing initialized
2023-12-13 11:02:56,982 [FATAL] Updater:308 - Updater called before beeing initialized
2023-12-13 11:02:56,983 [WARN] DetailPanel:346 - Failed to get advertising image, set to default
2023-12-13 11:02:56,983 [FATAL] Updater:308 - Updater called before beeing initialized
2023-12-13 11:02:57,007 [ERROR] Updater:1120 - MainUpdater not yet initialized. External WinMGr cannot be set.
2023-12-13 11:02:57,025 [INFO] Updater:1056 - Updater Version found : 6.9.2
2023-12-13 11:02:57,043 [INFO] ApplicationProperties:184 - Using Application install path: /Applications/STM32CubeIDE.app/Contents/Eclipse/plugins/com.st.stm32cube.common.mx_6.9.2.202309101412
2023-12-13 11:02:57,189 [INFO] MainUpdater:2868 - connection check result : 10
2023-12-13 11:02:57,189 [INFO] MainUpdater:285 - Updater Check For Update Now.
2023-12-13 11:02:57,190 [INFO] MicroXplorer:498 - Change Database Version : DB.6.0.92
2023-12-13 11:02:57,194 [INFO] McuFinderGlobals:63 - Set McuFinder mode to 2 (CubeIDE integrated)
2023-12-13 11:02:57,194 [INFO] UserAuth:179 - activating auth plugin
2023-12-13 11:02:57,196 [INFO] UserAuth:393 - Internet connection configuration mode: 1
2023-12-13 11:02:57,209 [INFO] JxBrowserEngine:151 - Initiate JxBrowser Engine with user profile folder
2023-12-13 11:02:57,369 [INFO] CheckServerUpdateThread:120 - End of CheckServer Thread
2023-12-13 11:02:57,976 [INFO] WebApp:157 - Instantiating new browser for Auth
2023-12-13 11:02:58,473 [INFO] WebApp:753 - Register for checkConnection events
2023-12-13 11:02:58,508 [INFO] WebApp:390 - Apply proxy settings
2023-12-13 11:02:58,531 [INFO] WebApp:455 - Chromium authenticates against System proxy
2023-12-13 11:02:58,710 [INFO] WebApp:188 - Starting web application
2023-12-13 11:02:58,728 [INFO] WebApp:520 - Web application path used /Applications/STM32CubeIDE.app/Contents/Eclipse/plugins/com.st.stm32cube.common.mx_6.9.2.202309101412/db/plugins/mcufinder/reactClient1/index.html
2023-12-13 11:02:58,985 [WARN] PackLoader:240 - Cannot read IP mode file for STMicroelectronics.X-CUBE-SMBUS.2.1.0
2023-12-13 11:02:59,013 [WARN] PackLoader:240 - Cannot read IP mode file for STMicroelectronics.X-CUBE-AZRTOS-F7.1.1.0
2023-12-13 11:02:59,025 [WARN] PackLoader:240 - Cannot read IP mode file for STMicroelectronics.FP-SNS-MOTENV1.4.3.2
2023-12-13 11:02:59,033 [WARN] PackLoader:240 - Cannot read IP mode file for STMicroelectronics.FP-SNS-FLIGHT1.5.0.2
2023-12-13 11:02:59,042 [WARN] PackLoader:240 - Cannot read IP mode file for STMicroelectronics.X-CUBE-DISPLAY.3.0.0
2023-12-13 11:02:59,055 [WARN] PackLoader:240 - Cannot read IP mode file for STMicroelectronics.X-CUBE-BLE1.7.0.0
2023-12-13 11:02:59,060 [WARN] PackLoader:240 - Cannot read IP mode file for emotas.I-CUBE-CANOPEN.1.3.0
2023-12-13 11:02:59,064 [WARN] PackLoader:240 - Cannot read IP mode file for STMicroelectronics.X-CUBE-TOUCHGFX.4.22.0
2023-12-13 11:02:59,067 [WARN] PackLoader:240 - Cannot read IP mode file for STMicroelectronics.X-CUBE-TOUCHGFX.4.22.1
2023-12-13 11:02:59,072 [WARN] PackLoader:240 - Cannot read IP mode file for STMicroelectronics.FP-SNS-SMARTAG2.1.2.0
2023-12-13 11:02:59,088 [INFO] LogOutputStream:77 - [STDOUT_REDIRECT] 1 : Invalid condition id : UX_CORESTACK_Condition cause : null
2023-12-13 11:02:59,089 [INFO] LogOutputStream:77 - [STDOUT_REDIRECT] 1 : Invalid condition id : UX_CORESTACK_Condition cause : null
2023-12-13 11:02:59,089 [INFO] LogOutputStream:77 - [STDOUT_REDIRECT] 1 : Invalid condition id : UX_CORESTACK_Condition cause : null
2023-12-13 11:02:59,089 [INFO] LogOutputStream:77 - [STDOUT_REDIRECT] 1 : Invalid condition id : UX_CORESTACK_Condition cause : null
2023-12-13 11:02:59,089 [INFO] LogOutputStream:77 - [STDOUT_REDIRECT] 1 : Invalid condition id : UX_CORESTACK_Condition cause : null
2023-12-13 11:02:59,095 [WARN] PackLoader:240 - Cannot read IP mode file for STMicroelectronics.X-CUBE-AZRTOS-WL.2.0.0
2023-12-13 11:02:59,107 [WARN] PackLoader:240 - Cannot read IP mode file for WES.I-CUBE-Cesium.1.3.0
2023-12-13 11:02:59,114 [WARN] PackLoader:240 - Cannot read IP mode file for STMicroelectronics.X-CUBE-BLE2.3.3.0
2023-12-13 11:02:59,123 [WARN] PackLoader:240 - Cannot read IP mode file for STMicroelectronics.X-CUBE-ALGOBUILD.1.3.0
2023-12-13 11:02:59,142 [WARN] PackLoader:240 - Cannot read IP mode file for STMicroelectronics.X-CUBE-AZRTOS-G0.1.1.0
2023-12-13 11:02:59,149 [WARN] PackLoader:240 - Cannot read IP mode file for STMicroelectronics.X-CUBE-NFC4.3.0.0
2023-12-13 11:02:59,166 [WARN] PackLoader:240 - Cannot read IP mode file for STMicroelectronics.X-CUBE-BLEMGR.3.0.0
2023-12-13 11:02:59,175 [WARN] PackLoader:240 - Cannot read IP mode file for STMicroelectronics.FP-ATR-SIGFOX1.3.2.0
2023-12-13 11:02:59,214 [WARN] PackLoader:240 - Cannot read IP mode file for SEGGER.I-CUBE-embOS.1.3.1
2023-12-13 11:02:59,261 [WARN] PackLoader:240 - Cannot read IP mode file for STMicroelectronics.X-CUBE-GNSS1.6.0.0
2023-12-13 11:02:59,279 [WARN] PackLoader:240 - Cannot read IP mode file for STMicroelectronics.X-CUBE-AZRTOS-F4.1.1.0
2023-12-13 11:02:59,285 [WARN] PackLoader:240 - Cannot read IP mode file for wolfSSL.I-CUBE-wolfSSL.5.6.3
2023-12-13 11:02:59,301 [WARN] PackLoader:240 - Cannot read IP mode file for STMicroelectronics.X-CUBE-AZRTOS-L5.2.0.0
2023-12-13 11:02:59,344 [WARN] PackLoader:240 - Cannot read IP mode file for STMicroelectronics.X-CUBE-MEMS1.9.6.0
2023-12-13 11:02:59,510 [WARN] PackLoader:240 - Cannot read IP mode file for STMicroelectronics.X-CUBE-EEPRMA1.4.2.0
2023-12-13 11:02:59,515 [WARN] PackLoader:240 - Cannot read IP mode file for ITTIA_DB.I-CUBE-ITTIADB.8.8.0
2023-12-13 11:02:59,522 [WARN] PackLoader:240 - Cannot read IP mode file for STMicroelectronics.X-CUBE-BLEMGR.2.0.0
2023-12-13 11:02:59,541 [WARN] ConditionMgr:438 - getConditionDescription Invalid condition id : UX DEVICE CLASS RTOS Condition cause : null
2023-12-13 11:02:59,541 [WARN] ConditionMgr:438 - getConditionDescription Invalid condition id : UX DEVICE CLASS RTOS Condition cause : null
2023-12-13 11:02:59,546 [WARN] PackLoader:240 - Cannot read IP mode file for STMicroelectronics.X-CUBE-AZRTOS-H7.3.1.0
2023-12-13 11:02:59,547 [WARN] ConditionMgr:1039 - genDependencies : Invalid condition id : UX DEVICE CLASS RTOS Condition cause : null
2023-12-13 11:02:59,547 [WARN] ConditionMgr:1039 - genDependencies : Invalid condition id : UX DEVICE CLASS RTOS Condition cause : null
2023-12-13 11:02:59,548 [WARN] ConditionMgr:1039 - genDependencies : Invalid condition id : UX DEVICE CLASS RTOS Condition cause : null
2023-12-13 11:02:59,548 [WARN] ConditionMgr:1039 - genDependencies : Invalid condition id : UX DEVICE CLASS RTOS Condition cause : null
2023-12-13 11:02:59,548 [WARN] ConditionMgr:1039 - genDependencies : Invalid condition id : UX DEVICE CLASS RTOS Condition cause : null
2023-12-13 11:02:59,555 [WARN] PackLoader:240 - Cannot read IP mode file for STMicroelectronics.X-CUBE-NFC7.1.0.1
2023-12-13 11:02:59,562 [WARN] PackLoader:240 - Cannot read IP mode file for STMicroelectronics.X-CUBE-NFC6.3.0.0
2023-12-13 11:02:59,568 [WARN] PackLoader:240 - Cannot read IP mode file for STMicroelectronics.X-CUBE-EEPRMA1.4.1.0
2023-12-13 11:02:59,578 [WARN] PackLoader:240 - Cannot read IP mode file for STMicroelectronics.X-CUBE-AI.8.1.0
2023-12-13 11:02:59,596 [WARN] ConditionMgr:438 - getConditionDescription Invalid condition id : LAN8742 Phy interface Condition cause : null
2023-12-13 11:02:59,597 [WARN] PackLoader:240 - Cannot read IP mode file for STMicroelectronics.X-CUBE-AZRTOS-L4.2.0.0
2023-12-13 11:02:59,598 [WARN] ConditionMgr:1039 - genDependencies : Invalid condition id : LAN8742 Phy interface Condition cause : null
2023-12-13 11:02:59,598 [WARN] ConditionMgr:1039 - genDependencies : Invalid condition id : LAN8742 Phy interface Condition cause : null
2023-12-13 11:02:59,599 [WARN] ConditionMgr:1039 - genDependencies : Invalid condition id : LAN8742 Phy interface Condition cause : null
2023-12-13 11:02:59,606 [WARN] PackLoader:240 - Cannot read IP mode file for STMicroelectronics.X-CUBE-SFXS2LP1.4.0.0
2023-12-13 11:02:59,611 [WARN] PackLoader:240 - Cannot read IP mode file for STMicroelectronics.X-CUBE-ISPU.1.1.0
2023-12-13 11:02:59,623 [WARN] ConditionMgr:438 - getConditionDescription Invalid condition id : UX DEVICE CLASS RTOS Condition cause : null
2023-12-13 11:02:59,623 [WARN] ConditionMgr:438 - getConditionDescription Invalid condition id : UX DEVICE CLASS RTOS Condition cause : null
2023-12-13 11:02:59,626 [WARN] PackLoader:240 - Cannot read IP mode file for STMicroelectronics.X-CUBE-AZRTOS-WB.2.0.0
2023-12-13 11:02:59,626 [WARN] ConditionMgr:1039 - genDependencies : Invalid condition id : UX DEVICE CLASS RTOS Condition cause : null
2023-12-13 11:02:59,626 [WARN] ConditionMgr:1039 - genDependencies : Invalid condition id : UX DEVICE CLASS RTOS Condition cause : null
2023-12-13 11:02:59,627 [WARN] ConditionMgr:1039 - genDependencies : Invalid condition id : UX DEVICE CLASS RTOS Condition cause : null
2023-12-13 11:02:59,627 [WARN] ConditionMgr:1039 - genDependencies : Invalid condition id : UX DEVICE CLASS RTOS Condition cause : null
2023-12-13 11:02:59,627 [WARN] ConditionMgr:1039 - genDependencies : Invalid condition id : UX DEVICE CLASS RTOS Condition cause : null
2023-12-13 11:02:59,637 [WARN] PackLoader:240 - Cannot read IP mode file for STMicroelectronics.X-CUBE-SUBG2.5.0.0
2023-12-13 11:02:59,650 [WARN] PackLoader:240 - Cannot read IP mode file for STMicroelectronics.X-CUBE-TOF1.3.3.1
2023-12-13 11:02:59,672 [WARN] PackLoader:240 - Cannot read IP mode file for STMicroelectronics.X-CUBE-AZRTOS-G4.2.0.0
2023-12-13 11:02:59,686 [WARN] PackLoader:240 - Cannot read IP mode file for Infineon.AIROC-Wi-Fi-Bluetooth-STM32.1.5.1
2023-12-13 11:02:59,693 [WARN] PackLoader:240 - Cannot read IP mode file for STMicroelectronics.FP-SNS-MOTENVWB1.1.3.0
2023-12-13 11:02:59,696 [WARN] PackLoader:240 - Cannot read IP mode file for STMicroelectronics.FP-SNS-MOTENVWB1.1.3.1
2023-12-13 11:02:59,700 [WARN] PackLoader:240 - Cannot read IP mode file for STMicroelectronics.X-CUBE-ISPU.2.0.0
2023-12-13 11:02:59,734 [WARN] PackLoader:240 - Cannot read IP mode file for STMicroelectronics.X-CUBE-MEMS1.10.0.0
2023-12-13 11:02:59,848 [WARN] PackLoader:240 - Cannot read IP mode file for STMicroelectronics.X-CUBE-FREERTOS.1.1.0
2023-12-13 11:02:59,853 [WARN] PackLoader:240 - Cannot read IP mode file for portGmbH.I-Cube-SoM-uGOAL.1.1.0
2023-12-13 11:02:59,858 [WARN] PackLoader:240 - Cannot read IP mode file for STMicroelectronics.X-CUBE-ALS.1.0.1
2023-12-13 11:02:59,862 [WARN] PackLoader:240 - Cannot read IP mode file for STMicroelectronics.FP-ATR-ASTRA1.2.0.0
2023-12-13 11:02:59,873 [WARN] PackLoader:240 - Cannot read IP mode file for STMicroelectronics.X-CUBE-TOF1.3.4.0
2023-12-13 11:02:59,896 [WARN] PackLoader:240 - Cannot read IP mode file for STMicroelectronics.X-CUBE-AZRTOS-H7.3.2.0
2023-12-13 11:02:59,899 [INFO] ThirdParty:978 - Integrity check success = true
2023-12-13 11:02:59,899 [INFO] IntegrityCheckThread:100 - exiting critical section [integrity check]
2023-12-13 11:02:59,900 [INFO] IntegrityCheckThread:103 - End integrity checks thread
2023-12-13 11:03:19,605 [ERROR] LogOutputStream:75 - [STDERR_REDIRECT] SLF4J: Failed to load class "org.slf4j.impl.StaticLoggerBinder".
2023-12-13 11:03:19,606 [ERROR] LogOutputStream:75 - [STDERR_REDIRECT] SLF4J: Defaulting to no-operation (NOP) logger implementation
2023-12-13 11:03:19,606 [ERROR] LogOutputStream:75 - [STDERR_REDIRECT] SLF4J: See http://www.slf4j.org/codes.html#StaticLoggerBinder for further details.
2023-12-13 11:03:50,057 [ERROR] LogOutputStream:75 - [STDERR_REDIRECT] 
