2023-12-13 11:21:31,563 [INFO] Activator:176 - 


2023-12-13 11:21:31,566 [INFO] Activator:177 - !SESSION log4j initialized
2023-12-13 11:21:34,693 [ERROR] LogOutputStream:75 - [STDERR_REDIRECT] 
2023-12-13 11:21:35,333 [INFO] LogOutputStream:77 - [STDOUT_REDIRECT] 
2023-12-13 11:21:38,205 [INFO] LogOutputStream:77 - [STDOUT_REDIRECT] 
2023-12-13 11:21:38,869 [ERROR] LogOutputStream:75 - [STDERR_REDIRECT] java.net.URISyntaxException: Illegal character in path at index 47: file:/Users/jianghui/Documents/GitHub/ss_hw/H07 A/A2/.metadata/.log4j2.xml
2023-12-13 11:21:38,869 [ERROR] LogOutputStream:75 - [STDERR_REDIRECT] 	at java.base/java.net.URI$Parser.fail(URI.java:2974)
2023-12-13 11:21:38,870 [ERROR] LogOutputStream:75 - [STDERR_REDIRECT] 	at java.base/java.net.URI$Parser.checkChars(URI.java:3145)
2023-12-13 11:21:38,870 [ERROR] LogOutputStream:75 - [STDERR_REDIRECT] 	at java.base/java.net.URI$Parser.parseHierarchical(URI.java:3227)
2023-12-13 11:21:38,871 [ERROR] LogOutputStream:75 - [STDERR_REDIRECT] 	at java.base/java.net.URI$Parser.parse(URI.java:3175)
2023-12-13 11:21:38,871 [ERROR] LogOutputStream:75 - [STDERR_REDIRECT] 	at java.base/java.net.URI.<init>(URI.java:623)
2023-12-13 11:21:38,871 [ERROR] LogOutputStream:75 - [STDERR_REDIRECT] 	at java.base/java.net.URL.toURI(URL.java:1056)
2023-12-13 11:21:38,872 [ERROR] LogOutputStream:75 - [STDERR_REDIRECT] 	at com.st.stm32cube.common.mx.core.CubeMxInstance.getInstance(CubeMxInstance.java:81)
2023-12-13 11:21:38,872 [ERROR] LogOutputStream:75 - [STDERR_REDIRECT] 	at com.st.stm32cube.common.mx.userauth.UserAuthAdapter.<init>(UserAuthAdapter.java:18)
2023-12-13 11:21:38,872 [ERROR] LogOutputStream:75 - [STDERR_REDIRECT] 	at com.st.stm32cube.common.mx.userauth.UserAuthProvider.getUserAuthAdapter(UserAuthProvider.java:9)
2023-12-13 11:21:38,872 [ERROR] LogOutputStream:75 - [STDERR_REDIRECT] 	at com.st.stm32cube.common.ecosystemintegration.ui.core.MCUEcoSystemIntegrationUiHelper.getUserAuth(MCUEcoSystemIntegrationUiHelper.java:100)
2023-12-13 11:21:38,873 [ERROR] LogOutputStream:75 - [STDERR_REDIRECT] 	at com.st.stm32cube.ide.mcu.userauth.UserAuthStartup.earlyStartup(UserAuthStartup.java:41)
2023-12-13 11:21:38,873 [ERROR] LogOutputStream:75 - [STDERR_REDIRECT] 	at org.eclipse.ui.internal.EarlyStartupRunnable.runEarlyStartup(EarlyStartupRunnable.java:79)
2023-12-13 11:21:38,873 [ERROR] LogOutputStream:75 - [STDERR_REDIRECT] 	at org.eclipse.ui.internal.EarlyStartupRunnable.run(EarlyStartupRunnable.java:55)
2023-12-13 11:21:38,873 [ERROR] LogOutputStream:75 - [STDERR_REDIRECT] 	at org.eclipse.core.runtime.SafeRunner.run(SafeRunner.java:45)
2023-12-13 11:21:38,874 [ERROR] LogOutputStream:75 - [STDERR_REDIRECT] 	at org.eclipse.ui.internal.Workbench$39.run(Workbench.java:2656)
2023-12-13 11:21:38,874 [ERROR] LogOutputStream:75 - [STDERR_REDIRECT] 	at org.eclipse.core.internal.jobs.Worker.run(Worker.java:63)
2023-12-13 11:21:39,158 [INFO] ApplicationProperties:184 - Using Application install path: /Applications/STM32CubeIDE.app/Contents/Eclipse/plugins/com.st.stm32cube.common.mx_6.9.2.202309101412
2023-12-13 11:21:39,171 [INFO] DbMcusXml:78 - Set database path to: /Applications/STM32CubeIDE.app/Contents/Eclipse/plugins/com.st.stm32cube.common.mx_6.9.2.202309101412//db//mcu/
2023-12-13 11:21:39,171 [INFO] ApiDb:274 - Set plugin database path to: /Applications/STM32CubeIDE.app/Contents/Eclipse/plugins/com.st.stm32cube.common.mx_6.9.2.202309101412//db//plugins/boardmanager/
2023-12-13 11:21:39,172 [WARN] ApiDb:259 - Overriding images path with different value:  => /Applications/STM32CubeIDE.app/Contents/Eclipse/plugins/com.st.stm32cube.common.mx_6.9.2.202309101412//db//plugins/mcufinder/images/
2023-12-13 11:21:39,179 [INFO] ApiDb:250 - Set database path to: /Users/jianghui/.stmcufinder/plugins/mcufinder//mcu/
2023-12-13 11:21:39,180 [INFO] DbMcusAds:125 - Set database path to: /Users/jianghui/.stmcufinder/plugins/mcufinder//mcu/
2023-12-13 11:21:39,183 [INFO] CrossReferenceDbSqlite:203 - Set database path to: /Users/jianghui/.stmcufinder/plugins/mcufinder//mcu/cs/
2023-12-13 11:21:39,277 [INFO] RulesReader:64 - Compatibility file has been processed (293 Rules)
2023-12-13 11:21:39,339 [INFO] DbMcusXml:78 - Set database path to: /Applications/STM32CubeIDE.app/Contents/Eclipse/plugins/com.st.stm32cube.common.mx_6.9.2.202309101412//db//mcu/
2023-12-13 11:21:39,339 [INFO] ApiDb:274 - Set plugin database path to: /Applications/STM32CubeIDE.app/Contents/Eclipse/plugins/com.st.stm32cube.common.mx_6.9.2.202309101412//db//plugins/boardmanager/
2023-12-13 11:21:39,339 [INFO] ApiDb:261 - Set plugin images path to: /Applications/STM32CubeIDE.app/Contents/Eclipse/plugins/com.st.stm32cube.common.mx_6.9.2.202309101412//db//plugins/mcufinder/images/
2023-12-13 11:21:39,340 [WARN] DbFile:41 - Overriding database path with different value: /Users/jianghui/.stmcufinder/plugins/mcufinder/ => /Users/jianghui/.stmcufinder/plugins/mcufinder
2023-12-13 11:21:39,340 [INFO] ApiDb:250 - Set database path to: /Users/jianghui/.stmcufinder/plugins/mcufinder//mcu/
2023-12-13 11:21:39,340 [WARN] DbFile:41 - Overriding database path with different value: /Users/jianghui/.stmcufinder/plugins/mcufinder/ => /Users/jianghui/.stmcufinder/plugins/mcufinder
2023-12-13 11:21:39,340 [INFO] DbMcusAds:125 - Set database path to: /Users/jianghui/.stmcufinder/plugins/mcufinder//mcu/
2023-12-13 11:21:39,340 [WARN] DbFile:41 - Overriding database path with different value: /Users/jianghui/.stmcufinder/plugins/mcufinder/ => /Users/jianghui/.stmcufinder/plugins/mcufinder
2023-12-13 11:21:39,340 [WARN] DbFile:41 - Overriding database path with different value: /Users/jianghui/.stmcufinder/plugins/mcufinder/ => /Users/jianghui/.stmcufinder/plugins/mcufinder
2023-12-13 11:21:39,340 [INFO] CrossReferenceDbSqlite:203 - Set database path to: /Users/jianghui/.stmcufinder/plugins/mcufinder//mcu/cs/
2023-12-13 11:21:39,394 [INFO] MainPanel:262 - HeapMemory: 268435456
2023-12-13 11:21:39,487 [INFO] DbMcusXml:78 - Set database path to: /Applications/STM32CubeIDE.app/Contents/Eclipse/plugins/com.st.stm32cube.common.mx_6.9.2.202309101412//db//mcu/
2023-12-13 11:21:39,487 [INFO] ApiDb:274 - Set plugin database path to: /Applications/STM32CubeIDE.app/Contents/Eclipse/plugins/com.st.stm32cube.common.mx_6.9.2.202309101412//db//plugins/boardmanager/
2023-12-13 11:21:39,487 [INFO] ApiDb:261 - Set plugin images path to: /Applications/STM32CubeIDE.app/Contents/Eclipse/plugins/com.st.stm32cube.common.mx_6.9.2.202309101412//db//plugins/mcufinder/images/
2023-12-13 11:21:39,488 [WARN] DbFile:41 - Overriding database path with different value: /Users/jianghui/.stmcufinder/plugins/mcufinder/ => /Users/jianghui/.stmcufinder/plugins/mcufinder
2023-12-13 11:21:39,488 [INFO] ApiDb:250 - Set database path to: /Users/jianghui/.stmcufinder/plugins/mcufinder//mcu/
2023-12-13 11:21:39,488 [WARN] DbFile:41 - Overriding database path with different value: /Users/jianghui/.stmcufinder/plugins/mcufinder/ => /Users/jianghui/.stmcufinder/plugins/mcufinder
2023-12-13 11:21:39,488 [INFO] DbMcusAds:125 - Set database path to: /Users/jianghui/.stmcufinder/plugins/mcufinder//mcu/
2023-12-13 11:21:39,488 [WARN] DbFile:41 - Overriding database path with different value: /Users/jianghui/.stmcufinder/plugins/mcufinder/ => /Users/jianghui/.stmcufinder/plugins/mcufinder
2023-12-13 11:21:39,488 [WARN] DbFile:41 - Overriding database path with different value: /Users/jianghui/.stmcufinder/plugins/mcufinder/ => /Users/jianghui/.stmcufinder/plugins/mcufinder
2023-12-13 11:21:39,488 [INFO] CrossReferenceDbSqlite:203 - Set database path to: /Users/jianghui/.stmcufinder/plugins/mcufinder//mcu/cs/
2023-12-13 11:21:39,501 [INFO] ApplicationProperties:184 - Using Application install path: /Applications/STM32CubeIDE.app/Contents/Eclipse/plugins/com.st.stm32cube.common.mx_6.9.2.202309101412
2023-12-13 11:21:39,503 [INFO] PluginManage:196 - Search for loadable plugins [exclusion list=, ]
2023-12-13 11:21:39,504 [INFO] PluginManage:310 - Check plugin analytics
2023-12-13 11:21:39,646 [INFO] AnalyticsPlugin:253 - Accepted Software Licenses: 
2023-12-13 11:21:39,647 [INFO] AnalyticsPlugin:255 - Accepted CMSIS Pack Licenses: 
2023-12-13 11:21:39,647 [INFO] AnalyticsPlugin:257 - Accepted Firmware Licenses: FW.F4.1.27.0
2023-12-13 11:21:39,649 [INFO] PluginManage:359 - Loaded plugin analytics (category:tool,tabindex:-1)
2023-12-13 11:21:39,649 [INFO] PluginManage:310 - Check plugin cadmodel
2023-12-13 11:21:39,890 [INFO] CADModel:105 - Init CAD model plugin
2023-12-13 11:21:39,890 [INFO] PluginManage:359 - Loaded plugin cadmodel (category:power,tabindex:5)
2023-12-13 11:21:39,890 [INFO] PluginManage:310 - Check plugin clock
2023-12-13 11:21:39,896 [INFO] PluginManage:359 - Loaded plugin clock (category:base,tabindex:2)
2023-12-13 11:21:39,896 [INFO] PluginManage:310 - Check plugin ddr
2023-12-13 11:21:39,898 [INFO] PluginManage:359 - Loaded plugin ddr (category:tool,tabindex:6)
2023-12-13 11:21:39,898 [INFO] PluginManage:310 - Check plugin filemanager
2023-12-13 11:21:40,000 [INFO] PluginManage:359 - Loaded plugin filemanager (category:base,tabindex:10)
2023-12-13 11:21:40,001 [INFO] PluginManage:310 - Check plugin ipmanager
2023-12-13 11:21:40,007 [INFO] PluginManage:359 - Loaded plugin ipmanager (category:base,tabindex:5)
2023-12-13 11:21:40,007 [INFO] PluginManage:310 - Check plugin lpbam
2023-12-13 11:21:40,014 [INFO] PluginManage:359 - Loaded plugin lpbam (category:base,tabindex:0)
2023-12-13 11:21:40,014 [INFO] PluginManage:310 - Check plugin memorymap
2023-12-13 11:21:40,024 [INFO] PluginManage:359 - Loaded plugin memorymap (category:base,tabindex:4)
2023-12-13 11:21:40,024 [INFO] PluginManage:310 - Check plugin pinoutandconfiguration
2023-12-13 11:21:40,030 [INFO] PluginManage:359 - Loaded plugin pinoutandconfiguration (category:base,tabindex:1)
2023-12-13 11:21:40,030 [INFO] PluginManage:310 - Check plugin pinoutconfig
2023-12-13 11:21:40,097 [WARN] SupportedApi:132 - Cannot load RTOS API schema: s4s-elt-must-match.1: The content of 'definitions' must match (annotation?, (simpleType | complexType)?, (unique | key | keyref)*)). A problem was found starting at: attribute.
2023-12-13 11:21:40,213 [INFO] PluginManage:359 - Loaded plugin pinoutconfig (category:base,tabindex:0)
2023-12-13 11:21:40,213 [INFO] PluginManage:310 - Check plugin power
2023-12-13 11:21:40,221 [INFO] PluginManage:359 - Loaded plugin power (category:power,tabindex:4)
2023-12-13 11:21:40,221 [INFO] PluginManage:310 - Check plugin projectmanager
2023-12-13 11:21:40,233 [INFO] PluginManage:359 - Loaded plugin projectmanager (category:projectmanager,tabindex:3)
2023-12-13 11:21:40,233 [INFO] PluginManage:310 - Check plugin thirdparty
2023-12-13 11:21:40,343 [INFO] PluginManage:359 - Loaded plugin thirdparty (category:base,tabindex:-1)
2023-12-13 11:21:40,343 [WARN] IntegrityCheckThread:84 - waiting for thirdparty lock release [integrity check]
2023-12-13 11:21:40,344 [INFO] IntegrityCheckThread:86 - entering critical section [integrity check]
2023-12-13 11:21:40,344 [INFO] PluginManage:310 - Check plugin tools
2023-12-13 11:21:40,344 [INFO] ThirdPartyUpdaterWithRetryManager:70 - Updater plugin not ready yet. [1/15]
2023-12-13 11:21:40,345 [INFO] PluginManage:359 - Loaded plugin tools (category:base,tabindex:7)
2023-12-13 11:21:40,345 [INFO] PluginManage:310 - Check plugin tutovideos
2023-12-13 11:21:40,478 [INFO] PluginManage:359 - Loaded plugin tutovideos (category:base,tabindex:-1)
2023-12-13 11:21:40,478 [INFO] PluginManage:310 - Check plugin updater
2023-12-13 11:21:40,486 [INFO] PluginManage:359 - Loaded plugin updater (category:base,tabindex:12)
2023-12-13 11:21:40,486 [INFO] PluginManage:310 - Check plugin userauth
2023-12-13 11:21:40,490 [INFO] UserAuth:113 - Init User Auth plugin
2023-12-13 11:21:40,490 [INFO] PluginManage:359 - Loaded plugin userauth (category:base,tabindex:14)
2023-12-13 11:21:40,491 [INFO] PluginManage:283 - PluginManage : Loaded plugins [17]
2023-12-13 11:21:40,625 [INFO] PinOutPanel:1499 - setPackage(No Configuration,No Configuration)
2023-12-13 11:21:40,698 [INFO] CADModel:165 - CPN selected for project level
2023-12-13 11:21:40,699 [INFO] CADModel:114 - Register for checkConnection events
2023-12-13 11:21:40,708 [INFO] IPUIPlugin:80 - create IPUIPlugin
2023-12-13 11:21:40,708 [INFO] PluginManager:220 - loadIPPluginJar : add mdma
2023-12-13 11:21:40,713 [INFO] IPUIPlugin:80 - create IPUIPlugin
2023-12-13 11:21:40,713 [INFO] PluginManager:220 - loadIPPluginJar : add freertos
2023-12-13 11:21:40,716 [INFO] IPUIPlugin:80 - create IPUIPlugin
2023-12-13 11:21:40,717 [INFO] PluginManager:220 - loadIPPluginJar : add gic
2023-12-13 11:21:40,723 [INFO] IPUIPlugin:80 - create IPUIPlugin
2023-12-13 11:21:40,723 [INFO] PluginManager:220 - loadIPPluginJar : add adc
2023-12-13 11:21:40,725 [INFO] IPUIPlugin:80 - create IPUIPlugin
2023-12-13 11:21:40,725 [INFO] PluginManager:220 - loadIPPluginJar : add gtzc
2023-12-13 11:21:40,725 [INFO] IPUIPlugin:80 - create IPUIPlugin
2023-12-13 11:21:40,726 [INFO] PluginManager:220 - loadIPPluginJar : add quadspi
2023-12-13 11:21:40,727 [INFO] IPUIPlugin:80 - create IPUIPlugin
2023-12-13 11:21:40,727 [INFO] PluginManager:220 - loadIPPluginJar : add aes
2023-12-13 11:21:40,729 [INFO] IPUIPlugin:80 - create IPUIPlugin
2023-12-13 11:21:40,729 [INFO] PluginManager:220 - loadIPPluginJar : add pdm2pcm
2023-12-13 11:21:40,730 [INFO] IPUIPlugin:80 - create IPUIPlugin
2023-12-13 11:21:40,730 [INFO] PluginManager:220 - loadIPPluginJar : add hash
2023-12-13 11:21:40,731 [INFO] IPUIPlugin:80 - create IPUIPlugin
2023-12-13 11:21:40,731 [INFO] PluginManager:220 - loadIPPluginJar : add tim
2023-12-13 11:21:40,732 [INFO] IPUIPlugin:80 - create IPUIPlugin
2023-12-13 11:21:40,732 [INFO] PluginManager:220 - loadIPPluginJar : add tsc
2023-12-13 11:21:40,733 [INFO] IPUIPlugin:80 - create IPUIPlugin
2023-12-13 11:21:40,733 [INFO] PluginManager:220 - loadIPPluginJar : add ts
2023-12-13 11:21:40,734 [INFO] IPUIPlugin:80 - create IPUIPlugin
2023-12-13 11:21:40,735 [INFO] PluginManager:220 - loadIPPluginJar : add can
2023-12-13 11:21:40,736 [INFO] IPUIPlugin:80 - create IPUIPlugin
2023-12-13 11:21:40,736 [INFO] PluginManager:220 - loadIPPluginJar : add dma3
2023-12-13 11:21:40,737 [INFO] IPUIPlugin:80 - create IPUIPlugin
2023-12-13 11:21:40,737 [INFO] PluginManager:220 - loadIPPluginJar : add dfsdm
2023-12-13 11:21:40,739 [INFO] IPUIPlugin:80 - create IPUIPlugin
2023-12-13 11:21:40,739 [INFO] PluginManager:220 - loadIPPluginJar : add spi
2023-12-13 11:21:40,740 [INFO] IPUIPlugin:80 - create IPUIPlugin
2023-12-13 11:21:40,741 [INFO] PluginManager:220 - loadIPPluginJar : add gfxmmu
2023-12-13 11:21:40,741 [INFO] IPUIPlugin:80 - create IPUIPlugin
2023-12-13 11:21:40,741 [INFO] PluginManager:220 - loadIPPluginJar : add genericplugin
2023-12-13 11:21:40,743 [INFO] IPUIPlugin:80 - create IPUIPlugin
2023-12-13 11:21:40,743 [INFO] PluginManager:220 - loadIPPluginJar : add cryp
2023-12-13 11:21:40,745 [INFO] IPUIPlugin:80 - create IPUIPlugin
2023-12-13 11:21:40,746 [INFO] PluginManager:220 - loadIPPluginJar : add gpio
2023-12-13 11:21:40,747 [INFO] IPUIPlugin:80 - create IPUIPlugin
2023-12-13 11:21:40,747 [INFO] PluginManager:220 - loadIPPluginJar : add comp
2023-12-13 11:21:40,748 [INFO] IPUIPlugin:80 - create IPUIPlugin
2023-12-13 11:21:40,748 [INFO] PluginManager:220 - loadIPPluginJar : add tracer_emb
2023-12-13 11:21:40,749 [INFO] IPUIPlugin:80 - create IPUIPlugin
2023-12-13 11:21:40,750 [INFO] PluginManager:220 - loadIPPluginJar : add openamp
2023-12-13 11:21:40,752 [INFO] IPUIPlugin:80 - create IPUIPlugin
2023-12-13 11:21:40,753 [INFO] PluginManager:220 - loadIPPluginJar : add stm32_wpan
2023-12-13 11:21:40,757 [INFO] IPUIPlugin:80 - create IPUIPlugin
2023-12-13 11:21:40,759 [INFO] PluginManager:220 - loadIPPluginJar : add plateformsettings
2023-12-13 11:21:40,763 [INFO] IPUIPlugin:80 - create IPUIPlugin
2023-12-13 11:21:40,763 [INFO] PluginManager:220 - loadIPPluginJar : add ipddr
2023-12-13 11:21:40,764 [INFO] IPUIPlugin:80 - create IPUIPlugin
2023-12-13 11:21:40,764 [INFO] PluginManager:220 - loadIPPluginJar : add usart
2023-12-13 11:21:40,765 [INFO] IPUIPlugin:80 - create IPUIPlugin
2023-12-13 11:21:40,766 [INFO] PluginManager:220 - loadIPPluginJar : add ltdc
2023-12-13 11:21:40,768 [INFO] IPUIPlugin:80 - create IPUIPlugin
2023-12-13 11:21:40,768 [INFO] PluginManager:220 - loadIPPluginJar : add nvic
2023-12-13 11:21:40,769 [INFO] IPUIPlugin:80 - create IPUIPlugin
2023-12-13 11:21:40,769 [INFO] PluginManager:220 - loadIPPluginJar : add fatfs
2023-12-13 11:21:40,773 [INFO] IPUIPlugin:80 - create IPUIPlugin
2023-12-13 11:21:40,774 [INFO] PluginManager:220 - loadIPPluginJar : add linkedlist
2023-12-13 11:21:40,777 [INFO] IPUIPlugin:80 - create IPUIPlugin
2023-12-13 11:21:40,777 [INFO] PluginManager:220 - loadIPPluginJar : add dma
2023-12-13 11:21:40,779 [INFO] IPUIPlugin:80 - create IPUIPlugin
2023-12-13 11:21:40,779 [INFO] PluginManager:220 - loadIPPluginJar : add fmc
2023-12-13 11:21:40,780 [INFO] IPUIPlugin:80 - create IPUIPlugin
2023-12-13 11:21:40,781 [INFO] PluginManager:220 - loadIPPluginJar : add i2s
2023-12-13 11:21:40,781 [INFO] IPUIPlugin:80 - create IPUIPlugin
2023-12-13 11:21:40,782 [INFO] PluginManager:220 - loadIPPluginJar : add ucpd
2023-12-13 11:21:40,783 [INFO] IPUIPlugin:80 - create IPUIPlugin
2023-12-13 11:21:40,783 [INFO] PluginManager:220 - loadIPPluginJar : add lorawan
2023-12-13 11:21:40,785 [INFO] IPUIPlugin:80 - create IPUIPlugin
2023-12-13 11:21:40,785 [INFO] PluginManager:220 - loadIPPluginJar : add opamp
2023-12-13 11:21:40,786 [INFO] IPUIPlugin:80 - create IPUIPlugin
2023-12-13 11:21:40,786 [INFO] PluginManager:220 - loadIPPluginJar : add i3c
2023-12-13 11:21:40,788 [INFO] IPUIPlugin:80 - create IPUIPlugin
2023-12-13 11:21:40,788 [INFO] PluginManager:220 - loadIPPluginJar : add touchsensing
2023-12-13 11:21:40,790 [INFO] IPUIPlugin:80 - create IPUIPlugin
2023-12-13 11:21:40,790 [INFO] PluginManager:220 - loadIPPluginJar : add i2c
2023-12-13 11:21:40,791 [INFO] IPUIPlugin:80 - create IPUIPlugin
2023-12-13 11:21:40,791 [INFO] PluginManager:220 - loadIPPluginJar : add resmgrutility
2023-12-13 11:21:40,793 [INFO] IPUIPlugin:80 - create IPUIPlugin
2023-12-13 11:21:40,793 [INFO] PluginManager:220 - loadIPPluginJar : add sai
2023-12-13 11:21:40,795 [INFO] IPUIPlugin:80 - create IPUIPlugin
2023-12-13 11:21:40,795 [INFO] PluginManager:220 - loadIPPluginJar : add usbx
2023-12-13 11:21:40,892 [INFO] CADModel:165 - CPN selected for project level
2023-12-13 11:21:40,892 [INFO] CADModel:114 - Register for checkConnection events
2023-12-13 11:21:40,892 [FATAL] Updater:308 - Updater called before beeing initialized
2023-12-13 11:21:40,892 [ERROR] CADModel:125 - Updater not yet initialized, retry later 
2023-12-13 11:21:41,020 [INFO] CADModel:165 - CPN selected for project level
2023-12-13 11:21:41,020 [INFO] CADModel:114 - Register for checkConnection events
2023-12-13 11:21:41,020 [FATAL] Updater:308 - Updater called before beeing initialized
2023-12-13 11:21:41,020 [ERROR] CADModel:125 - Updater not yet initialized, retry later 
2023-12-13 11:21:41,023 [FATAL] Updater:308 - Updater called before beeing initialized
2023-12-13 11:21:41,080 [FATAL] Updater:308 - Updater called before beeing initialized
2023-12-13 11:21:41,084 [INFO] DbMcusAds:53 - JSON generation date=Wed Nov 29 11:52:38 CET 2023 (1701255158764)
2023-12-13 11:21:41,084 [FATAL] Updater:308 - Updater called before beeing initialized
2023-12-13 11:21:41,120 [INFO] McuFinderGlobals:63 - Set McuFinder mode to 2 (CubeIDE integrated)
2023-12-13 11:21:41,134 [WARN] DetailPanel:346 - Failed to get advertising image, set to default
2023-12-13 11:21:41,137 [ERROR] LogOutputStream:75 - [STDERR_REDIRECT] java.net.URISyntaxException: Illegal character in path at index 47: file:/Users/jianghui/Documents/GitHub/ss_hw/H07 A/A2/.metadata/.log4j2.xml
2023-12-13 11:21:41,137 [ERROR] LogOutputStream:75 - [STDERR_REDIRECT] 	at java.base/java.net.URI$Parser.fail(URI.java:2974)
2023-12-13 11:21:41,138 [ERROR] LogOutputStream:75 - [STDERR_REDIRECT] 	at java.base/java.net.URI$Parser.checkChars(URI.java:3145)
2023-12-13 11:21:41,138 [ERROR] LogOutputStream:75 - [STDERR_REDIRECT] 	at java.base/java.net.URI$Parser.parseHierarchical(URI.java:3227)
2023-12-13 11:21:41,138 [ERROR] LogOutputStream:75 - [STDERR_REDIRECT] 	at java.base/java.net.URI$Parser.parse(URI.java:3175)
2023-12-13 11:21:41,138 [ERROR] LogOutputStream:75 - [STDERR_REDIRECT] 	at java.base/java.net.URI.<init>(URI.java:623)
2023-12-13 11:21:41,138 [ERROR] LogOutputStream:75 - [STDERR_REDIRECT] 	at java.base/java.net.URL.toURI(URL.java:1056)
2023-12-13 11:21:41,139 [ERROR] LogOutputStream:75 - [STDERR_REDIRECT] 	at com.st.stm32cube.common.mx.core.CubeMxInstance.getInstance(CubeMxInstance.java:81)
2023-12-13 11:21:41,139 [ERROR] LogOutputStream:75 - [STDERR_REDIRECT] 	at com.st.stm32cube.common.mx.editor.CubeMxEditor.createPartControl(CubeMxEditor.java:1036)
2023-12-13 11:21:41,139 [ERROR] LogOutputStream:75 - [STDERR_REDIRECT] 	at org.eclipse.ui.internal.e4.compatibility.CompatibilityPart.createPartControl(CompatibilityPart.java:158)
2023-12-13 11:21:41,139 [ERROR] LogOutputStream:75 - [STDERR_REDIRECT] 	at org.eclipse.ui.internal.e4.compatibility.CompatibilityEditor.createPartControl(CompatibilityEditor.java:96)
2023-12-13 11:21:41,139 [ERROR] LogOutputStream:75 - [STDERR_REDIRECT] 	at org.eclipse.ui.internal.e4.compatibility.CompatibilityPart.create(CompatibilityPart.java:365)
2023-12-13 11:21:41,140 [ERROR] LogOutputStream:75 - [STDERR_REDIRECT] 	at java.base/jdk.internal.reflect.NativeMethodAccessorImpl.invoke0(Native Method)
2023-12-13 11:21:41,140 [ERROR] LogOutputStream:75 - [STDERR_REDIRECT] 	at java.base/jdk.internal.reflect.NativeMethodAccessorImpl.invoke(NativeMethodAccessorImpl.java:77)
2023-12-13 11:21:41,140 [ERROR] LogOutputStream:75 - [STDERR_REDIRECT] 	at java.base/jdk.internal.reflect.DelegatingMethodAccessorImpl.invoke(DelegatingMethodAccessorImpl.java:43)
2023-12-13 11:21:41,140 [ERROR] LogOutputStream:75 - [STDERR_REDIRECT] 	at java.base/java.lang.reflect.Method.invoke(Method.java:568)
2023-12-13 11:21:41,140 [ERROR] LogOutputStream:75 - [STDERR_REDIRECT] 	at org.eclipse.e4.core.internal.di.MethodRequestor.execute(MethodRequestor.java:58)
2023-12-13 11:21:41,141 [ERROR] LogOutputStream:75 - [STDERR_REDIRECT] 	at org.eclipse.e4.core.internal.di.InjectorImpl.processAnnotated(InjectorImpl.java:995)
2023-12-13 11:21:41,141 [ERROR] LogOutputStream:75 - [STDERR_REDIRECT] 	at org.eclipse.e4.core.internal.di.InjectorImpl.processAnnotated(InjectorImpl.java:960)
2023-12-13 11:21:41,141 [ERROR] LogOutputStream:75 - [STDERR_REDIRECT] 	at org.eclipse.e4.core.internal.di.InjectorImpl.internalInject(InjectorImpl.java:140)
2023-12-13 11:21:41,141 [ERROR] LogOutputStream:75 - [STDERR_REDIRECT] 	at org.eclipse.e4.core.internal.di.InjectorImpl.internalMake(InjectorImpl.java:403)
2023-12-13 11:21:41,141 [ERROR] LogOutputStream:75 - [STDERR_REDIRECT] 	at org.eclipse.e4.core.internal.di.InjectorImpl.make(InjectorImpl.java:330)
2023-12-13 11:21:41,142 [ERROR] LogOutputStream:75 - [STDERR_REDIRECT] 	at org.eclipse.e4.core.contexts.ContextInjectionFactory.make(ContextInjectionFactory.java:202)
2023-12-13 11:21:41,142 [ERROR] LogOutputStream:75 - [STDERR_REDIRECT] 	at org.eclipse.e4.ui.internal.workbench.ReflectionContributionFactory.createFromBundle(ReflectionContributionFactory.java:91)
2023-12-13 11:21:41,142 [ERROR] LogOutputStream:75 - [STDERR_REDIRECT] 	at org.eclipse.e4.ui.internal.workbench.ReflectionContributionFactory.doCreate(ReflectionContributionFactory.java:60)
2023-12-13 11:21:41,142 [ERROR] LogOutputStream:75 - [STDERR_REDIRECT] 	at org.eclipse.e4.ui.internal.workbench.ReflectionContributionFactory.create(ReflectionContributionFactory.java:42)
2023-12-13 11:21:41,142 [ERROR] LogOutputStream:75 - [STDERR_REDIRECT] 	at org.eclipse.e4.ui.workbench.renderers.swt.ContributedPartRenderer.createWidget(ContributedPartRenderer.java:132)
2023-12-13 11:21:41,142 [ERROR] LogOutputStream:75 - [STDERR_REDIRECT] 	at org.eclipse.e4.ui.internal.workbench.swt.PartRenderingEngine.createWidget(PartRenderingEngine.java:995)
2023-12-13 11:21:41,143 [ERROR] LogOutputStream:75 - [STDERR_REDIRECT] 	at org.eclipse.e4.ui.internal.workbench.swt.PartRenderingEngine.safeCreateGui(PartRenderingEngine.java:659)
2023-12-13 11:21:41,143 [ERROR] LogOutputStream:75 - [STDERR_REDIRECT] 	at org.eclipse.e4.ui.internal.workbench.swt.PartRenderingEngine.safeCreateGui(PartRenderingEngine.java:763)
2023-12-13 11:21:41,143 [ERROR] LogOutputStream:75 - [STDERR_REDIRECT] 	at org.eclipse.e4.ui.internal.workbench.swt.PartRenderingEngine$2.run(PartRenderingEngine.java:728)
2023-12-13 11:21:41,143 [ERROR] LogOutputStream:75 - [STDERR_REDIRECT] 	at org.eclipse.core.runtime.SafeRunner.run(SafeRunner.java:45)
2023-12-13 11:21:41,143 [ERROR] LogOutputStream:75 - [STDERR_REDIRECT] 	at org.eclipse.e4.ui.internal.workbench.swt.PartRenderingEngine.createGui(PartRenderingEngine.java:712)
2023-12-13 11:21:41,144 [ERROR] LogOutputStream:75 - [STDERR_REDIRECT] 	at org.eclipse.e4.ui.internal.workbench.PartServiceImpl.lambda$0(PartServiceImpl.java:105)
2023-12-13 11:21:41,144 [ERROR] LogOutputStream:75 - [STDERR_REDIRECT] 	at org.eclipse.e4.ui.services.internal.events.UIEventHandler.lambda$0(UIEventHandler.java:38)
2023-12-13 11:21:41,144 [ERROR] LogOutputStream:75 - [STDERR_REDIRECT] 	at org.eclipse.swt.widgets.Synchronizer.syncExec(Synchronizer.java:183)
2023-12-13 11:21:41,144 [ERROR] LogOutputStream:75 - [STDERR_REDIRECT] 	at org.eclipse.ui.internal.UISynchronizer.syncExec(UISynchronizer.java:133)
2023-12-13 11:21:41,144 [ERROR] LogOutputStream:75 - [STDERR_REDIRECT] 	at org.eclipse.swt.widgets.Display.syncExec(Display.java:5250)
2023-12-13 11:21:41,145 [ERROR] LogOutputStream:75 - [STDERR_REDIRECT] 	at org.eclipse.e4.ui.workbench.swt.DisplayUISynchronize.syncExec(DisplayUISynchronize.java:34)
2023-12-13 11:21:41,145 [ERROR] LogOutputStream:75 - [STDERR_REDIRECT] 	at org.eclipse.e4.ui.services.internal.events.UIEventHandler.handleEvent(UIEventHandler.java:38)
2023-12-13 11:21:41,145 [ERROR] LogOutputStream:75 - [STDERR_REDIRECT] 	at org.eclipse.equinox.internal.event.EventHandlerWrapper.handleEvent(EventHandlerWrapper.java:205)
2023-12-13 11:21:41,145 [ERROR] LogOutputStream:75 - [STDERR_REDIRECT] 	at org.eclipse.equinox.internal.event.EventHandlerTracker.dispatchEvent(EventHandlerTracker.java:203)
2023-12-13 11:21:41,145 [ERROR] LogOutputStream:75 - [STDERR_REDIRECT] 	at org.eclipse.equinox.internal.event.EventHandlerTracker.dispatchEvent(EventHandlerTracker.java:1)
2023-12-13 11:21:41,146 [ERROR] LogOutputStream:75 - [STDERR_REDIRECT] 	at org.eclipse.osgi.framework.eventmgr.EventManager.dispatchEvent(EventManager.java:234)
2023-12-13 11:21:41,146 [ERROR] LogOutputStream:75 - [STDERR_REDIRECT] 	at org.eclipse.osgi.framework.eventmgr.ListenerQueue.dispatchEventSynchronous(ListenerQueue.java:151)
2023-12-13 11:21:41,146 [ERROR] LogOutputStream:75 - [STDERR_REDIRECT] 	at org.eclipse.equinox.internal.event.EventAdminImpl.dispatchEvent(EventAdminImpl.java:133)
2023-12-13 11:21:41,146 [ERROR] LogOutputStream:75 - [STDERR_REDIRECT] 	at org.eclipse.equinox.internal.event.EventAdminImpl.sendEvent(EventAdminImpl.java:75)
2023-12-13 11:21:41,146 [ERROR] LogOutputStream:75 - [STDERR_REDIRECT] 	at org.eclipse.equinox.internal.event.EventComponent.sendEvent(EventComponent.java:44)
2023-12-13 11:21:41,146 [ERROR] LogOutputStream:75 - [STDERR_REDIRECT] 	at org.eclipse.e4.ui.services.internal.events.EventBroker.send(EventBroker.java:55)
2023-12-13 11:21:41,147 [ERROR] LogOutputStream:75 - [STDERR_REDIRECT] 	at org.eclipse.e4.ui.internal.workbench.UIEventPublisher.notifyChanged(UIEventPublisher.java:63)
2023-12-13 11:21:41,147 [ERROR] LogOutputStream:75 - [STDERR_REDIRECT] 	at org.eclipse.emf.common.notify.impl.BasicNotifierImpl.eNotify(BasicNotifierImpl.java:424)
2023-12-13 11:21:41,147 [ERROR] LogOutputStream:75 - [STDERR_REDIRECT] 	at org.eclipse.e4.ui.model.application.ui.impl.ElementContainerImpl.setSelectedElementGen(ElementContainerImpl.java:170)
2023-12-13 11:21:41,147 [ERROR] LogOutputStream:75 - [STDERR_REDIRECT] 	at org.eclipse.e4.ui.model.application.ui.impl.ElementContainerImpl.setSelectedElement(ElementContainerImpl.java:188)
2023-12-13 11:21:41,148 [ERROR] LogOutputStream:75 - [STDERR_REDIRECT] 	at org.eclipse.e4.ui.internal.workbench.ModelServiceImpl.showElementInWindow(ModelServiceImpl.java:660)
2023-12-13 11:21:41,148 [ERROR] LogOutputStream:75 - [STDERR_REDIRECT] 	at org.eclipse.e4.ui.internal.workbench.ModelServiceImpl.bringToTop(ModelServiceImpl.java:624)
2023-12-13 11:21:41,148 [ERROR] LogOutputStream:75 - [STDERR_REDIRECT] 	at org.eclipse.e4.ui.internal.workbench.PartServiceImpl.delegateBringToTop(PartServiceImpl.java:790)
2023-12-13 11:21:41,148 [ERROR] LogOutputStream:75 - [STDERR_REDIRECT] 	at org.eclipse.e4.ui.internal.workbench.PartServiceImpl.bringToTop(PartServiceImpl.java:401)
2023-12-13 11:21:41,149 [ERROR] LogOutputStream:75 - [STDERR_REDIRECT] 	at org.eclipse.e4.ui.internal.workbench.PartServiceImpl.showPart(PartServiceImpl.java:1264)
2023-12-13 11:21:41,149 [ERROR] LogOutputStream:75 - [STDERR_REDIRECT] 	at org.eclipse.ui.internal.WorkbenchPage.busyOpenEditor(WorkbenchPage.java:3210)
2023-12-13 11:21:41,149 [ERROR] LogOutputStream:75 - [STDERR_REDIRECT] 	at org.eclipse.ui.internal.WorkbenchPage.lambda$9(WorkbenchPage.java:3100)
2023-12-13 11:21:41,149 [ERROR] LogOutputStream:75 - [STDERR_REDIRECT] 	at org.eclipse.swt.custom.BusyIndicator.showWhile(BusyIndicator.java:67)
2023-12-13 11:21:41,149 [ERROR] LogOutputStream:75 - [STDERR_REDIRECT] 	at org.eclipse.ui.internal.WorkbenchPage.openEditor(WorkbenchPage.java:3098)
2023-12-13 11:21:41,149 [ERROR] LogOutputStream:75 - [STDERR_REDIRECT] 	at org.eclipse.ui.internal.WorkbenchPage.openEditor(WorkbenchPage.java:3068)
2023-12-13 11:21:41,150 [ERROR] LogOutputStream:75 - [STDERR_REDIRECT] 	at org.eclipse.ui.internal.WorkbenchPage.openEditor(WorkbenchPage.java:3059)
2023-12-13 11:21:41,150 [ERROR] LogOutputStream:75 - [STDERR_REDIRECT] 	at org.eclipse.ui.ide.IDE.openEditor(IDE.java:548)
2023-12-13 11:21:41,150 [ERROR] LogOutputStream:75 - [STDERR_REDIRECT] 	at org.eclipse.ui.ide.IDE.openEditor(IDE.java:508)
2023-12-13 11:21:41,150 [ERROR] LogOutputStream:75 - [STDERR_REDIRECT] 	at org.eclipse.ui.actions.OpenFileAction.openFile(OpenFileAction.java:103)
2023-12-13 11:21:41,150 [ERROR] LogOutputStream:75 - [STDERR_REDIRECT] 	at org.eclipse.ui.actions.OpenSystemEditorAction.run(OpenSystemEditorAction.java:96)
2023-12-13 11:21:41,151 [ERROR] LogOutputStream:75 - [STDERR_REDIRECT] 	at org.eclipse.ui.actions.RetargetAction.run(RetargetAction.java:215)
2023-12-13 11:21:41,151 [ERROR] LogOutputStream:75 - [STDERR_REDIRECT] 	at org.eclipse.ui.navigator.CommonNavigatorManager$1.open(CommonNavigatorManager.java:183)
2023-12-13 11:21:41,151 [ERROR] LogOutputStream:75 - [STDERR_REDIRECT] 	at org.eclipse.ui.OpenAndLinkWithEditorHelper$InternalListener.open(OpenAndLinkWithEditorHelper.java:48)
2023-12-13 11:21:41,151 [ERROR] LogOutputStream:75 - [STDERR_REDIRECT] 	at org.eclipse.jface.viewers.StructuredViewer$2.run(StructuredViewer.java:800)
2023-12-13 11:21:41,151 [ERROR] LogOutputStream:75 - [STDERR_REDIRECT] 	at org.eclipse.core.runtime.SafeRunner.run(SafeRunner.java:45)
2023-12-13 11:21:41,151 [ERROR] LogOutputStream:75 - [STDERR_REDIRECT] 	at org.eclipse.jface.util.SafeRunnable.run(SafeRunnable.java:174)
2023-12-13 11:21:41,151 [ERROR] LogOutputStream:75 - [STDERR_REDIRECT] 	at org.eclipse.jface.viewers.StructuredViewer.fireOpen(StructuredViewer.java:797)
2023-12-13 11:21:41,152 [ERROR] LogOutputStream:75 - [STDERR_REDIRECT] 	at org.eclipse.jface.viewers.StructuredViewer.handleOpen(StructuredViewer.java:1116)
2023-12-13 11:21:41,152 [ERROR] LogOutputStream:75 - [STDERR_REDIRECT] 	at org.eclipse.ui.navigator.CommonViewer.handleOpen(CommonViewer.java:454)
2023-12-13 11:21:41,152 [ERROR] LogOutputStream:75 - [STDERR_REDIRECT] 	at org.eclipse.jface.util.OpenStrategy.fireOpenEvent(OpenStrategy.java:296)
2023-12-13 11:21:41,152 [ERROR] LogOutputStream:75 - [STDERR_REDIRECT] 	at org.eclipse.jface.util.OpenStrategy$1.handleEvent(OpenStrategy.java:331)
2023-12-13 11:21:41,152 [ERROR] LogOutputStream:75 - [STDERR_REDIRECT] 	at org.eclipse.swt.widgets.EventTable.sendEvent(EventTable.java:89)
2023-12-13 11:21:41,152 [ERROR] LogOutputStream:75 - [STDERR_REDIRECT] 	at org.eclipse.swt.widgets.Display.sendEvent(Display.java:4646)
2023-12-13 11:21:41,153 [ERROR] LogOutputStream:75 - [STDERR_REDIRECT] 	at org.eclipse.swt.widgets.Widget.sendEvent(Widget.java:1524)
2023-12-13 11:21:41,153 [ERROR] LogOutputStream:75 - [STDERR_REDIRECT] 	at org.eclipse.swt.widgets.Widget.sendEvent(Widget.java:1547)
2023-12-13 11:21:41,153 [ERROR] LogOutputStream:75 - [STDERR_REDIRECT] 	at org.eclipse.swt.widgets.Widget.sendEvent(Widget.java:1532)
2023-12-13 11:21:41,153 [ERROR] LogOutputStream:75 - [STDERR_REDIRECT] 	at org.eclipse.swt.widgets.Widget.notifyListeners(Widget.java:1325)
2023-12-13 11:21:41,153 [ERROR] LogOutputStream:75 - [STDERR_REDIRECT] 	at org.eclipse.swt.widgets.Display.runDeferredEvents(Display.java:4413)
2023-12-13 11:21:41,153 [ERROR] LogOutputStream:75 - [STDERR_REDIRECT] 	at org.eclipse.swt.widgets.Display.readAndDispatch(Display.java:3989)
2023-12-13 11:21:41,154 [ERROR] LogOutputStream:75 - [STDERR_REDIRECT] 	at org.eclipse.e4.ui.internal.workbench.swt.PartRenderingEngine$5.run(PartRenderingEngine.java:1155)
2023-12-13 11:21:41,154 [ERROR] LogOutputStream:75 - [STDERR_REDIRECT] 	at org.eclipse.core.databinding.observable.Realm.runWithDefault(Realm.java:338)
2023-12-13 11:21:41,154 [ERROR] LogOutputStream:75 - [STDERR_REDIRECT] 	at org.eclipse.e4.ui.internal.workbench.swt.PartRenderingEngine.run(PartRenderingEngine.java:1046)
2023-12-13 11:21:41,154 [ERROR] LogOutputStream:75 - [STDERR_REDIRECT] 	at org.eclipse.e4.ui.internal.workbench.E4Workbench.createAndRunUI(E4Workbench.java:155)
2023-12-13 11:21:41,155 [ERROR] LogOutputStream:75 - [STDERR_REDIRECT] 	at org.eclipse.ui.internal.Workbench.lambda$3(Workbench.java:643)
2023-12-13 11:21:41,155 [ERROR] LogOutputStream:75 - [STDERR_REDIRECT] 	at org.eclipse.core.databinding.observable.Realm.runWithDefault(Realm.java:338)
2023-12-13 11:21:41,155 [ERROR] LogOutputStream:75 - [STDERR_REDIRECT] 	at org.eclipse.ui.internal.Workbench.createAndRunWorkbench(Workbench.java:550)
2023-12-13 11:21:41,155 [ERROR] LogOutputStream:75 - [STDERR_REDIRECT] 	at org.eclipse.ui.PlatformUI.createAndRunWorkbench(PlatformUI.java:171)
2023-12-13 11:21:41,155 [ERROR] LogOutputStream:75 - [STDERR_REDIRECT] 	at org.eclipse.ui.internal.ide.application.IDEApplication.start(IDEApplication.java:152)
2023-12-13 11:21:41,155 [ERROR] LogOutputStream:75 - [STDERR_REDIRECT] 	at org.eclipse.equinox.internal.app.EclipseAppHandle.run(EclipseAppHandle.java:203)
2023-12-13 11:21:41,155 [ERROR] LogOutputStream:75 - [STDERR_REDIRECT] 	at org.eclipse.core.runtime.internal.adaptor.EclipseAppLauncher.runApplication(EclipseAppLauncher.java:136)
2023-12-13 11:21:41,156 [ERROR] LogOutputStream:75 - [STDERR_REDIRECT] 	at org.eclipse.core.runtime.internal.adaptor.EclipseAppLauncher.start(EclipseAppLauncher.java:104)
2023-12-13 11:21:41,156 [ERROR] LogOutputStream:75 - [STDERR_REDIRECT] 	at org.eclipse.core.runtime.adaptor.EclipseStarter.run(EclipseStarter.java:402)
2023-12-13 11:21:41,156 [ERROR] LogOutputStream:75 - [STDERR_REDIRECT] 	at org.eclipse.core.runtime.adaptor.EclipseStarter.run(EclipseStarter.java:255)
2023-12-13 11:21:41,156 [ERROR] LogOutputStream:75 - [STDERR_REDIRECT] 	at java.base/jdk.internal.reflect.NativeMethodAccessorImpl.invoke0(Native Method)
2023-12-13 11:21:41,156 [ERROR] LogOutputStream:75 - [STDERR_REDIRECT] 	at java.base/jdk.internal.reflect.NativeMethodAccessorImpl.invoke(NativeMethodAccessorImpl.java:77)
2023-12-13 11:21:41,156 [ERROR] LogOutputStream:75 - [STDERR_REDIRECT] 	at java.base/jdk.internal.reflect.DelegatingMethodAccessorImpl.invoke(DelegatingMethodAccessorImpl.java:43)
2023-12-13 11:21:41,157 [ERROR] LogOutputStream:75 - [STDERR_REDIRECT] 	at java.base/java.lang.reflect.Method.invoke(Method.java:568)
2023-12-13 11:21:41,157 [ERROR] LogOutputStream:75 - [STDERR_REDIRECT] 	at org.eclipse.equinox.launcher.Main.invokeFramework(Main.java:659)
2023-12-13 11:21:41,158 [ERROR] LogOutputStream:75 - [STDERR_REDIRECT] 	at org.eclipse.equinox.launcher.Main.basicRun(Main.java:596)
2023-12-13 11:21:41,158 [ERROR] LogOutputStream:75 - [STDERR_REDIRECT] 	at org.eclipse.equinox.launcher.Main.run(Main.java:1467)
2023-12-13 11:21:41,212 [FATAL] Updater:308 - Updater called before beeing initialized
2023-12-13 11:21:41,214 [FATAL] Updater:308 - Updater called before beeing initialized
2023-12-13 11:21:41,214 [FATAL] Updater:308 - Updater called before beeing initialized
2023-12-13 11:21:41,214 [WARN] DetailPanel:346 - Failed to get advertising image, set to default
2023-12-13 11:21:41,215 [FATAL] Updater:308 - Updater called before beeing initialized
2023-12-13 11:21:41,237 [ERROR] Updater:1120 - MainUpdater not yet initialized. External WinMGr cannot be set.
2023-12-13 11:21:41,238 [INFO] Updater:1056 - Updater Version found : 6.9.2
2023-12-13 11:21:41,250 [INFO] ApplicationProperties:184 - Using Application install path: /Applications/STM32CubeIDE.app/Contents/Eclipse/plugins/com.st.stm32cube.common.mx_6.9.2.202309101412
2023-12-13 11:21:43,347 [INFO] ThirdPartyUpdaterWithRetryManager:70 - Updater plugin not ready yet. [2/15]
2023-12-13 11:21:46,349 [FATAL] Updater:308 - Updater called before beeing initialized
2023-12-13 11:21:46,350 [ERROR] IntegrityCheckThread:130 - Cannot retrieve database content from updater: error 21
2023-12-13 11:21:46,350 [INFO] ThirdParty:978 - Integrity check success = false
2023-12-13 11:21:46,350 [INFO] IntegrityCheckThread:100 - exiting critical section [integrity check]
2023-12-13 11:21:46,350 [INFO] IntegrityCheckThread:103 - End integrity checks thread
2023-12-13 11:28:03,147 [INFO] Activator:176 - 


2023-12-13 11:28:03,149 [INFO] Activator:177 - !SESSION log4j initialized
2023-12-13 11:28:06,095 [ERROR] LogOutputStream:75 - [STDERR_REDIRECT] 
2023-12-13 11:28:06,718 [INFO] LogOutputStream:77 - [STDOUT_REDIRECT] 
2023-12-13 11:28:09,589 [INFO] LogOutputStream:77 - [STDOUT_REDIRECT] 
2023-12-13 11:28:09,898 [ERROR] LogOutputStream:75 - [STDERR_REDIRECT] java.net.URISyntaxException: Illegal character in path at index 47: file:/Users/jianghui/Documents/GitHub/ss_hw/H07 A/A2/.metadata/.log4j2.xml
2023-12-13 11:28:09,898 [ERROR] LogOutputStream:75 - [STDERR_REDIRECT] 	at java.base/java.net.URI$Parser.fail(URI.java:2974)
2023-12-13 11:28:09,898 [ERROR] LogOutputStream:75 - [STDERR_REDIRECT] 	at java.base/java.net.URI$Parser.checkChars(URI.java:3145)
2023-12-13 11:28:09,899 [ERROR] LogOutputStream:75 - [STDERR_REDIRECT] 	at java.base/java.net.URI$Parser.parseHierarchical(URI.java:3227)
2023-12-13 11:28:09,899 [ERROR] LogOutputStream:75 - [STDERR_REDIRECT] 	at java.base/java.net.URI$Parser.parse(URI.java:3175)
2023-12-13 11:28:09,899 [ERROR] LogOutputStream:75 - [STDERR_REDIRECT] 	at java.base/java.net.URI.<init>(URI.java:623)
2023-12-13 11:28:09,899 [ERROR] LogOutputStream:75 - [STDERR_REDIRECT] 	at java.base/java.net.URL.toURI(URL.java:1056)
2023-12-13 11:28:09,900 [ERROR] LogOutputStream:75 - [STDERR_REDIRECT] 	at com.st.stm32cube.common.mx.core.CubeMxInstance.getInstance(CubeMxInstance.java:81)
2023-12-13 11:28:09,900 [ERROR] LogOutputStream:75 - [STDERR_REDIRECT] 	at com.st.stm32cube.common.mx.userauth.UserAuthAdapter.<init>(UserAuthAdapter.java:18)
2023-12-13 11:28:09,900 [ERROR] LogOutputStream:75 - [STDERR_REDIRECT] 	at com.st.stm32cube.common.mx.userauth.UserAuthProvider.getUserAuthAdapter(UserAuthProvider.java:9)
2023-12-13 11:28:09,900 [ERROR] LogOutputStream:75 - [STDERR_REDIRECT] 	at com.st.stm32cube.common.ecosystemintegration.ui.core.MCUEcoSystemIntegrationUiHelper.getUserAuth(MCUEcoSystemIntegrationUiHelper.java:100)
2023-12-13 11:28:09,900 [ERROR] LogOutputStream:75 - [STDERR_REDIRECT] 	at com.st.stm32cube.ide.mcu.userauth.UserAuthStartup.earlyStartup(UserAuthStartup.java:41)
2023-12-13 11:28:09,901 [ERROR] LogOutputStream:75 - [STDERR_REDIRECT] 	at org.eclipse.ui.internal.EarlyStartupRunnable.runEarlyStartup(EarlyStartupRunnable.java:79)
2023-12-13 11:28:09,901 [ERROR] LogOutputStream:75 - [STDERR_REDIRECT] 	at org.eclipse.ui.internal.EarlyStartupRunnable.run(EarlyStartupRunnable.java:55)
2023-12-13 11:28:09,901 [ERROR] LogOutputStream:75 - [STDERR_REDIRECT] 	at org.eclipse.core.runtime.SafeRunner.run(SafeRunner.java:45)
2023-12-13 11:28:09,901 [ERROR] LogOutputStream:75 - [STDERR_REDIRECT] 	at org.eclipse.ui.internal.Workbench$39.run(Workbench.java:2656)
2023-12-13 11:28:09,901 [ERROR] LogOutputStream:75 - [STDERR_REDIRECT] 	at org.eclipse.core.internal.jobs.Worker.run(Worker.java:63)
2023-12-13 11:28:09,994 [INFO] ApplicationProperties:184 - Using Application install path: /Applications/STM32CubeIDE.app/Contents/Eclipse/plugins/com.st.stm32cube.common.mx_6.9.2.202309101412
2023-12-13 11:28:10,009 [INFO] DbMcusXml:78 - Set database path to: /Applications/STM32CubeIDE.app/Contents/Eclipse/plugins/com.st.stm32cube.common.mx_6.9.2.202309101412//db//mcu/
2023-12-13 11:28:10,009 [INFO] ApiDb:274 - Set plugin database path to: /Applications/STM32CubeIDE.app/Contents/Eclipse/plugins/com.st.stm32cube.common.mx_6.9.2.202309101412//db//plugins/boardmanager/
2023-12-13 11:28:10,010 [WARN] ApiDb:259 - Overriding images path with different value:  => /Applications/STM32CubeIDE.app/Contents/Eclipse/plugins/com.st.stm32cube.common.mx_6.9.2.202309101412//db//plugins/mcufinder/images/
2023-12-13 11:28:10,018 [INFO] ApiDb:250 - Set database path to: /Users/jianghui/.stmcufinder/plugins/mcufinder//mcu/
2023-12-13 11:28:10,019 [INFO] DbMcusAds:125 - Set database path to: /Users/jianghui/.stmcufinder/plugins/mcufinder//mcu/
2023-12-13 11:28:10,021 [INFO] CrossReferenceDbSqlite:203 - Set database path to: /Users/jianghui/.stmcufinder/plugins/mcufinder//mcu/cs/
2023-12-13 11:28:10,111 [INFO] RulesReader:64 - Compatibility file has been processed (293 Rules)
2023-12-13 11:28:10,175 [INFO] DbMcusXml:78 - Set database path to: /Applications/STM32CubeIDE.app/Contents/Eclipse/plugins/com.st.stm32cube.common.mx_6.9.2.202309101412//db//mcu/
2023-12-13 11:28:10,175 [INFO] ApiDb:274 - Set plugin database path to: /Applications/STM32CubeIDE.app/Contents/Eclipse/plugins/com.st.stm32cube.common.mx_6.9.2.202309101412//db//plugins/boardmanager/
2023-12-13 11:28:10,175 [INFO] ApiDb:261 - Set plugin images path to: /Applications/STM32CubeIDE.app/Contents/Eclipse/plugins/com.st.stm32cube.common.mx_6.9.2.202309101412//db//plugins/mcufinder/images/
2023-12-13 11:28:10,176 [WARN] DbFile:41 - Overriding database path with different value: /Users/jianghui/.stmcufinder/plugins/mcufinder/ => /Users/jianghui/.stmcufinder/plugins/mcufinder
2023-12-13 11:28:10,176 [INFO] ApiDb:250 - Set database path to: /Users/jianghui/.stmcufinder/plugins/mcufinder//mcu/
2023-12-13 11:28:10,176 [WARN] DbFile:41 - Overriding database path with different value: /Users/jianghui/.stmcufinder/plugins/mcufinder/ => /Users/jianghui/.stmcufinder/plugins/mcufinder
2023-12-13 11:28:10,176 [INFO] DbMcusAds:125 - Set database path to: /Users/jianghui/.stmcufinder/plugins/mcufinder//mcu/
2023-12-13 11:28:10,177 [WARN] DbFile:41 - Overriding database path with different value: /Users/jianghui/.stmcufinder/plugins/mcufinder/ => /Users/jianghui/.stmcufinder/plugins/mcufinder
2023-12-13 11:28:10,177 [WARN] DbFile:41 - Overriding database path with different value: /Users/jianghui/.stmcufinder/plugins/mcufinder/ => /Users/jianghui/.stmcufinder/plugins/mcufinder
2023-12-13 11:28:10,177 [INFO] CrossReferenceDbSqlite:203 - Set database path to: /Users/jianghui/.stmcufinder/plugins/mcufinder//mcu/cs/
2023-12-13 11:28:10,242 [INFO] MainPanel:262 - HeapMemory: 268435456
2023-12-13 11:28:10,337 [INFO] DbMcusXml:78 - Set database path to: /Applications/STM32CubeIDE.app/Contents/Eclipse/plugins/com.st.stm32cube.common.mx_6.9.2.202309101412//db//mcu/
2023-12-13 11:28:10,337 [INFO] ApiDb:274 - Set plugin database path to: /Applications/STM32CubeIDE.app/Contents/Eclipse/plugins/com.st.stm32cube.common.mx_6.9.2.202309101412//db//plugins/boardmanager/
2023-12-13 11:28:10,337 [INFO] ApiDb:261 - Set plugin images path to: /Applications/STM32CubeIDE.app/Contents/Eclipse/plugins/com.st.stm32cube.common.mx_6.9.2.202309101412//db//plugins/mcufinder/images/
2023-12-13 11:28:10,338 [WARN] DbFile:41 - Overriding database path with different value: /Users/jianghui/.stmcufinder/plugins/mcufinder/ => /Users/jianghui/.stmcufinder/plugins/mcufinder
2023-12-13 11:28:10,338 [INFO] ApiDb:250 - Set database path to: /Users/jianghui/.stmcufinder/plugins/mcufinder//mcu/
2023-12-13 11:28:10,338 [WARN] DbFile:41 - Overriding database path with different value: /Users/jianghui/.stmcufinder/plugins/mcufinder/ => /Users/jianghui/.stmcufinder/plugins/mcufinder
2023-12-13 11:28:10,338 [INFO] DbMcusAds:125 - Set database path to: /Users/jianghui/.stmcufinder/plugins/mcufinder//mcu/
2023-12-13 11:28:10,338 [WARN] DbFile:41 - Overriding database path with different value: /Users/jianghui/.stmcufinder/plugins/mcufinder/ => /Users/jianghui/.stmcufinder/plugins/mcufinder
2023-12-13 11:28:10,339 [WARN] DbFile:41 - Overriding database path with different value: /Users/jianghui/.stmcufinder/plugins/mcufinder/ => /Users/jianghui/.stmcufinder/plugins/mcufinder
2023-12-13 11:28:10,339 [INFO] CrossReferenceDbSqlite:203 - Set database path to: /Users/jianghui/.stmcufinder/plugins/mcufinder//mcu/cs/
2023-12-13 11:28:10,354 [INFO] ApplicationProperties:184 - Using Application install path: /Applications/STM32CubeIDE.app/Contents/Eclipse/plugins/com.st.stm32cube.common.mx_6.9.2.202309101412
2023-12-13 11:28:10,355 [INFO] PluginManage:196 - Search for loadable plugins [exclusion list=, ]
2023-12-13 11:28:10,356 [INFO] PluginManage:310 - Check plugin analytics
2023-12-13 11:28:10,500 [INFO] AnalyticsPlugin:253 - Accepted Software Licenses: 
2023-12-13 11:28:10,500 [INFO] AnalyticsPlugin:255 - Accepted CMSIS Pack Licenses: 
2023-12-13 11:28:10,500 [INFO] AnalyticsPlugin:257 - Accepted Firmware Licenses: FW.F4.1.27.0
2023-12-13 11:28:10,503 [INFO] PluginManage:359 - Loaded plugin analytics (category:tool,tabindex:-1)
2023-12-13 11:28:10,503 [INFO] PluginManage:310 - Check plugin cadmodel
2023-12-13 11:28:10,719 [INFO] CADModel:105 - Init CAD model plugin
2023-12-13 11:28:10,720 [INFO] PluginManage:359 - Loaded plugin cadmodel (category:power,tabindex:5)
2023-12-13 11:28:10,720 [INFO] PluginManage:310 - Check plugin clock
2023-12-13 11:28:10,725 [INFO] PluginManage:359 - Loaded plugin clock (category:base,tabindex:2)
2023-12-13 11:28:10,725 [INFO] PluginManage:310 - Check plugin ddr
2023-12-13 11:28:10,726 [INFO] PluginManage:359 - Loaded plugin ddr (category:tool,tabindex:6)
2023-12-13 11:28:10,726 [INFO] PluginManage:310 - Check plugin filemanager
2023-12-13 11:28:10,814 [INFO] PluginManage:359 - Loaded plugin filemanager (category:base,tabindex:10)
2023-12-13 11:28:10,814 [INFO] PluginManage:310 - Check plugin ipmanager
2023-12-13 11:28:10,819 [INFO] PluginManage:359 - Loaded plugin ipmanager (category:base,tabindex:5)
2023-12-13 11:28:10,819 [INFO] PluginManage:310 - Check plugin lpbam
2023-12-13 11:28:10,825 [INFO] PluginManage:359 - Loaded plugin lpbam (category:base,tabindex:0)
2023-12-13 11:28:10,825 [INFO] PluginManage:310 - Check plugin memorymap
2023-12-13 11:28:10,833 [INFO] PluginManage:359 - Loaded plugin memorymap (category:base,tabindex:4)
2023-12-13 11:28:10,834 [INFO] PluginManage:310 - Check plugin pinoutandconfiguration
2023-12-13 11:28:10,838 [INFO] PluginManage:359 - Loaded plugin pinoutandconfiguration (category:base,tabindex:1)
2023-12-13 11:28:10,839 [INFO] PluginManage:310 - Check plugin pinoutconfig
2023-12-13 11:28:10,904 [WARN] SupportedApi:132 - Cannot load RTOS API schema: s4s-elt-must-match.1: The content of 'definitions' must match (annotation?, (simpleType | complexType)?, (unique | key | keyref)*)). A problem was found starting at: attribute.
2023-12-13 11:28:11,002 [INFO] PluginManage:359 - Loaded plugin pinoutconfig (category:base,tabindex:0)
2023-12-13 11:28:11,002 [INFO] PluginManage:310 - Check plugin power
2023-12-13 11:28:11,008 [INFO] PluginManage:359 - Loaded plugin power (category:power,tabindex:4)
2023-12-13 11:28:11,008 [INFO] PluginManage:310 - Check plugin projectmanager
2023-12-13 11:28:11,019 [INFO] PluginManage:359 - Loaded plugin projectmanager (category:projectmanager,tabindex:3)
2023-12-13 11:28:11,019 [INFO] PluginManage:310 - Check plugin thirdparty
2023-12-13 11:28:11,109 [WARN] IntegrityCheckThread:84 - waiting for thirdparty lock release [integrity check]
2023-12-13 11:28:11,109 [INFO] PluginManage:359 - Loaded plugin thirdparty (category:base,tabindex:-1)
2023-12-13 11:28:11,109 [INFO] IntegrityCheckThread:86 - entering critical section [integrity check]
2023-12-13 11:28:11,109 [INFO] PluginManage:310 - Check plugin tools
2023-12-13 11:28:11,110 [INFO] ThirdPartyUpdaterWithRetryManager:70 - Updater plugin not ready yet. [1/15]
2023-12-13 11:28:11,111 [INFO] PluginManage:359 - Loaded plugin tools (category:base,tabindex:7)
2023-12-13 11:28:11,111 [INFO] PluginManage:310 - Check plugin tutovideos
2023-12-13 11:28:11,246 [INFO] PluginManage:359 - Loaded plugin tutovideos (category:base,tabindex:-1)
2023-12-13 11:28:11,248 [INFO] PluginManage:310 - Check plugin updater
2023-12-13 11:28:11,256 [INFO] PluginManage:359 - Loaded plugin updater (category:base,tabindex:12)
2023-12-13 11:28:11,256 [INFO] PluginManage:310 - Check plugin userauth
2023-12-13 11:28:11,260 [INFO] UserAuth:113 - Init User Auth plugin
2023-12-13 11:28:11,260 [INFO] PluginManage:359 - Loaded plugin userauth (category:base,tabindex:14)
2023-12-13 11:28:11,260 [INFO] PluginManage:283 - PluginManage : Loaded plugins [17]
2023-12-13 11:28:11,403 [INFO] PinOutPanel:1499 - setPackage(No Configuration,No Configuration)
2023-12-13 11:28:11,476 [INFO] CADModel:165 - CPN selected for project level
2023-12-13 11:28:11,476 [INFO] CADModel:114 - Register for checkConnection events
2023-12-13 11:28:11,483 [INFO] IPUIPlugin:80 - create IPUIPlugin
2023-12-13 11:28:11,484 [INFO] PluginManager:220 - loadIPPluginJar : add mdma
2023-12-13 11:28:11,488 [INFO] IPUIPlugin:80 - create IPUIPlugin
2023-12-13 11:28:11,488 [INFO] PluginManager:220 - loadIPPluginJar : add freertos
2023-12-13 11:28:11,491 [INFO] IPUIPlugin:80 - create IPUIPlugin
2023-12-13 11:28:11,491 [INFO] PluginManager:220 - loadIPPluginJar : add gic
2023-12-13 11:28:11,497 [INFO] IPUIPlugin:80 - create IPUIPlugin
2023-12-13 11:28:11,497 [INFO] PluginManager:220 - loadIPPluginJar : add adc
2023-12-13 11:28:11,499 [INFO] IPUIPlugin:80 - create IPUIPlugin
2023-12-13 11:28:11,499 [INFO] PluginManager:220 - loadIPPluginJar : add gtzc
2023-12-13 11:28:11,500 [INFO] IPUIPlugin:80 - create IPUIPlugin
2023-12-13 11:28:11,500 [INFO] PluginManager:220 - loadIPPluginJar : add quadspi
2023-12-13 11:28:11,502 [INFO] IPUIPlugin:80 - create IPUIPlugin
2023-12-13 11:28:11,502 [INFO] PluginManager:220 - loadIPPluginJar : add aes
2023-12-13 11:28:11,504 [INFO] IPUIPlugin:80 - create IPUIPlugin
2023-12-13 11:28:11,504 [INFO] PluginManager:220 - loadIPPluginJar : add pdm2pcm
2023-12-13 11:28:11,505 [INFO] IPUIPlugin:80 - create IPUIPlugin
2023-12-13 11:28:11,505 [INFO] PluginManager:220 - loadIPPluginJar : add hash
2023-12-13 11:28:11,506 [INFO] IPUIPlugin:80 - create IPUIPlugin
2023-12-13 11:28:11,506 [INFO] PluginManager:220 - loadIPPluginJar : add tim
2023-12-13 11:28:11,507 [INFO] IPUIPlugin:80 - create IPUIPlugin
2023-12-13 11:28:11,507 [INFO] PluginManager:220 - loadIPPluginJar : add tsc
2023-12-13 11:28:11,508 [INFO] IPUIPlugin:80 - create IPUIPlugin
2023-12-13 11:28:11,508 [INFO] PluginManager:220 - loadIPPluginJar : add ts
2023-12-13 11:28:11,509 [INFO] IPUIPlugin:80 - create IPUIPlugin
2023-12-13 11:28:11,509 [INFO] PluginManager:220 - loadIPPluginJar : add can
2023-12-13 11:28:11,511 [INFO] IPUIPlugin:80 - create IPUIPlugin
2023-12-13 11:28:11,511 [INFO] PluginManager:220 - loadIPPluginJar : add dma3
2023-12-13 11:28:11,512 [INFO] IPUIPlugin:80 - create IPUIPlugin
2023-12-13 11:28:11,513 [INFO] PluginManager:220 - loadIPPluginJar : add dfsdm
2023-12-13 11:28:11,514 [INFO] IPUIPlugin:80 - create IPUIPlugin
2023-12-13 11:28:11,514 [INFO] PluginManager:220 - loadIPPluginJar : add spi
2023-12-13 11:28:11,515 [INFO] IPUIPlugin:80 - create IPUIPlugin
2023-12-13 11:28:11,515 [INFO] PluginManager:220 - loadIPPluginJar : add gfxmmu
2023-12-13 11:28:11,516 [INFO] IPUIPlugin:80 - create IPUIPlugin
2023-12-13 11:28:11,516 [INFO] PluginManager:220 - loadIPPluginJar : add genericplugin
2023-12-13 11:28:11,517 [INFO] IPUIPlugin:80 - create IPUIPlugin
2023-12-13 11:28:11,517 [INFO] PluginManager:220 - loadIPPluginJar : add cryp
2023-12-13 11:28:11,519 [INFO] IPUIPlugin:80 - create IPUIPlugin
2023-12-13 11:28:11,519 [INFO] PluginManager:220 - loadIPPluginJar : add gpio
2023-12-13 11:28:11,520 [INFO] IPUIPlugin:80 - create IPUIPlugin
2023-12-13 11:28:11,520 [INFO] PluginManager:220 - loadIPPluginJar : add comp
2023-12-13 11:28:11,521 [INFO] IPUIPlugin:80 - create IPUIPlugin
2023-12-13 11:28:11,521 [INFO] PluginManager:220 - loadIPPluginJar : add tracer_emb
2023-12-13 11:28:11,523 [INFO] IPUIPlugin:80 - create IPUIPlugin
2023-12-13 11:28:11,523 [INFO] PluginManager:220 - loadIPPluginJar : add openamp
2023-12-13 11:28:11,525 [INFO] IPUIPlugin:80 - create IPUIPlugin
2023-12-13 11:28:11,526 [INFO] PluginManager:220 - loadIPPluginJar : add stm32_wpan
2023-12-13 11:28:11,529 [INFO] IPUIPlugin:80 - create IPUIPlugin
2023-12-13 11:28:11,531 [INFO] PluginManager:220 - loadIPPluginJar : add plateformsettings
2023-12-13 11:28:11,534 [INFO] IPUIPlugin:80 - create IPUIPlugin
2023-12-13 11:28:11,534 [INFO] PluginManager:220 - loadIPPluginJar : add ipddr
2023-12-13 11:28:11,535 [INFO] IPUIPlugin:80 - create IPUIPlugin
2023-12-13 11:28:11,535 [INFO] PluginManager:220 - loadIPPluginJar : add usart
2023-12-13 11:28:11,536 [INFO] IPUIPlugin:80 - create IPUIPlugin
2023-12-13 11:28:11,536 [INFO] PluginManager:220 - loadIPPluginJar : add ltdc
2023-12-13 11:28:11,538 [INFO] IPUIPlugin:80 - create IPUIPlugin
2023-12-13 11:28:11,538 [INFO] PluginManager:220 - loadIPPluginJar : add nvic
2023-12-13 11:28:11,539 [INFO] IPUIPlugin:80 - create IPUIPlugin
2023-12-13 11:28:11,539 [INFO] PluginManager:220 - loadIPPluginJar : add fatfs
2023-12-13 11:28:11,543 [INFO] IPUIPlugin:80 - create IPUIPlugin
2023-12-13 11:28:11,543 [INFO] PluginManager:220 - loadIPPluginJar : add linkedlist
2023-12-13 11:28:11,546 [INFO] IPUIPlugin:80 - create IPUIPlugin
2023-12-13 11:28:11,547 [INFO] PluginManager:220 - loadIPPluginJar : add dma
2023-12-13 11:28:11,549 [INFO] IPUIPlugin:80 - create IPUIPlugin
2023-12-13 11:28:11,549 [INFO] PluginManager:220 - loadIPPluginJar : add fmc
2023-12-13 11:28:11,550 [INFO] IPUIPlugin:80 - create IPUIPlugin
2023-12-13 11:28:11,550 [INFO] PluginManager:220 - loadIPPluginJar : add i2s
2023-12-13 11:28:11,551 [INFO] IPUIPlugin:80 - create IPUIPlugin
2023-12-13 11:28:11,551 [INFO] PluginManager:220 - loadIPPluginJar : add ucpd
2023-12-13 11:28:11,552 [INFO] IPUIPlugin:80 - create IPUIPlugin
2023-12-13 11:28:11,552 [INFO] PluginManager:220 - loadIPPluginJar : add lorawan
2023-12-13 11:28:11,554 [INFO] IPUIPlugin:80 - create IPUIPlugin
2023-12-13 11:28:11,554 [INFO] PluginManager:220 - loadIPPluginJar : add opamp
2023-12-13 11:28:11,556 [INFO] IPUIPlugin:80 - create IPUIPlugin
2023-12-13 11:28:11,556 [INFO] PluginManager:220 - loadIPPluginJar : add i3c
2023-12-13 11:28:11,558 [INFO] IPUIPlugin:80 - create IPUIPlugin
2023-12-13 11:28:11,558 [INFO] PluginManager:220 - loadIPPluginJar : add touchsensing
2023-12-13 11:28:11,559 [INFO] IPUIPlugin:80 - create IPUIPlugin
2023-12-13 11:28:11,559 [INFO] PluginManager:220 - loadIPPluginJar : add i2c
2023-12-13 11:28:11,561 [INFO] IPUIPlugin:80 - create IPUIPlugin
2023-12-13 11:28:11,561 [INFO] PluginManager:220 - loadIPPluginJar : add resmgrutility
2023-12-13 11:28:11,563 [INFO] IPUIPlugin:80 - create IPUIPlugin
2023-12-13 11:28:11,563 [INFO] PluginManager:220 - loadIPPluginJar : add sai
2023-12-13 11:28:11,564 [INFO] IPUIPlugin:80 - create IPUIPlugin
2023-12-13 11:28:11,564 [INFO] PluginManager:220 - loadIPPluginJar : add usbx
2023-12-13 11:28:11,657 [INFO] CADModel:165 - CPN selected for project level
2023-12-13 11:28:11,657 [INFO] CADModel:114 - Register for checkConnection events
2023-12-13 11:28:11,657 [FATAL] Updater:308 - Updater called before beeing initialized
2023-12-13 11:28:11,657 [ERROR] CADModel:125 - Updater not yet initialized, retry later 
2023-12-13 11:28:11,774 [INFO] CADModel:165 - CPN selected for project level
2023-12-13 11:28:11,774 [INFO] CADModel:114 - Register for checkConnection events
2023-12-13 11:28:11,774 [FATAL] Updater:308 - Updater called before beeing initialized
2023-12-13 11:28:11,774 [ERROR] CADModel:125 - Updater not yet initialized, retry later 
2023-12-13 11:28:11,777 [FATAL] Updater:308 - Updater called before beeing initialized
2023-12-13 11:28:11,836 [FATAL] Updater:308 - Updater called before beeing initialized
2023-12-13 11:28:11,839 [INFO] DbMcusAds:53 - JSON generation date=Wed Nov 29 11:52:38 CET 2023 (1701255158764)
2023-12-13 11:28:11,840 [FATAL] Updater:308 - Updater called before beeing initialized
2023-12-13 11:28:11,887 [WARN] DetailPanel:346 - Failed to get advertising image, set to default
2023-12-13 11:28:11,958 [FATAL] Updater:308 - Updater called before beeing initialized
2023-12-13 11:28:11,960 [FATAL] Updater:308 - Updater called before beeing initialized
2023-12-13 11:28:11,960 [FATAL] Updater:308 - Updater called before beeing initialized
2023-12-13 11:28:11,960 [WARN] DetailPanel:346 - Failed to get advertising image, set to default
2023-12-13 11:28:11,961 [FATAL] Updater:308 - Updater called before beeing initialized
2023-12-13 11:28:11,982 [ERROR] Updater:1120 - MainUpdater not yet initialized. External WinMGr cannot be set.
2023-12-13 11:28:11,993 [INFO] Updater:1056 - Updater Version found : 6.9.2
2023-12-13 11:28:12,004 [INFO] ApplicationProperties:184 - Using Application install path: /Applications/STM32CubeIDE.app/Contents/Eclipse/plugins/com.st.stm32cube.common.mx_6.9.2.202309101412
2023-12-13 11:28:12,107 [INFO] MainUpdater:2868 - connection check result : 10
2023-12-13 11:28:12,108 [INFO] MainUpdater:285 - Updater Check For Update Now.
2023-12-13 11:28:12,108 [INFO] MicroXplorer:498 - Change Database Version : DB.6.0.92
2023-12-13 11:28:12,113 [INFO] McuFinderGlobals:63 - Set McuFinder mode to 2 (CubeIDE integrated)
2023-12-13 11:28:12,113 [INFO] UserAuth:179 - activating auth plugin
2023-12-13 11:28:12,115 [INFO] UserAuth:393 - Internet connection configuration mode: 1
2023-12-13 11:28:12,124 [INFO] JxBrowserEngine:151 - Initiate JxBrowser Engine with user profile folder
2023-12-13 11:28:12,267 [INFO] CheckServerUpdateThread:120 - End of CheckServer Thread
2023-12-13 11:28:12,512 [INFO] McuFinderGlobals:63 - Set McuFinder mode to 2 (CubeIDE integrated)
2023-12-13 11:28:12,515 [INFO] MainUpdater:2868 - connection check result : 10
2023-12-13 11:28:12,516 [INFO] MainUpdater:2868 - connection check result : 10
2023-12-13 11:28:12,869 [INFO] WebApp:157 - Instantiating new browser for Auth
2023-12-13 11:28:13,026 [INFO] MicroXplorer:468 - Change Database Path : 
2023-12-13 11:28:13,041 [INFO] MicroXplorer:498 - Change Database Version : DB.6.0.92
2023-12-13 11:28:13,066 [WARN] ThirdParty:871 - waiting for thirdparty lock release [close project]
2023-12-13 11:28:13,373 [INFO] WebApp:753 - Register for checkConnection events
2023-12-13 11:28:13,388 [INFO] WebApp:390 - Apply proxy settings
2023-12-13 11:28:13,414 [INFO] WebApp:455 - Chromium authenticates against System proxy
2023-12-13 11:28:13,598 [INFO] WebApp:188 - Starting web application
2023-12-13 11:28:13,606 [INFO] WebApp:520 - Web application path used /Applications/STM32CubeIDE.app/Contents/Eclipse/plugins/com.st.stm32cube.common.mx_6.9.2.202309101412/db/plugins/mcufinder/reactClient1/index.html
2023-12-13 11:28:14,218 [WARN] PackLoader:240 - Cannot read IP mode file for STMicroelectronics.X-CUBE-SMBUS.2.1.0
2023-12-13 11:28:14,242 [WARN] PackLoader:240 - Cannot read IP mode file for STMicroelectronics.X-CUBE-AZRTOS-F7.1.1.0
2023-12-13 11:28:14,250 [WARN] PackLoader:240 - Cannot read IP mode file for STMicroelectronics.FP-SNS-MOTENV1.4.3.2
2023-12-13 11:28:14,255 [WARN] PackLoader:240 - Cannot read IP mode file for STMicroelectronics.FP-SNS-FLIGHT1.5.0.2
2023-12-13 11:28:14,262 [WARN] PackLoader:240 - Cannot read IP mode file for STMicroelectronics.X-CUBE-DISPLAY.3.0.0
2023-12-13 11:28:14,271 [WARN] PackLoader:240 - Cannot read IP mode file for STMicroelectronics.X-CUBE-BLE1.7.0.0
2023-12-13 11:28:14,276 [WARN] PackLoader:240 - Cannot read IP mode file for emotas.I-CUBE-CANOPEN.1.3.0
2023-12-13 11:28:14,279 [WARN] PackLoader:240 - Cannot read IP mode file for STMicroelectronics.X-CUBE-TOUCHGFX.4.22.0
2023-12-13 11:28:14,281 [WARN] PackLoader:240 - Cannot read IP mode file for STMicroelectronics.X-CUBE-TOUCHGFX.4.22.1
2023-12-13 11:28:14,284 [WARN] PackLoader:240 - Cannot read IP mode file for STMicroelectronics.FP-SNS-SMARTAG2.1.2.0
2023-12-13 11:28:14,294 [INFO] LogOutputStream:77 - [STDOUT_REDIRECT] 1 : Invalid condition id : UX_CORESTACK_Condition cause : null
2023-12-13 11:28:14,294 [INFO] LogOutputStream:77 - [STDOUT_REDIRECT] 1 : Invalid condition id : UX_CORESTACK_Condition cause : null
2023-12-13 11:28:14,295 [INFO] LogOutputStream:77 - [STDOUT_REDIRECT] 1 : Invalid condition id : UX_CORESTACK_Condition cause : null
2023-12-13 11:28:14,295 [INFO] LogOutputStream:77 - [STDOUT_REDIRECT] 1 : Invalid condition id : UX_CORESTACK_Condition cause : null
2023-12-13 11:28:14,295 [INFO] LogOutputStream:77 - [STDOUT_REDIRECT] 1 : Invalid condition id : UX_CORESTACK_Condition cause : null
2023-12-13 11:28:14,298 [WARN] PackLoader:240 - Cannot read IP mode file for STMicroelectronics.X-CUBE-AZRTOS-WL.2.0.0
2023-12-13 11:28:14,304 [WARN] PackLoader:240 - Cannot read IP mode file for WES.I-CUBE-Cesium.1.3.0
2023-12-13 11:28:14,308 [WARN] PackLoader:240 - Cannot read IP mode file for STMicroelectronics.X-CUBE-BLE2.3.3.0
2023-12-13 11:28:14,314 [WARN] PackLoader:240 - Cannot read IP mode file for STMicroelectronics.X-CUBE-ALGOBUILD.1.3.0
2023-12-13 11:28:14,329 [WARN] PackLoader:240 - Cannot read IP mode file for STMicroelectronics.X-CUBE-AZRTOS-G0.1.1.0
2023-12-13 11:28:14,335 [WARN] PackLoader:240 - Cannot read IP mode file for STMicroelectronics.X-CUBE-NFC4.3.0.0
2023-12-13 11:28:14,344 [WARN] PackLoader:240 - Cannot read IP mode file for STMicroelectronics.X-CUBE-BLEMGR.3.0.0
2023-12-13 11:28:14,349 [WARN] PackLoader:240 - Cannot read IP mode file for STMicroelectronics.FP-ATR-SIGFOX1.3.2.0
2023-12-13 11:28:14,377 [WARN] PackLoader:240 - Cannot read IP mode file for SEGGER.I-CUBE-embOS.1.3.1
2023-12-13 11:28:14,420 [WARN] PackLoader:240 - Cannot read IP mode file for STMicroelectronics.X-CUBE-GNSS1.6.0.0
2023-12-13 11:28:14,433 [WARN] PackLoader:240 - Cannot read IP mode file for STMicroelectronics.X-CUBE-AZRTOS-F4.1.1.0
2023-12-13 11:28:14,438 [WARN] PackLoader:240 - Cannot read IP mode file for wolfSSL.I-CUBE-wolfSSL.5.6.3
2023-12-13 11:28:14,451 [WARN] PackLoader:240 - Cannot read IP mode file for STMicroelectronics.X-CUBE-AZRTOS-L5.2.0.0
2023-12-13 11:28:14,483 [WARN] PackLoader:240 - Cannot read IP mode file for STMicroelectronics.X-CUBE-MEMS1.9.6.0
2023-12-13 11:28:14,638 [WARN] PackLoader:240 - Cannot read IP mode file for STMicroelectronics.X-CUBE-EEPRMA1.4.2.0
2023-12-13 11:28:14,643 [WARN] PackLoader:240 - Cannot read IP mode file for ITTIA_DB.I-CUBE-ITTIADB.8.8.0
2023-12-13 11:28:14,649 [WARN] PackLoader:240 - Cannot read IP mode file for STMicroelectronics.X-CUBE-BLEMGR.2.0.0
2023-12-13 11:28:14,669 [WARN] ConditionMgr:438 - getConditionDescription Invalid condition id : UX DEVICE CLASS RTOS Condition cause : null
2023-12-13 11:28:14,669 [WARN] ConditionMgr:438 - getConditionDescription Invalid condition id : UX DEVICE CLASS RTOS Condition cause : null
2023-12-13 11:28:14,672 [WARN] PackLoader:240 - Cannot read IP mode file for STMicroelectronics.X-CUBE-AZRTOS-H7.3.1.0
2023-12-13 11:28:14,673 [WARN] ConditionMgr:1039 - genDependencies : Invalid condition id : UX DEVICE CLASS RTOS Condition cause : null
2023-12-13 11:28:14,673 [WARN] ConditionMgr:1039 - genDependencies : Invalid condition id : UX DEVICE CLASS RTOS Condition cause : null
2023-12-13 11:28:14,674 [WARN] ConditionMgr:1039 - genDependencies : Invalid condition id : UX DEVICE CLASS RTOS Condition cause : null
2023-12-13 11:28:14,674 [WARN] ConditionMgr:1039 - genDependencies : Invalid condition id : UX DEVICE CLASS RTOS Condition cause : null
2023-12-13 11:28:14,674 [WARN] ConditionMgr:1039 - genDependencies : Invalid condition id : UX DEVICE CLASS RTOS Condition cause : null
2023-12-13 11:28:14,682 [WARN] PackLoader:240 - Cannot read IP mode file for STMicroelectronics.X-CUBE-NFC7.1.0.1
2023-12-13 11:28:14,688 [WARN] PackLoader:240 - Cannot read IP mode file for STMicroelectronics.X-CUBE-NFC6.3.0.0
2023-12-13 11:28:14,694 [WARN] PackLoader:240 - Cannot read IP mode file for STMicroelectronics.X-CUBE-EEPRMA1.4.1.0
2023-12-13 11:28:14,698 [WARN] PackLoader:240 - Cannot read IP mode file for STMicroelectronics.X-CUBE-AI.8.1.0
2023-12-13 11:28:14,714 [WARN] ConditionMgr:438 - getConditionDescription Invalid condition id : LAN8742 Phy interface Condition cause : null
2023-12-13 11:28:14,714 [WARN] PackLoader:240 - Cannot read IP mode file for STMicroelectronics.X-CUBE-AZRTOS-L4.2.0.0
2023-12-13 11:28:14,715 [WARN] ConditionMgr:1039 - genDependencies : Invalid condition id : LAN8742 Phy interface Condition cause : null
2023-12-13 11:28:14,716 [WARN] ConditionMgr:1039 - genDependencies : Invalid condition id : LAN8742 Phy interface Condition cause : null
2023-12-13 11:28:14,716 [WARN] ConditionMgr:1039 - genDependencies : Invalid condition id : LAN8742 Phy interface Condition cause : null
2023-12-13 11:28:14,722 [WARN] PackLoader:240 - Cannot read IP mode file for STMicroelectronics.X-CUBE-SFXS2LP1.4.0.0
2023-12-13 11:28:14,727 [WARN] PackLoader:240 - Cannot read IP mode file for STMicroelectronics.X-CUBE-ISPU.1.1.0
2023-12-13 11:28:14,738 [WARN] ConditionMgr:438 - getConditionDescription Invalid condition id : UX DEVICE CLASS RTOS Condition cause : null
2023-12-13 11:28:14,739 [WARN] ConditionMgr:438 - getConditionDescription Invalid condition id : UX DEVICE CLASS RTOS Condition cause : null
2023-12-13 11:28:14,741 [WARN] PackLoader:240 - Cannot read IP mode file for STMicroelectronics.X-CUBE-AZRTOS-WB.2.0.0
2023-12-13 11:28:14,741 [WARN] ConditionMgr:1039 - genDependencies : Invalid condition id : UX DEVICE CLASS RTOS Condition cause : null
2023-12-13 11:28:14,741 [WARN] ConditionMgr:1039 - genDependencies : Invalid condition id : UX DEVICE CLASS RTOS Condition cause : null
2023-12-13 11:28:14,742 [WARN] ConditionMgr:1039 - genDependencies : Invalid condition id : UX DEVICE CLASS RTOS Condition cause : null
2023-12-13 11:28:14,742 [WARN] ConditionMgr:1039 - genDependencies : Invalid condition id : UX DEVICE CLASS RTOS Condition cause : null
2023-12-13 11:28:14,742 [WARN] ConditionMgr:1039 - genDependencies : Invalid condition id : UX DEVICE CLASS RTOS Condition cause : null
2023-12-13 11:28:14,751 [WARN] PackLoader:240 - Cannot read IP mode file for STMicroelectronics.X-CUBE-SUBG2.5.0.0
2023-12-13 11:28:14,764 [WARN] PackLoader:240 - Cannot read IP mode file for STMicroelectronics.X-CUBE-TOF1.3.3.1
2023-12-13 11:28:14,785 [WARN] PackLoader:240 - Cannot read IP mode file for STMicroelectronics.X-CUBE-AZRTOS-G4.2.0.0
2023-12-13 11:28:14,796 [WARN] PackLoader:240 - Cannot read IP mode file for Infineon.AIROC-Wi-Fi-Bluetooth-STM32.1.5.1
2023-12-13 11:28:14,801 [WARN] PackLoader:240 - Cannot read IP mode file for STMicroelectronics.FP-SNS-MOTENVWB1.1.3.0
2023-12-13 11:28:14,804 [WARN] PackLoader:240 - Cannot read IP mode file for STMicroelectronics.FP-SNS-MOTENVWB1.1.3.1
2023-12-13 11:28:14,807 [WARN] PackLoader:240 - Cannot read IP mode file for STMicroelectronics.X-CUBE-ISPU.2.0.0
2023-12-13 11:28:14,842 [WARN] PackLoader:240 - Cannot read IP mode file for STMicroelectronics.X-CUBE-MEMS1.10.0.0
2023-12-13 11:28:14,972 [WARN] PackLoader:240 - Cannot read IP mode file for STMicroelectronics.X-CUBE-FREERTOS.1.1.0
2023-12-13 11:28:14,977 [WARN] PackLoader:240 - Cannot read IP mode file for portGmbH.I-Cube-SoM-uGOAL.1.1.0
2023-12-13 11:28:14,980 [WARN] PackLoader:240 - Cannot read IP mode file for STMicroelectronics.X-CUBE-ALS.1.0.1
2023-12-13 11:28:14,983 [WARN] PackLoader:240 - Cannot read IP mode file for STMicroelectronics.FP-ATR-ASTRA1.2.0.0
2023-12-13 11:28:14,993 [WARN] PackLoader:240 - Cannot read IP mode file for STMicroelectronics.X-CUBE-TOF1.3.4.0
2023-12-13 11:28:15,025 [WARN] PackLoader:240 - Cannot read IP mode file for STMicroelectronics.X-CUBE-AZRTOS-H7.3.2.0
2023-12-13 11:28:15,029 [INFO] ThirdParty:978 - Integrity check success = true
2023-12-13 11:28:15,029 [INFO] IntegrityCheckThread:100 - exiting critical section [integrity check]
2023-12-13 11:28:15,029 [INFO] IntegrityCheckThread:103 - End integrity checks thread
2023-12-13 11:28:15,029 [INFO] ThirdParty:873 - entering critical section [close project]
2023-12-13 11:28:15,029 [INFO] ThirdParty:883 - exiting critical section [close project]
2023-12-13 11:28:15,031 [INFO] PinOutPanel:1499 - setPackage(No Configuration,No Configuration)
2023-12-13 11:28:15,035 [INFO] UtilMem:75 - Begin LoadConfig() Used Memory: 238317784 Bytes (489684992)
2023-12-13 11:28:15,035 [INFO] MicroXplorer:468 - Change Database Path : 
2023-12-13 11:28:15,036 [INFO] MicroXplorer:498 - Change Database Version : DB.6.0.92
2023-12-13 11:28:15,036 [INFO] OpenFileManager:308 - Change cursor
2023-12-13 11:28:15,051 [INFO] Mcu:1946 - Initializing MCU STM32F401R(D-E)Tx STM32F401RETx STM32F401RET6
2023-12-13 11:28:15,942 [INFO] Context:659 - Trying to add GPIOservice into a context  which must be forbidden
2023-12-13 11:28:16,451 [INFO] RtosManager:555 - Registered RTOS mode: class=CMSIS, group=RTOS, mode=CMSIS_V1, owner=FREERTOS
2023-12-13 11:28:16,451 [INFO] RtosManager:555 - Registered RTOS mode: class=CMSIS, group=RTOS2, mode=CMSIS_V2, owner=FREERTOS
2023-12-13 11:28:16,451 [INFO] RtosManager:555 - Registered RTOS mode: class=RTOS, group=Core, mode=CMSIS_V1, owner=FREERTOS
2023-12-13 11:28:16,451 [INFO] RtosManager:555 - Registered RTOS mode: class=RTOS, group=Core, mode=CMSIS_V2, owner=FREERTOS
2023-12-13 11:28:16,451 [WARN] ModelIntegratedComponent:184 - Missing modes for component STMicroelectronics:FreeRTOS:0.0.1:STMicroelectronics:RTOS:FreeRTOS:Core:::10.2.0:
2023-12-13 11:28:16,462 [WARN] ModelIntegratedComponent:63 - No mode defined for component null
2023-12-13 11:28:16,462 [WARN] ModelIntegratedComponent:63 - No mode defined for component null
2023-12-13 11:28:16,462 [WARN] ModelIntegratedComponent:63 - No mode defined for component null
2023-12-13 11:28:16,462 [WARN] ModelIntegratedComponent:63 - No mode defined for component null
2023-12-13 11:28:16,462 [WARN] ModelIntegratedComponent:63 - No mode defined for component null
2023-12-13 11:28:16,462 [WARN] ModelIntegratedComponent:63 - No mode defined for component null
2023-12-13 11:28:16,462 [WARN] ModelIntegratedComponent:63 - No mode defined for component null
2023-12-13 11:28:16,462 [WARN] ModelIntegratedComponent:63 - No mode defined for component null
2023-12-13 11:28:16,462 [WARN] ModelIntegratedComponent:63 - No mode defined for component null
2023-12-13 11:28:16,462 [WARN] ModelIntegratedComponent:63 - No mode defined for component null
2023-12-13 11:28:16,462 [WARN] ModelIntegratedComponent:63 - No mode defined for component null
2023-12-13 11:28:16,463 [WARN] ModelIntegratedComponent:63 - No mode defined for component null
2023-12-13 11:28:16,463 [WARN] ModelIntegratedComponent:63 - No mode defined for component null
2023-12-13 11:28:16,463 [WARN] ModelIntegratedComponent:63 - No mode defined for component null
2023-12-13 11:28:16,463 [WARN] ModelIntegratedComponent:63 - No mode defined for component null
2023-12-13 11:28:16,463 [WARN] ModelIntegratedComponent:63 - No mode defined for component null
2023-12-13 11:28:16,463 [WARN] ModelIntegratedComponent:63 - No mode defined for component null
2023-12-13 11:28:16,463 [WARN] ModelIntegratedComponent:63 - No mode defined for component null
2023-12-13 11:28:16,463 [WARN] ModelIntegratedComponent:63 - No mode defined for component null
2023-12-13 11:28:16,463 [WARN] ModelIntegratedComponent:63 - No mode defined for component null
2023-12-13 11:28:16,463 [WARN] ModelIntegratedComponent:63 - No mode defined for component null
2023-12-13 11:28:16,463 [WARN] ModelIntegratedComponent:63 - No mode defined for component null
2023-12-13 11:28:16,463 [WARN] ModelIntegratedComponent:63 - No mode defined for component null
2023-12-13 11:28:16,463 [WARN] ModelIntegratedComponent:63 - No mode defined for component null
2023-12-13 11:28:16,463 [WARN] ModelIntegratedComponent:63 - No mode defined for component null
2023-12-13 11:28:16,463 [WARN] ModelIntegratedComponent:63 - No mode defined for component null
2023-12-13 11:28:16,463 [WARN] ModelIntegratedComponent:63 - No mode defined for component null
2023-12-13 11:28:16,463 [WARN] ModelIntegratedComponent:63 - No mode defined for component null
2023-12-13 11:28:16,463 [WARN] ModelIntegratedComponent:63 - No mode defined for component null
2023-12-13 11:28:16,463 [WARN] ModelIntegratedComponent:63 - No mode defined for component null
2023-12-13 11:28:16,464 [WARN] ModelIntegratedComponent:63 - No mode defined for component null
2023-12-13 11:28:16,464 [WARN] ModelIntegratedComponent:63 - No mode defined for component null
2023-12-13 11:28:16,464 [WARN] ModelIntegratedComponent:63 - No mode defined for component null
2023-12-13 11:28:16,564 [INFO] ThirdPartyModel:298 - Start build external matchings
2023-12-13 11:28:17,307 [INFO] ThirdPartyModel:316 - End build external matchings
2023-12-13 11:28:17,327 [INFO] ImportTextPane:194 - (OptionalMessage_ERROR) IP (DMA) : Parameter (Instance) has Id (SPI1_TX) currently not set
2023-12-13 11:28:17,328 [INFO] ImportTextPane:194 - (OptionalMessage_ERROR) IP (DMA) : Parameter (Channel) has Id (SPI1_TX) currently not set
2023-12-13 11:28:17,328 [INFO] ImportTextPane:194 - (OptionalMessage_ERROR) IP (DMA) : Parameter (Direction) has Id (SPI1_TX) currently not set
2023-12-13 11:28:17,328 [INFO] ImportTextPane:194 - (OptionalMessage_ERROR) IP (DMA) : Parameter (PeriphInc) has Id (SPI1_TX) currently not set
2023-12-13 11:28:17,328 [INFO] ImportTextPane:194 - (OptionalMessage_ERROR) IP (DMA) : Parameter (MemInc) has Id (SPI1_TX) currently not set
2023-12-13 11:28:17,328 [INFO] ImportTextPane:194 - (OptionalMessage_ERROR) IP (DMA) : Parameter (PeriphDataAlignment) has Id (SPI1_TX) currently not set
2023-12-13 11:28:17,328 [INFO] ImportTextPane:194 - (OptionalMessage_ERROR) IP (DMA) : Parameter (MemDataAlignment) has Id (SPI1_TX) currently not set
2023-12-13 11:28:17,329 [INFO] ImportTextPane:194 - (OptionalMessage_ERROR) IP (DMA) : Parameter (Mode) has Id (SPI1_TX) currently not set
2023-12-13 11:28:17,329 [INFO] ImportTextPane:194 - (OptionalMessage_ERROR) IP (DMA) : Parameter (Priority) has Id (SPI1_TX) currently not set
2023-12-13 11:28:17,329 [INFO] ImportTextPane:194 - (OptionalMessage_ERROR) IP (DMA) : Parameter (FIFOMode) has Id (SPI1_TX) currently not set
2023-12-13 11:28:17,330 [INFO] ImportTextPane:194 - (OptionalMessage_ERROR) IP (RCC) : Parameter (RTCHSEDivFreq_Value) has invalid value (4000000)
2023-12-13 11:28:17,506 [INFO] UtilMem:75 - End LoadConfig() Used Memory: 315800832 Bytes (489684992)
2023-12-13 11:28:17,731 [INFO] ApiDb:581 - Connected to CubeFinder SQLite database (/Users/jianghui/.stmcufinder/plugins/mcufinder/mcu/cube-finder-db.db)
2023-12-13 11:28:17,802 [INFO] ApiDb:668 - CubeFinder database Data Model version=2.1
2023-12-13 11:28:17,802 [INFO] ApiDb:669 - CubeFinder database Configuration version=3.0.39
2023-12-13 11:28:17,803 [INFO] ApiDb:670 - CubeFinder database generation date=2023-11-06 (1699269565)
2023-12-13 11:28:17,803 [INFO] ApiDb:671 - CubeFinder database FW Pack versions=[FP-ATR-ASTRA1_V2.0.0, FP-SNS-FLIGHT1_V5.0.1, FP-SNS-FLIGHT1_V5.0.2, FP-SNS-MOTENV1_V4.3.1, FP-SNS-MOTENV1_V4.3.2, FP-SNS-MOTENVWB1_V1.3.0, FP-SNS-SMARTAG2_V1.2.0, STM32Cube_FW_C0_V1.1.0, STM32Cube_FW_F4_V1.28.0, STM32Cube_FW_F7_V1.17.0, STM32Cube_FW_G0_V1.6.1, STM32Cube_FW_G4_V1.5.1, STM32Cube_FW_H5_V0.5.1, STM32Cube_FW_H5_V1.1.1, STM32Cube_FW_H5_V1.2.0RC2, STM32Cube_FW_H7_V1.11.0, STM32Cube_FW_L0_V1.12.2, STM32Cube_FW_L5_V1.5.0, STM32Cube_FW_U5_V1.3.0RC4, STM32Cube_FW_U5_V1.4.0, STM32Cube_FW_WBA_V1.0.0RC1, STM32Cube_FW_WBA_V1.1.0RC1, STM32Cube_FW_WBA_V1.2.0, STM32Cube_FW_WBA_V1.2.0RC2, STM32Cube_FW_WB_V1.15.0RC1, STM32Cube_FW_WB_V1.16.0, STM32Cube_FW_WB_V1.16.0RC2, STM32Cube_FW_WB_V1.18.0, STM32Cube_FW_WL_V1.3.0, X-CUBE-ALGOBUILD_V1.3.0, X-CUBE-ALS_V1.0.1, X-CUBE-AZRTOS-F4_V1.1.0, X-CUBE-AZRTOS-F7_V1.1.0, X-CUBE-AZRTOS-G0_V1.1.0, X-CUBE-AZRTOS-G4_V2.0.0, X-CUBE-AZRTOS-H7_V3.1.0, X-CUBE-AZRTOS-L4_V1.0.0, X-CUBE-AZRTOS-L4_V2.0.0, X-CUBE-AZRTOS-L5_V1.1.0, X-CUBE-AZRTOS-WB_V2.0.0, X-CUBE-AZRTOS-WL_V2.0.0, X-CUBE-BLE1_V7.0.0, X-CUBE-BLE2_V3.3.0, X-CUBE-BLEMGR_V2.0.0, X-CUBE-EEPRMA1_V4.1.0, X-CUBE-EEPRMA1_V4.2.0, X-CUBE-FREERTOS_V1.1.0, X-CUBE-GNSS1_V6.0.0, X-CUBE-MEMS1_V10.0.0, X-CUBE-MEMS1_V9.1.0, X-CUBE-MEMS1_V9.4.0, X-CUBE-MEMS1_V9.6.0, X-CUBE-NFC4_V3.0.0, X-CUBE-NFC7_V1.0.1, X-CUBE-SFXS2LP1_V4.0.0, X-CUBE-SUBG2_V5.0.0, X-CUBE-TOF1_V3.3.1]
2023-12-13 11:28:19,837 [INFO] ApiDb:240 - Found 323 in-development CPN: [B-G473E-ZEST1S, B-WB1M-WPAN1, B-WL5M-SUBG1, NUCLEO-C031C6, NUCLEO-H503RB, NUCLEO-H563ZI, NUCLEO-U545RE-Q, NUCLEO-U5A5ZJ-Q, NUCLEO-WBA52CG, STEVAL-PROTEUS1, STEVAL-SMARTAG2, STEVAL-STWINBX1, STM320518-EVAL, STM32C0116-DK, STM32C011D6Y3TR, STM32C011D6Y6TR, STM32C011F4P3, STM32C011F4P6, STM32C011F4U3, STM32C011F4U6TR, STM32C011F6P3, STM32C011F6P6, STM32C011F6U3, STM32C011F6U6TR, STM32C011J4M3, STM32C011J4M6, STM32C011J6M3, STM32C011J6M6, STM32C0316-DK, STM32C031C4T3, STM32C031C4T6, STM32C031C4U3, STM32C031C4U6, STM32C031C6T3, STM32C031C6T6, STM32C031C6U3, STM32C031C6U6, STM32C031F4P3, STM32C031F4P6, STM32C031F6P3, STM32C031F6P6, STM32C031G4U3, STM32C031G4U6, STM32C031G6U3, STM32C031G6U6, STM32C031K4T3, STM32C031K4T6, STM32C031K4U3, STM32C031K4U6, STM32C031K6T3, STM32C031K6T6, STM32C031K6U3, STM32C031K6U6, STM32G071K8TXN, STM32G071K8UXN, STM32G081GBU6N, STM32G081KBT6N, STM32G081KBUXN, STM32G0B1CCT6N, STM32G0B1KCT6, STM32G0B1NEY6TR, STM32G0B1RCT6N, STM32G0C1CCT6, STM32G0C1CCT6N, STM32G0C1CCU6N, STM32G0C1CET6N, STM32G0C1CEU6N, STM32G0C1KCT6, STM32G0C1NEY6TR, STM32G0C1RCI6N, STM32G0C1RCT6N, STM32G0C1REI6N, STM32G0C1RET6N, STM32G0C1VCI6, STM32G0C1VEI6, STM32G471CCT6, STM32G471CCU6, STM32G471CET3, STM32G471CET6, STM32G471CEU3, STM32G471CEU6, STM32G471MCT6, STM32G471MET3, STM32G471MET6, STM32G471MEY6TR, STM32G471QCT6, STM32G471QET3, STM32G471RCT6, STM32G471RET3, STM32G471RET6, STM32G471VCH6, STM32G471VCI6, STM32G471VCT6, STM32G471VEH3, STM32G471VEH6, STM32G471VEI3, STM32G471VEI6, STM32G471VET3, STM32G471VET6, STM32G474CCT6, STM32H503CBT6, STM32H503CBU6, STM32H503EBY6TR, STM32H503KBU6, STM32H503RBT6, STM32H562AGI6, STM32H562AII6, STM32H562IGK6, STM32H562IGT6, STM32H562IIK6, STM32H562IIT6, STM32H562RGT6, STM32H562RGV6, STM32H562RIT6, STM32H562RIV6, STM32H562VGT6, STM32H562VIT6, STM32H562ZGT6, STM32H562ZIT6, STM32H563AGI6, STM32H563AII3Q, STM32H563AII6, STM32H563IGK6, STM32H563IGT6, STM32H563IIK3Q, STM32H563IIK6, STM32H563IIT3Q, STM32H563IIT6, STM32H563MIY3QTR, STM32H563RGT6, STM32H563RGV6, STM32H563RIT6, STM32H563RIV6, STM32H563VGT6, STM32H563VIT3Q, STM32H563VIT6, STM32H563ZGT6, STM32H563ZIT3Q, STM32H563ZIT6, STM32H573AII3Q, STM32H573AII6, STM32H573I-DK, STM32H573IIK3Q, STM32H573IIK6, STM32H573IIT3Q, STM32H573IIT6, STM32H573MIY3QTR, STM32H573RIT6, STM32H573RIV6, STM32H573VIT3Q, STM32H573VIT6, STM32H573ZIT3Q, STM32H573ZIT6, STM32L4R5QGI6STR, STM32MP131AAE3, STM32MP131AAF3, STM32MP131AAG3, STM32MP131CAE3, STM32MP131CAF3, STM32MP131CAG3, STM32MP131DAE7, STM32MP131DAF7, STM32MP131DAG7, STM32MP131FAE7, STM32MP131FAF7, STM32MP131FAG7, STM32MP133AAE3, STM32MP133AAF3, STM32MP133AAG3, STM32MP133CAE3, STM32MP133CAF3, STM32MP133CAG3, STM32MP133DAE7, STM32MP133DAF7, STM32MP133DAG7, STM32MP133FAE7, STM32MP133FAF7, STM32MP133FAG7, STM32MP135AAE3, STM32MP135AAF3, STM32MP135AAG3, STM32MP135CAE3, STM32MP135CAF3, STM32MP135CAG3, STM32MP135DAE7, STM32MP135DAF7, STM32MP135DAG7, STM32MP135F-DK, STM32MP135FAE7, STM32MP135FAF7, STM32MP135FAF7T, STM32MP135FAF7U, STM32MP135FAG7, STM32U535CBT6, STM32U535CBT6Q, STM32U535CBU6, STM32U535CBU6Q, STM32U535CCT6, STM32U535CCT6Q, STM32U535CCU6, STM32U535CCU6Q, STM32U535CET6, STM32U535CET6Q, STM32U535CEU6, STM32U535CEU6Q, STM32U535JEY6QTR, STM32U535NCY6QTR, STM32U535NEY6QTR, STM32U535RBI6, STM32U535RBI6Q, STM32U535RBT6, STM32U535RBT6Q, STM32U535RCI6, STM32U535RCI6Q, STM32U535RCT6, STM32U535RCT6Q, STM32U535REI6, STM32U535REI6Q, STM32U535RET6, STM32U535RET6Q, STM32U535VCI6, STM32U535VCI6Q, STM32U535VCT6, STM32U535VCT6Q, STM32U535VEI6, STM32U535VEI6Q, STM32U535VET6, STM32U535VET6Q, STM32U545CET6, STM32U545CET6Q, STM32U545CEU6, STM32U545CEU6Q, STM32U545JEY6QTR, STM32U545NEY6QTR, STM32U545REI6, STM32U545REI6Q, STM32U545RET6, STM32U545RET6Q, STM32U545VEI6, STM32U545VEI6Q, STM32U545VET6, STM32U545VET6Q, STM32U595AIH6, STM32U595AIH6Q, STM32U595AJH6, STM32U595AJH6Q, STM32U595QII6, STM32U595QII6Q, STM32U595QJI6, STM32U595QJI6Q, STM32U595RIT6, STM32U595RIT6Q, STM32U595RJT6, STM32U595RJT6Q, STM32U595VIT6, STM32U595VIT6Q, STM32U595VJT6, STM32U595VJT6Q, STM32U595ZIT6, STM32U595ZIT6Q, STM32U595ZIY6QTR, STM32U595ZJT6, STM32U595ZJT6Q, STM32U595ZJY6QTR, STM32U599BJY6QTR, STM32U599NIH6Q, STM32U599NJH6Q, STM32U599VIT6Q, STM32U599VJT6, STM32U599VJT6Q, STM32U599ZIT6Q, STM32U599ZIY6QTR, STM32U599ZJT6Q, STM32U599ZJY6QTR, STM32U5A5AJH6, STM32U5A5AJH6Q, STM32U5A5QJI6, STM32U5A5QJI6Q, STM32U5A5RJT6, STM32U5A5RJT6Q, STM32U5A5VJT6, STM32U5A5VJT6Q, STM32U5A5ZJT6, STM32U5A5ZJT6Q, STM32U5A5ZJY6QTR, STM32U5A9BJY6QTR, STM32U5A9J-DK, STM32U5A9NJH6Q, STM32U5A9VJT6Q, STM32U5A9ZJT6Q, STM32U5A9ZJY6QTR, STM32U5F7VIT6, STM32U5F7VIT6Q, STM32U5F7VJT6, STM32U5F7VJT6Q, STM32U5F9BJY6QTR, STM32U5F9NJH6Q, STM32U5F9VIT6Q, STM32U5F9VJT6Q, STM32U5F9ZIJ6QTR, STM32U5F9ZIT6Q, STM32U5F9ZJJ6QTR, STM32U5F9ZJT6Q, STM32U5G7VJT6, STM32U5G7VJT6Q, STM32U5G9BJY6QTR, STM32U5G9J-DK1, STM32U5G9J-DK2, STM32U5G9NJH6Q, STM32U5G9VJT6Q, STM32U5G9ZJJ6QTR, STM32U5G9ZJT6Q, STM32WB1MMCH6, STM32WBA52CEU6, STM32WBA52CEU6T, STM32WBA52CGU6, STM32WBA52CGU6T, STM32WBA52KEU6, STM32WBA52KEU6T, STM32WBA52KGU6, STM32WBA52KGU6T, STM32WL5MOCH6, STM32WL5MOCH6TR]
2023-12-13 11:28:19,840 [INFO] DbMcus:217 - Found 3882 MCUs, 3882 are supported
2023-12-13 11:28:19,841 [INFO] ApiDb:423 - Load user favorites file /Users/jianghui/.stm32cubeide/favorites.mcus.txt: 0 item(s)
2023-12-13 11:28:19,841 [INFO] ApiDb:427 - User favorites MCUs=[]
2023-12-13 11:28:19,841 [INFO] DbMcus:223 - Set 0 / 0 favorites MCUs
2023-12-13 11:28:20,186 [WARN] ThirdParty:833 - waiting for thirdparty lock release [change project]
2023-12-13 11:28:20,186 [INFO] ThirdParty:835 - entering critical section [change project]
2023-12-13 11:28:20,187 [INFO] ThirdParty:1030 - CMSIS Pack Vendor :STMicroelectronics X-CUBE-ISPU 1.1.0
2023-12-13 11:28:20,187 [INFO] ThirdParty:1030 - CMSIS Pack Vendor :STMicroelectronics USBPD 4.1
2023-12-13 11:28:20,187 [INFO] ThirdParty:1030 - CMSIS Pack Vendor :STMicroelectronics X-CUBE-GNSS1 6.0.0
2023-12-13 11:28:20,187 [INFO] ThirdParty:1030 - CMSIS Pack Vendor :STMicroelectronics USB_HOST 2.0.0
2023-12-13 11:28:20,187 [INFO] ThirdParty:1030 - CMSIS Pack Vendor :STMicroelectronics X-CUBE-AZRTOS-F4 1.1.0
2023-12-13 11:28:20,187 [INFO] ThirdParty:1030 - CMSIS Pack Vendor :STMicroelectronics LIBJPEG 8.0.0
2023-12-13 11:28:20,187 [INFO] ThirdParty:1030 - CMSIS Pack Vendor :wolfSSL I-CUBE-wolfSSL 5.6.3
2023-12-13 11:28:20,187 [INFO] ThirdParty:1030 - CMSIS Pack Vendor :STMicroelectronics X-CUBE-SMBUS 2.1.0
2023-12-13 11:28:20,187 [INFO] ThirdParty:1030 - CMSIS Pack Vendor :STMicroelectronics USB_DEVICE 3.0.0
2023-12-13 11:28:20,187 [INFO] ThirdParty:1030 - CMSIS Pack Vendor :STMicroelectronics X-CUBE-AZRTOS-WB 2.0.0
2023-12-13 11:28:20,187 [INFO] ThirdParty:1030 - CMSIS Pack Vendor :STMicroelectronics X-CUBE-AZRTOS-F7 1.1.0
2023-12-13 11:28:20,187 [INFO] ThirdParty:1030 - CMSIS Pack Vendor :STMicroelectronics X-CUBE-AZRTOS-L5 2.0.0
2023-12-13 11:28:20,187 [INFO] ThirdParty:1030 - CMSIS Pack Vendor :STMicroelectronics USB_DEVICE 2.0.0
2023-12-13 11:28:20,187 [INFO] ThirdParty:1030 - CMSIS Pack Vendor :STMicroelectronics X-CUBE-MEMS1 9.6.0
2023-12-13 11:28:20,187 [INFO] ThirdParty:1030 - CMSIS Pack Vendor :STMicroelectronics X-CUBE-EEPRMA1 4.2.0
2023-12-13 11:28:20,187 [INFO] ThirdParty:1030 - CMSIS Pack Vendor :ITTIA_DB I-CUBE-ITTIADB 8.8.0
2023-12-13 11:28:20,188 [INFO] ThirdParty:1030 - CMSIS Pack Vendor :STMicroelectronics FP-SNS-MOTENV1 4.3.2
2023-12-13 11:28:20,188 [INFO] ThirdParty:1030 - CMSIS Pack Vendor :STMicroelectronics X-CUBE-ALGOBUILD 1.3.0
2023-12-13 11:28:20,188 [INFO] ThirdParty:1030 - CMSIS Pack Vendor :STMicroelectronics FreeRTOS 0.0.1
2023-12-13 11:28:20,188 [INFO] ThirdParty:1030 - CMSIS Pack Vendor :STMicroelectronics X-CUBE-AZRTOS-G0 1.1.0
2023-12-13 11:28:20,188 [INFO] ThirdParty:1030 - CMSIS Pack Vendor :STMicroelectronics X-CUBE-BLEMGR 2.0.0
2023-12-13 11:28:20,188 [INFO] ThirdParty:1030 - CMSIS Pack Vendor :STMicroelectronics X-CUBE-NFC4 3.0.0
2023-12-13 11:28:20,188 [INFO] ThirdParty:1030 - CMSIS Pack Vendor :STMicroelectronics X-CUBE-SUBG2 5.0.0
2023-12-13 11:28:20,188 [INFO] ThirdParty:1030 - CMSIS Pack Vendor :STMicroelectronics STM32_WPAN 1.0.0
2023-12-13 11:28:20,188 [INFO] ThirdParty:1030 - CMSIS Pack Vendor :STMicroelectronics lwIP 2.0.3
2023-12-13 11:28:20,188 [INFO] ThirdParty:1030 - CMSIS Pack Vendor :STMicroelectronics FP-SNS-FLIGHT1 5.0.2
2023-12-13 11:28:20,188 [INFO] ThirdParty:1030 - CMSIS Pack Vendor :STMicroelectronics USB_HOST 1.0.0
2023-12-13 11:28:20,188 [INFO] ThirdParty:1030 - CMSIS Pack Vendor :STMicroelectronics X-CUBE-TOF1 3.3.1
2023-12-13 11:28:20,188 [INFO] ThirdParty:1030 - CMSIS Pack Vendor :STMicroelectronics X-CUBE-AZRTOS-G4 2.0.0
2023-12-13 11:28:20,188 [INFO] ThirdParty:1030 - CMSIS Pack Vendor :STMicroelectronics PDM2PCM 3.1.0
2023-12-13 11:28:20,188 [INFO] ThirdParty:1030 - CMSIS Pack Vendor :STMicroelectronics X-CUBE-AZRTOS-H7 3.1.0
2023-12-13 11:28:20,188 [INFO] ThirdParty:1030 - CMSIS Pack Vendor :Infineon AIROC-Wi-Fi-Bluetooth-STM32 1.5.1
2023-12-13 11:28:20,189 [INFO] ThirdParty:1030 - CMSIS Pack Vendor :STMicroelectronics X-CUBE-BLEMGR 3.0.0
2023-12-13 11:28:20,189 [INFO] ThirdParty:1030 - CMSIS Pack Vendor :STMicroelectronics PDM2PCM 3.3.0
2023-12-13 11:28:20,189 [INFO] ThirdParty:1030 - CMSIS Pack Vendor :STMicroelectronics X-CUBE-DISPLAY 3.0.0
2023-12-13 11:28:20,189 [INFO] ThirdParty:1030 - CMSIS Pack Vendor :STMicroelectronics FP-SNS-MOTENVWB1 1.3.0
2023-12-13 11:28:20,189 [INFO] ThirdParty:1030 - CMSIS Pack Vendor :STMicroelectronics FP-SNS-MOTENVWB1 1.3.1
2023-12-13 11:28:20,189 [INFO] ThirdParty:1030 - CMSIS Pack Vendor :STMicroelectronics X-CUBE-BLE1 7.0.0
2023-12-13 11:28:20,189 [INFO] ThirdParty:1030 - CMSIS Pack Vendor :STMicroelectronics FP-ATR-SIGFOX1 3.2.0
2023-12-13 11:28:20,189 [INFO] ThirdParty:1030 - CMSIS Pack Vendor :STMicroelectronics X-CUBE-ISPU 2.0.0
2023-12-13 11:28:20,189 [INFO] ThirdParty:1030 - CMSIS Pack Vendor :STMicroelectronics HAL Drivers 0.0.0
2023-12-13 11:28:20,189 [INFO] ThirdParty:1030 - CMSIS Pack Vendor :STMicroelectronics MBEDTLS 2.16.2
2023-12-13 11:28:20,189 [INFO] ThirdParty:1030 - CMSIS Pack Vendor :emotas I-CUBE-CANOPEN 1.3.0
2023-12-13 11:28:20,189 [INFO] ThirdParty:1030 - CMSIS Pack Vendor :STMicroelectronics X-CUBE-MEMS1 10.0.0
2023-12-13 11:28:20,189 [INFO] ThirdParty:1030 - CMSIS Pack Vendor :STMicroelectronics X-CUBE-FREERTOS 1.1.0
2023-12-13 11:28:20,189 [INFO] ThirdParty:1030 - CMSIS Pack Vendor :STMicroelectronics X-CUBE-TOUCHGFX 4.22.0
2023-12-13 11:28:20,189 [INFO] ThirdParty:1030 - CMSIS Pack Vendor :STMicroelectronics X-CUBE-NFC7 1.0.1
2023-12-13 11:28:20,189 [INFO] ThirdParty:1030 - CMSIS Pack Vendor :STMicroelectronics MBEDTLS 2.14.1
2023-12-13 11:28:20,190 [INFO] ThirdParty:1030 - CMSIS Pack Vendor :STMicroelectronics X-CUBE-TOUCHGFX 4.22.1
2023-12-13 11:28:20,190 [INFO] ThirdParty:1030 - CMSIS Pack Vendor :STMicroelectronics X-CUBE-NFC6 3.0.0
2023-12-13 11:28:20,190 [INFO] ThirdParty:1030 - CMSIS Pack Vendor :STMicroelectronics X-CUBE-EEPRMA1 4.1.0
2023-12-13 11:28:20,190 [INFO] ThirdParty:1030 - CMSIS Pack Vendor :portGmbH I-Cube-SoM-uGOAL 1.1.0
2023-12-13 11:28:20,190 [INFO] ThirdParty:1030 - CMSIS Pack Vendor :STMicroelectronics X-CUBE-ALS 1.0.1
2023-12-13 11:28:20,190 [INFO] ThirdParty:1030 - CMSIS Pack Vendor :STMicroelectronics ThreadX 1.0.0
2023-12-13 11:28:20,190 [INFO] ThirdParty:1030 - CMSIS Pack Vendor :STMicroelectronics FP-SNS-SMARTAG2 1.2.0
2023-12-13 11:28:20,190 [INFO] ThirdParty:1030 - CMSIS Pack Vendor :STMicroelectronics X-CUBE-AZRTOS-WL 2.0.0
2023-12-13 11:28:20,190 [INFO] ThirdParty:1030 - CMSIS Pack Vendor :SEGGER I-CUBE-embOS 1.3.1
2023-12-13 11:28:20,190 [INFO] ThirdParty:1030 - CMSIS Pack Vendor :STMicroelectronics USB_DEVICE 1.0.0
2023-12-13 11:28:20,190 [INFO] ThirdParty:1030 - CMSIS Pack Vendor :STMicroelectronics X-CUBE-AI 8.1.0
2023-12-13 11:28:20,190 [INFO] ThirdParty:1030 - CMSIS Pack Vendor :STMicroelectronics X-CUBE-AZRTOS-L4 2.0.0
2023-12-13 11:28:20,190 [INFO] ThirdParty:1030 - CMSIS Pack Vendor :STMicroelectronics ThreadX 0.0.2
2023-12-13 11:28:20,190 [INFO] ThirdParty:1030 - CMSIS Pack Vendor :WES I-CUBE-Cesium 1.3.0
2023-12-13 11:28:20,190 [INFO] ThirdParty:1030 - CMSIS Pack Vendor :STMicroelectronics FP-ATR-ASTRA1 2.0.0
2023-12-13 11:28:20,190 [INFO] ThirdParty:1030 - CMSIS Pack Vendor :STMicroelectronics lwIP 2.1.2
2023-12-13 11:28:20,191 [INFO] ThirdParty:1030 - CMSIS Pack Vendor :STMicroelectronics X-CUBE-SFXS2LP1 4.0.0
2023-12-13 11:28:20,191 [INFO] ThirdParty:1030 - CMSIS Pack Vendor :STMicroelectronics X-CUBE-BLE2 3.3.0
2023-12-13 11:28:20,191 [INFO] ThirdParty:1030 - CMSIS Pack Vendor :STMicroelectronics X-CUBE-TOF1 3.4.0
2023-12-13 11:28:20,191 [INFO] ThirdParty:1030 - CMSIS Pack Vendor :STMicroelectronics X-CUBE-AZRTOS-H7 3.2.0
2023-12-13 11:28:20,191 [INFO] ThirdParty:1030 - CMSIS Pack Vendor :STMicroelectronics PDM2PCM 3.2.0
2023-12-13 11:28:20,191 [INFO] ThirdParty:841 - exiting critical section [change project]
2023-12-13 11:28:20,473 [INFO] PinOutPanel:1499 - setPackage(No Configuration,No Configuration)
2023-12-13 11:28:20,474 [INFO] PinOutPanel:1499 - setPackage(STM32F401RETx,LQFP64)
2023-12-13 11:28:20,847 [INFO] UtilMem:75 - Before build in PCC Used Memory: 360502040 Bytes (489684992)
2023-12-13 11:28:21,295 [INFO] UtilMem:75 - After build in PCC Used Memory: 241751344 Bytes (489684992)
2023-12-13 11:28:21,316 [INFO] IPUIPlugin:80 - create IPUIPlugin
2023-12-13 11:28:21,316 [INFO] IPUIPlugin:80 - create IPUIPlugin
2023-12-13 11:28:21,316 [INFO] IPUIPlugin:80 - create IPUIPlugin
2023-12-13 11:28:21,317 [INFO] IPUIPlugin:80 - create IPUIPlugin
2023-12-13 11:28:21,317 [INFO] IPUIPlugin:80 - create IPUIPlugin
2023-12-13 11:28:21,317 [INFO] IPUIPlugin:80 - create IPUIPlugin
2023-12-13 11:28:21,317 [INFO] IPUIPlugin:80 - create IPUIPlugin
2023-12-13 11:28:21,317 [INFO] IPUIPlugin:80 - create IPUIPlugin
2023-12-13 11:28:21,317 [INFO] IPUIPlugin:80 - create IPUIPlugin
2023-12-13 11:28:21,317 [INFO] IPUIPlugin:80 - create IPUIPlugin
2023-12-13 11:28:21,318 [INFO] IPUIPlugin:80 - create IPUIPlugin
2023-12-13 11:28:21,318 [INFO] IPUIPlugin:80 - create IPUIPlugin
2023-12-13 11:28:21,318 [INFO] IPUIPlugin:80 - create IPUIPlugin
2023-12-13 11:28:21,318 [INFO] IPUIPlugin:80 - create IPUIPlugin
2023-12-13 11:28:21,318 [INFO] IPUIPlugin:80 - create IPUIPlugin
2023-12-13 11:28:21,318 [INFO] IPUIPlugin:80 - create IPUIPlugin
2023-12-13 11:28:21,319 [INFO] IPUIPlugin:80 - create IPUIPlugin
2023-12-13 11:28:21,319 [INFO] IPUIPlugin:80 - create IPUIPlugin
2023-12-13 11:28:21,319 [INFO] IPUIPlugin:80 - create IPUIPlugin
2023-12-13 11:28:21,319 [INFO] IPUIPlugin:80 - create IPUIPlugin
2023-12-13 11:28:21,319 [INFO] IPUIPlugin:80 - create IPUIPlugin
2023-12-13 11:28:21,319 [INFO] IPUIPlugin:80 - create IPUIPlugin
2023-12-13 11:28:21,320 [INFO] IPUIPlugin:80 - create IPUIPlugin
2023-12-13 11:28:21,320 [INFO] IPUIPlugin:80 - create IPUIPlugin
2023-12-13 11:28:21,320 [INFO] IPUIPlugin:80 - create IPUIPlugin
2023-12-13 11:28:21,320 [INFO] IPUIPlugin:80 - create IPUIPlugin
2023-12-13 11:28:21,320 [INFO] IPUIPlugin:80 - create IPUIPlugin
2023-12-13 11:28:21,320 [INFO] IPUIPlugin:80 - create IPUIPlugin
2023-12-13 11:28:21,320 [INFO] IPUIPlugin:80 - create IPUIPlugin
2023-12-13 11:28:21,320 [INFO] IPUIPlugin:80 - create IPUIPlugin
2023-12-13 11:28:21,320 [INFO] IPUIPlugin:80 - create IPUIPlugin
2023-12-13 11:28:21,321 [INFO] IPUIPlugin:80 - create IPUIPlugin
2023-12-13 11:28:21,321 [INFO] IPUIPlugin:80 - create IPUIPlugin
2023-12-13 11:28:21,321 [INFO] IPUIPlugin:80 - create IPUIPlugin
2023-12-13 11:28:21,321 [INFO] IPUIPlugin:80 - create IPUIPlugin
2023-12-13 11:28:21,321 [INFO] IPUIPlugin:80 - create IPUIPlugin
2023-12-13 11:28:21,322 [INFO] IPUIPlugin:80 - create IPUIPlugin
2023-12-13 11:28:21,322 [INFO] IPUIPlugin:80 - create IPUIPlugin
2023-12-13 11:28:21,355 [INFO] ApiDbMcu:507 - Load IP Config File for PDM2PCM
2023-12-13 11:28:21,484 [INFO] CADModel:165 - CPN selected for project levelSTM32F401RET6
2023-12-13 11:28:21,484 [INFO] CADModel:114 - Register for checkConnection events
2023-12-13 11:28:21,521 [INFO] OpenFileManager:328 - Restore cursor
2023-12-13 11:28:34,173 [ERROR] LogOutputStream:75 - [STDERR_REDIRECT] SLF4J: Failed to load class "org.slf4j.impl.StaticLoggerBinder".
2023-12-13 11:28:34,174 [ERROR] LogOutputStream:75 - [STDERR_REDIRECT] SLF4J: Defaulting to no-operation (NOP) logger implementation
2023-12-13 11:28:34,174 [ERROR] LogOutputStream:75 - [STDERR_REDIRECT] SLF4J: See http://www.slf4j.org/codes.html#StaticLoggerBinder for further details.
2023-12-13 11:34:51,248 [ERROR] LogOutputStream:75 - [STDERR_REDIRECT] 
