2023-12-03 16:33:07,604 [INFO] Activator:176 - 


2023-12-03 16:33:07,606 [INFO] Activator:177 - !SESSION log4j initialized
2023-12-03 16:33:08,183 [ERROR] LogOutputStream:75 - [STDERR_REDIRECT] 
2023-12-03 16:33:11,290 [INFO] LogOutputStream:77 - [STDOUT_REDIRECT] 
2023-12-03 16:33:11,548 [ERROR] LogOutputStream:75 - [STDERR_REDIRECT] java.net.URISyntaxException: Illegal character in path at index 47: file:/Users/jianghui/Documents/GitHub/ss_hw/H03 A/A2/.metadata/.log4j2.xml
2023-12-03 16:33:11,549 [ERROR] LogOutputStream:75 - [STDERR_REDIRECT] 	at java.base/java.net.URI$Parser.fail(URI.java:2974)
2023-12-03 16:33:11,549 [ERROR] LogOutputStream:75 - [STDERR_REDIRECT] 	at java.base/java.net.URI$Parser.checkChars(URI.java:3145)
2023-12-03 16:33:11,550 [ERROR] LogOutputStream:75 - [STDERR_REDIRECT] 	at java.base/java.net.URI$Parser.parseHierarchical(URI.java:3227)
2023-12-03 16:33:11,551 [ERROR] LogOutputStream:75 - [STDERR_REDIRECT] 	at java.base/java.net.URI$Parser.parse(URI.java:3175)
2023-12-03 16:33:11,552 [ERROR] LogOutputStream:75 - [STDERR_REDIRECT] 	at java.base/java.net.URI.<init>(URI.java:623)
2023-12-03 16:33:11,553 [ERROR] LogOutputStream:75 - [STDERR_REDIRECT] 	at java.base/java.net.URL.toURI(URL.java:1056)
2023-12-03 16:33:11,553 [ERROR] LogOutputStream:75 - [STDERR_REDIRECT] 	at com.st.stm32cube.common.mx.core.CubeMxInstance.getInstance(CubeMxInstance.java:81)
2023-12-03 16:33:11,553 [ERROR] LogOutputStream:75 - [STDERR_REDIRECT] 	at com.st.stm32cube.common.mx.userauth.UserAuthAdapter.<init>(UserAuthAdapter.java:18)
2023-12-03 16:33:11,554 [ERROR] LogOutputStream:75 - [STDERR_REDIRECT] 	at com.st.stm32cube.common.mx.userauth.UserAuthProvider.getUserAuthAdapter(UserAuthProvider.java:9)
2023-12-03 16:33:11,554 [ERROR] LogOutputStream:75 - [STDERR_REDIRECT] 	at com.st.stm32cube.common.ecosystemintegration.ui.core.MCUEcoSystemIntegrationUiHelper.getUserAuth(MCUEcoSystemIntegrationUiHelper.java:100)
2023-12-03 16:33:11,554 [ERROR] LogOutputStream:75 - [STDERR_REDIRECT] 	at com.st.stm32cube.ide.mcu.userauth.UserAuthStartup.earlyStartup(UserAuthStartup.java:41)
2023-12-03 16:33:11,555 [ERROR] LogOutputStream:75 - [STDERR_REDIRECT] 	at org.eclipse.ui.internal.EarlyStartupRunnable.runEarlyStartup(EarlyStartupRunnable.java:79)
2023-12-03 16:33:11,555 [ERROR] LogOutputStream:75 - [STDERR_REDIRECT] 	at org.eclipse.ui.internal.EarlyStartupRunnable.run(EarlyStartupRunnable.java:55)
2023-12-03 16:33:11,555 [ERROR] LogOutputStream:75 - [STDERR_REDIRECT] 	at org.eclipse.core.runtime.SafeRunner.run(SafeRunner.java:45)
2023-12-03 16:33:11,556 [ERROR] LogOutputStream:75 - [STDERR_REDIRECT] 	at org.eclipse.ui.internal.Workbench$39.run(Workbench.java:2656)
2023-12-03 16:33:11,556 [ERROR] LogOutputStream:75 - [STDERR_REDIRECT] 	at org.eclipse.core.internal.jobs.Worker.run(Worker.java:63)
2023-12-03 16:33:12,797 [INFO] ApplicationProperties:184 - Using Application install path: /Applications/STM32CubeIDE.app/Contents/Eclipse/plugins/com.st.stm32cube.common.mx_6.9.2.202309101412
2023-12-03 16:33:12,813 [INFO] DbMcusXml:78 - Set database path to: /Applications/STM32CubeIDE.app/Contents/Eclipse/plugins/com.st.stm32cube.common.mx_6.9.2.202309101412//db//mcu/
2023-12-03 16:33:12,814 [INFO] ApiDb:274 - Set plugin database path to: /Applications/STM32CubeIDE.app/Contents/Eclipse/plugins/com.st.stm32cube.common.mx_6.9.2.202309101412//db//plugins/boardmanager/
2023-12-03 16:33:12,814 [WARN] ApiDb:259 - Overriding images path with different value:  => /Applications/STM32CubeIDE.app/Contents/Eclipse/plugins/com.st.stm32cube.common.mx_6.9.2.202309101412//db//plugins/mcufinder/images/
2023-12-03 16:33:12,821 [INFO] ApiDb:250 - Set database path to: /Users/jianghui/.stmcufinder/plugins/mcufinder//mcu/
2023-12-03 16:33:12,823 [INFO] DbMcusAds:125 - Set database path to: /Users/jianghui/.stmcufinder/plugins/mcufinder//mcu/
2023-12-03 16:33:12,825 [INFO] CrossReferenceDbSqlite:203 - Set database path to: /Users/jianghui/.stmcufinder/plugins/mcufinder//mcu/cs/
2023-12-03 16:33:12,913 [INFO] RulesReader:64 - Compatibility file has been processed (293 Rules)
2023-12-03 16:33:12,976 [INFO] DbMcusXml:78 - Set database path to: /Applications/STM32CubeIDE.app/Contents/Eclipse/plugins/com.st.stm32cube.common.mx_6.9.2.202309101412//db//mcu/
2023-12-03 16:33:12,976 [INFO] ApiDb:274 - Set plugin database path to: /Applications/STM32CubeIDE.app/Contents/Eclipse/plugins/com.st.stm32cube.common.mx_6.9.2.202309101412//db//plugins/boardmanager/
2023-12-03 16:33:12,976 [INFO] ApiDb:261 - Set plugin images path to: /Applications/STM32CubeIDE.app/Contents/Eclipse/plugins/com.st.stm32cube.common.mx_6.9.2.202309101412//db//plugins/mcufinder/images/
2023-12-03 16:33:12,976 [WARN] DbFile:41 - Overriding database path with different value: /Users/jianghui/.stmcufinder/plugins/mcufinder/ => /Users/jianghui/.stmcufinder/plugins/mcufinder
2023-12-03 16:33:12,976 [INFO] ApiDb:250 - Set database path to: /Users/jianghui/.stmcufinder/plugins/mcufinder//mcu/
2023-12-03 16:33:12,976 [WARN] DbFile:41 - Overriding database path with different value: /Users/jianghui/.stmcufinder/plugins/mcufinder/ => /Users/jianghui/.stmcufinder/plugins/mcufinder
2023-12-03 16:33:12,976 [INFO] DbMcusAds:125 - Set database path to: /Users/jianghui/.stmcufinder/plugins/mcufinder//mcu/
2023-12-03 16:33:12,977 [WARN] DbFile:41 - Overriding database path with different value: /Users/jianghui/.stmcufinder/plugins/mcufinder/ => /Users/jianghui/.stmcufinder/plugins/mcufinder
2023-12-03 16:33:12,977 [WARN] DbFile:41 - Overriding database path with different value: /Users/jianghui/.stmcufinder/plugins/mcufinder/ => /Users/jianghui/.stmcufinder/plugins/mcufinder
2023-12-03 16:33:12,977 [INFO] CrossReferenceDbSqlite:203 - Set database path to: /Users/jianghui/.stmcufinder/plugins/mcufinder//mcu/cs/
2023-12-03 16:33:13,032 [INFO] MainPanel:262 - HeapMemory: 275775488
2023-12-03 16:33:13,085 [INFO] DbMcusXml:78 - Set database path to: /Applications/STM32CubeIDE.app/Contents/Eclipse/plugins/com.st.stm32cube.common.mx_6.9.2.202309101412//db//mcu/
2023-12-03 16:33:13,085 [INFO] ApiDb:274 - Set plugin database path to: /Applications/STM32CubeIDE.app/Contents/Eclipse/plugins/com.st.stm32cube.common.mx_6.9.2.202309101412//db//plugins/boardmanager/
2023-12-03 16:33:13,085 [INFO] ApiDb:261 - Set plugin images path to: /Applications/STM32CubeIDE.app/Contents/Eclipse/plugins/com.st.stm32cube.common.mx_6.9.2.202309101412//db//plugins/mcufinder/images/
2023-12-03 16:33:13,086 [WARN] DbFile:41 - Overriding database path with different value: /Users/jianghui/.stmcufinder/plugins/mcufinder/ => /Users/jianghui/.stmcufinder/plugins/mcufinder
2023-12-03 16:33:13,086 [INFO] ApiDb:250 - Set database path to: /Users/jianghui/.stmcufinder/plugins/mcufinder//mcu/
2023-12-03 16:33:13,086 [WARN] DbFile:41 - Overriding database path with different value: /Users/jianghui/.stmcufinder/plugins/mcufinder/ => /Users/jianghui/.stmcufinder/plugins/mcufinder
2023-12-03 16:33:13,086 [INFO] DbMcusAds:125 - Set database path to: /Users/jianghui/.stmcufinder/plugins/mcufinder//mcu/
2023-12-03 16:33:13,086 [WARN] DbFile:41 - Overriding database path with different value: /Users/jianghui/.stmcufinder/plugins/mcufinder/ => /Users/jianghui/.stmcufinder/plugins/mcufinder
2023-12-03 16:33:13,086 [WARN] DbFile:41 - Overriding database path with different value: /Users/jianghui/.stmcufinder/plugins/mcufinder/ => /Users/jianghui/.stmcufinder/plugins/mcufinder
2023-12-03 16:33:13,086 [INFO] CrossReferenceDbSqlite:203 - Set database path to: /Users/jianghui/.stmcufinder/plugins/mcufinder//mcu/cs/
2023-12-03 16:33:13,099 [INFO] ApplicationProperties:184 - Using Application install path: /Applications/STM32CubeIDE.app/Contents/Eclipse/plugins/com.st.stm32cube.common.mx_6.9.2.202309101412
2023-12-03 16:33:13,100 [INFO] PluginManage:196 - Search for loadable plugins [exclusion list=, ]
2023-12-03 16:33:13,101 [INFO] PluginManage:310 - Check plugin analytics
2023-12-03 16:33:13,244 [INFO] AnalyticsPlugin:253 - Accepted Software Licenses: 
2023-12-03 16:33:13,244 [INFO] AnalyticsPlugin:255 - Accepted CMSIS Pack Licenses: 
2023-12-03 16:33:13,244 [INFO] AnalyticsPlugin:257 - Accepted Firmware Licenses: FW.F4.1.27.0
2023-12-03 16:33:13,246 [INFO] PluginManage:359 - Loaded plugin analytics (category:tool,tabindex:-1)
2023-12-03 16:33:13,247 [INFO] PluginManage:310 - Check plugin cadmodel
2023-12-03 16:33:13,619 [INFO] CADModel:105 - Init CAD model plugin
2023-12-03 16:33:13,619 [INFO] PluginManage:359 - Loaded plugin cadmodel (category:power,tabindex:5)
2023-12-03 16:33:13,619 [INFO] PluginManage:310 - Check plugin clock
2023-12-03 16:33:13,628 [INFO] PluginManage:359 - Loaded plugin clock (category:base,tabindex:2)
2023-12-03 16:33:13,629 [INFO] PluginManage:310 - Check plugin ddr
2023-12-03 16:33:13,631 [INFO] PluginManage:359 - Loaded plugin ddr (category:tool,tabindex:6)
2023-12-03 16:33:13,631 [INFO] PluginManage:310 - Check plugin filemanager
2023-12-03 16:33:13,742 [INFO] PluginManage:359 - Loaded plugin filemanager (category:base,tabindex:10)
2023-12-03 16:33:13,742 [INFO] PluginManage:310 - Check plugin ipmanager
2023-12-03 16:33:13,747 [INFO] PluginManage:359 - Loaded plugin ipmanager (category:base,tabindex:5)
2023-12-03 16:33:13,748 [INFO] PluginManage:310 - Check plugin lpbam
2023-12-03 16:33:13,755 [INFO] PluginManage:359 - Loaded plugin lpbam (category:base,tabindex:0)
2023-12-03 16:33:13,756 [INFO] PluginManage:310 - Check plugin memorymap
2023-12-03 16:33:13,766 [INFO] PluginManage:359 - Loaded plugin memorymap (category:base,tabindex:4)
2023-12-03 16:33:13,767 [INFO] PluginManage:310 - Check plugin pinoutandconfiguration
2023-12-03 16:33:13,773 [INFO] PluginManage:359 - Loaded plugin pinoutandconfiguration (category:base,tabindex:1)
2023-12-03 16:33:13,773 [INFO] PluginManage:310 - Check plugin pinoutconfig
2023-12-03 16:33:13,850 [WARN] SupportedApi:132 - Cannot load RTOS API schema: s4s-elt-must-match.1: The content of 'definitions' must match (annotation?, (simpleType | complexType)?, (unique | key | keyref)*)). A problem was found starting at: attribute.
2023-12-03 16:33:13,965 [INFO] PluginManage:359 - Loaded plugin pinoutconfig (category:base,tabindex:0)
2023-12-03 16:33:13,965 [INFO] PluginManage:310 - Check plugin power
2023-12-03 16:33:13,973 [INFO] PluginManage:359 - Loaded plugin power (category:power,tabindex:4)
2023-12-03 16:33:13,973 [INFO] PluginManage:310 - Check plugin projectmanager
2023-12-03 16:33:13,985 [INFO] PluginManage:359 - Loaded plugin projectmanager (category:projectmanager,tabindex:3)
2023-12-03 16:33:13,985 [INFO] PluginManage:310 - Check plugin thirdparty
2023-12-03 16:33:14,090 [INFO] PluginManage:359 - Loaded plugin thirdparty (category:base,tabindex:-1)
2023-12-03 16:33:14,090 [WARN] IntegrityCheckThread:84 - waiting for thirdparty lock release [integrity check]
2023-12-03 16:33:14,090 [INFO] PluginManage:310 - Check plugin tools
2023-12-03 16:33:14,090 [INFO] IntegrityCheckThread:86 - entering critical section [integrity check]
2023-12-03 16:33:14,091 [INFO] ThirdPartyUpdaterWithRetryManager:70 - Updater plugin not ready yet. [1/15]
2023-12-03 16:33:14,093 [INFO] PluginManage:359 - Loaded plugin tools (category:base,tabindex:7)
2023-12-03 16:33:14,093 [INFO] PluginManage:310 - Check plugin tutovideos
2023-12-03 16:33:14,246 [INFO] PluginManage:359 - Loaded plugin tutovideos (category:base,tabindex:-1)
2023-12-03 16:33:14,246 [INFO] PluginManage:310 - Check plugin updater
2023-12-03 16:33:14,255 [INFO] PluginManage:359 - Loaded plugin updater (category:base,tabindex:12)
2023-12-03 16:33:14,255 [INFO] PluginManage:310 - Check plugin userauth
2023-12-03 16:33:14,259 [INFO] UserAuth:113 - Init User Auth plugin
2023-12-03 16:33:14,259 [INFO] PluginManage:359 - Loaded plugin userauth (category:base,tabindex:14)
2023-12-03 16:33:14,260 [INFO] PluginManage:283 - PluginManage : Loaded plugins [17]
2023-12-03 16:33:14,415 [INFO] PinOutPanel:1499 - setPackage(No Configuration,No Configuration)
2023-12-03 16:33:14,488 [INFO] CADModel:165 - CPN selected for project level
2023-12-03 16:33:14,488 [INFO] CADModel:114 - Register for checkConnection events
2023-12-03 16:33:14,500 [INFO] IPUIPlugin:80 - create IPUIPlugin
2023-12-03 16:33:14,501 [INFO] PluginManager:220 - loadIPPluginJar : add mdma
2023-12-03 16:33:14,507 [INFO] IPUIPlugin:80 - create IPUIPlugin
2023-12-03 16:33:14,507 [INFO] PluginManager:220 - loadIPPluginJar : add freertos
2023-12-03 16:33:14,512 [INFO] IPUIPlugin:80 - create IPUIPlugin
2023-12-03 16:33:14,512 [INFO] PluginManager:220 - loadIPPluginJar : add gic
2023-12-03 16:33:14,520 [INFO] IPUIPlugin:80 - create IPUIPlugin
2023-12-03 16:33:14,520 [INFO] PluginManager:220 - loadIPPluginJar : add adc
2023-12-03 16:33:14,522 [INFO] IPUIPlugin:80 - create IPUIPlugin
2023-12-03 16:33:14,522 [INFO] PluginManager:220 - loadIPPluginJar : add gtzc
2023-12-03 16:33:14,523 [INFO] IPUIPlugin:80 - create IPUIPlugin
2023-12-03 16:33:14,523 [INFO] PluginManager:220 - loadIPPluginJar : add quadspi
2023-12-03 16:33:14,525 [INFO] IPUIPlugin:80 - create IPUIPlugin
2023-12-03 16:33:14,525 [INFO] PluginManager:220 - loadIPPluginJar : add aes
2023-12-03 16:33:14,527 [INFO] IPUIPlugin:80 - create IPUIPlugin
2023-12-03 16:33:14,527 [INFO] PluginManager:220 - loadIPPluginJar : add pdm2pcm
2023-12-03 16:33:14,529 [INFO] IPUIPlugin:80 - create IPUIPlugin
2023-12-03 16:33:14,529 [INFO] PluginManager:220 - loadIPPluginJar : add hash
2023-12-03 16:33:14,530 [INFO] IPUIPlugin:80 - create IPUIPlugin
2023-12-03 16:33:14,531 [INFO] PluginManager:220 - loadIPPluginJar : add tim
2023-12-03 16:33:14,531 [INFO] IPUIPlugin:80 - create IPUIPlugin
2023-12-03 16:33:14,532 [INFO] PluginManager:220 - loadIPPluginJar : add tsc
2023-12-03 16:33:14,533 [INFO] IPUIPlugin:80 - create IPUIPlugin
2023-12-03 16:33:14,533 [INFO] PluginManager:220 - loadIPPluginJar : add ts
2023-12-03 16:33:14,534 [INFO] IPUIPlugin:80 - create IPUIPlugin
2023-12-03 16:33:14,534 [INFO] PluginManager:220 - loadIPPluginJar : add can
2023-12-03 16:33:14,536 [INFO] IPUIPlugin:80 - create IPUIPlugin
2023-12-03 16:33:14,536 [INFO] PluginManager:220 - loadIPPluginJar : add dma3
2023-12-03 16:33:14,537 [INFO] IPUIPlugin:80 - create IPUIPlugin
2023-12-03 16:33:14,537 [INFO] PluginManager:220 - loadIPPluginJar : add dfsdm
2023-12-03 16:33:14,540 [INFO] IPUIPlugin:80 - create IPUIPlugin
2023-12-03 16:33:14,540 [INFO] PluginManager:220 - loadIPPluginJar : add spi
2023-12-03 16:33:14,541 [INFO] IPUIPlugin:80 - create IPUIPlugin
2023-12-03 16:33:14,541 [INFO] PluginManager:220 - loadIPPluginJar : add gfxmmu
2023-12-03 16:33:14,542 [INFO] IPUIPlugin:80 - create IPUIPlugin
2023-12-03 16:33:14,543 [INFO] PluginManager:220 - loadIPPluginJar : add genericplugin
2023-12-03 16:33:14,544 [INFO] IPUIPlugin:80 - create IPUIPlugin
2023-12-03 16:33:14,544 [INFO] PluginManager:220 - loadIPPluginJar : add cryp
2023-12-03 16:33:14,547 [INFO] IPUIPlugin:80 - create IPUIPlugin
2023-12-03 16:33:14,547 [INFO] PluginManager:220 - loadIPPluginJar : add gpio
2023-12-03 16:33:14,548 [INFO] IPUIPlugin:80 - create IPUIPlugin
2023-12-03 16:33:14,548 [INFO] PluginManager:220 - loadIPPluginJar : add comp
2023-12-03 16:33:14,549 [INFO] IPUIPlugin:80 - create IPUIPlugin
2023-12-03 16:33:14,550 [INFO] PluginManager:220 - loadIPPluginJar : add tracer_emb
2023-12-03 16:33:14,552 [INFO] IPUIPlugin:80 - create IPUIPlugin
2023-12-03 16:33:14,552 [INFO] PluginManager:220 - loadIPPluginJar : add openamp
2023-12-03 16:33:14,556 [INFO] IPUIPlugin:80 - create IPUIPlugin
2023-12-03 16:33:14,556 [INFO] PluginManager:220 - loadIPPluginJar : add stm32_wpan
2023-12-03 16:33:14,561 [INFO] IPUIPlugin:80 - create IPUIPlugin
2023-12-03 16:33:14,564 [INFO] PluginManager:220 - loadIPPluginJar : add plateformsettings
2023-12-03 16:33:14,568 [INFO] IPUIPlugin:80 - create IPUIPlugin
2023-12-03 16:33:14,568 [INFO] PluginManager:220 - loadIPPluginJar : add ipddr
2023-12-03 16:33:14,570 [INFO] IPUIPlugin:80 - create IPUIPlugin
2023-12-03 16:33:14,570 [INFO] PluginManager:220 - loadIPPluginJar : add usart
2023-12-03 16:33:14,571 [INFO] IPUIPlugin:80 - create IPUIPlugin
2023-12-03 16:33:14,571 [INFO] PluginManager:220 - loadIPPluginJar : add ltdc
2023-12-03 16:33:14,574 [INFO] IPUIPlugin:80 - create IPUIPlugin
2023-12-03 16:33:14,574 [INFO] PluginManager:220 - loadIPPluginJar : add nvic
2023-12-03 16:33:14,575 [INFO] IPUIPlugin:80 - create IPUIPlugin
2023-12-03 16:33:14,575 [INFO] PluginManager:220 - loadIPPluginJar : add fatfs
2023-12-03 16:33:14,581 [INFO] IPUIPlugin:80 - create IPUIPlugin
2023-12-03 16:33:14,581 [INFO] PluginManager:220 - loadIPPluginJar : add linkedlist
2023-12-03 16:33:14,585 [INFO] IPUIPlugin:80 - create IPUIPlugin
2023-12-03 16:33:14,585 [INFO] PluginManager:220 - loadIPPluginJar : add dma
2023-12-03 16:33:14,588 [INFO] IPUIPlugin:80 - create IPUIPlugin
2023-12-03 16:33:14,588 [INFO] PluginManager:220 - loadIPPluginJar : add fmc
2023-12-03 16:33:14,590 [INFO] IPUIPlugin:80 - create IPUIPlugin
2023-12-03 16:33:14,590 [INFO] PluginManager:220 - loadIPPluginJar : add i2s
2023-12-03 16:33:14,591 [INFO] IPUIPlugin:80 - create IPUIPlugin
2023-12-03 16:33:14,592 [INFO] PluginManager:220 - loadIPPluginJar : add ucpd
2023-12-03 16:33:14,594 [INFO] IPUIPlugin:80 - create IPUIPlugin
2023-12-03 16:33:14,594 [INFO] PluginManager:220 - loadIPPluginJar : add lorawan
2023-12-03 16:33:14,595 [INFO] IPUIPlugin:80 - create IPUIPlugin
2023-12-03 16:33:14,595 [INFO] PluginManager:220 - loadIPPluginJar : add opamp
2023-12-03 16:33:14,597 [INFO] IPUIPlugin:80 - create IPUIPlugin
2023-12-03 16:33:14,597 [INFO] PluginManager:220 - loadIPPluginJar : add i3c
2023-12-03 16:33:14,599 [INFO] IPUIPlugin:80 - create IPUIPlugin
2023-12-03 16:33:14,599 [INFO] PluginManager:220 - loadIPPluginJar : add touchsensing
2023-12-03 16:33:14,601 [INFO] IPUIPlugin:80 - create IPUIPlugin
2023-12-03 16:33:14,601 [INFO] PluginManager:220 - loadIPPluginJar : add i2c
2023-12-03 16:33:14,603 [INFO] IPUIPlugin:80 - create IPUIPlugin
2023-12-03 16:33:14,603 [INFO] PluginManager:220 - loadIPPluginJar : add resmgrutility
2023-12-03 16:33:14,605 [INFO] IPUIPlugin:80 - create IPUIPlugin
2023-12-03 16:33:14,605 [INFO] PluginManager:220 - loadIPPluginJar : add sai
2023-12-03 16:33:14,608 [INFO] IPUIPlugin:80 - create IPUIPlugin
2023-12-03 16:33:14,608 [INFO] PluginManager:220 - loadIPPluginJar : add usbx
2023-12-03 16:33:14,708 [INFO] CADModel:165 - CPN selected for project level
2023-12-03 16:33:14,708 [INFO] CADModel:114 - Register for checkConnection events
2023-12-03 16:33:14,708 [FATAL] Updater:308 - Updater called before beeing initialized
2023-12-03 16:33:14,708 [ERROR] CADModel:125 - Updater not yet initialized, retry later 
2023-12-03 16:33:14,845 [INFO] CADModel:165 - CPN selected for project level
2023-12-03 16:33:14,845 [INFO] CADModel:114 - Register for checkConnection events
2023-12-03 16:33:14,845 [FATAL] Updater:308 - Updater called before beeing initialized
2023-12-03 16:33:14,846 [ERROR] CADModel:125 - Updater not yet initialized, retry later 
2023-12-03 16:33:14,850 [FATAL] Updater:308 - Updater called before beeing initialized
2023-12-03 16:33:14,937 [FATAL] Updater:308 - Updater called before beeing initialized
2023-12-03 16:33:14,946 [INFO] DbMcusAds:53 - JSON generation date=Tue Mar 07 09:50:55 CET 2023 (1678179055335)
2023-12-03 16:33:14,947 [FATAL] Updater:308 - Updater called before beeing initialized
2023-12-03 16:33:15,013 [WARN] DetailPanel:346 - Failed to get advertising image, set to default
2023-12-03 16:33:15,137 [FATAL] Updater:308 - Updater called before beeing initialized
2023-12-03 16:33:15,139 [FATAL] Updater:308 - Updater called before beeing initialized
2023-12-03 16:33:15,139 [FATAL] Updater:308 - Updater called before beeing initialized
2023-12-03 16:33:15,139 [WARN] DetailPanel:346 - Failed to get advertising image, set to default
2023-12-03 16:33:15,140 [FATAL] Updater:308 - Updater called before beeing initialized
2023-12-03 16:33:15,172 [ERROR] Updater:1120 - MainUpdater not yet initialized. External WinMGr cannot be set.
2023-12-03 16:33:15,189 [INFO] Updater:1056 - Updater Version found : 6.9.2
2023-12-03 16:33:15,205 [INFO] ApplicationProperties:184 - Using Application install path: /Applications/STM32CubeIDE.app/Contents/Eclipse/plugins/com.st.stm32cube.common.mx_6.9.2.202309101412
2023-12-03 16:33:15,354 [INFO] MainUpdater:2868 - connection check result : 10
2023-12-03 16:33:15,354 [INFO] MainUpdater:285 - Updater Check For Update Now.
2023-12-03 16:33:15,355 [INFO] MicroXplorer:498 - Change Database Version : DB.6.0.92
2023-12-03 16:33:15,360 [INFO] McuFinderGlobals:63 - Set McuFinder mode to 2 (CubeIDE integrated)
2023-12-03 16:33:15,361 [INFO] UserAuth:179 - activating auth plugin
2023-12-03 16:33:15,376 [INFO] UserAuth:393 - Internet connection configuration mode: 1
2023-12-03 16:33:15,390 [INFO] JxBrowserEngine:151 - Initiate JxBrowser Engine with user profile folder
2023-12-03 16:33:15,542 [INFO] CheckServerUpdateThread:120 - End of CheckServer Thread
2023-12-03 16:33:16,171 [INFO] WebApp:157 - Instantiating new browser for Auth
2023-12-03 16:33:16,746 [INFO] WebApp:753 - Register for checkConnection events
2023-12-03 16:33:16,759 [INFO] WebApp:390 - Apply proxy settings
2023-12-03 16:33:16,783 [INFO] WebApp:455 - Chromium authenticates against System proxy
2023-12-03 16:33:17,015 [INFO] WebApp:188 - Starting web application
2023-12-03 16:33:17,037 [INFO] WebApp:520 - Web application path used /Applications/STM32CubeIDE.app/Contents/Eclipse/plugins/com.st.stm32cube.common.mx_6.9.2.202309101412/db/plugins/mcufinder/reactClient1/index.html
2023-12-03 16:33:17,268 [WARN] PackLoader:240 - Cannot read IP mode file for STMicroelectronics.X-CUBE-SMBUS.2.1.0
2023-12-03 16:33:17,312 [WARN] PackLoader:240 - Cannot read IP mode file for STMicroelectronics.X-CUBE-AZRTOS-F7.1.1.0
2023-12-03 16:33:17,331 [WARN] PackLoader:240 - Cannot read IP mode file for STMicroelectronics.FP-SNS-MOTENV1.4.3.2
2023-12-03 16:33:17,341 [WARN] PackLoader:240 - Cannot read IP mode file for STMicroelectronics.FP-SNS-FLIGHT1.5.0.2
2023-12-03 16:33:17,360 [WARN] PackLoader:240 - Cannot read IP mode file for STMicroelectronics.X-CUBE-DISPLAY.3.0.0
2023-12-03 16:33:17,379 [WARN] PackLoader:240 - Cannot read IP mode file for STMicroelectronics.X-CUBE-BLE1.7.0.0
2023-12-03 16:33:17,390 [WARN] PackLoader:240 - Cannot read IP mode file for emotas.I-CUBE-CANOPEN.1.3.0
2023-12-03 16:33:17,396 [WARN] PackLoader:240 - Cannot read IP mode file for STMicroelectronics.X-CUBE-TOUCHGFX.4.22.0
2023-12-03 16:33:17,399 [WARN] PackLoader:240 - Cannot read IP mode file for STMicroelectronics.X-CUBE-TOUCHGFX.4.22.1
2023-12-03 16:33:17,406 [WARN] PackLoader:240 - Cannot read IP mode file for STMicroelectronics.FP-SNS-SMARTAG2.1.2.0
2023-12-03 16:33:17,423 [INFO] LogOutputStream:77 - [STDOUT_REDIRECT] 1 : Invalid condition id : UX_CORESTACK_Condition cause : null
2023-12-03 16:33:17,424 [INFO] LogOutputStream:77 - [STDOUT_REDIRECT] 1 : Invalid condition id : UX_CORESTACK_Condition cause : null
2023-12-03 16:33:17,424 [INFO] LogOutputStream:77 - [STDOUT_REDIRECT] 1 : Invalid condition id : UX_CORESTACK_Condition cause : null
2023-12-03 16:33:17,425 [INFO] LogOutputStream:77 - [STDOUT_REDIRECT] 1 : Invalid condition id : UX_CORESTACK_Condition cause : null
2023-12-03 16:33:17,425 [INFO] LogOutputStream:77 - [STDOUT_REDIRECT] 1 : Invalid condition id : UX_CORESTACK_Condition cause : null
2023-12-03 16:33:17,432 [WARN] PackLoader:240 - Cannot read IP mode file for STMicroelectronics.X-CUBE-AZRTOS-WL.2.0.0
2023-12-03 16:33:17,447 [WARN] PackLoader:240 - Cannot read IP mode file for WES.I-CUBE-Cesium.1.3.0
2023-12-03 16:33:17,454 [WARN] PackLoader:240 - Cannot read IP mode file for STMicroelectronics.X-CUBE-BLE2.3.3.0
2023-12-03 16:33:17,465 [WARN] PackLoader:240 - Cannot read IP mode file for STMicroelectronics.X-CUBE-ALGOBUILD.1.3.0
2023-12-03 16:33:17,489 [WARN] PackLoader:240 - Cannot read IP mode file for STMicroelectronics.X-CUBE-AZRTOS-G0.1.1.0
2023-12-03 16:33:17,500 [WARN] PackLoader:240 - Cannot read IP mode file for STMicroelectronics.X-CUBE-NFC4.3.0.0
2023-12-03 16:33:17,515 [WARN] PackLoader:240 - Cannot read IP mode file for STMicroelectronics.X-CUBE-BLEMGR.3.0.0
2023-12-03 16:33:17,523 [WARN] PackLoader:240 - Cannot read IP mode file for STMicroelectronics.FP-ATR-SIGFOX1.3.2.0
2023-12-03 16:33:17,564 [WARN] PackLoader:240 - Cannot read IP mode file for SEGGER.I-CUBE-embOS.1.3.1
2023-12-03 16:33:17,631 [WARN] PackLoader:240 - Cannot read IP mode file for STMicroelectronics.X-CUBE-GNSS1.6.0.0
2023-12-03 16:33:17,654 [WARN] PackLoader:240 - Cannot read IP mode file for STMicroelectronics.X-CUBE-AZRTOS-F4.1.1.0
2023-12-03 16:33:17,662 [WARN] PackLoader:240 - Cannot read IP mode file for wolfSSL.I-CUBE-wolfSSL.5.6.3
2023-12-03 16:33:17,679 [WARN] PackLoader:240 - Cannot read IP mode file for STMicroelectronics.X-CUBE-AZRTOS-L5.2.0.0
2023-12-03 16:33:17,721 [WARN] PackLoader:240 - Cannot read IP mode file for STMicroelectronics.X-CUBE-MEMS1.9.6.0
2023-12-03 16:33:17,963 [WARN] PackLoader:240 - Cannot read IP mode file for STMicroelectronics.X-CUBE-EEPRMA1.4.2.0
2023-12-03 16:33:17,970 [WARN] PackLoader:240 - Cannot read IP mode file for ITTIA_DB.I-CUBE-ITTIADB.8.8.0
2023-12-03 16:33:17,981 [WARN] PackLoader:240 - Cannot read IP mode file for STMicroelectronics.X-CUBE-BLEMGR.2.0.0
2023-12-03 16:33:18,001 [WARN] ConditionMgr:438 - getConditionDescription Invalid condition id : UX DEVICE CLASS RTOS Condition cause : null
2023-12-03 16:33:18,001 [WARN] ConditionMgr:438 - getConditionDescription Invalid condition id : UX DEVICE CLASS RTOS Condition cause : null
2023-12-03 16:33:18,005 [WARN] PackLoader:240 - Cannot read IP mode file for STMicroelectronics.X-CUBE-AZRTOS-H7.3.1.0
2023-12-03 16:33:18,006 [WARN] ConditionMgr:1039 - genDependencies : Invalid condition id : UX DEVICE CLASS RTOS Condition cause : null
2023-12-03 16:33:18,007 [WARN] ConditionMgr:1039 - genDependencies : Invalid condition id : UX DEVICE CLASS RTOS Condition cause : null
2023-12-03 16:33:18,007 [WARN] ConditionMgr:1039 - genDependencies : Invalid condition id : UX DEVICE CLASS RTOS Condition cause : null
2023-12-03 16:33:18,007 [WARN] ConditionMgr:1039 - genDependencies : Invalid condition id : UX DEVICE CLASS RTOS Condition cause : null
2023-12-03 16:33:18,008 [WARN] ConditionMgr:1039 - genDependencies : Invalid condition id : UX DEVICE CLASS RTOS Condition cause : null
2023-12-03 16:33:18,016 [WARN] PackLoader:240 - Cannot read IP mode file for STMicroelectronics.X-CUBE-NFC7.1.0.1
2023-12-03 16:33:18,023 [WARN] PackLoader:240 - Cannot read IP mode file for STMicroelectronics.X-CUBE-NFC6.3.0.0
2023-12-03 16:33:18,031 [WARN] PackLoader:240 - Cannot read IP mode file for STMicroelectronics.X-CUBE-EEPRMA1.4.1.0
2023-12-03 16:33:18,036 [WARN] PackLoader:240 - Cannot read IP mode file for STMicroelectronics.X-CUBE-AI.8.1.0
2023-12-03 16:33:18,054 [WARN] ConditionMgr:438 - getConditionDescription Invalid condition id : LAN8742 Phy interface Condition cause : null
2023-12-03 16:33:18,055 [WARN] PackLoader:240 - Cannot read IP mode file for STMicroelectronics.X-CUBE-AZRTOS-L4.2.0.0
2023-12-03 16:33:18,056 [WARN] ConditionMgr:1039 - genDependencies : Invalid condition id : LAN8742 Phy interface Condition cause : null
2023-12-03 16:33:18,056 [WARN] ConditionMgr:1039 - genDependencies : Invalid condition id : LAN8742 Phy interface Condition cause : null
2023-12-03 16:33:18,057 [WARN] ConditionMgr:1039 - genDependencies : Invalid condition id : LAN8742 Phy interface Condition cause : null
2023-12-03 16:33:18,064 [WARN] PackLoader:240 - Cannot read IP mode file for STMicroelectronics.X-CUBE-SFXS2LP1.4.0.0
2023-12-03 16:33:18,069 [WARN] PackLoader:240 - Cannot read IP mode file for STMicroelectronics.X-CUBE-ISPU.1.1.0
2023-12-03 16:33:18,079 [WARN] ConditionMgr:438 - getConditionDescription Invalid condition id : UX DEVICE CLASS RTOS Condition cause : null
2023-12-03 16:33:18,080 [WARN] ConditionMgr:438 - getConditionDescription Invalid condition id : UX DEVICE CLASS RTOS Condition cause : null
2023-12-03 16:33:18,082 [WARN] PackLoader:240 - Cannot read IP mode file for STMicroelectronics.X-CUBE-AZRTOS-WB.2.0.0
2023-12-03 16:33:18,083 [WARN] ConditionMgr:1039 - genDependencies : Invalid condition id : UX DEVICE CLASS RTOS Condition cause : null
2023-12-03 16:33:18,083 [WARN] ConditionMgr:1039 - genDependencies : Invalid condition id : UX DEVICE CLASS RTOS Condition cause : null
2023-12-03 16:33:18,084 [WARN] ConditionMgr:1039 - genDependencies : Invalid condition id : UX DEVICE CLASS RTOS Condition cause : null
2023-12-03 16:33:18,084 [WARN] ConditionMgr:1039 - genDependencies : Invalid condition id : UX DEVICE CLASS RTOS Condition cause : null
2023-12-03 16:33:18,084 [WARN] ConditionMgr:1039 - genDependencies : Invalid condition id : UX DEVICE CLASS RTOS Condition cause : null
2023-12-03 16:33:18,093 [WARN] PackLoader:240 - Cannot read IP mode file for STMicroelectronics.X-CUBE-SUBG2.5.0.0
2023-12-03 16:33:18,109 [WARN] PackLoader:240 - Cannot read IP mode file for STMicroelectronics.X-CUBE-TOF1.3.3.1
2023-12-03 16:33:18,156 [WARN] PackLoader:240 - Cannot read IP mode file for STMicroelectronics.X-CUBE-AZRTOS-G4.2.0.0
2023-12-03 16:33:18,174 [WARN] PackLoader:240 - Cannot read IP mode file for Infineon.AIROC-Wi-Fi-Bluetooth-STM32.1.5.1
2023-12-03 16:33:18,182 [WARN] PackLoader:240 - Cannot read IP mode file for STMicroelectronics.FP-SNS-MOTENVWB1.1.3.0
2023-12-03 16:33:18,187 [WARN] PackLoader:240 - Cannot read IP mode file for STMicroelectronics.FP-SNS-MOTENVWB1.1.3.1
2023-12-03 16:33:18,246 [WARN] PackLoader:240 - Cannot read IP mode file for STMicroelectronics.X-CUBE-MEMS1.10.0.0
2023-12-03 16:33:18,390 [WARN] PackLoader:240 - Cannot read IP mode file for STMicroelectronics.X-CUBE-FREERTOS.1.1.0
2023-12-03 16:33:18,395 [WARN] PackLoader:240 - Cannot read IP mode file for portGmbH.I-Cube-SoM-uGOAL.1.1.0
2023-12-03 16:33:18,399 [WARN] PackLoader:240 - Cannot read IP mode file for STMicroelectronics.X-CUBE-ALS.1.0.1
2023-12-03 16:33:18,404 [WARN] PackLoader:240 - Cannot read IP mode file for STMicroelectronics.FP-ATR-ASTRA1.2.0.0
2023-12-03 16:33:18,416 [WARN] PackLoader:240 - Cannot read IP mode file for STMicroelectronics.X-CUBE-TOF1.3.4.0
2023-12-03 16:33:18,428 [INFO] ThirdParty:978 - Integrity check success = true
2023-12-03 16:33:18,428 [INFO] IntegrityCheckThread:100 - exiting critical section [integrity check]
2023-12-03 16:33:18,428 [INFO] IntegrityCheckThread:103 - End integrity checks thread
2023-12-03 16:33:37,793 [ERROR] LogOutputStream:75 - [STDERR_REDIRECT] SLF4J: Failed to load class "org.slf4j.impl.StaticLoggerBinder".
2023-12-03 16:33:37,795 [ERROR] LogOutputStream:75 - [STDERR_REDIRECT] SLF4J: Defaulting to no-operation (NOP) logger implementation
2023-12-03 16:33:37,795 [ERROR] LogOutputStream:75 - [STDERR_REDIRECT] SLF4J: See http://www.slf4j.org/codes.html#StaticLoggerBinder for further details.
2023-12-03 16:42:55,734 [INFO] McuFinderGlobals:63 - Set McuFinder mode to 2 (CubeIDE integrated)
2023-12-03 16:42:57,516 [INFO] MainUpdater:2868 - connection check result : 10
2023-12-03 16:42:57,517 [INFO] MainUpdater:2868 - connection check result : 10
2023-12-03 16:42:57,863 [INFO] MicroXplorer:468 - Change Database Path : 
2023-12-03 16:42:57,863 [INFO] MicroXplorer:498 - Change Database Version : DB.6.0.92
2023-12-03 16:42:57,867 [WARN] ThirdParty:871 - waiting for thirdparty lock release [close project]
2023-12-03 16:42:57,867 [INFO] ThirdParty:873 - entering critical section [close project]
2023-12-03 16:42:57,867 [INFO] ThirdParty:883 - exiting critical section [close project]
2023-12-03 16:42:57,870 [INFO] PinOutPanel:1499 - setPackage(No Configuration,No Configuration)
2023-12-03 16:42:57,878 [INFO] UtilMem:75 - Begin LoadConfig() Used Memory: 604058480 Bytes (940572672)
2023-12-03 16:42:57,880 [INFO] MicroXplorer:468 - Change Database Path : 
2023-12-03 16:42:57,880 [INFO] MicroXplorer:498 - Change Database Version : DB.6.0.92
2023-12-03 16:42:57,880 [INFO] OpenFileManager:308 - Change cursor
2023-12-03 16:42:57,906 [INFO] Mcu:1946 - Initializing MCU STM32F401R(D-E)Tx STM32F401RETx STM32F401RET6
2023-12-03 16:42:58,666 [INFO] Context:659 - Trying to add GPIOservice into a context  which must be forbidden
2023-12-03 16:42:59,220 [INFO] RtosManager:555 - Registered RTOS mode: class=CMSIS, group=RTOS, mode=CMSIS_V1, owner=FREERTOS
2023-12-03 16:42:59,220 [INFO] RtosManager:555 - Registered RTOS mode: class=CMSIS, group=RTOS2, mode=CMSIS_V2, owner=FREERTOS
2023-12-03 16:42:59,221 [INFO] RtosManager:555 - Registered RTOS mode: class=RTOS, group=Core, mode=CMSIS_V1, owner=FREERTOS
2023-12-03 16:42:59,221 [INFO] RtosManager:555 - Registered RTOS mode: class=RTOS, group=Core, mode=CMSIS_V2, owner=FREERTOS
2023-12-03 16:42:59,221 [WARN] ModelIntegratedComponent:184 - Missing modes for component STMicroelectronics:FreeRTOS:0.0.1:STMicroelectronics:RTOS:FreeRTOS:Core:::10.2.0:
2023-12-03 16:42:59,233 [WARN] ModelIntegratedComponent:63 - No mode defined for component null
2023-12-03 16:42:59,233 [WARN] ModelIntegratedComponent:63 - No mode defined for component null
2023-12-03 16:42:59,233 [WARN] ModelIntegratedComponent:63 - No mode defined for component null
2023-12-03 16:42:59,233 [WARN] ModelIntegratedComponent:63 - No mode defined for component null
2023-12-03 16:42:59,233 [WARN] ModelIntegratedComponent:63 - No mode defined for component null
2023-12-03 16:42:59,233 [WARN] ModelIntegratedComponent:63 - No mode defined for component null
2023-12-03 16:42:59,233 [WARN] ModelIntegratedComponent:63 - No mode defined for component null
2023-12-03 16:42:59,234 [WARN] ModelIntegratedComponent:63 - No mode defined for component null
2023-12-03 16:42:59,234 [WARN] ModelIntegratedComponent:63 - No mode defined for component null
2023-12-03 16:42:59,234 [WARN] ModelIntegratedComponent:63 - No mode defined for component null
2023-12-03 16:42:59,234 [WARN] ModelIntegratedComponent:63 - No mode defined for component null
2023-12-03 16:42:59,234 [WARN] ModelIntegratedComponent:63 - No mode defined for component null
2023-12-03 16:42:59,234 [WARN] ModelIntegratedComponent:63 - No mode defined for component null
2023-12-03 16:42:59,234 [WARN] ModelIntegratedComponent:63 - No mode defined for component null
2023-12-03 16:42:59,234 [WARN] ModelIntegratedComponent:63 - No mode defined for component null
2023-12-03 16:42:59,234 [WARN] ModelIntegratedComponent:63 - No mode defined for component null
2023-12-03 16:42:59,234 [WARN] ModelIntegratedComponent:63 - No mode defined for component null
2023-12-03 16:42:59,234 [WARN] ModelIntegratedComponent:63 - No mode defined for component null
2023-12-03 16:42:59,234 [WARN] ModelIntegratedComponent:63 - No mode defined for component null
2023-12-03 16:42:59,234 [WARN] ModelIntegratedComponent:63 - No mode defined for component null
2023-12-03 16:42:59,234 [WARN] ModelIntegratedComponent:63 - No mode defined for component null
2023-12-03 16:42:59,234 [WARN] ModelIntegratedComponent:63 - No mode defined for component null
2023-12-03 16:42:59,235 [WARN] ModelIntegratedComponent:63 - No mode defined for component null
2023-12-03 16:42:59,235 [WARN] ModelIntegratedComponent:63 - No mode defined for component null
2023-12-03 16:42:59,235 [WARN] ModelIntegratedComponent:63 - No mode defined for component null
2023-12-03 16:42:59,235 [WARN] ModelIntegratedComponent:63 - No mode defined for component null
2023-12-03 16:42:59,235 [WARN] ModelIntegratedComponent:63 - No mode defined for component null
2023-12-03 16:42:59,235 [WARN] ModelIntegratedComponent:63 - No mode defined for component null
2023-12-03 16:42:59,235 [WARN] ModelIntegratedComponent:63 - No mode defined for component null
2023-12-03 16:42:59,235 [WARN] ModelIntegratedComponent:63 - No mode defined for component null
2023-12-03 16:42:59,235 [WARN] ModelIntegratedComponent:63 - No mode defined for component null
2023-12-03 16:42:59,235 [WARN] ModelIntegratedComponent:63 - No mode defined for component null
2023-12-03 16:42:59,235 [WARN] ModelIntegratedComponent:63 - No mode defined for component null
2023-12-03 16:42:59,378 [INFO] ThirdPartyModel:298 - Start build external matchings
2023-12-03 16:43:00,081 [INFO] ThirdPartyModel:316 - End build external matchings
2023-12-03 16:43:00,106 [INFO] ImportTextPane:194 - (OptionalMessage_ERROR) IP (DMA) : Parameter (Instance) has Id (USART2_TX) currently not set
2023-12-03 16:43:00,107 [INFO] ImportTextPane:194 - (OptionalMessage_ERROR) IP (DMA) : Parameter (Channel) has Id (USART2_TX) currently not set
2023-12-03 16:43:00,107 [INFO] ImportTextPane:194 - (OptionalMessage_ERROR) IP (DMA) : Parameter (Direction) has Id (USART2_TX) currently not set
2023-12-03 16:43:00,107 [INFO] ImportTextPane:194 - (OptionalMessage_ERROR) IP (DMA) : Parameter (PeriphInc) has Id (USART2_TX) currently not set
2023-12-03 16:43:00,107 [INFO] ImportTextPane:194 - (OptionalMessage_ERROR) IP (DMA) : Parameter (MemInc) has Id (USART2_TX) currently not set
2023-12-03 16:43:00,107 [INFO] ImportTextPane:194 - (OptionalMessage_ERROR) IP (DMA) : Parameter (PeriphDataAlignment) has Id (USART2_TX) currently not set
2023-12-03 16:43:00,107 [INFO] ImportTextPane:194 - (OptionalMessage_ERROR) IP (DMA) : Parameter (MemDataAlignment) has Id (USART2_TX) currently not set
2023-12-03 16:43:00,108 [INFO] ImportTextPane:194 - (OptionalMessage_ERROR) IP (DMA) : Parameter (Mode) has Id (USART2_TX) currently not set
2023-12-03 16:43:00,108 [INFO] ImportTextPane:194 - (OptionalMessage_ERROR) IP (DMA) : Parameter (Priority) has Id (USART2_TX) currently not set
2023-12-03 16:43:00,108 [INFO] ImportTextPane:194 - (OptionalMessage_ERROR) IP (DMA) : Parameter (FIFOMode) has Id (USART2_TX) currently not set
2023-12-03 16:43:00,110 [INFO] ImportTextPane:194 - (OptionalMessage_ERROR) IP (RCC) : Parameter (RTCHSEDivFreq_Value) has invalid value (4000000)
2023-12-03 16:43:00,299 [INFO] UtilMem:75 - End LoadConfig() Used Memory: 549235328 Bytes (1073741824)
2023-12-03 16:43:00,514 [INFO] ApiDb:581 - Connected to CubeFinder SQLite database (/Users/jianghui/.stmcufinder/plugins/mcufinder/mcu/cube-finder-db.db)
2023-12-03 16:43:00,634 [INFO] ApiDb:668 - CubeFinder database Data Model version=2.1
2023-12-03 16:43:00,634 [INFO] ApiDb:669 - CubeFinder database Configuration version=3.0.39
2023-12-03 16:43:00,635 [INFO] ApiDb:670 - CubeFinder database generation date=2023-11-06 (1699269565)
2023-12-03 16:43:00,635 [INFO] ApiDb:671 - CubeFinder database FW Pack versions=[FP-ATR-ASTRA1_V2.0.0, FP-SNS-FLIGHT1_V5.0.1, FP-SNS-FLIGHT1_V5.0.2, FP-SNS-MOTENV1_V4.3.1, FP-SNS-MOTENV1_V4.3.2, FP-SNS-MOTENVWB1_V1.3.0, FP-SNS-SMARTAG2_V1.2.0, STM32Cube_FW_C0_V1.1.0, STM32Cube_FW_F4_V1.28.0, STM32Cube_FW_F7_V1.17.0, STM32Cube_FW_G0_V1.6.1, STM32Cube_FW_G4_V1.5.1, STM32Cube_FW_H5_V0.5.1, STM32Cube_FW_H5_V1.1.1, STM32Cube_FW_H5_V1.2.0RC2, STM32Cube_FW_H7_V1.11.0, STM32Cube_FW_L0_V1.12.2, STM32Cube_FW_L5_V1.5.0, STM32Cube_FW_U5_V1.3.0RC4, STM32Cube_FW_U5_V1.4.0, STM32Cube_FW_WBA_V1.0.0RC1, STM32Cube_FW_WBA_V1.1.0RC1, STM32Cube_FW_WBA_V1.2.0, STM32Cube_FW_WBA_V1.2.0RC2, STM32Cube_FW_WB_V1.15.0RC1, STM32Cube_FW_WB_V1.16.0, STM32Cube_FW_WB_V1.16.0RC2, STM32Cube_FW_WB_V1.18.0, STM32Cube_FW_WL_V1.3.0, X-CUBE-ALGOBUILD_V1.3.0, X-CUBE-ALS_V1.0.1, X-CUBE-AZRTOS-F4_V1.1.0, X-CUBE-AZRTOS-F7_V1.1.0, X-CUBE-AZRTOS-G0_V1.1.0, X-CUBE-AZRTOS-G4_V2.0.0, X-CUBE-AZRTOS-H7_V3.1.0, X-CUBE-AZRTOS-L4_V1.0.0, X-CUBE-AZRTOS-L4_V2.0.0, X-CUBE-AZRTOS-L5_V1.1.0, X-CUBE-AZRTOS-WB_V2.0.0, X-CUBE-AZRTOS-WL_V2.0.0, X-CUBE-BLE1_V7.0.0, X-CUBE-BLE2_V3.3.0, X-CUBE-BLEMGR_V2.0.0, X-CUBE-EEPRMA1_V4.1.0, X-CUBE-EEPRMA1_V4.2.0, X-CUBE-FREERTOS_V1.1.0, X-CUBE-GNSS1_V6.0.0, X-CUBE-MEMS1_V10.0.0, X-CUBE-MEMS1_V9.1.0, X-CUBE-MEMS1_V9.4.0, X-CUBE-MEMS1_V9.6.0, X-CUBE-NFC4_V3.0.0, X-CUBE-NFC7_V1.0.1, X-CUBE-SFXS2LP1_V4.0.0, X-CUBE-SUBG2_V5.0.0, X-CUBE-TOF1_V3.3.1]
2023-12-03 16:43:02,551 [INFO] ApiDb:240 - Found 323 in-development CPN: [B-G473E-ZEST1S, B-WB1M-WPAN1, B-WL5M-SUBG1, NUCLEO-C031C6, NUCLEO-H503RB, NUCLEO-H563ZI, NUCLEO-U545RE-Q, NUCLEO-U5A5ZJ-Q, NUCLEO-WBA52CG, STEVAL-PROTEUS1, STEVAL-SMARTAG2, STEVAL-STWINBX1, STM320518-EVAL, STM32C0116-DK, STM32C011D6Y3TR, STM32C011D6Y6TR, STM32C011F4P3, STM32C011F4P6, STM32C011F4U3, STM32C011F4U6TR, STM32C011F6P3, STM32C011F6P6, STM32C011F6U3, STM32C011F6U6TR, STM32C011J4M3, STM32C011J4M6, STM32C011J6M3, STM32C011J6M6, STM32C0316-DK, STM32C031C4T3, STM32C031C4T6, STM32C031C4U3, STM32C031C4U6, STM32C031C6T3, STM32C031C6T6, STM32C031C6U3, STM32C031C6U6, STM32C031F4P3, STM32C031F4P6, STM32C031F6P3, STM32C031F6P6, STM32C031G4U3, STM32C031G4U6, STM32C031G6U3, STM32C031G6U6, STM32C031K4T3, STM32C031K4T6, STM32C031K4U3, STM32C031K4U6, STM32C031K6T3, STM32C031K6T6, STM32C031K6U3, STM32C031K6U6, STM32G071K8TXN, STM32G071K8UXN, STM32G081GBU6N, STM32G081KBT6N, STM32G081KBUXN, STM32G0B1CCT6N, STM32G0B1KCT6, STM32G0B1NEY6TR, STM32G0B1RCT6N, STM32G0C1CCT6, STM32G0C1CCT6N, STM32G0C1CCU6N, STM32G0C1CET6N, STM32G0C1CEU6N, STM32G0C1KCT6, STM32G0C1NEY6TR, STM32G0C1RCI6N, STM32G0C1RCT6N, STM32G0C1REI6N, STM32G0C1RET6N, STM32G0C1VCI6, STM32G0C1VEI6, STM32G471CCT6, STM32G471CCU6, STM32G471CET3, STM32G471CET6, STM32G471CEU3, STM32G471CEU6, STM32G471MCT6, STM32G471MET3, STM32G471MET6, STM32G471MEY6TR, STM32G471QCT6, STM32G471QET3, STM32G471RCT6, STM32G471RET3, STM32G471RET6, STM32G471VCH6, STM32G471VCI6, STM32G471VCT6, STM32G471VEH3, STM32G471VEH6, STM32G471VEI3, STM32G471VEI6, STM32G471VET3, STM32G471VET6, STM32G474CCT6, STM32H503CBT6, STM32H503CBU6, STM32H503EBY6TR, STM32H503KBU6, STM32H503RBT6, STM32H562AGI6, STM32H562AII6, STM32H562IGK6, STM32H562IGT6, STM32H562IIK6, STM32H562IIT6, STM32H562RGT6, STM32H562RGV6, STM32H562RIT6, STM32H562RIV6, STM32H562VGT6, STM32H562VIT6, STM32H562ZGT6, STM32H562ZIT6, STM32H563AGI6, STM32H563AII3Q, STM32H563AII6, STM32H563IGK6, STM32H563IGT6, STM32H563IIK3Q, STM32H563IIK6, STM32H563IIT3Q, STM32H563IIT6, STM32H563MIY3QTR, STM32H563RGT6, STM32H563RGV6, STM32H563RIT6, STM32H563RIV6, STM32H563VGT6, STM32H563VIT3Q, STM32H563VIT6, STM32H563ZGT6, STM32H563ZIT3Q, STM32H563ZIT6, STM32H573AII3Q, STM32H573AII6, STM32H573I-DK, STM32H573IIK3Q, STM32H573IIK6, STM32H573IIT3Q, STM32H573IIT6, STM32H573MIY3QTR, STM32H573RIT6, STM32H573RIV6, STM32H573VIT3Q, STM32H573VIT6, STM32H573ZIT3Q, STM32H573ZIT6, STM32L4R5QGI6STR, STM32MP131AAE3, STM32MP131AAF3, STM32MP131AAG3, STM32MP131CAE3, STM32MP131CAF3, STM32MP131CAG3, STM32MP131DAE7, STM32MP131DAF7, STM32MP131DAG7, STM32MP131FAE7, STM32MP131FAF7, STM32MP131FAG7, STM32MP133AAE3, STM32MP133AAF3, STM32MP133AAG3, STM32MP133CAE3, STM32MP133CAF3, STM32MP133CAG3, STM32MP133DAE7, STM32MP133DAF7, STM32MP133DAG7, STM32MP133FAE7, STM32MP133FAF7, STM32MP133FAG7, STM32MP135AAE3, STM32MP135AAF3, STM32MP135AAG3, STM32MP135CAE3, STM32MP135CAF3, STM32MP135CAG3, STM32MP135DAE7, STM32MP135DAF7, STM32MP135DAG7, STM32MP135F-DK, STM32MP135FAE7, STM32MP135FAF7, STM32MP135FAF7T, STM32MP135FAF7U, STM32MP135FAG7, STM32U535CBT6, STM32U535CBT6Q, STM32U535CBU6, STM32U535CBU6Q, STM32U535CCT6, STM32U535CCT6Q, STM32U535CCU6, STM32U535CCU6Q, STM32U535CET6, STM32U535CET6Q, STM32U535CEU6, STM32U535CEU6Q, STM32U535JEY6QTR, STM32U535NCY6QTR, STM32U535NEY6QTR, STM32U535RBI6, STM32U535RBI6Q, STM32U535RBT6, STM32U535RBT6Q, STM32U535RCI6, STM32U535RCI6Q, STM32U535RCT6, STM32U535RCT6Q, STM32U535REI6, STM32U535REI6Q, STM32U535RET6, STM32U535RET6Q, STM32U535VCI6, STM32U535VCI6Q, STM32U535VCT6, STM32U535VCT6Q, STM32U535VEI6, STM32U535VEI6Q, STM32U535VET6, STM32U535VET6Q, STM32U545CET6, STM32U545CET6Q, STM32U545CEU6, STM32U545CEU6Q, STM32U545JEY6QTR, STM32U545NEY6QTR, STM32U545REI6, STM32U545REI6Q, STM32U545RET6, STM32U545RET6Q, STM32U545VEI6, STM32U545VEI6Q, STM32U545VET6, STM32U545VET6Q, STM32U595AIH6, STM32U595AIH6Q, STM32U595AJH6, STM32U595AJH6Q, STM32U595QII6, STM32U595QII6Q, STM32U595QJI6, STM32U595QJI6Q, STM32U595RIT6, STM32U595RIT6Q, STM32U595RJT6, STM32U595RJT6Q, STM32U595VIT6, STM32U595VIT6Q, STM32U595VJT6, STM32U595VJT6Q, STM32U595ZIT6, STM32U595ZIT6Q, STM32U595ZIY6QTR, STM32U595ZJT6, STM32U595ZJT6Q, STM32U595ZJY6QTR, STM32U599BJY6QTR, STM32U599NIH6Q, STM32U599NJH6Q, STM32U599VIT6Q, STM32U599VJT6, STM32U599VJT6Q, STM32U599ZIT6Q, STM32U599ZIY6QTR, STM32U599ZJT6Q, STM32U599ZJY6QTR, STM32U5A5AJH6, STM32U5A5AJH6Q, STM32U5A5QJI6, STM32U5A5QJI6Q, STM32U5A5RJT6, STM32U5A5RJT6Q, STM32U5A5VJT6, STM32U5A5VJT6Q, STM32U5A5ZJT6, STM32U5A5ZJT6Q, STM32U5A5ZJY6QTR, STM32U5A9BJY6QTR, STM32U5A9J-DK, STM32U5A9NJH6Q, STM32U5A9VJT6Q, STM32U5A9ZJT6Q, STM32U5A9ZJY6QTR, STM32U5F7VIT6, STM32U5F7VIT6Q, STM32U5F7VJT6, STM32U5F7VJT6Q, STM32U5F9BJY6QTR, STM32U5F9NJH6Q, STM32U5F9VIT6Q, STM32U5F9VJT6Q, STM32U5F9ZIJ6QTR, STM32U5F9ZIT6Q, STM32U5F9ZJJ6QTR, STM32U5F9ZJT6Q, STM32U5G7VJT6, STM32U5G7VJT6Q, STM32U5G9BJY6QTR, STM32U5G9J-DK1, STM32U5G9J-DK2, STM32U5G9NJH6Q, STM32U5G9VJT6Q, STM32U5G9ZJJ6QTR, STM32U5G9ZJT6Q, STM32WB1MMCH6, STM32WBA52CEU6, STM32WBA52CEU6T, STM32WBA52CGU6, STM32WBA52CGU6T, STM32WBA52KEU6, STM32WBA52KEU6T, STM32WBA52KGU6, STM32WBA52KGU6T, STM32WL5MOCH6, STM32WL5MOCH6TR]
2023-12-03 16:43:02,555 [INFO] DbMcus:217 - Found 3882 MCUs, 3882 are supported
2023-12-03 16:43:02,556 [INFO] ApiDb:423 - Load user favorites file /Users/jianghui/.stm32cubeide/favorites.mcus.txt: 0 item(s)
2023-12-03 16:43:02,556 [INFO] ApiDb:427 - User favorites MCUs=[]
2023-12-03 16:43:02,557 [INFO] DbMcus:223 - Set 0 / 0 favorites MCUs
2023-12-03 16:43:02,864 [WARN] ThirdParty:833 - waiting for thirdparty lock release [change project]
2023-12-03 16:43:02,864 [INFO] ThirdParty:835 - entering critical section [change project]
2023-12-03 16:43:02,864 [INFO] ThirdParty:1030 - CMSIS Pack Vendor :STMicroelectronics X-CUBE-ISPU 1.1.0
2023-12-03 16:43:02,865 [INFO] ThirdParty:1030 - CMSIS Pack Vendor :STMicroelectronics USBPD 4.1
2023-12-03 16:43:02,865 [INFO] ThirdParty:1030 - CMSIS Pack Vendor :STMicroelectronics X-CUBE-GNSS1 6.0.0
2023-12-03 16:43:02,865 [INFO] ThirdParty:1030 - CMSIS Pack Vendor :STMicroelectronics USB_HOST 2.0.0
2023-12-03 16:43:02,865 [INFO] ThirdParty:1030 - CMSIS Pack Vendor :STMicroelectronics X-CUBE-AZRTOS-F4 1.1.0
2023-12-03 16:43:02,865 [INFO] ThirdParty:1030 - CMSIS Pack Vendor :STMicroelectronics LIBJPEG 8.0.0
2023-12-03 16:43:02,865 [INFO] ThirdParty:1030 - CMSIS Pack Vendor :wolfSSL I-CUBE-wolfSSL 5.6.3
2023-12-03 16:43:02,865 [INFO] ThirdParty:1030 - CMSIS Pack Vendor :STMicroelectronics X-CUBE-SMBUS 2.1.0
2023-12-03 16:43:02,865 [INFO] ThirdParty:1030 - CMSIS Pack Vendor :STMicroelectronics USB_DEVICE 3.0.0
2023-12-03 16:43:02,865 [INFO] ThirdParty:1030 - CMSIS Pack Vendor :STMicroelectronics X-CUBE-AZRTOS-WB 2.0.0
2023-12-03 16:43:02,865 [INFO] ThirdParty:1030 - CMSIS Pack Vendor :STMicroelectronics X-CUBE-AZRTOS-F7 1.1.0
2023-12-03 16:43:02,865 [INFO] ThirdParty:1030 - CMSIS Pack Vendor :STMicroelectronics X-CUBE-AZRTOS-L5 2.0.0
2023-12-03 16:43:02,865 [INFO] ThirdParty:1030 - CMSIS Pack Vendor :STMicroelectronics USB_DEVICE 2.0.0
2023-12-03 16:43:02,865 [INFO] ThirdParty:1030 - CMSIS Pack Vendor :STMicroelectronics X-CUBE-MEMS1 9.6.0
2023-12-03 16:43:02,865 [INFO] ThirdParty:1030 - CMSIS Pack Vendor :STMicroelectronics X-CUBE-EEPRMA1 4.2.0
2023-12-03 16:43:02,865 [INFO] ThirdParty:1030 - CMSIS Pack Vendor :ITTIA_DB I-CUBE-ITTIADB 8.8.0
2023-12-03 16:43:02,865 [INFO] ThirdParty:1030 - CMSIS Pack Vendor :STMicroelectronics FP-SNS-MOTENV1 4.3.2
2023-12-03 16:43:02,865 [INFO] ThirdParty:1030 - CMSIS Pack Vendor :STMicroelectronics X-CUBE-ALGOBUILD 1.3.0
2023-12-03 16:43:02,865 [INFO] ThirdParty:1030 - CMSIS Pack Vendor :STMicroelectronics FreeRTOS 0.0.1
2023-12-03 16:43:02,865 [INFO] ThirdParty:1030 - CMSIS Pack Vendor :STMicroelectronics X-CUBE-AZRTOS-G0 1.1.0
2023-12-03 16:43:02,865 [INFO] ThirdParty:1030 - CMSIS Pack Vendor :STMicroelectronics X-CUBE-BLEMGR 2.0.0
2023-12-03 16:43:02,865 [INFO] ThirdParty:1030 - CMSIS Pack Vendor :STMicroelectronics X-CUBE-NFC4 3.0.0
2023-12-03 16:43:02,866 [INFO] ThirdParty:1030 - CMSIS Pack Vendor :STMicroelectronics X-CUBE-SUBG2 5.0.0
2023-12-03 16:43:02,866 [INFO] ThirdParty:1030 - CMSIS Pack Vendor :STMicroelectronics STM32_WPAN 1.0.0
2023-12-03 16:43:02,866 [INFO] ThirdParty:1030 - CMSIS Pack Vendor :STMicroelectronics lwIP 2.0.3
2023-12-03 16:43:02,866 [INFO] ThirdParty:1030 - CMSIS Pack Vendor :STMicroelectronics FP-SNS-FLIGHT1 5.0.2
2023-12-03 16:43:02,866 [INFO] ThirdParty:1030 - CMSIS Pack Vendor :STMicroelectronics USB_HOST 1.0.0
2023-12-03 16:43:02,866 [INFO] ThirdParty:1030 - CMSIS Pack Vendor :STMicroelectronics X-CUBE-TOF1 3.3.1
2023-12-03 16:43:02,866 [INFO] ThirdParty:1030 - CMSIS Pack Vendor :STMicroelectronics X-CUBE-AZRTOS-G4 2.0.0
2023-12-03 16:43:02,866 [INFO] ThirdParty:1030 - CMSIS Pack Vendor :STMicroelectronics PDM2PCM 3.1.0
2023-12-03 16:43:02,866 [INFO] ThirdParty:1030 - CMSIS Pack Vendor :STMicroelectronics X-CUBE-AZRTOS-H7 3.1.0
2023-12-03 16:43:02,866 [INFO] ThirdParty:1030 - CMSIS Pack Vendor :Infineon AIROC-Wi-Fi-Bluetooth-STM32 1.5.1
2023-12-03 16:43:02,866 [INFO] ThirdParty:1030 - CMSIS Pack Vendor :STMicroelectronics X-CUBE-BLEMGR 3.0.0
2023-12-03 16:43:02,866 [INFO] ThirdParty:1030 - CMSIS Pack Vendor :STMicroelectronics PDM2PCM 3.3.0
2023-12-03 16:43:02,866 [INFO] ThirdParty:1030 - CMSIS Pack Vendor :STMicroelectronics X-CUBE-DISPLAY 3.0.0
2023-12-03 16:43:02,866 [INFO] ThirdParty:1030 - CMSIS Pack Vendor :STMicroelectronics FP-SNS-MOTENVWB1 1.3.0
2023-12-03 16:43:02,866 [INFO] ThirdParty:1030 - CMSIS Pack Vendor :STMicroelectronics FP-SNS-MOTENVWB1 1.3.1
2023-12-03 16:43:02,866 [INFO] ThirdParty:1030 - CMSIS Pack Vendor :STMicroelectronics X-CUBE-BLE1 7.0.0
2023-12-03 16:43:02,866 [INFO] ThirdParty:1030 - CMSIS Pack Vendor :STMicroelectronics FP-ATR-SIGFOX1 3.2.0
2023-12-03 16:43:02,866 [INFO] ThirdParty:1030 - CMSIS Pack Vendor :STMicroelectronics HAL Drivers 0.0.0
2023-12-03 16:43:02,866 [INFO] ThirdParty:1030 - CMSIS Pack Vendor :STMicroelectronics MBEDTLS 2.16.2
2023-12-03 16:43:02,866 [INFO] ThirdParty:1030 - CMSIS Pack Vendor :emotas I-CUBE-CANOPEN 1.3.0
2023-12-03 16:43:02,866 [INFO] ThirdParty:1030 - CMSIS Pack Vendor :STMicroelectronics X-CUBE-MEMS1 10.0.0
2023-12-03 16:43:02,867 [INFO] ThirdParty:1030 - CMSIS Pack Vendor :STMicroelectronics X-CUBE-FREERTOS 1.1.0
2023-12-03 16:43:02,867 [INFO] ThirdParty:1030 - CMSIS Pack Vendor :STMicroelectronics X-CUBE-TOUCHGFX 4.22.0
2023-12-03 16:43:02,867 [INFO] ThirdParty:1030 - CMSIS Pack Vendor :STMicroelectronics X-CUBE-NFC7 1.0.1
2023-12-03 16:43:02,867 [INFO] ThirdParty:1030 - CMSIS Pack Vendor :STMicroelectronics MBEDTLS 2.14.1
2023-12-03 16:43:02,867 [INFO] ThirdParty:1030 - CMSIS Pack Vendor :STMicroelectronics X-CUBE-TOUCHGFX 4.22.1
2023-12-03 16:43:02,867 [INFO] ThirdParty:1030 - CMSIS Pack Vendor :STMicroelectronics X-CUBE-NFC6 3.0.0
2023-12-03 16:43:02,867 [INFO] ThirdParty:1030 - CMSIS Pack Vendor :STMicroelectronics X-CUBE-EEPRMA1 4.1.0
2023-12-03 16:43:02,867 [INFO] ThirdParty:1030 - CMSIS Pack Vendor :portGmbH I-Cube-SoM-uGOAL 1.1.0
2023-12-03 16:43:02,867 [INFO] ThirdParty:1030 - CMSIS Pack Vendor :STMicroelectronics X-CUBE-ALS 1.0.1
2023-12-03 16:43:02,867 [INFO] ThirdParty:1030 - CMSIS Pack Vendor :STMicroelectronics ThreadX 1.0.0
2023-12-03 16:43:02,867 [INFO] ThirdParty:1030 - CMSIS Pack Vendor :STMicroelectronics FP-SNS-SMARTAG2 1.2.0
2023-12-03 16:43:02,867 [INFO] ThirdParty:1030 - CMSIS Pack Vendor :STMicroelectronics X-CUBE-AZRTOS-WL 2.0.0
2023-12-03 16:43:02,867 [INFO] ThirdParty:1030 - CMSIS Pack Vendor :SEGGER I-CUBE-embOS 1.3.1
2023-12-03 16:43:02,867 [INFO] ThirdParty:1030 - CMSIS Pack Vendor :STMicroelectronics USB_DEVICE 1.0.0
2023-12-03 16:43:02,867 [INFO] ThirdParty:1030 - CMSIS Pack Vendor :STMicroelectronics X-CUBE-AI 8.1.0
2023-12-03 16:43:02,868 [INFO] ThirdParty:1030 - CMSIS Pack Vendor :STMicroelectronics X-CUBE-AZRTOS-L4 2.0.0
2023-12-03 16:43:02,868 [INFO] ThirdParty:1030 - CMSIS Pack Vendor :STMicroelectronics ThreadX 0.0.2
2023-12-03 16:43:02,868 [INFO] ThirdParty:1030 - CMSIS Pack Vendor :WES I-CUBE-Cesium 1.3.0
2023-12-03 16:43:02,868 [INFO] ThirdParty:1030 - CMSIS Pack Vendor :STMicroelectronics FP-ATR-ASTRA1 2.0.0
2023-12-03 16:43:02,868 [INFO] ThirdParty:1030 - CMSIS Pack Vendor :STMicroelectronics lwIP 2.1.2
2023-12-03 16:43:02,868 [INFO] ThirdParty:1030 - CMSIS Pack Vendor :STMicroelectronics X-CUBE-SFXS2LP1 4.0.0
2023-12-03 16:43:02,868 [INFO] ThirdParty:1030 - CMSIS Pack Vendor :STMicroelectronics X-CUBE-BLE2 3.3.0
2023-12-03 16:43:02,868 [INFO] ThirdParty:1030 - CMSIS Pack Vendor :STMicroelectronics X-CUBE-TOF1 3.4.0
2023-12-03 16:43:02,868 [INFO] ThirdParty:1030 - CMSIS Pack Vendor :STMicroelectronics PDM2PCM 3.2.0
2023-12-03 16:43:02,868 [INFO] ThirdParty:841 - exiting critical section [change project]
2023-12-03 16:43:03,126 [INFO] PinOutPanel:1499 - setPackage(No Configuration,No Configuration)
2023-12-03 16:43:03,128 [INFO] PinOutPanel:1499 - setPackage(STM32F401RETx,LQFP64)
2023-12-03 16:43:03,566 [INFO] UtilMem:75 - Before build in PCC Used Memory: 612256760 Bytes (1073741824)
2023-12-03 16:43:04,030 [INFO] UtilMem:75 - After build in PCC Used Memory: 734183544 Bytes (1073741824)
2023-12-03 16:43:04,052 [INFO] IPUIPlugin:80 - create IPUIPlugin
2023-12-03 16:43:04,052 [INFO] IPUIPlugin:80 - create IPUIPlugin
2023-12-03 16:43:04,052 [INFO] IPUIPlugin:80 - create IPUIPlugin
2023-12-03 16:43:04,053 [INFO] IPUIPlugin:80 - create IPUIPlugin
2023-12-03 16:43:04,053 [INFO] IPUIPlugin:80 - create IPUIPlugin
2023-12-03 16:43:04,053 [INFO] IPUIPlugin:80 - create IPUIPlugin
2023-12-03 16:43:04,053 [INFO] IPUIPlugin:80 - create IPUIPlugin
2023-12-03 16:43:04,053 [INFO] IPUIPlugin:80 - create IPUIPlugin
2023-12-03 16:43:04,053 [INFO] IPUIPlugin:80 - create IPUIPlugin
2023-12-03 16:43:04,053 [INFO] IPUIPlugin:80 - create IPUIPlugin
2023-12-03 16:43:04,054 [INFO] IPUIPlugin:80 - create IPUIPlugin
2023-12-03 16:43:04,054 [INFO] IPUIPlugin:80 - create IPUIPlugin
2023-12-03 16:43:04,054 [INFO] IPUIPlugin:80 - create IPUIPlugin
2023-12-03 16:43:04,054 [INFO] IPUIPlugin:80 - create IPUIPlugin
2023-12-03 16:43:04,054 [INFO] IPUIPlugin:80 - create IPUIPlugin
2023-12-03 16:43:04,054 [INFO] IPUIPlugin:80 - create IPUIPlugin
2023-12-03 16:43:04,055 [INFO] IPUIPlugin:80 - create IPUIPlugin
2023-12-03 16:43:04,055 [INFO] IPUIPlugin:80 - create IPUIPlugin
2023-12-03 16:43:04,055 [INFO] IPUIPlugin:80 - create IPUIPlugin
2023-12-03 16:43:04,055 [INFO] IPUIPlugin:80 - create IPUIPlugin
2023-12-03 16:43:04,055 [INFO] IPUIPlugin:80 - create IPUIPlugin
2023-12-03 16:43:04,055 [INFO] IPUIPlugin:80 - create IPUIPlugin
2023-12-03 16:43:04,055 [INFO] IPUIPlugin:80 - create IPUIPlugin
2023-12-03 16:43:04,055 [INFO] IPUIPlugin:80 - create IPUIPlugin
2023-12-03 16:43:04,056 [INFO] IPUIPlugin:80 - create IPUIPlugin
2023-12-03 16:43:04,056 [INFO] IPUIPlugin:80 - create IPUIPlugin
2023-12-03 16:43:04,056 [INFO] IPUIPlugin:80 - create IPUIPlugin
2023-12-03 16:43:04,056 [INFO] IPUIPlugin:80 - create IPUIPlugin
2023-12-03 16:43:04,056 [INFO] IPUIPlugin:80 - create IPUIPlugin
2023-12-03 16:43:04,056 [INFO] IPUIPlugin:80 - create IPUIPlugin
2023-12-03 16:43:04,056 [INFO] IPUIPlugin:80 - create IPUIPlugin
2023-12-03 16:43:04,056 [INFO] IPUIPlugin:80 - create IPUIPlugin
2023-12-03 16:43:04,056 [INFO] IPUIPlugin:80 - create IPUIPlugin
2023-12-03 16:43:04,057 [INFO] IPUIPlugin:80 - create IPUIPlugin
2023-12-03 16:43:04,057 [INFO] IPUIPlugin:80 - create IPUIPlugin
2023-12-03 16:43:04,057 [INFO] IPUIPlugin:80 - create IPUIPlugin
2023-12-03 16:43:04,057 [INFO] IPUIPlugin:80 - create IPUIPlugin
2023-12-03 16:43:04,058 [INFO] IPUIPlugin:80 - create IPUIPlugin
2023-12-03 16:43:04,095 [INFO] ApiDbMcu:507 - Load IP Config File for PDM2PCM
2023-12-03 16:43:04,237 [INFO] CADModel:165 - CPN selected for project levelSTM32F401RET6
2023-12-03 16:43:04,237 [INFO] CADModel:114 - Register for checkConnection events
2023-12-03 16:43:04,275 [INFO] OpenFileManager:328 - Restore cursor
2023-12-03 16:45:49,554 [INFO] NvicIntPanel:101 - NVIC parent = com.st.microxplorer.plugins.ip.nvic.MultiNvicIntPanel[,0,0,481x346,layout=javax.swing.BoxLayout,alignmentX=0.0,alignmentY=0.0,border=,flags=9,maximumSize=,minimumSize=,preferredSize=]
2023-12-03 16:46:34,302 [INFO] MainUpdater:2868 - connection check result : 10
2023-12-03 16:46:34,303 [INFO] MainUpdater:2868 - connection check result : 10
2023-12-03 16:46:34,857 [INFO] MicroXplorer:468 - Change Database Path : 
2023-12-03 16:46:34,857 [INFO] MicroXplorer:498 - Change Database Version : DB.6.0.92
2023-12-03 16:46:34,872 [WARN] ThirdParty:871 - waiting for thirdparty lock release [close project]
2023-12-03 16:46:34,873 [INFO] ThirdParty:873 - entering critical section [close project]
2023-12-03 16:46:34,873 [INFO] ThirdParty:883 - exiting critical section [close project]
2023-12-03 16:46:34,874 [INFO] PinOutPanel:1499 - setPackage(No Configuration,No Configuration)
2023-12-03 16:46:34,879 [WARN] IpParametersView:151 - Warning: This peripheral hasn't parameters
2023-12-03 16:46:34,881 [WARN] MainPanel:272 - <html><b><center>Warning: This peripheral has no parameters to be configured<br></b></html>
2023-12-03 16:46:34,886 [INFO] UtilMem:75 - Begin LoadConfig() Used Memory: 669372912 Bytes (1073741824)
2023-12-03 16:46:34,887 [INFO] MicroXplorer:468 - Change Database Path : 
2023-12-03 16:46:34,887 [INFO] MicroXplorer:498 - Change Database Version : DB.6.0.92
2023-12-03 16:46:34,887 [INFO] OpenFileManager:308 - Change cursor
2023-12-03 16:46:34,892 [INFO] Mcu:1946 - Initializing MCU STM32F401R(D-E)Tx STM32F401RETx STM32F401RET6
2023-12-03 16:46:35,468 [INFO] Context:659 - Trying to add GPIOservice into a context  which must be forbidden
2023-12-03 16:46:35,744 [INFO] RtosManager:555 - Registered RTOS mode: class=CMSIS, group=RTOS, mode=CMSIS_V1, owner=FREERTOS
2023-12-03 16:46:35,745 [INFO] RtosManager:555 - Registered RTOS mode: class=CMSIS, group=RTOS2, mode=CMSIS_V2, owner=FREERTOS
2023-12-03 16:46:35,745 [INFO] RtosManager:555 - Registered RTOS mode: class=RTOS, group=Core, mode=CMSIS_V1, owner=FREERTOS
2023-12-03 16:46:35,745 [INFO] RtosManager:555 - Registered RTOS mode: class=RTOS, group=Core, mode=CMSIS_V2, owner=FREERTOS
2023-12-03 16:46:35,745 [WARN] ModelIntegratedComponent:184 - Missing modes for component STMicroelectronics:FreeRTOS:0.0.1:STMicroelectronics:RTOS:FreeRTOS:Core:::10.2.0:
2023-12-03 16:46:35,752 [WARN] ModelIntegratedComponent:63 - No mode defined for component null
2023-12-03 16:46:35,752 [WARN] ModelIntegratedComponent:63 - No mode defined for component null
2023-12-03 16:46:35,752 [WARN] ModelIntegratedComponent:63 - No mode defined for component null
2023-12-03 16:46:35,752 [WARN] ModelIntegratedComponent:63 - No mode defined for component null
2023-12-03 16:46:35,752 [WARN] ModelIntegratedComponent:63 - No mode defined for component null
2023-12-03 16:46:35,752 [WARN] ModelIntegratedComponent:63 - No mode defined for component null
2023-12-03 16:46:35,752 [WARN] ModelIntegratedComponent:63 - No mode defined for component null
2023-12-03 16:46:35,752 [WARN] ModelIntegratedComponent:63 - No mode defined for component null
2023-12-03 16:46:35,753 [WARN] ModelIntegratedComponent:63 - No mode defined for component null
2023-12-03 16:46:35,753 [WARN] ModelIntegratedComponent:63 - No mode defined for component null
2023-12-03 16:46:35,753 [WARN] ModelIntegratedComponent:63 - No mode defined for component null
2023-12-03 16:46:35,753 [WARN] ModelIntegratedComponent:63 - No mode defined for component null
2023-12-03 16:46:35,753 [WARN] ModelIntegratedComponent:63 - No mode defined for component null
2023-12-03 16:46:35,753 [WARN] ModelIntegratedComponent:63 - No mode defined for component null
2023-12-03 16:46:35,753 [WARN] ModelIntegratedComponent:63 - No mode defined for component null
2023-12-03 16:46:35,753 [WARN] ModelIntegratedComponent:63 - No mode defined for component null
2023-12-03 16:46:35,753 [WARN] ModelIntegratedComponent:63 - No mode defined for component null
2023-12-03 16:46:35,753 [WARN] ModelIntegratedComponent:63 - No mode defined for component null
2023-12-03 16:46:35,753 [WARN] ModelIntegratedComponent:63 - No mode defined for component null
2023-12-03 16:46:35,753 [WARN] ModelIntegratedComponent:63 - No mode defined for component null
2023-12-03 16:46:35,753 [WARN] ModelIntegratedComponent:63 - No mode defined for component null
2023-12-03 16:46:35,753 [WARN] ModelIntegratedComponent:63 - No mode defined for component null
2023-12-03 16:46:35,753 [WARN] ModelIntegratedComponent:63 - No mode defined for component null
2023-12-03 16:46:35,753 [WARN] ModelIntegratedComponent:63 - No mode defined for component null
2023-12-03 16:46:35,753 [WARN] ModelIntegratedComponent:63 - No mode defined for component null
2023-12-03 16:46:35,754 [WARN] ModelIntegratedComponent:63 - No mode defined for component null
2023-12-03 16:46:35,754 [WARN] ModelIntegratedComponent:63 - No mode defined for component null
2023-12-03 16:46:35,754 [WARN] ModelIntegratedComponent:63 - No mode defined for component null
2023-12-03 16:46:35,754 [WARN] ModelIntegratedComponent:63 - No mode defined for component null
2023-12-03 16:46:35,754 [WARN] ModelIntegratedComponent:63 - No mode defined for component null
2023-12-03 16:46:35,754 [WARN] ModelIntegratedComponent:63 - No mode defined for component null
2023-12-03 16:46:35,754 [WARN] ModelIntegratedComponent:63 - No mode defined for component null
2023-12-03 16:46:35,754 [WARN] ModelIntegratedComponent:63 - No mode defined for component null
2023-12-03 16:46:35,832 [INFO] ThirdPartyModel:298 - Start build external matchings
2023-12-03 16:46:36,551 [INFO] ThirdPartyModel:316 - End build external matchings
2023-12-03 16:46:36,564 [INFO] ImportTextPane:194 - (OptionalMessage_ERROR) IP (RCC) : Parameter (RTCHSEDivFreq_Value) has invalid value (4000000)
2023-12-03 16:46:36,697 [INFO] UtilMem:75 - End LoadConfig() Used Memory: 815297984 Bytes (1073741824)
2023-12-03 16:46:36,736 [WARN] ThirdParty:833 - waiting for thirdparty lock release [change project]
2023-12-03 16:46:36,736 [INFO] ThirdParty:835 - entering critical section [change project]
2023-12-03 16:46:36,737 [INFO] ThirdParty:1030 - CMSIS Pack Vendor :STMicroelectronics X-CUBE-ISPU 1.1.0
2023-12-03 16:46:36,737 [INFO] ThirdParty:1030 - CMSIS Pack Vendor :STMicroelectronics USBPD 4.1
2023-12-03 16:46:36,737 [INFO] ThirdParty:1030 - CMSIS Pack Vendor :STMicroelectronics X-CUBE-GNSS1 6.0.0
2023-12-03 16:46:36,737 [INFO] ThirdParty:1030 - CMSIS Pack Vendor :STMicroelectronics USB_HOST 2.0.0
2023-12-03 16:46:36,737 [INFO] ThirdParty:1030 - CMSIS Pack Vendor :STMicroelectronics X-CUBE-AZRTOS-F4 1.1.0
2023-12-03 16:46:36,737 [INFO] ThirdParty:1030 - CMSIS Pack Vendor :STMicroelectronics LIBJPEG 8.0.0
2023-12-03 16:46:36,737 [INFO] ThirdParty:1030 - CMSIS Pack Vendor :wolfSSL I-CUBE-wolfSSL 5.6.3
2023-12-03 16:46:36,737 [INFO] ThirdParty:1030 - CMSIS Pack Vendor :STMicroelectronics X-CUBE-SMBUS 2.1.0
2023-12-03 16:46:36,737 [INFO] ThirdParty:1030 - CMSIS Pack Vendor :STMicroelectronics USB_DEVICE 3.0.0
2023-12-03 16:46:36,737 [INFO] ThirdParty:1030 - CMSIS Pack Vendor :STMicroelectronics X-CUBE-AZRTOS-WB 2.0.0
2023-12-03 16:46:36,737 [INFO] ThirdParty:1030 - CMSIS Pack Vendor :STMicroelectronics X-CUBE-AZRTOS-F7 1.1.0
2023-12-03 16:46:36,737 [INFO] ThirdParty:1030 - CMSIS Pack Vendor :STMicroelectronics X-CUBE-AZRTOS-L5 2.0.0
2023-12-03 16:46:36,737 [INFO] ThirdParty:1030 - CMSIS Pack Vendor :STMicroelectronics USB_DEVICE 2.0.0
2023-12-03 16:46:36,737 [INFO] ThirdParty:1030 - CMSIS Pack Vendor :STMicroelectronics X-CUBE-MEMS1 9.6.0
2023-12-03 16:46:36,737 [INFO] ThirdParty:1030 - CMSIS Pack Vendor :STMicroelectronics X-CUBE-EEPRMA1 4.2.0
2023-12-03 16:46:36,738 [INFO] ThirdParty:1030 - CMSIS Pack Vendor :ITTIA_DB I-CUBE-ITTIADB 8.8.0
2023-12-03 16:46:36,738 [INFO] ThirdParty:1030 - CMSIS Pack Vendor :STMicroelectronics FP-SNS-MOTENV1 4.3.2
2023-12-03 16:46:36,738 [INFO] ThirdParty:1030 - CMSIS Pack Vendor :STMicroelectronics X-CUBE-ALGOBUILD 1.3.0
2023-12-03 16:46:36,738 [INFO] ThirdParty:1030 - CMSIS Pack Vendor :STMicroelectronics FreeRTOS 0.0.1
2023-12-03 16:46:36,738 [INFO] ThirdParty:1030 - CMSIS Pack Vendor :STMicroelectronics X-CUBE-AZRTOS-G0 1.1.0
2023-12-03 16:46:36,738 [INFO] ThirdParty:1030 - CMSIS Pack Vendor :STMicroelectronics X-CUBE-BLEMGR 2.0.0
2023-12-03 16:46:36,738 [INFO] ThirdParty:1030 - CMSIS Pack Vendor :STMicroelectronics X-CUBE-NFC4 3.0.0
2023-12-03 16:46:36,738 [INFO] ThirdParty:1030 - CMSIS Pack Vendor :STMicroelectronics X-CUBE-SUBG2 5.0.0
2023-12-03 16:46:36,738 [INFO] ThirdParty:1030 - CMSIS Pack Vendor :STMicroelectronics STM32_WPAN 1.0.0
2023-12-03 16:46:36,738 [INFO] ThirdParty:1030 - CMSIS Pack Vendor :STMicroelectronics lwIP 2.0.3
2023-12-03 16:46:36,738 [INFO] ThirdParty:1030 - CMSIS Pack Vendor :STMicroelectronics FP-SNS-FLIGHT1 5.0.2
2023-12-03 16:46:36,738 [INFO] ThirdParty:1030 - CMSIS Pack Vendor :STMicroelectronics USB_HOST 1.0.0
2023-12-03 16:46:36,739 [INFO] ThirdParty:1030 - CMSIS Pack Vendor :STMicroelectronics X-CUBE-TOF1 3.3.1
2023-12-03 16:46:36,739 [INFO] ThirdParty:1030 - CMSIS Pack Vendor :STMicroelectronics X-CUBE-AZRTOS-G4 2.0.0
2023-12-03 16:46:36,739 [INFO] ThirdParty:1030 - CMSIS Pack Vendor :STMicroelectronics PDM2PCM 3.1.0
2023-12-03 16:46:36,739 [INFO] ThirdParty:1030 - CMSIS Pack Vendor :STMicroelectronics X-CUBE-AZRTOS-H7 3.1.0
2023-12-03 16:46:36,739 [INFO] ThirdParty:1030 - CMSIS Pack Vendor :Infineon AIROC-Wi-Fi-Bluetooth-STM32 1.5.1
2023-12-03 16:46:36,739 [INFO] ThirdParty:1030 - CMSIS Pack Vendor :STMicroelectronics X-CUBE-BLEMGR 3.0.0
2023-12-03 16:46:36,739 [INFO] ThirdParty:1030 - CMSIS Pack Vendor :STMicroelectronics PDM2PCM 3.3.0
2023-12-03 16:46:36,739 [INFO] ThirdParty:1030 - CMSIS Pack Vendor :STMicroelectronics X-CUBE-DISPLAY 3.0.0
2023-12-03 16:46:36,739 [INFO] ThirdParty:1030 - CMSIS Pack Vendor :STMicroelectronics FP-SNS-MOTENVWB1 1.3.0
2023-12-03 16:46:36,739 [INFO] ThirdParty:1030 - CMSIS Pack Vendor :STMicroelectronics FP-SNS-MOTENVWB1 1.3.1
2023-12-03 16:46:36,739 [INFO] ThirdParty:1030 - CMSIS Pack Vendor :STMicroelectronics X-CUBE-BLE1 7.0.0
2023-12-03 16:46:36,739 [INFO] ThirdParty:1030 - CMSIS Pack Vendor :STMicroelectronics FP-ATR-SIGFOX1 3.2.0
2023-12-03 16:46:36,739 [INFO] ThirdParty:1030 - CMSIS Pack Vendor :STMicroelectronics HAL Drivers 0.0.0
2023-12-03 16:46:36,739 [INFO] ThirdParty:1030 - CMSIS Pack Vendor :STMicroelectronics MBEDTLS 2.16.2
2023-12-03 16:46:36,739 [INFO] ThirdParty:1030 - CMSIS Pack Vendor :emotas I-CUBE-CANOPEN 1.3.0
2023-12-03 16:46:36,739 [INFO] ThirdParty:1030 - CMSIS Pack Vendor :STMicroelectronics X-CUBE-MEMS1 10.0.0
2023-12-03 16:46:36,739 [INFO] ThirdParty:1030 - CMSIS Pack Vendor :STMicroelectronics X-CUBE-FREERTOS 1.1.0
2023-12-03 16:46:36,739 [INFO] ThirdParty:1030 - CMSIS Pack Vendor :STMicroelectronics X-CUBE-TOUCHGFX 4.22.0
2023-12-03 16:46:36,739 [INFO] ThirdParty:1030 - CMSIS Pack Vendor :STMicroelectronics X-CUBE-NFC7 1.0.1
2023-12-03 16:46:36,740 [INFO] ThirdParty:1030 - CMSIS Pack Vendor :STMicroelectronics MBEDTLS 2.14.1
2023-12-03 16:46:36,740 [INFO] ThirdParty:1030 - CMSIS Pack Vendor :STMicroelectronics X-CUBE-TOUCHGFX 4.22.1
2023-12-03 16:46:36,740 [INFO] ThirdParty:1030 - CMSIS Pack Vendor :STMicroelectronics X-CUBE-NFC6 3.0.0
2023-12-03 16:46:36,740 [INFO] ThirdParty:1030 - CMSIS Pack Vendor :STMicroelectronics X-CUBE-EEPRMA1 4.1.0
2023-12-03 16:46:36,740 [INFO] ThirdParty:1030 - CMSIS Pack Vendor :portGmbH I-Cube-SoM-uGOAL 1.1.0
2023-12-03 16:46:36,740 [INFO] ThirdParty:1030 - CMSIS Pack Vendor :STMicroelectronics X-CUBE-ALS 1.0.1
2023-12-03 16:46:36,740 [INFO] ThirdParty:1030 - CMSIS Pack Vendor :STMicroelectronics ThreadX 1.0.0
2023-12-03 16:46:36,740 [INFO] ThirdParty:1030 - CMSIS Pack Vendor :STMicroelectronics FP-SNS-SMARTAG2 1.2.0
2023-12-03 16:46:36,740 [INFO] ThirdParty:1030 - CMSIS Pack Vendor :STMicroelectronics X-CUBE-AZRTOS-WL 2.0.0
2023-12-03 16:46:36,740 [INFO] ThirdParty:1030 - CMSIS Pack Vendor :SEGGER I-CUBE-embOS 1.3.1
2023-12-03 16:46:36,740 [INFO] ThirdParty:1030 - CMSIS Pack Vendor :STMicroelectronics USB_DEVICE 1.0.0
2023-12-03 16:46:36,740 [INFO] ThirdParty:1030 - CMSIS Pack Vendor :STMicroelectronics X-CUBE-AI 8.1.0
2023-12-03 16:46:36,740 [INFO] ThirdParty:1030 - CMSIS Pack Vendor :STMicroelectronics X-CUBE-AZRTOS-L4 2.0.0
2023-12-03 16:46:36,740 [INFO] ThirdParty:1030 - CMSIS Pack Vendor :STMicroelectronics ThreadX 0.0.2
2023-12-03 16:46:36,740 [INFO] ThirdParty:1030 - CMSIS Pack Vendor :WES I-CUBE-Cesium 1.3.0
2023-12-03 16:46:36,740 [INFO] ThirdParty:1030 - CMSIS Pack Vendor :STMicroelectronics FP-ATR-ASTRA1 2.0.0
2023-12-03 16:46:36,740 [INFO] ThirdParty:1030 - CMSIS Pack Vendor :STMicroelectronics lwIP 2.1.2
2023-12-03 16:46:36,740 [INFO] ThirdParty:1030 - CMSIS Pack Vendor :STMicroelectronics X-CUBE-SFXS2LP1 4.0.0
2023-12-03 16:46:36,740 [INFO] ThirdParty:1030 - CMSIS Pack Vendor :STMicroelectronics X-CUBE-BLE2 3.3.0
2023-12-03 16:46:36,740 [INFO] ThirdParty:1030 - CMSIS Pack Vendor :STMicroelectronics X-CUBE-TOF1 3.4.0
2023-12-03 16:46:36,740 [INFO] ThirdParty:1030 - CMSIS Pack Vendor :STMicroelectronics PDM2PCM 3.2.0
2023-12-03 16:46:36,740 [INFO] ThirdParty:841 - exiting critical section [change project]
2023-12-03 16:46:36,849 [INFO] PinOutPanel:1499 - setPackage(No Configuration,No Configuration)
2023-12-03 16:46:36,849 [INFO] PinOutPanel:1499 - setPackage(STM32F401RETx,LQFP64)
2023-12-03 16:46:37,053 [INFO] UtilMem:75 - Before build in PCC Used Memory: 594448656 Bytes (1073741824)
2023-12-03 16:46:37,262 [INFO] UtilMem:75 - After build in PCC Used Memory: 587540120 Bytes (1073741824)
2023-12-03 16:46:37,279 [INFO] IPUIPlugin:80 - create IPUIPlugin
2023-12-03 16:46:37,279 [INFO] IPUIPlugin:80 - create IPUIPlugin
2023-12-03 16:46:37,280 [INFO] IPUIPlugin:80 - create IPUIPlugin
2023-12-03 16:46:37,280 [INFO] IPUIPlugin:80 - create IPUIPlugin
2023-12-03 16:46:37,280 [INFO] IPUIPlugin:80 - create IPUIPlugin
2023-12-03 16:46:37,280 [INFO] IPUIPlugin:80 - create IPUIPlugin
2023-12-03 16:46:37,280 [INFO] IPUIPlugin:80 - create IPUIPlugin
2023-12-03 16:46:37,280 [INFO] IPUIPlugin:80 - create IPUIPlugin
2023-12-03 16:46:37,280 [INFO] IPUIPlugin:80 - create IPUIPlugin
2023-12-03 16:46:37,280 [INFO] IPUIPlugin:80 - create IPUIPlugin
2023-12-03 16:46:37,281 [INFO] IPUIPlugin:80 - create IPUIPlugin
2023-12-03 16:46:37,281 [INFO] IPUIPlugin:80 - create IPUIPlugin
2023-12-03 16:46:37,281 [INFO] IPUIPlugin:80 - create IPUIPlugin
2023-12-03 16:46:37,282 [INFO] IPUIPlugin:80 - create IPUIPlugin
2023-12-03 16:46:37,282 [INFO] IPUIPlugin:80 - create IPUIPlugin
2023-12-03 16:46:37,282 [INFO] IPUIPlugin:80 - create IPUIPlugin
2023-12-03 16:46:37,282 [INFO] IPUIPlugin:80 - create IPUIPlugin
2023-12-03 16:46:37,282 [INFO] IPUIPlugin:80 - create IPUIPlugin
2023-12-03 16:46:37,282 [INFO] IPUIPlugin:80 - create IPUIPlugin
2023-12-03 16:46:37,282 [INFO] IPUIPlugin:80 - create IPUIPlugin
2023-12-03 16:46:37,283 [INFO] IPUIPlugin:80 - create IPUIPlugin
2023-12-03 16:46:37,283 [INFO] IPUIPlugin:80 - create IPUIPlugin
2023-12-03 16:46:37,283 [INFO] IPUIPlugin:80 - create IPUIPlugin
2023-12-03 16:46:37,283 [INFO] IPUIPlugin:80 - create IPUIPlugin
2023-12-03 16:46:37,283 [INFO] IPUIPlugin:80 - create IPUIPlugin
2023-12-03 16:46:37,283 [INFO] IPUIPlugin:80 - create IPUIPlugin
2023-12-03 16:46:37,283 [INFO] IPUIPlugin:80 - create IPUIPlugin
2023-12-03 16:46:37,283 [INFO] IPUIPlugin:80 - create IPUIPlugin
2023-12-03 16:46:37,283 [INFO] IPUIPlugin:80 - create IPUIPlugin
2023-12-03 16:46:37,284 [INFO] IPUIPlugin:80 - create IPUIPlugin
2023-12-03 16:46:37,284 [INFO] IPUIPlugin:80 - create IPUIPlugin
2023-12-03 16:46:37,284 [INFO] IPUIPlugin:80 - create IPUIPlugin
2023-12-03 16:46:37,284 [INFO] IPUIPlugin:80 - create IPUIPlugin
2023-12-03 16:46:37,285 [INFO] IPUIPlugin:80 - create IPUIPlugin
2023-12-03 16:46:37,285 [INFO] IPUIPlugin:80 - create IPUIPlugin
2023-12-03 16:46:37,285 [INFO] IPUIPlugin:80 - create IPUIPlugin
2023-12-03 16:46:37,285 [INFO] IPUIPlugin:80 - create IPUIPlugin
2023-12-03 16:46:37,286 [INFO] IPUIPlugin:80 - create IPUIPlugin
2023-12-03 16:46:37,288 [INFO] ApiDbMcu:507 - Load IP Config File for PDM2PCM
2023-12-03 16:46:37,328 [INFO] CADModel:165 - CPN selected for project levelSTM32F401RET6
2023-12-03 16:46:37,328 [INFO] CADModel:114 - Register for checkConnection events
2023-12-03 16:46:37,364 [INFO] OpenFileManager:328 - Restore cursor
2023-12-03 16:53:55,714 [ERROR] LogOutputStream:75 - [STDERR_REDIRECT] 
