2023-12-04 20:08:21,352 [INFO] Activator:176 - 


2023-12-04 20:08:21,354 [INFO] Activator:177 - !SESSION log4j initialized
2023-12-04 20:08:21,932 [ERROR] LogOutputStream:75 - [STDERR_REDIRECT] 
2023-12-04 20:08:24,117 [INFO] LogOutputStream:77 - [STDOUT_REDIRECT] 
2023-12-04 20:08:25,208 [INFO] LogOutputStream:77 - [STDOUT_REDIRECT] 
2023-12-04 20:08:25,444 [ERROR] LogOutputStream:75 - [STDERR_REDIRECT] java.net.URISyntaxException: Illegal character in path at index 47: file:/Users/jianghui/Documents/GitHub/ss_hw/H10 A/A2/.metadata/.log4j2.xml
2023-12-04 20:08:25,444 [ERROR] LogOutputStream:75 - [STDERR_REDIRECT] 	at java.base/java.net.URI$Parser.fail(URI.java:2974)
2023-12-04 20:08:25,445 [ERROR] LogOutputStream:75 - [STDERR_REDIRECT] 	at java.base/java.net.URI$Parser.checkChars(URI.java:3145)
2023-12-04 20:08:25,445 [ERROR] LogOutputStream:75 - [STDERR_REDIRECT] 	at java.base/java.net.URI$Parser.parseHierarchical(URI.java:3227)
2023-12-04 20:08:25,445 [ERROR] LogOutputStream:75 - [STDERR_REDIRECT] 	at java.base/java.net.URI$Parser.parse(URI.java:3175)
2023-12-04 20:08:25,445 [ERROR] LogOutputStream:75 - [STDERR_REDIRECT] 	at java.base/java.net.URI.<init>(URI.java:623)
2023-12-04 20:08:25,446 [ERROR] LogOutputStream:75 - [STDERR_REDIRECT] 	at java.base/java.net.URL.toURI(URL.java:1056)
2023-12-04 20:08:25,446 [ERROR] LogOutputStream:75 - [STDERR_REDIRECT] 	at com.st.stm32cube.common.mx.core.CubeMxInstance.getInstance(CubeMxInstance.java:81)
2023-12-04 20:08:25,446 [ERROR] LogOutputStream:75 - [STDERR_REDIRECT] 	at com.st.stm32cube.common.mx.userauth.UserAuthAdapter.<init>(UserAuthAdapter.java:18)
2023-12-04 20:08:25,446 [ERROR] LogOutputStream:75 - [STDERR_REDIRECT] 	at com.st.stm32cube.common.mx.userauth.UserAuthProvider.getUserAuthAdapter(UserAuthProvider.java:9)
2023-12-04 20:08:25,446 [ERROR] LogOutputStream:75 - [STDERR_REDIRECT] 	at com.st.stm32cube.common.ecosystemintegration.ui.core.MCUEcoSystemIntegrationUiHelper.getUserAuth(MCUEcoSystemIntegrationUiHelper.java:100)
2023-12-04 20:08:25,446 [ERROR] LogOutputStream:75 - [STDERR_REDIRECT] 	at com.st.stm32cube.ide.mcu.userauth.UserAuthStartup.earlyStartup(UserAuthStartup.java:41)
2023-12-04 20:08:25,447 [ERROR] LogOutputStream:75 - [STDERR_REDIRECT] 	at org.eclipse.ui.internal.EarlyStartupRunnable.runEarlyStartup(EarlyStartupRunnable.java:79)
2023-12-04 20:08:25,447 [ERROR] LogOutputStream:75 - [STDERR_REDIRECT] 	at org.eclipse.ui.internal.EarlyStartupRunnable.run(EarlyStartupRunnable.java:55)
2023-12-04 20:08:25,447 [ERROR] LogOutputStream:75 - [STDERR_REDIRECT] 	at org.eclipse.core.runtime.SafeRunner.run(SafeRunner.java:45)
2023-12-04 20:08:25,447 [ERROR] LogOutputStream:75 - [STDERR_REDIRECT] 	at org.eclipse.ui.internal.Workbench$39.run(Workbench.java:2656)
2023-12-04 20:08:25,447 [ERROR] LogOutputStream:75 - [STDERR_REDIRECT] 	at org.eclipse.core.internal.jobs.Worker.run(Worker.java:63)
2023-12-04 20:08:26,754 [INFO] ApplicationProperties:184 - Using Application install path: /Applications/STM32CubeIDE.app/Contents/Eclipse/plugins/com.st.stm32cube.common.mx_6.9.2.202309101412
2023-12-04 20:08:26,768 [INFO] DbMcusXml:78 - Set database path to: /Applications/STM32CubeIDE.app/Contents/Eclipse/plugins/com.st.stm32cube.common.mx_6.9.2.202309101412//db//mcu/
2023-12-04 20:08:26,769 [INFO] ApiDb:274 - Set plugin database path to: /Applications/STM32CubeIDE.app/Contents/Eclipse/plugins/com.st.stm32cube.common.mx_6.9.2.202309101412//db//plugins/boardmanager/
2023-12-04 20:08:26,769 [WARN] ApiDb:259 - Overriding images path with different value:  => /Applications/STM32CubeIDE.app/Contents/Eclipse/plugins/com.st.stm32cube.common.mx_6.9.2.202309101412//db//plugins/mcufinder/images/
2023-12-04 20:08:26,776 [INFO] ApiDb:250 - Set database path to: /Users/jianghui/.stmcufinder/plugins/mcufinder//mcu/
2023-12-04 20:08:26,778 [INFO] DbMcusAds:125 - Set database path to: /Users/jianghui/.stmcufinder/plugins/mcufinder//mcu/
2023-12-04 20:08:26,780 [INFO] CrossReferenceDbSqlite:203 - Set database path to: /Users/jianghui/.stmcufinder/plugins/mcufinder//mcu/cs/
2023-12-04 20:08:26,868 [INFO] RulesReader:64 - Compatibility file has been processed (293 Rules)
2023-12-04 20:08:26,935 [INFO] DbMcusXml:78 - Set database path to: /Applications/STM32CubeIDE.app/Contents/Eclipse/plugins/com.st.stm32cube.common.mx_6.9.2.202309101412//db//mcu/
2023-12-04 20:08:26,935 [INFO] ApiDb:274 - Set plugin database path to: /Applications/STM32CubeIDE.app/Contents/Eclipse/plugins/com.st.stm32cube.common.mx_6.9.2.202309101412//db//plugins/boardmanager/
2023-12-04 20:08:26,935 [INFO] ApiDb:261 - Set plugin images path to: /Applications/STM32CubeIDE.app/Contents/Eclipse/plugins/com.st.stm32cube.common.mx_6.9.2.202309101412//db//plugins/mcufinder/images/
2023-12-04 20:08:26,935 [WARN] DbFile:41 - Overriding database path with different value: /Users/jianghui/.stmcufinder/plugins/mcufinder/ => /Users/jianghui/.stmcufinder/plugins/mcufinder
2023-12-04 20:08:26,936 [INFO] ApiDb:250 - Set database path to: /Users/jianghui/.stmcufinder/plugins/mcufinder//mcu/
2023-12-04 20:08:26,936 [WARN] DbFile:41 - Overriding database path with different value: /Users/jianghui/.stmcufinder/plugins/mcufinder/ => /Users/jianghui/.stmcufinder/plugins/mcufinder
2023-12-04 20:08:26,936 [INFO] DbMcusAds:125 - Set database path to: /Users/jianghui/.stmcufinder/plugins/mcufinder//mcu/
2023-12-04 20:08:26,936 [WARN] DbFile:41 - Overriding database path with different value: /Users/jianghui/.stmcufinder/plugins/mcufinder/ => /Users/jianghui/.stmcufinder/plugins/mcufinder
2023-12-04 20:08:26,936 [WARN] DbFile:41 - Overriding database path with different value: /Users/jianghui/.stmcufinder/plugins/mcufinder/ => /Users/jianghui/.stmcufinder/plugins/mcufinder
2023-12-04 20:08:26,936 [INFO] CrossReferenceDbSqlite:203 - Set database path to: /Users/jianghui/.stmcufinder/plugins/mcufinder//mcu/cs/
2023-12-04 20:08:27,005 [INFO] MainPanel:262 - HeapMemory: 279969792
2023-12-04 20:08:27,089 [INFO] DbMcusXml:78 - Set database path to: /Applications/STM32CubeIDE.app/Contents/Eclipse/plugins/com.st.stm32cube.common.mx_6.9.2.202309101412//db//mcu/
2023-12-04 20:08:27,089 [INFO] ApiDb:274 - Set plugin database path to: /Applications/STM32CubeIDE.app/Contents/Eclipse/plugins/com.st.stm32cube.common.mx_6.9.2.202309101412//db//plugins/boardmanager/
2023-12-04 20:08:27,090 [INFO] ApiDb:261 - Set plugin images path to: /Applications/STM32CubeIDE.app/Contents/Eclipse/plugins/com.st.stm32cube.common.mx_6.9.2.202309101412//db//plugins/mcufinder/images/
2023-12-04 20:08:27,090 [WARN] DbFile:41 - Overriding database path with different value: /Users/jianghui/.stmcufinder/plugins/mcufinder/ => /Users/jianghui/.stmcufinder/plugins/mcufinder
2023-12-04 20:08:27,090 [INFO] ApiDb:250 - Set database path to: /Users/jianghui/.stmcufinder/plugins/mcufinder//mcu/
2023-12-04 20:08:27,090 [WARN] DbFile:41 - Overriding database path with different value: /Users/jianghui/.stmcufinder/plugins/mcufinder/ => /Users/jianghui/.stmcufinder/plugins/mcufinder
2023-12-04 20:08:27,090 [INFO] DbMcusAds:125 - Set database path to: /Users/jianghui/.stmcufinder/plugins/mcufinder//mcu/
2023-12-04 20:08:27,090 [WARN] DbFile:41 - Overriding database path with different value: /Users/jianghui/.stmcufinder/plugins/mcufinder/ => /Users/jianghui/.stmcufinder/plugins/mcufinder
2023-12-04 20:08:27,090 [WARN] DbFile:41 - Overriding database path with different value: /Users/jianghui/.stmcufinder/plugins/mcufinder/ => /Users/jianghui/.stmcufinder/plugins/mcufinder
2023-12-04 20:08:27,091 [INFO] CrossReferenceDbSqlite:203 - Set database path to: /Users/jianghui/.stmcufinder/plugins/mcufinder//mcu/cs/
2023-12-04 20:08:27,106 [INFO] ApplicationProperties:184 - Using Application install path: /Applications/STM32CubeIDE.app/Contents/Eclipse/plugins/com.st.stm32cube.common.mx_6.9.2.202309101412
2023-12-04 20:08:27,107 [INFO] PluginManage:196 - Search for loadable plugins [exclusion list=, ]
2023-12-04 20:08:27,108 [INFO] PluginManage:310 - Check plugin analytics
2023-12-04 20:08:27,248 [INFO] AnalyticsPlugin:253 - Accepted Software Licenses: 
2023-12-04 20:08:27,248 [INFO] AnalyticsPlugin:255 - Accepted CMSIS Pack Licenses: 
2023-12-04 20:08:27,248 [INFO] AnalyticsPlugin:257 - Accepted Firmware Licenses: FW.F4.1.27.0
2023-12-04 20:08:27,250 [INFO] PluginManage:359 - Loaded plugin analytics (category:tool,tabindex:-1)
2023-12-04 20:08:27,250 [INFO] PluginManage:310 - Check plugin cadmodel
2023-12-04 20:08:27,609 [INFO] CADModel:105 - Init CAD model plugin
2023-12-04 20:08:27,609 [INFO] PluginManage:359 - Loaded plugin cadmodel (category:power,tabindex:5)
2023-12-04 20:08:27,609 [INFO] PluginManage:310 - Check plugin clock
2023-12-04 20:08:27,618 [INFO] PluginManage:359 - Loaded plugin clock (category:base,tabindex:2)
2023-12-04 20:08:27,618 [INFO] PluginManage:310 - Check plugin ddr
2023-12-04 20:08:27,620 [INFO] PluginManage:359 - Loaded plugin ddr (category:tool,tabindex:6)
2023-12-04 20:08:27,620 [INFO] PluginManage:310 - Check plugin filemanager
2023-12-04 20:08:27,732 [INFO] PluginManage:359 - Loaded plugin filemanager (category:base,tabindex:10)
2023-12-04 20:08:27,733 [INFO] PluginManage:310 - Check plugin ipmanager
2023-12-04 20:08:27,738 [INFO] PluginManage:359 - Loaded plugin ipmanager (category:base,tabindex:5)
2023-12-04 20:08:27,738 [INFO] PluginManage:310 - Check plugin lpbam
2023-12-04 20:08:27,747 [INFO] PluginManage:359 - Loaded plugin lpbam (category:base,tabindex:0)
2023-12-04 20:08:27,747 [INFO] PluginManage:310 - Check plugin memorymap
2023-12-04 20:08:27,758 [INFO] PluginManage:359 - Loaded plugin memorymap (category:base,tabindex:4)
2023-12-04 20:08:27,758 [INFO] PluginManage:310 - Check plugin pinoutandconfiguration
2023-12-04 20:08:27,765 [INFO] PluginManage:359 - Loaded plugin pinoutandconfiguration (category:base,tabindex:1)
2023-12-04 20:08:27,765 [INFO] PluginManage:310 - Check plugin pinoutconfig
2023-12-04 20:08:27,838 [WARN] SupportedApi:132 - Cannot load RTOS API schema: s4s-elt-must-match.1: The content of 'definitions' must match (annotation?, (simpleType | complexType)?, (unique | key | keyref)*)). A problem was found starting at: attribute.
2023-12-04 20:08:27,954 [INFO] PluginManage:359 - Loaded plugin pinoutconfig (category:base,tabindex:0)
2023-12-04 20:08:27,954 [INFO] PluginManage:310 - Check plugin power
2023-12-04 20:08:27,964 [INFO] PluginManage:359 - Loaded plugin power (category:power,tabindex:4)
2023-12-04 20:08:27,965 [INFO] PluginManage:310 - Check plugin projectmanager
2023-12-04 20:08:27,977 [INFO] PluginManage:359 - Loaded plugin projectmanager (category:projectmanager,tabindex:3)
2023-12-04 20:08:27,978 [INFO] PluginManage:310 - Check plugin thirdparty
2023-12-04 20:08:28,108 [INFO] PluginManage:359 - Loaded plugin thirdparty (category:base,tabindex:-1)
2023-12-04 20:08:28,108 [WARN] IntegrityCheckThread:84 - waiting for thirdparty lock release [integrity check]
2023-12-04 20:08:28,109 [INFO] PluginManage:310 - Check plugin tools
2023-12-04 20:08:28,109 [INFO] IntegrityCheckThread:86 - entering critical section [integrity check]
2023-12-04 20:08:28,109 [INFO] ThirdPartyUpdaterWithRetryManager:70 - Updater plugin not ready yet. [1/15]
2023-12-04 20:08:28,111 [INFO] PluginManage:359 - Loaded plugin tools (category:base,tabindex:7)
2023-12-04 20:08:28,111 [INFO] PluginManage:310 - Check plugin tutovideos
2023-12-04 20:08:28,263 [INFO] PluginManage:359 - Loaded plugin tutovideos (category:base,tabindex:-1)
2023-12-04 20:08:28,263 [INFO] PluginManage:310 - Check plugin updater
2023-12-04 20:08:28,273 [INFO] PluginManage:359 - Loaded plugin updater (category:base,tabindex:12)
2023-12-04 20:08:28,273 [INFO] PluginManage:310 - Check plugin userauth
2023-12-04 20:08:28,279 [INFO] UserAuth:113 - Init User Auth plugin
2023-12-04 20:08:28,279 [INFO] PluginManage:359 - Loaded plugin userauth (category:base,tabindex:14)
2023-12-04 20:08:28,279 [INFO] PluginManage:283 - PluginManage : Loaded plugins [17]
2023-12-04 20:08:28,444 [INFO] PinOutPanel:1499 - setPackage(No Configuration,No Configuration)
2023-12-04 20:08:28,524 [INFO] CADModel:165 - CPN selected for project level
2023-12-04 20:08:28,524 [INFO] CADModel:114 - Register for checkConnection events
2023-12-04 20:08:28,536 [INFO] IPUIPlugin:80 - create IPUIPlugin
2023-12-04 20:08:28,536 [INFO] PluginManager:220 - loadIPPluginJar : add mdma
2023-12-04 20:08:28,543 [INFO] IPUIPlugin:80 - create IPUIPlugin
2023-12-04 20:08:28,543 [INFO] PluginManager:220 - loadIPPluginJar : add freertos
2023-12-04 20:08:28,548 [INFO] IPUIPlugin:80 - create IPUIPlugin
2023-12-04 20:08:28,548 [INFO] PluginManager:220 - loadIPPluginJar : add gic
2023-12-04 20:08:28,555 [INFO] IPUIPlugin:80 - create IPUIPlugin
2023-12-04 20:08:28,556 [INFO] PluginManager:220 - loadIPPluginJar : add adc
2023-12-04 20:08:28,558 [INFO] IPUIPlugin:80 - create IPUIPlugin
2023-12-04 20:08:28,558 [INFO] PluginManager:220 - loadIPPluginJar : add gtzc
2023-12-04 20:08:28,559 [INFO] IPUIPlugin:80 - create IPUIPlugin
2023-12-04 20:08:28,559 [INFO] PluginManager:220 - loadIPPluginJar : add quadspi
2023-12-04 20:08:28,561 [INFO] IPUIPlugin:80 - create IPUIPlugin
2023-12-04 20:08:28,561 [INFO] PluginManager:220 - loadIPPluginJar : add aes
2023-12-04 20:08:28,563 [INFO] IPUIPlugin:80 - create IPUIPlugin
2023-12-04 20:08:28,563 [INFO] PluginManager:220 - loadIPPluginJar : add pdm2pcm
2023-12-04 20:08:28,565 [INFO] IPUIPlugin:80 - create IPUIPlugin
2023-12-04 20:08:28,565 [INFO] PluginManager:220 - loadIPPluginJar : add hash
2023-12-04 20:08:28,566 [INFO] IPUIPlugin:80 - create IPUIPlugin
2023-12-04 20:08:28,566 [INFO] PluginManager:220 - loadIPPluginJar : add tim
2023-12-04 20:08:28,567 [INFO] IPUIPlugin:80 - create IPUIPlugin
2023-12-04 20:08:28,567 [INFO] PluginManager:220 - loadIPPluginJar : add tsc
2023-12-04 20:08:28,568 [INFO] IPUIPlugin:80 - create IPUIPlugin
2023-12-04 20:08:28,568 [INFO] PluginManager:220 - loadIPPluginJar : add ts
2023-12-04 20:08:28,571 [INFO] IPUIPlugin:80 - create IPUIPlugin
2023-12-04 20:08:28,571 [INFO] PluginManager:220 - loadIPPluginJar : add can
2023-12-04 20:08:28,573 [INFO] IPUIPlugin:80 - create IPUIPlugin
2023-12-04 20:08:28,573 [INFO] PluginManager:220 - loadIPPluginJar : add dma3
2023-12-04 20:08:28,575 [INFO] IPUIPlugin:80 - create IPUIPlugin
2023-12-04 20:08:28,575 [INFO] PluginManager:220 - loadIPPluginJar : add dfsdm
2023-12-04 20:08:28,577 [INFO] IPUIPlugin:80 - create IPUIPlugin
2023-12-04 20:08:28,577 [INFO] PluginManager:220 - loadIPPluginJar : add spi
2023-12-04 20:08:28,578 [INFO] IPUIPlugin:80 - create IPUIPlugin
2023-12-04 20:08:28,578 [INFO] PluginManager:220 - loadIPPluginJar : add gfxmmu
2023-12-04 20:08:28,579 [INFO] IPUIPlugin:80 - create IPUIPlugin
2023-12-04 20:08:28,579 [INFO] PluginManager:220 - loadIPPluginJar : add genericplugin
2023-12-04 20:08:28,580 [INFO] IPUIPlugin:80 - create IPUIPlugin
2023-12-04 20:08:28,581 [INFO] PluginManager:220 - loadIPPluginJar : add cryp
2023-12-04 20:08:28,584 [INFO] IPUIPlugin:80 - create IPUIPlugin
2023-12-04 20:08:28,584 [INFO] PluginManager:220 - loadIPPluginJar : add gpio
2023-12-04 20:08:28,585 [INFO] IPUIPlugin:80 - create IPUIPlugin
2023-12-04 20:08:28,585 [INFO] PluginManager:220 - loadIPPluginJar : add comp
2023-12-04 20:08:28,587 [INFO] IPUIPlugin:80 - create IPUIPlugin
2023-12-04 20:08:28,587 [INFO] PluginManager:220 - loadIPPluginJar : add tracer_emb
2023-12-04 20:08:28,589 [INFO] IPUIPlugin:80 - create IPUIPlugin
2023-12-04 20:08:28,589 [INFO] PluginManager:220 - loadIPPluginJar : add openamp
2023-12-04 20:08:28,593 [INFO] IPUIPlugin:80 - create IPUIPlugin
2023-12-04 20:08:28,593 [INFO] PluginManager:220 - loadIPPluginJar : add stm32_wpan
2023-12-04 20:08:28,598 [INFO] IPUIPlugin:80 - create IPUIPlugin
2023-12-04 20:08:28,602 [INFO] PluginManager:220 - loadIPPluginJar : add plateformsettings
2023-12-04 20:08:28,605 [INFO] IPUIPlugin:80 - create IPUIPlugin
2023-12-04 20:08:28,606 [INFO] PluginManager:220 - loadIPPluginJar : add ipddr
2023-12-04 20:08:28,607 [INFO] IPUIPlugin:80 - create IPUIPlugin
2023-12-04 20:08:28,607 [INFO] PluginManager:220 - loadIPPluginJar : add usart
2023-12-04 20:08:28,608 [INFO] IPUIPlugin:80 - create IPUIPlugin
2023-12-04 20:08:28,608 [INFO] PluginManager:220 - loadIPPluginJar : add ltdc
2023-12-04 20:08:28,611 [INFO] IPUIPlugin:80 - create IPUIPlugin
2023-12-04 20:08:28,611 [INFO] PluginManager:220 - loadIPPluginJar : add nvic
2023-12-04 20:08:28,612 [INFO] IPUIPlugin:80 - create IPUIPlugin
2023-12-04 20:08:28,612 [INFO] PluginManager:220 - loadIPPluginJar : add fatfs
2023-12-04 20:08:28,617 [INFO] IPUIPlugin:80 - create IPUIPlugin
2023-12-04 20:08:28,618 [INFO] PluginManager:220 - loadIPPluginJar : add linkedlist
2023-12-04 20:08:28,622 [INFO] IPUIPlugin:80 - create IPUIPlugin
2023-12-04 20:08:28,622 [INFO] PluginManager:220 - loadIPPluginJar : add dma
2023-12-04 20:08:28,625 [INFO] IPUIPlugin:80 - create IPUIPlugin
2023-12-04 20:08:28,625 [INFO] PluginManager:220 - loadIPPluginJar : add fmc
2023-12-04 20:08:28,627 [INFO] IPUIPlugin:80 - create IPUIPlugin
2023-12-04 20:08:28,627 [INFO] PluginManager:220 - loadIPPluginJar : add i2s
2023-12-04 20:08:28,628 [INFO] IPUIPlugin:80 - create IPUIPlugin
2023-12-04 20:08:28,628 [INFO] PluginManager:220 - loadIPPluginJar : add ucpd
2023-12-04 20:08:28,630 [INFO] IPUIPlugin:80 - create IPUIPlugin
2023-12-04 20:08:28,630 [INFO] PluginManager:220 - loadIPPluginJar : add lorawan
2023-12-04 20:08:28,632 [INFO] IPUIPlugin:80 - create IPUIPlugin
2023-12-04 20:08:28,632 [INFO] PluginManager:220 - loadIPPluginJar : add opamp
2023-12-04 20:08:28,633 [INFO] IPUIPlugin:80 - create IPUIPlugin
2023-12-04 20:08:28,634 [INFO] PluginManager:220 - loadIPPluginJar : add i3c
2023-12-04 20:08:28,636 [INFO] IPUIPlugin:80 - create IPUIPlugin
2023-12-04 20:08:28,636 [INFO] PluginManager:220 - loadIPPluginJar : add touchsensing
2023-12-04 20:08:28,637 [INFO] IPUIPlugin:80 - create IPUIPlugin
2023-12-04 20:08:28,637 [INFO] PluginManager:220 - loadIPPluginJar : add i2c
2023-12-04 20:08:28,640 [INFO] IPUIPlugin:80 - create IPUIPlugin
2023-12-04 20:08:28,640 [INFO] PluginManager:220 - loadIPPluginJar : add resmgrutility
2023-12-04 20:08:28,642 [INFO] IPUIPlugin:80 - create IPUIPlugin
2023-12-04 20:08:28,642 [INFO] PluginManager:220 - loadIPPluginJar : add sai
2023-12-04 20:08:28,644 [INFO] IPUIPlugin:80 - create IPUIPlugin
2023-12-04 20:08:28,644 [INFO] PluginManager:220 - loadIPPluginJar : add usbx
2023-12-04 20:08:28,738 [INFO] CADModel:165 - CPN selected for project level
2023-12-04 20:08:28,739 [INFO] CADModel:114 - Register for checkConnection events
2023-12-04 20:08:28,739 [FATAL] Updater:308 - Updater called before beeing initialized
2023-12-04 20:08:28,739 [ERROR] CADModel:125 - Updater not yet initialized, retry later 
2023-12-04 20:08:28,880 [INFO] CADModel:165 - CPN selected for project level
2023-12-04 20:08:28,881 [INFO] CADModel:114 - Register for checkConnection events
2023-12-04 20:08:28,881 [FATAL] Updater:308 - Updater called before beeing initialized
2023-12-04 20:08:28,881 [ERROR] CADModel:125 - Updater not yet initialized, retry later 
2023-12-04 20:08:28,884 [FATAL] Updater:308 - Updater called before beeing initialized
2023-12-04 20:08:28,947 [FATAL] Updater:308 - Updater called before beeing initialized
2023-12-04 20:08:28,952 [INFO] DbMcusAds:53 - JSON generation date=Wed Nov 29 11:52:38 CET 2023 (1701255158764)
2023-12-04 20:08:28,952 [FATAL] Updater:308 - Updater called before beeing initialized
2023-12-04 20:08:29,003 [WARN] DetailPanel:346 - Failed to get advertising image, set to default
2023-12-04 20:08:29,073 [FATAL] Updater:308 - Updater called before beeing initialized
2023-12-04 20:08:29,075 [FATAL] Updater:308 - Updater called before beeing initialized
2023-12-04 20:08:29,075 [FATAL] Updater:308 - Updater called before beeing initialized
2023-12-04 20:08:29,076 [WARN] DetailPanel:346 - Failed to get advertising image, set to default
2023-12-04 20:08:29,076 [FATAL] Updater:308 - Updater called before beeing initialized
2023-12-04 20:08:29,098 [ERROR] Updater:1120 - MainUpdater not yet initialized. External WinMGr cannot be set.
2023-12-04 20:08:29,116 [INFO] Updater:1056 - Updater Version found : 6.9.2
2023-12-04 20:08:29,132 [INFO] ApplicationProperties:184 - Using Application install path: /Applications/STM32CubeIDE.app/Contents/Eclipse/plugins/com.st.stm32cube.common.mx_6.9.2.202309101412
2023-12-04 20:08:29,302 [INFO] MainUpdater:2868 - connection check result : 10
2023-12-04 20:08:29,302 [INFO] MainUpdater:285 - Updater Check For Update Now.
2023-12-04 20:08:29,302 [INFO] MicroXplorer:498 - Change Database Version : DB.6.0.92
2023-12-04 20:08:29,308 [INFO] McuFinderGlobals:63 - Set McuFinder mode to 2 (CubeIDE integrated)
2023-12-04 20:08:29,309 [INFO] UserAuth:179 - activating auth plugin
2023-12-04 20:08:29,310 [INFO] UserAuth:393 - Internet connection configuration mode: 1
2023-12-04 20:08:29,328 [INFO] JxBrowserEngine:151 - Initiate JxBrowser Engine with user profile folder
2023-12-04 20:08:29,479 [INFO] CheckServerUpdateThread:120 - End of CheckServer Thread
2023-12-04 20:08:30,298 [INFO] WebApp:157 - Instantiating new browser for Auth
2023-12-04 20:08:31,240 [INFO] WebApp:753 - Register for checkConnection events
2023-12-04 20:08:31,254 [INFO] WebApp:390 - Apply proxy settings
2023-12-04 20:08:31,293 [INFO] WebApp:455 - Chromium authenticates against System proxy
2023-12-04 20:08:31,486 [INFO] WebApp:188 - Starting web application
2023-12-04 20:08:31,486 [INFO] WebApp:520 - Web application path used /Applications/STM32CubeIDE.app/Contents/Eclipse/plugins/com.st.stm32cube.common.mx_6.9.2.202309101412/db/plugins/mcufinder/reactClient1/index.html
2023-12-04 20:08:31,487 [WARN] PackLoader:240 - Cannot read IP mode file for STMicroelectronics.X-CUBE-SMBUS.2.1.0
2023-12-04 20:08:31,525 [WARN] PackLoader:240 - Cannot read IP mode file for STMicroelectronics.X-CUBE-AZRTOS-F7.1.1.0
2023-12-04 20:08:31,537 [WARN] PackLoader:240 - Cannot read IP mode file for STMicroelectronics.FP-SNS-MOTENV1.4.3.2
2023-12-04 20:08:31,545 [WARN] PackLoader:240 - Cannot read IP mode file for STMicroelectronics.FP-SNS-FLIGHT1.5.0.2
2023-12-04 20:08:31,553 [WARN] PackLoader:240 - Cannot read IP mode file for STMicroelectronics.X-CUBE-DISPLAY.3.0.0
2023-12-04 20:08:31,566 [WARN] PackLoader:240 - Cannot read IP mode file for STMicroelectronics.X-CUBE-BLE1.7.0.0
2023-12-04 20:08:31,571 [WARN] PackLoader:240 - Cannot read IP mode file for emotas.I-CUBE-CANOPEN.1.3.0
2023-12-04 20:08:31,575 [WARN] PackLoader:240 - Cannot read IP mode file for STMicroelectronics.X-CUBE-TOUCHGFX.4.22.0
2023-12-04 20:08:31,577 [WARN] PackLoader:240 - Cannot read IP mode file for STMicroelectronics.X-CUBE-TOUCHGFX.4.22.1
2023-12-04 20:08:31,581 [WARN] PackLoader:240 - Cannot read IP mode file for STMicroelectronics.FP-SNS-SMARTAG2.1.2.0
2023-12-04 20:08:31,594 [INFO] LogOutputStream:77 - [STDOUT_REDIRECT] 1 : Invalid condition id : UX_CORESTACK_Condition cause : null
2023-12-04 20:08:31,595 [INFO] LogOutputStream:77 - [STDOUT_REDIRECT] 1 : Invalid condition id : UX_CORESTACK_Condition cause : null
2023-12-04 20:08:31,595 [INFO] LogOutputStream:77 - [STDOUT_REDIRECT] 1 : Invalid condition id : UX_CORESTACK_Condition cause : null
2023-12-04 20:08:31,595 [INFO] LogOutputStream:77 - [STDOUT_REDIRECT] 1 : Invalid condition id : UX_CORESTACK_Condition cause : null
2023-12-04 20:08:31,595 [INFO] LogOutputStream:77 - [STDOUT_REDIRECT] 1 : Invalid condition id : UX_CORESTACK_Condition cause : null
2023-12-04 20:08:31,600 [WARN] PackLoader:240 - Cannot read IP mode file for STMicroelectronics.X-CUBE-AZRTOS-WL.2.0.0
2023-12-04 20:08:31,611 [WARN] PackLoader:240 - Cannot read IP mode file for WES.I-CUBE-Cesium.1.3.0
2023-12-04 20:08:31,616 [WARN] PackLoader:240 - Cannot read IP mode file for STMicroelectronics.X-CUBE-BLE2.3.3.0
2023-12-04 20:08:31,623 [WARN] PackLoader:240 - Cannot read IP mode file for STMicroelectronics.X-CUBE-ALGOBUILD.1.3.0
2023-12-04 20:08:31,658 [WARN] PackLoader:240 - Cannot read IP mode file for STMicroelectronics.X-CUBE-AZRTOS-G0.1.1.0
2023-12-04 20:08:31,666 [WARN] PackLoader:240 - Cannot read IP mode file for STMicroelectronics.X-CUBE-NFC4.3.0.0
2023-12-04 20:08:31,683 [WARN] PackLoader:240 - Cannot read IP mode file for STMicroelectronics.X-CUBE-BLEMGR.3.0.0
2023-12-04 20:08:31,693 [WARN] PackLoader:240 - Cannot read IP mode file for STMicroelectronics.FP-ATR-SIGFOX1.3.2.0
2023-12-04 20:08:31,734 [WARN] PackLoader:240 - Cannot read IP mode file for SEGGER.I-CUBE-embOS.1.3.1
2023-12-04 20:08:31,784 [WARN] PackLoader:240 - Cannot read IP mode file for STMicroelectronics.X-CUBE-GNSS1.6.0.0
2023-12-04 20:08:31,801 [WARN] PackLoader:240 - Cannot read IP mode file for STMicroelectronics.X-CUBE-AZRTOS-F4.1.1.0
2023-12-04 20:08:31,807 [WARN] PackLoader:240 - Cannot read IP mode file for wolfSSL.I-CUBE-wolfSSL.5.6.3
2023-12-04 20:08:31,823 [WARN] PackLoader:240 - Cannot read IP mode file for STMicroelectronics.X-CUBE-AZRTOS-L5.2.0.0
2023-12-04 20:08:31,864 [WARN] PackLoader:240 - Cannot read IP mode file for STMicroelectronics.X-CUBE-MEMS1.9.6.0
2023-12-04 20:08:32,008 [WARN] PackLoader:240 - Cannot read IP mode file for STMicroelectronics.X-CUBE-EEPRMA1.4.2.0
2023-12-04 20:08:32,014 [WARN] PackLoader:240 - Cannot read IP mode file for ITTIA_DB.I-CUBE-ITTIADB.8.8.0
2023-12-04 20:08:32,020 [WARN] PackLoader:240 - Cannot read IP mode file for STMicroelectronics.X-CUBE-BLEMGR.2.0.0
2023-12-04 20:08:32,040 [WARN] ConditionMgr:438 - getConditionDescription Invalid condition id : UX DEVICE CLASS RTOS Condition cause : null
2023-12-04 20:08:32,041 [WARN] ConditionMgr:438 - getConditionDescription Invalid condition id : UX DEVICE CLASS RTOS Condition cause : null
2023-12-04 20:08:32,045 [WARN] PackLoader:240 - Cannot read IP mode file for STMicroelectronics.X-CUBE-AZRTOS-H7.3.1.0
2023-12-04 20:08:32,047 [WARN] ConditionMgr:1039 - genDependencies : Invalid condition id : UX DEVICE CLASS RTOS Condition cause : null
2023-12-04 20:08:32,047 [WARN] ConditionMgr:1039 - genDependencies : Invalid condition id : UX DEVICE CLASS RTOS Condition cause : null
2023-12-04 20:08:32,047 [WARN] ConditionMgr:1039 - genDependencies : Invalid condition id : UX DEVICE CLASS RTOS Condition cause : null
2023-12-04 20:08:32,048 [WARN] ConditionMgr:1039 - genDependencies : Invalid condition id : UX DEVICE CLASS RTOS Condition cause : null
2023-12-04 20:08:32,048 [WARN] ConditionMgr:1039 - genDependencies : Invalid condition id : UX DEVICE CLASS RTOS Condition cause : null
2023-12-04 20:08:32,058 [WARN] PackLoader:240 - Cannot read IP mode file for STMicroelectronics.X-CUBE-NFC7.1.0.1
2023-12-04 20:08:32,065 [WARN] PackLoader:240 - Cannot read IP mode file for STMicroelectronics.X-CUBE-NFC6.3.0.0
2023-12-04 20:08:32,072 [WARN] PackLoader:240 - Cannot read IP mode file for STMicroelectronics.X-CUBE-EEPRMA1.4.1.0
2023-12-04 20:08:32,076 [WARN] PackLoader:240 - Cannot read IP mode file for STMicroelectronics.X-CUBE-AI.8.1.0
2023-12-04 20:08:32,097 [WARN] ConditionMgr:438 - getConditionDescription Invalid condition id : LAN8742 Phy interface Condition cause : null
2023-12-04 20:08:32,097 [WARN] PackLoader:240 - Cannot read IP mode file for STMicroelectronics.X-CUBE-AZRTOS-L4.2.0.0
2023-12-04 20:08:32,099 [WARN] ConditionMgr:1039 - genDependencies : Invalid condition id : LAN8742 Phy interface Condition cause : null
2023-12-04 20:08:32,099 [WARN] ConditionMgr:1039 - genDependencies : Invalid condition id : LAN8742 Phy interface Condition cause : null
2023-12-04 20:08:32,100 [WARN] ConditionMgr:1039 - genDependencies : Invalid condition id : LAN8742 Phy interface Condition cause : null
2023-12-04 20:08:32,108 [WARN] PackLoader:240 - Cannot read IP mode file for STMicroelectronics.X-CUBE-SFXS2LP1.4.0.0
2023-12-04 20:08:32,112 [WARN] PackLoader:240 - Cannot read IP mode file for STMicroelectronics.X-CUBE-ISPU.1.1.0
2023-12-04 20:08:32,127 [WARN] ConditionMgr:438 - getConditionDescription Invalid condition id : UX DEVICE CLASS RTOS Condition cause : null
2023-12-04 20:08:32,127 [WARN] ConditionMgr:438 - getConditionDescription Invalid condition id : UX DEVICE CLASS RTOS Condition cause : null
2023-12-04 20:08:32,130 [WARN] PackLoader:240 - Cannot read IP mode file for STMicroelectronics.X-CUBE-AZRTOS-WB.2.0.0
2023-12-04 20:08:32,131 [WARN] ConditionMgr:1039 - genDependencies : Invalid condition id : UX DEVICE CLASS RTOS Condition cause : null
2023-12-04 20:08:32,131 [WARN] ConditionMgr:1039 - genDependencies : Invalid condition id : UX DEVICE CLASS RTOS Condition cause : null
2023-12-04 20:08:32,132 [WARN] ConditionMgr:1039 - genDependencies : Invalid condition id : UX DEVICE CLASS RTOS Condition cause : null
2023-12-04 20:08:32,132 [WARN] ConditionMgr:1039 - genDependencies : Invalid condition id : UX DEVICE CLASS RTOS Condition cause : null
2023-12-04 20:08:32,132 [WARN] ConditionMgr:1039 - genDependencies : Invalid condition id : UX DEVICE CLASS RTOS Condition cause : null
2023-12-04 20:08:32,144 [WARN] PackLoader:240 - Cannot read IP mode file for STMicroelectronics.X-CUBE-SUBG2.5.0.0
2023-12-04 20:08:32,160 [WARN] PackLoader:240 - Cannot read IP mode file for STMicroelectronics.X-CUBE-TOF1.3.3.1
2023-12-04 20:08:32,186 [WARN] PackLoader:240 - Cannot read IP mode file for STMicroelectronics.X-CUBE-AZRTOS-G4.2.0.0
2023-12-04 20:08:32,202 [WARN] PackLoader:240 - Cannot read IP mode file for Infineon.AIROC-Wi-Fi-Bluetooth-STM32.1.5.1
2023-12-04 20:08:32,209 [WARN] PackLoader:240 - Cannot read IP mode file for STMicroelectronics.FP-SNS-MOTENVWB1.1.3.0
2023-12-04 20:08:32,212 [WARN] PackLoader:240 - Cannot read IP mode file for STMicroelectronics.FP-SNS-MOTENVWB1.1.3.1
2023-12-04 20:08:32,265 [WARN] PackLoader:240 - Cannot read IP mode file for STMicroelectronics.X-CUBE-MEMS1.10.0.0
2023-12-04 20:08:32,379 [WARN] PackLoader:240 - Cannot read IP mode file for STMicroelectronics.X-CUBE-FREERTOS.1.1.0
2023-12-04 20:08:32,384 [WARN] PackLoader:240 - Cannot read IP mode file for portGmbH.I-Cube-SoM-uGOAL.1.1.0
2023-12-04 20:08:32,387 [WARN] PackLoader:240 - Cannot read IP mode file for STMicroelectronics.X-CUBE-ALS.1.0.1
2023-12-04 20:08:32,391 [WARN] PackLoader:240 - Cannot read IP mode file for STMicroelectronics.FP-ATR-ASTRA1.2.0.0
2023-12-04 20:08:32,401 [WARN] PackLoader:240 - Cannot read IP mode file for STMicroelectronics.X-CUBE-TOF1.3.4.0
2023-12-04 20:08:32,416 [INFO] ThirdParty:978 - Integrity check success = true
2023-12-04 20:08:32,416 [INFO] IntegrityCheckThread:100 - exiting critical section [integrity check]
2023-12-04 20:08:32,416 [INFO] IntegrityCheckThread:103 - End integrity checks thread
2023-12-04 20:08:52,192 [ERROR] LogOutputStream:75 - [STDERR_REDIRECT] SLF4J: Failed to load class "org.slf4j.impl.StaticLoggerBinder".
2023-12-04 20:08:52,193 [ERROR] LogOutputStream:75 - [STDERR_REDIRECT] SLF4J: Defaulting to no-operation (NOP) logger implementation
2023-12-04 20:08:52,193 [ERROR] LogOutputStream:75 - [STDERR_REDIRECT] SLF4J: See http://www.slf4j.org/codes.html#StaticLoggerBinder for further details.
2023-12-04 20:09:50,950 [INFO] McuFinderGlobals:63 - Set McuFinder mode to 2 (CubeIDE integrated)
2023-12-04 20:09:54,105 [INFO] MainUpdater:2868 - connection check result : 10
2023-12-04 20:09:54,105 [INFO] MainUpdater:2868 - connection check result : 10
2023-12-04 20:09:54,316 [INFO] MicroXplorer:468 - Change Database Path : 
2023-12-04 20:09:54,317 [INFO] MicroXplorer:498 - Change Database Version : DB.6.0.92
2023-12-04 20:09:54,320 [WARN] ThirdParty:871 - waiting for thirdparty lock release [close project]
2023-12-04 20:09:54,320 [INFO] ThirdParty:873 - entering critical section [close project]
2023-12-04 20:09:54,321 [INFO] ThirdParty:883 - exiting critical section [close project]
2023-12-04 20:09:54,323 [INFO] PinOutPanel:1499 - setPackage(No Configuration,No Configuration)
2023-12-04 20:09:54,328 [INFO] UtilMem:75 - Begin LoadConfig() Used Memory: 651396632 Bytes (1047527424)
2023-12-04 20:09:54,329 [INFO] MicroXplorer:468 - Change Database Path : 
2023-12-04 20:09:54,329 [INFO] MicroXplorer:498 - Change Database Version : DB.6.0.92
2023-12-04 20:09:54,329 [INFO] OpenFileManager:308 - Change cursor
2023-12-04 20:09:54,349 [INFO] Mcu:1946 - Initializing MCU STM32F401R(D-E)Tx STM32F401RETx STM32F401RET6
2023-12-04 20:09:55,221 [INFO] Context:659 - Trying to add GPIOservice into a context  which must be forbidden
2023-12-04 20:09:55,724 [INFO] RtosManager:555 - Registered RTOS mode: class=CMSIS, group=RTOS, mode=CMSIS_V1, owner=FREERTOS
2023-12-04 20:09:55,724 [INFO] RtosManager:555 - Registered RTOS mode: class=CMSIS, group=RTOS2, mode=CMSIS_V2, owner=FREERTOS
2023-12-04 20:09:55,724 [INFO] RtosManager:555 - Registered RTOS mode: class=RTOS, group=Core, mode=CMSIS_V1, owner=FREERTOS
2023-12-04 20:09:55,724 [INFO] RtosManager:555 - Registered RTOS mode: class=RTOS, group=Core, mode=CMSIS_V2, owner=FREERTOS
2023-12-04 20:09:55,724 [WARN] ModelIntegratedComponent:184 - Missing modes for component STMicroelectronics:FreeRTOS:0.0.1:STMicroelectronics:RTOS:FreeRTOS:Core:::10.2.0:
2023-12-04 20:09:55,734 [WARN] ModelIntegratedComponent:63 - No mode defined for component null
2023-12-04 20:09:55,734 [WARN] ModelIntegratedComponent:63 - No mode defined for component null
2023-12-04 20:09:55,734 [WARN] ModelIntegratedComponent:63 - No mode defined for component null
2023-12-04 20:09:55,734 [WARN] ModelIntegratedComponent:63 - No mode defined for component null
2023-12-04 20:09:55,734 [WARN] ModelIntegratedComponent:63 - No mode defined for component null
2023-12-04 20:09:55,734 [WARN] ModelIntegratedComponent:63 - No mode defined for component null
2023-12-04 20:09:55,734 [WARN] ModelIntegratedComponent:63 - No mode defined for component null
2023-12-04 20:09:55,734 [WARN] ModelIntegratedComponent:63 - No mode defined for component null
2023-12-04 20:09:55,734 [WARN] ModelIntegratedComponent:63 - No mode defined for component null
2023-12-04 20:09:55,734 [WARN] ModelIntegratedComponent:63 - No mode defined for component null
2023-12-04 20:09:55,734 [WARN] ModelIntegratedComponent:63 - No mode defined for component null
2023-12-04 20:09:55,734 [WARN] ModelIntegratedComponent:63 - No mode defined for component null
2023-12-04 20:09:55,735 [WARN] ModelIntegratedComponent:63 - No mode defined for component null
2023-12-04 20:09:55,735 [WARN] ModelIntegratedComponent:63 - No mode defined for component null
2023-12-04 20:09:55,735 [WARN] ModelIntegratedComponent:63 - No mode defined for component null
2023-12-04 20:09:55,735 [WARN] ModelIntegratedComponent:63 - No mode defined for component null
2023-12-04 20:09:55,735 [WARN] ModelIntegratedComponent:63 - No mode defined for component null
2023-12-04 20:09:55,735 [WARN] ModelIntegratedComponent:63 - No mode defined for component null
2023-12-04 20:09:55,735 [WARN] ModelIntegratedComponent:63 - No mode defined for component null
2023-12-04 20:09:55,735 [WARN] ModelIntegratedComponent:63 - No mode defined for component null
2023-12-04 20:09:55,735 [WARN] ModelIntegratedComponent:63 - No mode defined for component null
2023-12-04 20:09:55,735 [WARN] ModelIntegratedComponent:63 - No mode defined for component null
2023-12-04 20:09:55,735 [WARN] ModelIntegratedComponent:63 - No mode defined for component null
2023-12-04 20:09:55,735 [WARN] ModelIntegratedComponent:63 - No mode defined for component null
2023-12-04 20:09:55,735 [WARN] ModelIntegratedComponent:63 - No mode defined for component null
2023-12-04 20:09:55,735 [WARN] ModelIntegratedComponent:63 - No mode defined for component null
2023-12-04 20:09:55,735 [WARN] ModelIntegratedComponent:63 - No mode defined for component null
2023-12-04 20:09:55,735 [WARN] ModelIntegratedComponent:63 - No mode defined for component null
2023-12-04 20:09:55,736 [WARN] ModelIntegratedComponent:63 - No mode defined for component null
2023-12-04 20:09:55,736 [WARN] ModelIntegratedComponent:63 - No mode defined for component null
2023-12-04 20:09:55,736 [WARN] ModelIntegratedComponent:63 - No mode defined for component null
2023-12-04 20:09:55,736 [WARN] ModelIntegratedComponent:63 - No mode defined for component null
2023-12-04 20:09:55,736 [WARN] ModelIntegratedComponent:63 - No mode defined for component null
2023-12-04 20:09:55,848 [INFO] ThirdPartyModel:298 - Start build external matchings
2023-12-04 20:09:56,585 [INFO] ThirdPartyModel:316 - End build external matchings
2023-12-04 20:09:56,608 [INFO] ImportTextPane:194 - (OptionalMessage_ERROR) IP (RCC) : Parameter (RTCHSEDivFreq_Value) has invalid value (4000000)
2023-12-04 20:09:56,788 [INFO] UtilMem:75 - End LoadConfig() Used Memory: 569510024 Bytes (1073741824)
2023-12-04 20:09:57,021 [INFO] ApiDb:581 - Connected to CubeFinder SQLite database (/Users/jianghui/.stmcufinder/plugins/mcufinder/mcu/cube-finder-db.db)
2023-12-04 20:09:57,181 [INFO] ApiDb:668 - CubeFinder database Data Model version=2.1
2023-12-04 20:09:57,181 [INFO] ApiDb:669 - CubeFinder database Configuration version=3.0.39
2023-12-04 20:09:57,182 [INFO] ApiDb:670 - CubeFinder database generation date=2023-11-06 (1699269565)
2023-12-04 20:09:57,182 [INFO] ApiDb:671 - CubeFinder database FW Pack versions=[FP-ATR-ASTRA1_V2.0.0, FP-SNS-FLIGHT1_V5.0.1, FP-SNS-FLIGHT1_V5.0.2, FP-SNS-MOTENV1_V4.3.1, FP-SNS-MOTENV1_V4.3.2, FP-SNS-MOTENVWB1_V1.3.0, FP-SNS-SMARTAG2_V1.2.0, STM32Cube_FW_C0_V1.1.0, STM32Cube_FW_F4_V1.28.0, STM32Cube_FW_F7_V1.17.0, STM32Cube_FW_G0_V1.6.1, STM32Cube_FW_G4_V1.5.1, STM32Cube_FW_H5_V0.5.1, STM32Cube_FW_H5_V1.1.1, STM32Cube_FW_H5_V1.2.0RC2, STM32Cube_FW_H7_V1.11.0, STM32Cube_FW_L0_V1.12.2, STM32Cube_FW_L5_V1.5.0, STM32Cube_FW_U5_V1.3.0RC4, STM32Cube_FW_U5_V1.4.0, STM32Cube_FW_WBA_V1.0.0RC1, STM32Cube_FW_WBA_V1.1.0RC1, STM32Cube_FW_WBA_V1.2.0, STM32Cube_FW_WBA_V1.2.0RC2, STM32Cube_FW_WB_V1.15.0RC1, STM32Cube_FW_WB_V1.16.0, STM32Cube_FW_WB_V1.16.0RC2, STM32Cube_FW_WB_V1.18.0, STM32Cube_FW_WL_V1.3.0, X-CUBE-ALGOBUILD_V1.3.0, X-CUBE-ALS_V1.0.1, X-CUBE-AZRTOS-F4_V1.1.0, X-CUBE-AZRTOS-F7_V1.1.0, X-CUBE-AZRTOS-G0_V1.1.0, X-CUBE-AZRTOS-G4_V2.0.0, X-CUBE-AZRTOS-H7_V3.1.0, X-CUBE-AZRTOS-L4_V1.0.0, X-CUBE-AZRTOS-L4_V2.0.0, X-CUBE-AZRTOS-L5_V1.1.0, X-CUBE-AZRTOS-WB_V2.0.0, X-CUBE-AZRTOS-WL_V2.0.0, X-CUBE-BLE1_V7.0.0, X-CUBE-BLE2_V3.3.0, X-CUBE-BLEMGR_V2.0.0, X-CUBE-EEPRMA1_V4.1.0, X-CUBE-EEPRMA1_V4.2.0, X-CUBE-FREERTOS_V1.1.0, X-CUBE-GNSS1_V6.0.0, X-CUBE-MEMS1_V10.0.0, X-CUBE-MEMS1_V9.1.0, X-CUBE-MEMS1_V9.4.0, X-CUBE-MEMS1_V9.6.0, X-CUBE-NFC4_V3.0.0, X-CUBE-NFC7_V1.0.1, X-CUBE-SFXS2LP1_V4.0.0, X-CUBE-SUBG2_V5.0.0, X-CUBE-TOF1_V3.3.1]
2023-12-04 20:09:59,498 [INFO] ApiDb:240 - Found 323 in-development CPN: [B-G473E-ZEST1S, B-WB1M-WPAN1, B-WL5M-SUBG1, NUCLEO-C031C6, NUCLEO-H503RB, NUCLEO-H563ZI, NUCLEO-U545RE-Q, NUCLEO-U5A5ZJ-Q, NUCLEO-WBA52CG, STEVAL-PROTEUS1, STEVAL-SMARTAG2, STEVAL-STWINBX1, STM320518-EVAL, STM32C0116-DK, STM32C011D6Y3TR, STM32C011D6Y6TR, STM32C011F4P3, STM32C011F4P6, STM32C011F4U3, STM32C011F4U6TR, STM32C011F6P3, STM32C011F6P6, STM32C011F6U3, STM32C011F6U6TR, STM32C011J4M3, STM32C011J4M6, STM32C011J6M3, STM32C011J6M6, STM32C0316-DK, STM32C031C4T3, STM32C031C4T6, STM32C031C4U3, STM32C031C4U6, STM32C031C6T3, STM32C031C6T6, STM32C031C6U3, STM32C031C6U6, STM32C031F4P3, STM32C031F4P6, STM32C031F6P3, STM32C031F6P6, STM32C031G4U3, STM32C031G4U6, STM32C031G6U3, STM32C031G6U6, STM32C031K4T3, STM32C031K4T6, STM32C031K4U3, STM32C031K4U6, STM32C031K6T3, STM32C031K6T6, STM32C031K6U3, STM32C031K6U6, STM32G071K8TXN, STM32G071K8UXN, STM32G081GBU6N, STM32G081KBT6N, STM32G081KBUXN, STM32G0B1CCT6N, STM32G0B1KCT6, STM32G0B1NEY6TR, STM32G0B1RCT6N, STM32G0C1CCT6, STM32G0C1CCT6N, STM32G0C1CCU6N, STM32G0C1CET6N, STM32G0C1CEU6N, STM32G0C1KCT6, STM32G0C1NEY6TR, STM32G0C1RCI6N, STM32G0C1RCT6N, STM32G0C1REI6N, STM32G0C1RET6N, STM32G0C1VCI6, STM32G0C1VEI6, STM32G471CCT6, STM32G471CCU6, STM32G471CET3, STM32G471CET6, STM32G471CEU3, STM32G471CEU6, STM32G471MCT6, STM32G471MET3, STM32G471MET6, STM32G471MEY6TR, STM32G471QCT6, STM32G471QET3, STM32G471RCT6, STM32G471RET3, STM32G471RET6, STM32G471VCH6, STM32G471VCI6, STM32G471VCT6, STM32G471VEH3, STM32G471VEH6, STM32G471VEI3, STM32G471VEI6, STM32G471VET3, STM32G471VET6, STM32G474CCT6, STM32H503CBT6, STM32H503CBU6, STM32H503EBY6TR, STM32H503KBU6, STM32H503RBT6, STM32H562AGI6, STM32H562AII6, STM32H562IGK6, STM32H562IGT6, STM32H562IIK6, STM32H562IIT6, STM32H562RGT6, STM32H562RGV6, STM32H562RIT6, STM32H562RIV6, STM32H562VGT6, STM32H562VIT6, STM32H562ZGT6, STM32H562ZIT6, STM32H563AGI6, STM32H563AII3Q, STM32H563AII6, STM32H563IGK6, STM32H563IGT6, STM32H563IIK3Q, STM32H563IIK6, STM32H563IIT3Q, STM32H563IIT6, STM32H563MIY3QTR, STM32H563RGT6, STM32H563RGV6, STM32H563RIT6, STM32H563RIV6, STM32H563VGT6, STM32H563VIT3Q, STM32H563VIT6, STM32H563ZGT6, STM32H563ZIT3Q, STM32H563ZIT6, STM32H573AII3Q, STM32H573AII6, STM32H573I-DK, STM32H573IIK3Q, STM32H573IIK6, STM32H573IIT3Q, STM32H573IIT6, STM32H573MIY3QTR, STM32H573RIT6, STM32H573RIV6, STM32H573VIT3Q, STM32H573VIT6, STM32H573ZIT3Q, STM32H573ZIT6, STM32L4R5QGI6STR, STM32MP131AAE3, STM32MP131AAF3, STM32MP131AAG3, STM32MP131CAE3, STM32MP131CAF3, STM32MP131CAG3, STM32MP131DAE7, STM32MP131DAF7, STM32MP131DAG7, STM32MP131FAE7, STM32MP131FAF7, STM32MP131FAG7, STM32MP133AAE3, STM32MP133AAF3, STM32MP133AAG3, STM32MP133CAE3, STM32MP133CAF3, STM32MP133CAG3, STM32MP133DAE7, STM32MP133DAF7, STM32MP133DAG7, STM32MP133FAE7, STM32MP133FAF7, STM32MP133FAG7, STM32MP135AAE3, STM32MP135AAF3, STM32MP135AAG3, STM32MP135CAE3, STM32MP135CAF3, STM32MP135CAG3, STM32MP135DAE7, STM32MP135DAF7, STM32MP135DAG7, STM32MP135F-DK, STM32MP135FAE7, STM32MP135FAF7, STM32MP135FAF7T, STM32MP135FAF7U, STM32MP135FAG7, STM32U535CBT6, STM32U535CBT6Q, STM32U535CBU6, STM32U535CBU6Q, STM32U535CCT6, STM32U535CCT6Q, STM32U535CCU6, STM32U535CCU6Q, STM32U535CET6, STM32U535CET6Q, STM32U535CEU6, STM32U535CEU6Q, STM32U535JEY6QTR, STM32U535NCY6QTR, STM32U535NEY6QTR, STM32U535RBI6, STM32U535RBI6Q, STM32U535RBT6, STM32U535RBT6Q, STM32U535RCI6, STM32U535RCI6Q, STM32U535RCT6, STM32U535RCT6Q, STM32U535REI6, STM32U535REI6Q, STM32U535RET6, STM32U535RET6Q, STM32U535VCI6, STM32U535VCI6Q, STM32U535VCT6, STM32U535VCT6Q, STM32U535VEI6, STM32U535VEI6Q, STM32U535VET6, STM32U535VET6Q, STM32U545CET6, STM32U545CET6Q, STM32U545CEU6, STM32U545CEU6Q, STM32U545JEY6QTR, STM32U545NEY6QTR, STM32U545REI6, STM32U545REI6Q, STM32U545RET6, STM32U545RET6Q, STM32U545VEI6, STM32U545VEI6Q, STM32U545VET6, STM32U545VET6Q, STM32U595AIH6, STM32U595AIH6Q, STM32U595AJH6, STM32U595AJH6Q, STM32U595QII6, STM32U595QII6Q, STM32U595QJI6, STM32U595QJI6Q, STM32U595RIT6, STM32U595RIT6Q, STM32U595RJT6, STM32U595RJT6Q, STM32U595VIT6, STM32U595VIT6Q, STM32U595VJT6, STM32U595VJT6Q, STM32U595ZIT6, STM32U595ZIT6Q, STM32U595ZIY6QTR, STM32U595ZJT6, STM32U595ZJT6Q, STM32U595ZJY6QTR, STM32U599BJY6QTR, STM32U599NIH6Q, STM32U599NJH6Q, STM32U599VIT6Q, STM32U599VJT6, STM32U599VJT6Q, STM32U599ZIT6Q, STM32U599ZIY6QTR, STM32U599ZJT6Q, STM32U599ZJY6QTR, STM32U5A5AJH6, STM32U5A5AJH6Q, STM32U5A5QJI6, STM32U5A5QJI6Q, STM32U5A5RJT6, STM32U5A5RJT6Q, STM32U5A5VJT6, STM32U5A5VJT6Q, STM32U5A5ZJT6, STM32U5A5ZJT6Q, STM32U5A5ZJY6QTR, STM32U5A9BJY6QTR, STM32U5A9J-DK, STM32U5A9NJH6Q, STM32U5A9VJT6Q, STM32U5A9ZJT6Q, STM32U5A9ZJY6QTR, STM32U5F7VIT6, STM32U5F7VIT6Q, STM32U5F7VJT6, STM32U5F7VJT6Q, STM32U5F9BJY6QTR, STM32U5F9NJH6Q, STM32U5F9VIT6Q, STM32U5F9VJT6Q, STM32U5F9ZIJ6QTR, STM32U5F9ZIT6Q, STM32U5F9ZJJ6QTR, STM32U5F9ZJT6Q, STM32U5G7VJT6, STM32U5G7VJT6Q, STM32U5G9BJY6QTR, STM32U5G9J-DK1, STM32U5G9J-DK2, STM32U5G9NJH6Q, STM32U5G9VJT6Q, STM32U5G9ZJJ6QTR, STM32U5G9ZJT6Q, STM32WB1MMCH6, STM32WBA52CEU6, STM32WBA52CEU6T, STM32WBA52CGU6, STM32WBA52CGU6T, STM32WBA52KEU6, STM32WBA52KEU6T, STM32WBA52KGU6, STM32WBA52KGU6T, STM32WL5MOCH6, STM32WL5MOCH6TR]
2023-12-04 20:09:59,501 [INFO] DbMcus:217 - Found 3882 MCUs, 3882 are supported
2023-12-04 20:09:59,502 [INFO] ApiDb:423 - Load user favorites file /Users/jianghui/.stm32cubeide/favorites.mcus.txt: 0 item(s)
2023-12-04 20:09:59,502 [INFO] ApiDb:427 - User favorites MCUs=[]
2023-12-04 20:09:59,502 [INFO] DbMcus:223 - Set 0 / 0 favorites MCUs
2023-12-04 20:09:59,814 [WARN] ThirdParty:833 - waiting for thirdparty lock release [change project]
2023-12-04 20:09:59,814 [INFO] ThirdParty:835 - entering critical section [change project]
2023-12-04 20:09:59,814 [INFO] ThirdParty:1030 - CMSIS Pack Vendor :STMicroelectronics X-CUBE-ISPU 1.1.0
2023-12-04 20:09:59,814 [INFO] ThirdParty:1030 - CMSIS Pack Vendor :STMicroelectronics USBPD 4.1
2023-12-04 20:09:59,815 [INFO] ThirdParty:1030 - CMSIS Pack Vendor :STMicroelectronics X-CUBE-GNSS1 6.0.0
2023-12-04 20:09:59,815 [INFO] ThirdParty:1030 - CMSIS Pack Vendor :STMicroelectronics USB_HOST 2.0.0
2023-12-04 20:09:59,815 [INFO] ThirdParty:1030 - CMSIS Pack Vendor :STMicroelectronics X-CUBE-AZRTOS-F4 1.1.0
2023-12-04 20:09:59,815 [INFO] ThirdParty:1030 - CMSIS Pack Vendor :STMicroelectronics LIBJPEG 8.0.0
2023-12-04 20:09:59,815 [INFO] ThirdParty:1030 - CMSIS Pack Vendor :wolfSSL I-CUBE-wolfSSL 5.6.3
2023-12-04 20:09:59,815 [INFO] ThirdParty:1030 - CMSIS Pack Vendor :STMicroelectronics X-CUBE-SMBUS 2.1.0
2023-12-04 20:09:59,815 [INFO] ThirdParty:1030 - CMSIS Pack Vendor :STMicroelectronics USB_DEVICE 3.0.0
2023-12-04 20:09:59,815 [INFO] ThirdParty:1030 - CMSIS Pack Vendor :STMicroelectronics X-CUBE-AZRTOS-WB 2.0.0
2023-12-04 20:09:59,815 [INFO] ThirdParty:1030 - CMSIS Pack Vendor :STMicroelectronics X-CUBE-AZRTOS-F7 1.1.0
2023-12-04 20:09:59,815 [INFO] ThirdParty:1030 - CMSIS Pack Vendor :STMicroelectronics X-CUBE-AZRTOS-L5 2.0.0
2023-12-04 20:09:59,815 [INFO] ThirdParty:1030 - CMSIS Pack Vendor :STMicroelectronics USB_DEVICE 2.0.0
2023-12-04 20:09:59,815 [INFO] ThirdParty:1030 - CMSIS Pack Vendor :STMicroelectronics X-CUBE-MEMS1 9.6.0
2023-12-04 20:09:59,815 [INFO] ThirdParty:1030 - CMSIS Pack Vendor :STMicroelectronics X-CUBE-EEPRMA1 4.2.0
2023-12-04 20:09:59,815 [INFO] ThirdParty:1030 - CMSIS Pack Vendor :ITTIA_DB I-CUBE-ITTIADB 8.8.0
2023-12-04 20:09:59,815 [INFO] ThirdParty:1030 - CMSIS Pack Vendor :STMicroelectronics FP-SNS-MOTENV1 4.3.2
2023-12-04 20:09:59,815 [INFO] ThirdParty:1030 - CMSIS Pack Vendor :STMicroelectronics X-CUBE-ALGOBUILD 1.3.0
2023-12-04 20:09:59,815 [INFO] ThirdParty:1030 - CMSIS Pack Vendor :STMicroelectronics FreeRTOS 0.0.1
2023-12-04 20:09:59,815 [INFO] ThirdParty:1030 - CMSIS Pack Vendor :STMicroelectronics X-CUBE-AZRTOS-G0 1.1.0
2023-12-04 20:09:59,815 [INFO] ThirdParty:1030 - CMSIS Pack Vendor :STMicroelectronics X-CUBE-BLEMGR 2.0.0
2023-12-04 20:09:59,815 [INFO] ThirdParty:1030 - CMSIS Pack Vendor :STMicroelectronics X-CUBE-NFC4 3.0.0
2023-12-04 20:09:59,815 [INFO] ThirdParty:1030 - CMSIS Pack Vendor :STMicroelectronics X-CUBE-SUBG2 5.0.0
2023-12-04 20:09:59,815 [INFO] ThirdParty:1030 - CMSIS Pack Vendor :STMicroelectronics STM32_WPAN 1.0.0
2023-12-04 20:09:59,815 [INFO] ThirdParty:1030 - CMSIS Pack Vendor :STMicroelectronics lwIP 2.0.3
2023-12-04 20:09:59,815 [INFO] ThirdParty:1030 - CMSIS Pack Vendor :STMicroelectronics FP-SNS-FLIGHT1 5.0.2
2023-12-04 20:09:59,816 [INFO] ThirdParty:1030 - CMSIS Pack Vendor :STMicroelectronics USB_HOST 1.0.0
2023-12-04 20:09:59,816 [INFO] ThirdParty:1030 - CMSIS Pack Vendor :STMicroelectronics X-CUBE-TOF1 3.3.1
2023-12-04 20:09:59,816 [INFO] ThirdParty:1030 - CMSIS Pack Vendor :STMicroelectronics X-CUBE-AZRTOS-G4 2.0.0
2023-12-04 20:09:59,816 [INFO] ThirdParty:1030 - CMSIS Pack Vendor :STMicroelectronics PDM2PCM 3.1.0
2023-12-04 20:09:59,816 [INFO] ThirdParty:1030 - CMSIS Pack Vendor :STMicroelectronics X-CUBE-AZRTOS-H7 3.1.0
2023-12-04 20:09:59,816 [INFO] ThirdParty:1030 - CMSIS Pack Vendor :Infineon AIROC-Wi-Fi-Bluetooth-STM32 1.5.1
2023-12-04 20:09:59,816 [INFO] ThirdParty:1030 - CMSIS Pack Vendor :STMicroelectronics X-CUBE-BLEMGR 3.0.0
2023-12-04 20:09:59,816 [INFO] ThirdParty:1030 - CMSIS Pack Vendor :STMicroelectronics PDM2PCM 3.3.0
2023-12-04 20:09:59,816 [INFO] ThirdParty:1030 - CMSIS Pack Vendor :STMicroelectronics X-CUBE-DISPLAY 3.0.0
2023-12-04 20:09:59,816 [INFO] ThirdParty:1030 - CMSIS Pack Vendor :STMicroelectronics FP-SNS-MOTENVWB1 1.3.0
2023-12-04 20:09:59,816 [INFO] ThirdParty:1030 - CMSIS Pack Vendor :STMicroelectronics FP-SNS-MOTENVWB1 1.3.1
2023-12-04 20:09:59,816 [INFO] ThirdParty:1030 - CMSIS Pack Vendor :STMicroelectronics X-CUBE-BLE1 7.0.0
2023-12-04 20:09:59,816 [INFO] ThirdParty:1030 - CMSIS Pack Vendor :STMicroelectronics FP-ATR-SIGFOX1 3.2.0
2023-12-04 20:09:59,816 [INFO] ThirdParty:1030 - CMSIS Pack Vendor :STMicroelectronics HAL Drivers 0.0.0
2023-12-04 20:09:59,817 [INFO] ThirdParty:1030 - CMSIS Pack Vendor :STMicroelectronics MBEDTLS 2.16.2
2023-12-04 20:09:59,817 [INFO] ThirdParty:1030 - CMSIS Pack Vendor :emotas I-CUBE-CANOPEN 1.3.0
2023-12-04 20:09:59,817 [INFO] ThirdParty:1030 - CMSIS Pack Vendor :STMicroelectronics X-CUBE-MEMS1 10.0.0
2023-12-04 20:09:59,817 [INFO] ThirdParty:1030 - CMSIS Pack Vendor :STMicroelectronics X-CUBE-FREERTOS 1.1.0
2023-12-04 20:09:59,817 [INFO] ThirdParty:1030 - CMSIS Pack Vendor :STMicroelectronics X-CUBE-TOUCHGFX 4.22.0
2023-12-04 20:09:59,817 [INFO] ThirdParty:1030 - CMSIS Pack Vendor :STMicroelectronics X-CUBE-NFC7 1.0.1
2023-12-04 20:09:59,817 [INFO] ThirdParty:1030 - CMSIS Pack Vendor :STMicroelectronics MBEDTLS 2.14.1
2023-12-04 20:09:59,817 [INFO] ThirdParty:1030 - CMSIS Pack Vendor :STMicroelectronics X-CUBE-TOUCHGFX 4.22.1
2023-12-04 20:09:59,817 [INFO] ThirdParty:1030 - CMSIS Pack Vendor :STMicroelectronics X-CUBE-NFC6 3.0.0
2023-12-04 20:09:59,817 [INFO] ThirdParty:1030 - CMSIS Pack Vendor :STMicroelectronics X-CUBE-EEPRMA1 4.1.0
2023-12-04 20:09:59,817 [INFO] ThirdParty:1030 - CMSIS Pack Vendor :portGmbH I-Cube-SoM-uGOAL 1.1.0
2023-12-04 20:09:59,817 [INFO] ThirdParty:1030 - CMSIS Pack Vendor :STMicroelectronics X-CUBE-ALS 1.0.1
2023-12-04 20:09:59,817 [INFO] ThirdParty:1030 - CMSIS Pack Vendor :STMicroelectronics ThreadX 1.0.0
2023-12-04 20:09:59,817 [INFO] ThirdParty:1030 - CMSIS Pack Vendor :STMicroelectronics FP-SNS-SMARTAG2 1.2.0
2023-12-04 20:09:59,817 [INFO] ThirdParty:1030 - CMSIS Pack Vendor :STMicroelectronics X-CUBE-AZRTOS-WL 2.0.0
2023-12-04 20:09:59,817 [INFO] ThirdParty:1030 - CMSIS Pack Vendor :SEGGER I-CUBE-embOS 1.3.1
2023-12-04 20:09:59,817 [INFO] ThirdParty:1030 - CMSIS Pack Vendor :STMicroelectronics USB_DEVICE 1.0.0
2023-12-04 20:09:59,817 [INFO] ThirdParty:1030 - CMSIS Pack Vendor :STMicroelectronics X-CUBE-AI 8.1.0
2023-12-04 20:09:59,818 [INFO] ThirdParty:1030 - CMSIS Pack Vendor :STMicroelectronics X-CUBE-AZRTOS-L4 2.0.0
2023-12-04 20:09:59,818 [INFO] ThirdParty:1030 - CMSIS Pack Vendor :STMicroelectronics ThreadX 0.0.2
2023-12-04 20:09:59,818 [INFO] ThirdParty:1030 - CMSIS Pack Vendor :WES I-CUBE-Cesium 1.3.0
2023-12-04 20:09:59,818 [INFO] ThirdParty:1030 - CMSIS Pack Vendor :STMicroelectronics FP-ATR-ASTRA1 2.0.0
2023-12-04 20:09:59,818 [INFO] ThirdParty:1030 - CMSIS Pack Vendor :STMicroelectronics lwIP 2.1.2
2023-12-04 20:09:59,818 [INFO] ThirdParty:1030 - CMSIS Pack Vendor :STMicroelectronics X-CUBE-SFXS2LP1 4.0.0
2023-12-04 20:09:59,818 [INFO] ThirdParty:1030 - CMSIS Pack Vendor :STMicroelectronics X-CUBE-BLE2 3.3.0
2023-12-04 20:09:59,818 [INFO] ThirdParty:1030 - CMSIS Pack Vendor :STMicroelectronics X-CUBE-TOF1 3.4.0
2023-12-04 20:09:59,818 [INFO] ThirdParty:1030 - CMSIS Pack Vendor :STMicroelectronics PDM2PCM 3.2.0
2023-12-04 20:09:59,818 [INFO] ThirdParty:841 - exiting critical section [change project]
2023-12-04 20:10:00,094 [INFO] PinOutPanel:1499 - setPackage(No Configuration,No Configuration)
2023-12-04 20:10:00,095 [INFO] PinOutPanel:1499 - setPackage(STM32F401RETx,LQFP64)
2023-12-04 20:10:00,493 [INFO] UtilMem:75 - Before build in PCC Used Memory: 871406464 Bytes (1073741824)
2023-12-04 20:10:00,992 [INFO] UtilMem:75 - After build in PCC Used Memory: 622409216 Bytes (1073741824)
2023-12-04 20:10:01,013 [INFO] IPUIPlugin:80 - create IPUIPlugin
2023-12-04 20:10:01,013 [INFO] IPUIPlugin:80 - create IPUIPlugin
2023-12-04 20:10:01,013 [INFO] IPUIPlugin:80 - create IPUIPlugin
2023-12-04 20:10:01,013 [INFO] IPUIPlugin:80 - create IPUIPlugin
2023-12-04 20:10:01,014 [INFO] IPUIPlugin:80 - create IPUIPlugin
2023-12-04 20:10:01,014 [INFO] IPUIPlugin:80 - create IPUIPlugin
2023-12-04 20:10:01,014 [INFO] IPUIPlugin:80 - create IPUIPlugin
2023-12-04 20:10:01,014 [INFO] IPUIPlugin:80 - create IPUIPlugin
2023-12-04 20:10:01,014 [INFO] IPUIPlugin:80 - create IPUIPlugin
2023-12-04 20:10:01,014 [INFO] IPUIPlugin:80 - create IPUIPlugin
2023-12-04 20:10:01,014 [INFO] IPUIPlugin:80 - create IPUIPlugin
2023-12-04 20:10:01,015 [INFO] IPUIPlugin:80 - create IPUIPlugin
2023-12-04 20:10:01,015 [INFO] IPUIPlugin:80 - create IPUIPlugin
2023-12-04 20:10:01,015 [INFO] IPUIPlugin:80 - create IPUIPlugin
2023-12-04 20:10:01,015 [INFO] IPUIPlugin:80 - create IPUIPlugin
2023-12-04 20:10:01,015 [INFO] IPUIPlugin:80 - create IPUIPlugin
2023-12-04 20:10:01,015 [INFO] IPUIPlugin:80 - create IPUIPlugin
2023-12-04 20:10:01,016 [INFO] IPUIPlugin:80 - create IPUIPlugin
2023-12-04 20:10:01,016 [INFO] IPUIPlugin:80 - create IPUIPlugin
2023-12-04 20:10:01,016 [INFO] IPUIPlugin:80 - create IPUIPlugin
2023-12-04 20:10:01,016 [INFO] IPUIPlugin:80 - create IPUIPlugin
2023-12-04 20:10:01,016 [INFO] IPUIPlugin:80 - create IPUIPlugin
2023-12-04 20:10:01,016 [INFO] IPUIPlugin:80 - create IPUIPlugin
2023-12-04 20:10:01,016 [INFO] IPUIPlugin:80 - create IPUIPlugin
2023-12-04 20:10:01,016 [INFO] IPUIPlugin:80 - create IPUIPlugin
2023-12-04 20:10:01,016 [INFO] IPUIPlugin:80 - create IPUIPlugin
2023-12-04 20:10:01,017 [INFO] IPUIPlugin:80 - create IPUIPlugin
2023-12-04 20:10:01,017 [INFO] IPUIPlugin:80 - create IPUIPlugin
2023-12-04 20:10:01,017 [INFO] IPUIPlugin:80 - create IPUIPlugin
2023-12-04 20:10:01,017 [INFO] IPUIPlugin:80 - create IPUIPlugin
2023-12-04 20:10:01,017 [INFO] IPUIPlugin:80 - create IPUIPlugin
2023-12-04 20:10:01,017 [INFO] IPUIPlugin:80 - create IPUIPlugin
2023-12-04 20:10:01,018 [INFO] IPUIPlugin:80 - create IPUIPlugin
2023-12-04 20:10:01,018 [INFO] IPUIPlugin:80 - create IPUIPlugin
2023-12-04 20:10:01,018 [INFO] IPUIPlugin:80 - create IPUIPlugin
2023-12-04 20:10:01,018 [INFO] IPUIPlugin:80 - create IPUIPlugin
2023-12-04 20:10:01,018 [INFO] IPUIPlugin:80 - create IPUIPlugin
2023-12-04 20:10:01,019 [INFO] IPUIPlugin:80 - create IPUIPlugin
2023-12-04 20:10:01,057 [INFO] ApiDbMcu:507 - Load IP Config File for PDM2PCM
2023-12-04 20:10:01,198 [INFO] CADModel:165 - CPN selected for project levelSTM32F401RET6
2023-12-04 20:10:01,198 [INFO] CADModel:114 - Register for checkConnection events
2023-12-04 20:10:01,234 [INFO] OpenFileManager:328 - Restore cursor
2023-12-04 20:12:55,620 [INFO] NvicIntPanel:101 - NVIC parent = com.st.microxplorer.plugins.ip.nvic.MultiNvicIntPanel[,0,0,0x0,invalid,layout=javax.swing.BoxLayout,alignmentX=0.0,alignmentY=0.0,border=,flags=9,maximumSize=,minimumSize=,preferredSize=]
2023-12-04 20:29:33,896 [INFO] MainUpdater:2868 - connection check result : 10
2023-12-04 20:29:33,897 [INFO] MainUpdater:2868 - connection check result : 10
2023-12-04 20:29:34,342 [INFO] MicroXplorer:468 - Change Database Path : 
2023-12-04 20:29:34,342 [INFO] MicroXplorer:498 - Change Database Version : DB.6.0.92
2023-12-04 20:29:34,363 [WARN] ThirdParty:871 - waiting for thirdparty lock release [close project]
2023-12-04 20:29:34,363 [INFO] ThirdParty:873 - entering critical section [close project]
2023-12-04 20:29:34,363 [INFO] ThirdParty:883 - exiting critical section [close project]
2023-12-04 20:29:34,364 [INFO] PinOutPanel:1499 - setPackage(No Configuration,No Configuration)
2023-12-04 20:29:34,371 [WARN] IpParametersView:151 - Warning: This peripheral hasn't parameters
2023-12-04 20:29:34,374 [WARN] MainPanel:272 - <html><b><center>Warning: This peripheral has no parameters to be configured<br></b></html>
2023-12-04 20:29:34,377 [INFO] UtilMem:75 - Begin LoadConfig() Used Memory: 856564832 Bytes (1073741824)
2023-12-04 20:29:34,378 [INFO] MicroXplorer:468 - Change Database Path : 
2023-12-04 20:29:34,378 [INFO] MicroXplorer:498 - Change Database Version : DB.6.0.92
2023-12-04 20:29:34,378 [INFO] OpenFileManager:308 - Change cursor
2023-12-04 20:29:34,386 [INFO] Mcu:1946 - Initializing MCU STM32F401R(D-E)Tx STM32F401RETx STM32F401RET6
2023-12-04 20:29:34,945 [INFO] Context:659 - Trying to add GPIOservice into a context  which must be forbidden
2023-12-04 20:29:35,280 [INFO] RtosManager:555 - Registered RTOS mode: class=CMSIS, group=RTOS, mode=CMSIS_V1, owner=FREERTOS
2023-12-04 20:29:35,280 [INFO] RtosManager:555 - Registered RTOS mode: class=CMSIS, group=RTOS2, mode=CMSIS_V2, owner=FREERTOS
2023-12-04 20:29:35,281 [INFO] RtosManager:555 - Registered RTOS mode: class=RTOS, group=Core, mode=CMSIS_V1, owner=FREERTOS
2023-12-04 20:29:35,281 [INFO] RtosManager:555 - Registered RTOS mode: class=RTOS, group=Core, mode=CMSIS_V2, owner=FREERTOS
2023-12-04 20:29:35,281 [WARN] ModelIntegratedComponent:184 - Missing modes for component STMicroelectronics:FreeRTOS:0.0.1:STMicroelectronics:RTOS:FreeRTOS:Core:::10.2.0:
2023-12-04 20:29:35,290 [WARN] ModelIntegratedComponent:63 - No mode defined for component null
2023-12-04 20:29:35,290 [WARN] ModelIntegratedComponent:63 - No mode defined for component null
2023-12-04 20:29:35,290 [WARN] ModelIntegratedComponent:63 - No mode defined for component null
2023-12-04 20:29:35,290 [WARN] ModelIntegratedComponent:63 - No mode defined for component null
2023-12-04 20:29:35,290 [WARN] ModelIntegratedComponent:63 - No mode defined for component null
2023-12-04 20:29:35,290 [WARN] ModelIntegratedComponent:63 - No mode defined for component null
2023-12-04 20:29:35,290 [WARN] ModelIntegratedComponent:63 - No mode defined for component null
2023-12-04 20:29:35,290 [WARN] ModelIntegratedComponent:63 - No mode defined for component null
2023-12-04 20:29:35,290 [WARN] ModelIntegratedComponent:63 - No mode defined for component null
2023-12-04 20:29:35,290 [WARN] ModelIntegratedComponent:63 - No mode defined for component null
2023-12-04 20:29:35,290 [WARN] ModelIntegratedComponent:63 - No mode defined for component null
2023-12-04 20:29:35,290 [WARN] ModelIntegratedComponent:63 - No mode defined for component null
2023-12-04 20:29:35,290 [WARN] ModelIntegratedComponent:63 - No mode defined for component null
2023-12-04 20:29:35,290 [WARN] ModelIntegratedComponent:63 - No mode defined for component null
2023-12-04 20:29:35,291 [WARN] ModelIntegratedComponent:63 - No mode defined for component null
2023-12-04 20:29:35,291 [WARN] ModelIntegratedComponent:63 - No mode defined for component null
2023-12-04 20:29:35,291 [WARN] ModelIntegratedComponent:63 - No mode defined for component null
2023-12-04 20:29:35,291 [WARN] ModelIntegratedComponent:63 - No mode defined for component null
2023-12-04 20:29:35,291 [WARN] ModelIntegratedComponent:63 - No mode defined for component null
2023-12-04 20:29:35,291 [WARN] ModelIntegratedComponent:63 - No mode defined for component null
2023-12-04 20:29:35,291 [WARN] ModelIntegratedComponent:63 - No mode defined for component null
2023-12-04 20:29:35,291 [WARN] ModelIntegratedComponent:63 - No mode defined for component null
2023-12-04 20:29:35,291 [WARN] ModelIntegratedComponent:63 - No mode defined for component null
2023-12-04 20:29:35,291 [WARN] ModelIntegratedComponent:63 - No mode defined for component null
2023-12-04 20:29:35,291 [WARN] ModelIntegratedComponent:63 - No mode defined for component null
2023-12-04 20:29:35,291 [WARN] ModelIntegratedComponent:63 - No mode defined for component null
2023-12-04 20:29:35,291 [WARN] ModelIntegratedComponent:63 - No mode defined for component null
2023-12-04 20:29:35,291 [WARN] ModelIntegratedComponent:63 - No mode defined for component null
2023-12-04 20:29:35,291 [WARN] ModelIntegratedComponent:63 - No mode defined for component null
2023-12-04 20:29:35,291 [WARN] ModelIntegratedComponent:63 - No mode defined for component null
2023-12-04 20:29:35,291 [WARN] ModelIntegratedComponent:63 - No mode defined for component null
2023-12-04 20:29:35,291 [WARN] ModelIntegratedComponent:63 - No mode defined for component null
2023-12-04 20:29:35,291 [WARN] ModelIntegratedComponent:63 - No mode defined for component null
2023-12-04 20:29:35,370 [INFO] ThirdPartyModel:298 - Start build external matchings
2023-12-04 20:29:36,030 [INFO] ThirdPartyModel:316 - End build external matchings
2023-12-04 20:29:36,043 [INFO] ImportTextPane:194 - (OptionalMessage_ERROR) IP (RCC) : Parameter (RTCHSEDivFreq_Value) has invalid value (4000000)
2023-12-04 20:29:36,197 [INFO] UtilMem:75 - End LoadConfig() Used Memory: 586202104 Bytes (1073741824)
2023-12-04 20:29:36,232 [WARN] ThirdParty:833 - waiting for thirdparty lock release [change project]
2023-12-04 20:29:36,232 [INFO] ThirdParty:835 - entering critical section [change project]
2023-12-04 20:29:36,233 [INFO] ThirdParty:1030 - CMSIS Pack Vendor :STMicroelectronics X-CUBE-ISPU 1.1.0
2023-12-04 20:29:36,233 [INFO] ThirdParty:1030 - CMSIS Pack Vendor :STMicroelectronics USBPD 4.1
2023-12-04 20:29:36,233 [INFO] ThirdParty:1030 - CMSIS Pack Vendor :STMicroelectronics X-CUBE-GNSS1 6.0.0
2023-12-04 20:29:36,233 [INFO] ThirdParty:1030 - CMSIS Pack Vendor :STMicroelectronics USB_HOST 2.0.0
2023-12-04 20:29:36,233 [INFO] ThirdParty:1030 - CMSIS Pack Vendor :STMicroelectronics X-CUBE-AZRTOS-F4 1.1.0
2023-12-04 20:29:36,233 [INFO] ThirdParty:1030 - CMSIS Pack Vendor :STMicroelectronics LIBJPEG 8.0.0
2023-12-04 20:29:36,233 [INFO] ThirdParty:1030 - CMSIS Pack Vendor :wolfSSL I-CUBE-wolfSSL 5.6.3
2023-12-04 20:29:36,233 [INFO] ThirdParty:1030 - CMSIS Pack Vendor :STMicroelectronics X-CUBE-SMBUS 2.1.0
2023-12-04 20:29:36,233 [INFO] ThirdParty:1030 - CMSIS Pack Vendor :STMicroelectronics USB_DEVICE 3.0.0
2023-12-04 20:29:36,233 [INFO] ThirdParty:1030 - CMSIS Pack Vendor :STMicroelectronics X-CUBE-AZRTOS-WB 2.0.0
2023-12-04 20:29:36,233 [INFO] ThirdParty:1030 - CMSIS Pack Vendor :STMicroelectronics X-CUBE-AZRTOS-F7 1.1.0
2023-12-04 20:29:36,233 [INFO] ThirdParty:1030 - CMSIS Pack Vendor :STMicroelectronics X-CUBE-AZRTOS-L5 2.0.0
2023-12-04 20:29:36,234 [INFO] ThirdParty:1030 - CMSIS Pack Vendor :STMicroelectronics USB_DEVICE 2.0.0
2023-12-04 20:29:36,234 [INFO] ThirdParty:1030 - CMSIS Pack Vendor :STMicroelectronics X-CUBE-MEMS1 9.6.0
2023-12-04 20:29:36,234 [INFO] ThirdParty:1030 - CMSIS Pack Vendor :STMicroelectronics X-CUBE-EEPRMA1 4.2.0
2023-12-04 20:29:36,234 [INFO] ThirdParty:1030 - CMSIS Pack Vendor :ITTIA_DB I-CUBE-ITTIADB 8.8.0
2023-12-04 20:29:36,234 [INFO] ThirdParty:1030 - CMSIS Pack Vendor :STMicroelectronics FP-SNS-MOTENV1 4.3.2
2023-12-04 20:29:36,234 [INFO] ThirdParty:1030 - CMSIS Pack Vendor :STMicroelectronics X-CUBE-ALGOBUILD 1.3.0
2023-12-04 20:29:36,234 [INFO] ThirdParty:1030 - CMSIS Pack Vendor :STMicroelectronics FreeRTOS 0.0.1
2023-12-04 20:29:36,234 [INFO] ThirdParty:1030 - CMSIS Pack Vendor :STMicroelectronics X-CUBE-AZRTOS-G0 1.1.0
2023-12-04 20:29:36,234 [INFO] ThirdParty:1030 - CMSIS Pack Vendor :STMicroelectronics X-CUBE-BLEMGR 2.0.0
2023-12-04 20:29:36,234 [INFO] ThirdParty:1030 - CMSIS Pack Vendor :STMicroelectronics X-CUBE-NFC4 3.0.0
2023-12-04 20:29:36,234 [INFO] ThirdParty:1030 - CMSIS Pack Vendor :STMicroelectronics X-CUBE-SUBG2 5.0.0
2023-12-04 20:29:36,234 [INFO] ThirdParty:1030 - CMSIS Pack Vendor :STMicroelectronics STM32_WPAN 1.0.0
2023-12-04 20:29:36,234 [INFO] ThirdParty:1030 - CMSIS Pack Vendor :STMicroelectronics lwIP 2.0.3
2023-12-04 20:29:36,234 [INFO] ThirdParty:1030 - CMSIS Pack Vendor :STMicroelectronics FP-SNS-FLIGHT1 5.0.2
2023-12-04 20:29:36,235 [INFO] ThirdParty:1030 - CMSIS Pack Vendor :STMicroelectronics USB_HOST 1.0.0
2023-12-04 20:29:36,235 [INFO] ThirdParty:1030 - CMSIS Pack Vendor :STMicroelectronics X-CUBE-TOF1 3.3.1
2023-12-04 20:29:36,235 [INFO] ThirdParty:1030 - CMSIS Pack Vendor :STMicroelectronics X-CUBE-AZRTOS-G4 2.0.0
2023-12-04 20:29:36,235 [INFO] ThirdParty:1030 - CMSIS Pack Vendor :STMicroelectronics PDM2PCM 3.1.0
2023-12-04 20:29:36,235 [INFO] ThirdParty:1030 - CMSIS Pack Vendor :STMicroelectronics X-CUBE-AZRTOS-H7 3.1.0
2023-12-04 20:29:36,235 [INFO] ThirdParty:1030 - CMSIS Pack Vendor :Infineon AIROC-Wi-Fi-Bluetooth-STM32 1.5.1
2023-12-04 20:29:36,235 [INFO] ThirdParty:1030 - CMSIS Pack Vendor :STMicroelectronics X-CUBE-BLEMGR 3.0.0
2023-12-04 20:29:36,235 [INFO] ThirdParty:1030 - CMSIS Pack Vendor :STMicroelectronics PDM2PCM 3.3.0
2023-12-04 20:29:36,235 [INFO] ThirdParty:1030 - CMSIS Pack Vendor :STMicroelectronics X-CUBE-DISPLAY 3.0.0
2023-12-04 20:29:36,235 [INFO] ThirdParty:1030 - CMSIS Pack Vendor :STMicroelectronics FP-SNS-MOTENVWB1 1.3.0
2023-12-04 20:29:36,235 [INFO] ThirdParty:1030 - CMSIS Pack Vendor :STMicroelectronics FP-SNS-MOTENVWB1 1.3.1
2023-12-04 20:29:36,235 [INFO] ThirdParty:1030 - CMSIS Pack Vendor :STMicroelectronics X-CUBE-BLE1 7.0.0
2023-12-04 20:29:36,235 [INFO] ThirdParty:1030 - CMSIS Pack Vendor :STMicroelectronics FP-ATR-SIGFOX1 3.2.0
2023-12-04 20:29:36,235 [INFO] ThirdParty:1030 - CMSIS Pack Vendor :STMicroelectronics HAL Drivers 0.0.0
2023-12-04 20:29:36,235 [INFO] ThirdParty:1030 - CMSIS Pack Vendor :STMicroelectronics MBEDTLS 2.16.2
2023-12-04 20:29:36,235 [INFO] ThirdParty:1030 - CMSIS Pack Vendor :emotas I-CUBE-CANOPEN 1.3.0
2023-12-04 20:29:36,235 [INFO] ThirdParty:1030 - CMSIS Pack Vendor :STMicroelectronics X-CUBE-MEMS1 10.0.0
2023-12-04 20:29:36,235 [INFO] ThirdParty:1030 - CMSIS Pack Vendor :STMicroelectronics X-CUBE-FREERTOS 1.1.0
2023-12-04 20:29:36,235 [INFO] ThirdParty:1030 - CMSIS Pack Vendor :STMicroelectronics X-CUBE-TOUCHGFX 4.22.0
2023-12-04 20:29:36,235 [INFO] ThirdParty:1030 - CMSIS Pack Vendor :STMicroelectronics X-CUBE-NFC7 1.0.1
2023-12-04 20:29:36,235 [INFO] ThirdParty:1030 - CMSIS Pack Vendor :STMicroelectronics MBEDTLS 2.14.1
2023-12-04 20:29:36,235 [INFO] ThirdParty:1030 - CMSIS Pack Vendor :STMicroelectronics X-CUBE-TOUCHGFX 4.22.1
2023-12-04 20:29:36,236 [INFO] ThirdParty:1030 - CMSIS Pack Vendor :STMicroelectronics X-CUBE-NFC6 3.0.0
2023-12-04 20:29:36,236 [INFO] ThirdParty:1030 - CMSIS Pack Vendor :STMicroelectronics X-CUBE-EEPRMA1 4.1.0
2023-12-04 20:29:36,236 [INFO] ThirdParty:1030 - CMSIS Pack Vendor :portGmbH I-Cube-SoM-uGOAL 1.1.0
2023-12-04 20:29:36,236 [INFO] ThirdParty:1030 - CMSIS Pack Vendor :STMicroelectronics X-CUBE-ALS 1.0.1
2023-12-04 20:29:36,236 [INFO] ThirdParty:1030 - CMSIS Pack Vendor :STMicroelectronics ThreadX 1.0.0
2023-12-04 20:29:36,236 [INFO] ThirdParty:1030 - CMSIS Pack Vendor :STMicroelectronics FP-SNS-SMARTAG2 1.2.0
2023-12-04 20:29:36,236 [INFO] ThirdParty:1030 - CMSIS Pack Vendor :STMicroelectronics X-CUBE-AZRTOS-WL 2.0.0
2023-12-04 20:29:36,236 [INFO] ThirdParty:1030 - CMSIS Pack Vendor :SEGGER I-CUBE-embOS 1.3.1
2023-12-04 20:29:36,236 [INFO] ThirdParty:1030 - CMSIS Pack Vendor :STMicroelectronics USB_DEVICE 1.0.0
2023-12-04 20:29:36,236 [INFO] ThirdParty:1030 - CMSIS Pack Vendor :STMicroelectronics X-CUBE-AI 8.1.0
2023-12-04 20:29:36,236 [INFO] ThirdParty:1030 - CMSIS Pack Vendor :STMicroelectronics X-CUBE-AZRTOS-L4 2.0.0
2023-12-04 20:29:36,236 [INFO] ThirdParty:1030 - CMSIS Pack Vendor :STMicroelectronics ThreadX 0.0.2
2023-12-04 20:29:36,236 [INFO] ThirdParty:1030 - CMSIS Pack Vendor :WES I-CUBE-Cesium 1.3.0
2023-12-04 20:29:36,236 [INFO] ThirdParty:1030 - CMSIS Pack Vendor :STMicroelectronics FP-ATR-ASTRA1 2.0.0
2023-12-04 20:29:36,236 [INFO] ThirdParty:1030 - CMSIS Pack Vendor :STMicroelectronics lwIP 2.1.2
2023-12-04 20:29:36,236 [INFO] ThirdParty:1030 - CMSIS Pack Vendor :STMicroelectronics X-CUBE-SFXS2LP1 4.0.0
2023-12-04 20:29:36,236 [INFO] ThirdParty:1030 - CMSIS Pack Vendor :STMicroelectronics X-CUBE-BLE2 3.3.0
2023-12-04 20:29:36,236 [INFO] ThirdParty:1030 - CMSIS Pack Vendor :STMicroelectronics X-CUBE-TOF1 3.4.0
2023-12-04 20:29:36,236 [INFO] ThirdParty:1030 - CMSIS Pack Vendor :STMicroelectronics PDM2PCM 3.2.0
2023-12-04 20:29:36,236 [INFO] ThirdParty:841 - exiting critical section [change project]
2023-12-04 20:29:36,334 [INFO] PinOutPanel:1499 - setPackage(No Configuration,No Configuration)
2023-12-04 20:29:36,335 [INFO] PinOutPanel:1499 - setPackage(STM32F401RETx,LQFP64)
2023-12-04 20:29:36,502 [INFO] UtilMem:75 - Before build in PCC Used Memory: 720721296 Bytes (1073741824)
2023-12-04 20:29:36,642 [INFO] UtilMem:75 - After build in PCC Used Memory: 766858640 Bytes (1073741824)
2023-12-04 20:29:36,656 [INFO] IPUIPlugin:80 - create IPUIPlugin
2023-12-04 20:29:36,656 [INFO] IPUIPlugin:80 - create IPUIPlugin
2023-12-04 20:29:36,656 [INFO] IPUIPlugin:80 - create IPUIPlugin
2023-12-04 20:29:36,656 [INFO] IPUIPlugin:80 - create IPUIPlugin
2023-12-04 20:29:36,656 [INFO] IPUIPlugin:80 - create IPUIPlugin
2023-12-04 20:29:36,656 [INFO] IPUIPlugin:80 - create IPUIPlugin
2023-12-04 20:29:36,656 [INFO] IPUIPlugin:80 - create IPUIPlugin
2023-12-04 20:29:36,657 [INFO] IPUIPlugin:80 - create IPUIPlugin
2023-12-04 20:29:36,657 [INFO] IPUIPlugin:80 - create IPUIPlugin
2023-12-04 20:29:36,657 [INFO] IPUIPlugin:80 - create IPUIPlugin
2023-12-04 20:29:36,657 [INFO] IPUIPlugin:80 - create IPUIPlugin
2023-12-04 20:29:36,657 [INFO] IPUIPlugin:80 - create IPUIPlugin
2023-12-04 20:29:36,657 [INFO] IPUIPlugin:80 - create IPUIPlugin
2023-12-04 20:29:36,657 [INFO] IPUIPlugin:80 - create IPUIPlugin
2023-12-04 20:29:36,657 [INFO] IPUIPlugin:80 - create IPUIPlugin
2023-12-04 20:29:36,658 [INFO] IPUIPlugin:80 - create IPUIPlugin
2023-12-04 20:29:36,658 [INFO] IPUIPlugin:80 - create IPUIPlugin
2023-12-04 20:29:36,658 [INFO] IPUIPlugin:80 - create IPUIPlugin
2023-12-04 20:29:36,658 [INFO] IPUIPlugin:80 - create IPUIPlugin
2023-12-04 20:29:36,658 [INFO] IPUIPlugin:80 - create IPUIPlugin
2023-12-04 20:29:36,658 [INFO] IPUIPlugin:80 - create IPUIPlugin
2023-12-04 20:29:36,658 [INFO] IPUIPlugin:80 - create IPUIPlugin
2023-12-04 20:29:36,658 [INFO] IPUIPlugin:80 - create IPUIPlugin
2023-12-04 20:29:36,659 [INFO] IPUIPlugin:80 - create IPUIPlugin
2023-12-04 20:29:36,659 [INFO] IPUIPlugin:80 - create IPUIPlugin
2023-12-04 20:29:36,659 [INFO] IPUIPlugin:80 - create IPUIPlugin
2023-12-04 20:29:36,659 [INFO] IPUIPlugin:80 - create IPUIPlugin
2023-12-04 20:29:36,659 [INFO] IPUIPlugin:80 - create IPUIPlugin
2023-12-04 20:29:36,659 [INFO] IPUIPlugin:80 - create IPUIPlugin
2023-12-04 20:29:36,659 [INFO] IPUIPlugin:80 - create IPUIPlugin
2023-12-04 20:29:36,659 [INFO] IPUIPlugin:80 - create IPUIPlugin
2023-12-04 20:29:36,659 [INFO] IPUIPlugin:80 - create IPUIPlugin
2023-12-04 20:29:36,659 [INFO] IPUIPlugin:80 - create IPUIPlugin
2023-12-04 20:29:36,660 [INFO] IPUIPlugin:80 - create IPUIPlugin
2023-12-04 20:29:36,660 [INFO] IPUIPlugin:80 - create IPUIPlugin
2023-12-04 20:29:36,660 [INFO] IPUIPlugin:80 - create IPUIPlugin
2023-12-04 20:29:36,660 [INFO] IPUIPlugin:80 - create IPUIPlugin
2023-12-04 20:29:36,660 [INFO] IPUIPlugin:80 - create IPUIPlugin
2023-12-04 20:29:36,664 [INFO] ApiDbMcu:507 - Load IP Config File for PDM2PCM
2023-12-04 20:29:36,696 [INFO] CADModel:165 - CPN selected for project levelSTM32F401RET6
2023-12-04 20:29:36,696 [INFO] CADModel:114 - Register for checkConnection events
2023-12-04 20:29:36,736 [INFO] OpenFileManager:328 - Restore cursor
2023-12-04 20:47:45,530 [INFO] MainUpdater:2868 - connection check result : 10
2023-12-04 20:47:45,530 [INFO] MainUpdater:2868 - connection check result : 10
2023-12-04 20:47:46,769 [INFO] MicroXplorer:468 - Change Database Path : 
2023-12-04 20:47:46,769 [INFO] MicroXplorer:498 - Change Database Version : DB.6.0.92
2023-12-04 20:47:46,789 [WARN] ThirdParty:871 - waiting for thirdparty lock release [close project]
2023-12-04 20:47:46,789 [INFO] ThirdParty:873 - entering critical section [close project]
2023-12-04 20:47:46,789 [INFO] ThirdParty:883 - exiting critical section [close project]
2023-12-04 20:47:46,790 [INFO] PinOutPanel:1499 - setPackage(No Configuration,No Configuration)
2023-12-04 20:47:46,797 [WARN] IpParametersView:151 - Warning: This peripheral hasn't parameters
2023-12-04 20:47:46,800 [WARN] MainPanel:272 - <html><b><center>Warning: This peripheral has no parameters to be configured<br></b></html>
2023-12-04 20:47:46,803 [INFO] UtilMem:75 - Begin LoadConfig() Used Memory: 769872016 Bytes (1073741824)
2023-12-04 20:47:46,803 [INFO] MicroXplorer:468 - Change Database Path : 
2023-12-04 20:47:46,803 [INFO] MicroXplorer:498 - Change Database Version : DB.6.0.92
2023-12-04 20:47:46,804 [INFO] OpenFileManager:308 - Change cursor
2023-12-04 20:47:46,814 [INFO] Mcu:1946 - Initializing MCU STM32F401R(D-E)Tx STM32F401RETx STM32F401RET6
2023-12-04 20:47:47,350 [INFO] Context:659 - Trying to add GPIOservice into a context  which must be forbidden
2023-12-04 20:47:47,641 [INFO] RtosManager:555 - Registered RTOS mode: class=CMSIS, group=RTOS, mode=CMSIS_V1, owner=FREERTOS
2023-12-04 20:47:47,641 [INFO] RtosManager:555 - Registered RTOS mode: class=CMSIS, group=RTOS2, mode=CMSIS_V2, owner=FREERTOS
2023-12-04 20:47:47,641 [INFO] RtosManager:555 - Registered RTOS mode: class=RTOS, group=Core, mode=CMSIS_V1, owner=FREERTOS
2023-12-04 20:47:47,641 [INFO] RtosManager:555 - Registered RTOS mode: class=RTOS, group=Core, mode=CMSIS_V2, owner=FREERTOS
2023-12-04 20:47:47,641 [WARN] ModelIntegratedComponent:184 - Missing modes for component STMicroelectronics:FreeRTOS:0.0.1:STMicroelectronics:RTOS:FreeRTOS:Core:::10.2.0:
2023-12-04 20:47:47,651 [WARN] ModelIntegratedComponent:63 - No mode defined for component null
2023-12-04 20:47:47,651 [WARN] ModelIntegratedComponent:63 - No mode defined for component null
2023-12-04 20:47:47,651 [WARN] ModelIntegratedComponent:63 - No mode defined for component null
2023-12-04 20:47:47,651 [WARN] ModelIntegratedComponent:63 - No mode defined for component null
2023-12-04 20:47:47,651 [WARN] ModelIntegratedComponent:63 - No mode defined for component null
2023-12-04 20:47:47,652 [WARN] ModelIntegratedComponent:63 - No mode defined for component null
2023-12-04 20:47:47,652 [WARN] ModelIntegratedComponent:63 - No mode defined for component null
2023-12-04 20:47:47,652 [WARN] ModelIntegratedComponent:63 - No mode defined for component null
2023-12-04 20:47:47,652 [WARN] ModelIntegratedComponent:63 - No mode defined for component null
2023-12-04 20:47:47,652 [WARN] ModelIntegratedComponent:63 - No mode defined for component null
2023-12-04 20:47:47,652 [WARN] ModelIntegratedComponent:63 - No mode defined for component null
2023-12-04 20:47:47,652 [WARN] ModelIntegratedComponent:63 - No mode defined for component null
2023-12-04 20:47:47,652 [WARN] ModelIntegratedComponent:63 - No mode defined for component null
2023-12-04 20:47:47,652 [WARN] ModelIntegratedComponent:63 - No mode defined for component null
2023-12-04 20:47:47,652 [WARN] ModelIntegratedComponent:63 - No mode defined for component null
2023-12-04 20:47:47,652 [WARN] ModelIntegratedComponent:63 - No mode defined for component null
2023-12-04 20:47:47,652 [WARN] ModelIntegratedComponent:63 - No mode defined for component null
2023-12-04 20:47:47,652 [WARN] ModelIntegratedComponent:63 - No mode defined for component null
2023-12-04 20:47:47,652 [WARN] ModelIntegratedComponent:63 - No mode defined for component null
2023-12-04 20:47:47,652 [WARN] ModelIntegratedComponent:63 - No mode defined for component null
2023-12-04 20:47:47,652 [WARN] ModelIntegratedComponent:63 - No mode defined for component null
2023-12-04 20:47:47,652 [WARN] ModelIntegratedComponent:63 - No mode defined for component null
2023-12-04 20:47:47,652 [WARN] ModelIntegratedComponent:63 - No mode defined for component null
2023-12-04 20:47:47,652 [WARN] ModelIntegratedComponent:63 - No mode defined for component null
2023-12-04 20:47:47,652 [WARN] ModelIntegratedComponent:63 - No mode defined for component null
2023-12-04 20:47:47,652 [WARN] ModelIntegratedComponent:63 - No mode defined for component null
2023-12-04 20:47:47,652 [WARN] ModelIntegratedComponent:63 - No mode defined for component null
2023-12-04 20:47:47,652 [WARN] ModelIntegratedComponent:63 - No mode defined for component null
2023-12-04 20:47:47,653 [WARN] ModelIntegratedComponent:63 - No mode defined for component null
2023-12-04 20:47:47,653 [WARN] ModelIntegratedComponent:63 - No mode defined for component null
2023-12-04 20:47:47,653 [WARN] ModelIntegratedComponent:63 - No mode defined for component null
2023-12-04 20:47:47,653 [WARN] ModelIntegratedComponent:63 - No mode defined for component null
2023-12-04 20:47:47,653 [WARN] ModelIntegratedComponent:63 - No mode defined for component null
2023-12-04 20:47:47,760 [INFO] ThirdPartyModel:298 - Start build external matchings
2023-12-04 20:47:48,413 [INFO] ThirdPartyModel:316 - End build external matchings
2023-12-04 20:47:48,423 [INFO] ImportTextPane:194 - (OptionalMessage_ERROR) IP (RCC) : Parameter (RTCHSEDivFreq_Value) has invalid value (4000000)
2023-12-04 20:47:48,542 [INFO] UtilMem:75 - End LoadConfig() Used Memory: 675738088 Bytes (1073741824)
2023-12-04 20:47:48,588 [WARN] ThirdParty:833 - waiting for thirdparty lock release [change project]
2023-12-04 20:47:48,589 [INFO] ThirdParty:835 - entering critical section [change project]
2023-12-04 20:47:48,589 [INFO] ThirdParty:1030 - CMSIS Pack Vendor :STMicroelectronics X-CUBE-ISPU 1.1.0
2023-12-04 20:47:48,589 [INFO] ThirdParty:1030 - CMSIS Pack Vendor :STMicroelectronics USBPD 4.1
2023-12-04 20:47:48,589 [INFO] ThirdParty:1030 - CMSIS Pack Vendor :STMicroelectronics X-CUBE-GNSS1 6.0.0
2023-12-04 20:47:48,589 [INFO] ThirdParty:1030 - CMSIS Pack Vendor :STMicroelectronics USB_HOST 2.0.0
2023-12-04 20:47:48,589 [INFO] ThirdParty:1030 - CMSIS Pack Vendor :STMicroelectronics X-CUBE-AZRTOS-F4 1.1.0
2023-12-04 20:47:48,589 [INFO] ThirdParty:1030 - CMSIS Pack Vendor :STMicroelectronics LIBJPEG 8.0.0
2023-12-04 20:47:48,589 [INFO] ThirdParty:1030 - CMSIS Pack Vendor :wolfSSL I-CUBE-wolfSSL 5.6.3
2023-12-04 20:47:48,589 [INFO] ThirdParty:1030 - CMSIS Pack Vendor :STMicroelectronics X-CUBE-SMBUS 2.1.0
2023-12-04 20:47:48,589 [INFO] ThirdParty:1030 - CMSIS Pack Vendor :STMicroelectronics USB_DEVICE 3.0.0
2023-12-04 20:47:48,589 [INFO] ThirdParty:1030 - CMSIS Pack Vendor :STMicroelectronics X-CUBE-AZRTOS-WB 2.0.0
2023-12-04 20:47:48,589 [INFO] ThirdParty:1030 - CMSIS Pack Vendor :STMicroelectronics X-CUBE-AZRTOS-F7 1.1.0
2023-12-04 20:47:48,589 [INFO] ThirdParty:1030 - CMSIS Pack Vendor :STMicroelectronics X-CUBE-AZRTOS-L5 2.0.0
2023-12-04 20:47:48,589 [INFO] ThirdParty:1030 - CMSIS Pack Vendor :STMicroelectronics USB_DEVICE 2.0.0
2023-12-04 20:47:48,589 [INFO] ThirdParty:1030 - CMSIS Pack Vendor :STMicroelectronics X-CUBE-MEMS1 9.6.0
2023-12-04 20:47:48,589 [INFO] ThirdParty:1030 - CMSIS Pack Vendor :STMicroelectronics X-CUBE-EEPRMA1 4.2.0
2023-12-04 20:47:48,589 [INFO] ThirdParty:1030 - CMSIS Pack Vendor :ITTIA_DB I-CUBE-ITTIADB 8.8.0
2023-12-04 20:47:48,589 [INFO] ThirdParty:1030 - CMSIS Pack Vendor :STMicroelectronics FP-SNS-MOTENV1 4.3.2
2023-12-04 20:47:48,589 [INFO] ThirdParty:1030 - CMSIS Pack Vendor :STMicroelectronics X-CUBE-ALGOBUILD 1.3.0
2023-12-04 20:47:48,589 [INFO] ThirdParty:1030 - CMSIS Pack Vendor :STMicroelectronics FreeRTOS 0.0.1
2023-12-04 20:47:48,590 [INFO] ThirdParty:1030 - CMSIS Pack Vendor :STMicroelectronics X-CUBE-AZRTOS-G0 1.1.0
2023-12-04 20:47:48,590 [INFO] ThirdParty:1030 - CMSIS Pack Vendor :STMicroelectronics X-CUBE-BLEMGR 2.0.0
2023-12-04 20:47:48,590 [INFO] ThirdParty:1030 - CMSIS Pack Vendor :STMicroelectronics X-CUBE-NFC4 3.0.0
2023-12-04 20:47:48,590 [INFO] ThirdParty:1030 - CMSIS Pack Vendor :STMicroelectronics X-CUBE-SUBG2 5.0.0
2023-12-04 20:47:48,590 [INFO] ThirdParty:1030 - CMSIS Pack Vendor :STMicroelectronics STM32_WPAN 1.0.0
2023-12-04 20:47:48,590 [INFO] ThirdParty:1030 - CMSIS Pack Vendor :STMicroelectronics lwIP 2.0.3
2023-12-04 20:47:48,590 [INFO] ThirdParty:1030 - CMSIS Pack Vendor :STMicroelectronics FP-SNS-FLIGHT1 5.0.2
2023-12-04 20:47:48,590 [INFO] ThirdParty:1030 - CMSIS Pack Vendor :STMicroelectronics USB_HOST 1.0.0
2023-12-04 20:47:48,590 [INFO] ThirdParty:1030 - CMSIS Pack Vendor :STMicroelectronics X-CUBE-TOF1 3.3.1
2023-12-04 20:47:48,590 [INFO] ThirdParty:1030 - CMSIS Pack Vendor :STMicroelectronics X-CUBE-AZRTOS-G4 2.0.0
2023-12-04 20:47:48,590 [INFO] ThirdParty:1030 - CMSIS Pack Vendor :STMicroelectronics PDM2PCM 3.1.0
2023-12-04 20:47:48,590 [INFO] ThirdParty:1030 - CMSIS Pack Vendor :STMicroelectronics X-CUBE-AZRTOS-H7 3.1.0
2023-12-04 20:47:48,590 [INFO] ThirdParty:1030 - CMSIS Pack Vendor :Infineon AIROC-Wi-Fi-Bluetooth-STM32 1.5.1
2023-12-04 20:47:48,590 [INFO] ThirdParty:1030 - CMSIS Pack Vendor :STMicroelectronics X-CUBE-BLEMGR 3.0.0
2023-12-04 20:47:48,591 [INFO] ThirdParty:1030 - CMSIS Pack Vendor :STMicroelectronics PDM2PCM 3.3.0
2023-12-04 20:47:48,591 [INFO] ThirdParty:1030 - CMSIS Pack Vendor :STMicroelectronics X-CUBE-DISPLAY 3.0.0
2023-12-04 20:47:48,591 [INFO] ThirdParty:1030 - CMSIS Pack Vendor :STMicroelectronics FP-SNS-MOTENVWB1 1.3.0
2023-12-04 20:47:48,591 [INFO] ThirdParty:1030 - CMSIS Pack Vendor :STMicroelectronics FP-SNS-MOTENVWB1 1.3.1
2023-12-04 20:47:48,591 [INFO] ThirdParty:1030 - CMSIS Pack Vendor :STMicroelectronics X-CUBE-BLE1 7.0.0
2023-12-04 20:47:48,591 [INFO] ThirdParty:1030 - CMSIS Pack Vendor :STMicroelectronics FP-ATR-SIGFOX1 3.2.0
2023-12-04 20:47:48,591 [INFO] ThirdParty:1030 - CMSIS Pack Vendor :STMicroelectronics HAL Drivers 0.0.0
2023-12-04 20:47:48,591 [INFO] ThirdParty:1030 - CMSIS Pack Vendor :STMicroelectronics MBEDTLS 2.16.2
2023-12-04 20:47:48,591 [INFO] ThirdParty:1030 - CMSIS Pack Vendor :emotas I-CUBE-CANOPEN 1.3.0
2023-12-04 20:47:48,591 [INFO] ThirdParty:1030 - CMSIS Pack Vendor :STMicroelectronics X-CUBE-MEMS1 10.0.0
2023-12-04 20:47:48,591 [INFO] ThirdParty:1030 - CMSIS Pack Vendor :STMicroelectronics X-CUBE-FREERTOS 1.1.0
2023-12-04 20:47:48,591 [INFO] ThirdParty:1030 - CMSIS Pack Vendor :STMicroelectronics X-CUBE-TOUCHGFX 4.22.0
2023-12-04 20:47:48,591 [INFO] ThirdParty:1030 - CMSIS Pack Vendor :STMicroelectronics X-CUBE-NFC7 1.0.1
2023-12-04 20:47:48,591 [INFO] ThirdParty:1030 - CMSIS Pack Vendor :STMicroelectronics MBEDTLS 2.14.1
2023-12-04 20:47:48,591 [INFO] ThirdParty:1030 - CMSIS Pack Vendor :STMicroelectronics X-CUBE-TOUCHGFX 4.22.1
2023-12-04 20:47:48,591 [INFO] ThirdParty:1030 - CMSIS Pack Vendor :STMicroelectronics X-CUBE-NFC6 3.0.0
2023-12-04 20:47:48,591 [INFO] ThirdParty:1030 - CMSIS Pack Vendor :STMicroelectronics X-CUBE-EEPRMA1 4.1.0
2023-12-04 20:47:48,591 [INFO] ThirdParty:1030 - CMSIS Pack Vendor :portGmbH I-Cube-SoM-uGOAL 1.1.0
2023-12-04 20:47:48,591 [INFO] ThirdParty:1030 - CMSIS Pack Vendor :STMicroelectronics X-CUBE-ALS 1.0.1
2023-12-04 20:47:48,591 [INFO] ThirdParty:1030 - CMSIS Pack Vendor :STMicroelectronics ThreadX 1.0.0
2023-12-04 20:47:48,591 [INFO] ThirdParty:1030 - CMSIS Pack Vendor :STMicroelectronics FP-SNS-SMARTAG2 1.2.0
2023-12-04 20:47:48,591 [INFO] ThirdParty:1030 - CMSIS Pack Vendor :STMicroelectronics X-CUBE-AZRTOS-WL 2.0.0
2023-12-04 20:47:48,592 [INFO] ThirdParty:1030 - CMSIS Pack Vendor :SEGGER I-CUBE-embOS 1.3.1
2023-12-04 20:47:48,592 [INFO] ThirdParty:1030 - CMSIS Pack Vendor :STMicroelectronics USB_DEVICE 1.0.0
2023-12-04 20:47:48,592 [INFO] ThirdParty:1030 - CMSIS Pack Vendor :STMicroelectronics X-CUBE-AI 8.1.0
2023-12-04 20:47:48,592 [INFO] ThirdParty:1030 - CMSIS Pack Vendor :STMicroelectronics X-CUBE-AZRTOS-L4 2.0.0
2023-12-04 20:47:48,592 [INFO] ThirdParty:1030 - CMSIS Pack Vendor :STMicroelectronics ThreadX 0.0.2
2023-12-04 20:47:48,592 [INFO] ThirdParty:1030 - CMSIS Pack Vendor :WES I-CUBE-Cesium 1.3.0
2023-12-04 20:47:48,592 [INFO] ThirdParty:1030 - CMSIS Pack Vendor :STMicroelectronics FP-ATR-ASTRA1 2.0.0
2023-12-04 20:47:48,592 [INFO] ThirdParty:1030 - CMSIS Pack Vendor :STMicroelectronics lwIP 2.1.2
2023-12-04 20:47:48,592 [INFO] ThirdParty:1030 - CMSIS Pack Vendor :STMicroelectronics X-CUBE-SFXS2LP1 4.0.0
2023-12-04 20:47:48,592 [INFO] ThirdParty:1030 - CMSIS Pack Vendor :STMicroelectronics X-CUBE-BLE2 3.3.0
2023-12-04 20:47:48,592 [INFO] ThirdParty:1030 - CMSIS Pack Vendor :STMicroelectronics X-CUBE-TOF1 3.4.0
2023-12-04 20:47:48,592 [INFO] ThirdParty:1030 - CMSIS Pack Vendor :STMicroelectronics PDM2PCM 3.2.0
2023-12-04 20:47:48,592 [INFO] ThirdParty:841 - exiting critical section [change project]
2023-12-04 20:47:48,691 [INFO] PinOutPanel:1499 - setPackage(No Configuration,No Configuration)
2023-12-04 20:47:48,692 [INFO] PinOutPanel:1499 - setPackage(STM32F401RETx,LQFP64)
2023-12-04 20:47:48,867 [INFO] UtilMem:75 - Before build in PCC Used Memory: 807022592 Bytes (1073741824)
2023-12-04 20:47:48,991 [INFO] UtilMem:75 - After build in PCC Used Memory: 853159936 Bytes (1073741824)
2023-12-04 20:47:49,005 [INFO] IPUIPlugin:80 - create IPUIPlugin
2023-12-04 20:47:49,005 [INFO] IPUIPlugin:80 - create IPUIPlugin
2023-12-04 20:47:49,005 [INFO] IPUIPlugin:80 - create IPUIPlugin
2023-12-04 20:47:49,005 [INFO] IPUIPlugin:80 - create IPUIPlugin
2023-12-04 20:47:49,006 [INFO] IPUIPlugin:80 - create IPUIPlugin
2023-12-04 20:47:49,006 [INFO] IPUIPlugin:80 - create IPUIPlugin
2023-12-04 20:47:49,006 [INFO] IPUIPlugin:80 - create IPUIPlugin
2023-12-04 20:47:49,006 [INFO] IPUIPlugin:80 - create IPUIPlugin
2023-12-04 20:47:49,006 [INFO] IPUIPlugin:80 - create IPUIPlugin
2023-12-04 20:47:49,006 [INFO] IPUIPlugin:80 - create IPUIPlugin
2023-12-04 20:47:49,006 [INFO] IPUIPlugin:80 - create IPUIPlugin
2023-12-04 20:47:49,006 [INFO] IPUIPlugin:80 - create IPUIPlugin
2023-12-04 20:47:49,006 [INFO] IPUIPlugin:80 - create IPUIPlugin
2023-12-04 20:47:49,007 [INFO] IPUIPlugin:80 - create IPUIPlugin
2023-12-04 20:47:49,007 [INFO] IPUIPlugin:80 - create IPUIPlugin
2023-12-04 20:47:49,007 [INFO] IPUIPlugin:80 - create IPUIPlugin
2023-12-04 20:47:49,007 [INFO] IPUIPlugin:80 - create IPUIPlugin
2023-12-04 20:47:49,007 [INFO] IPUIPlugin:80 - create IPUIPlugin
2023-12-04 20:47:49,007 [INFO] IPUIPlugin:80 - create IPUIPlugin
2023-12-04 20:47:49,007 [INFO] IPUIPlugin:80 - create IPUIPlugin
2023-12-04 20:47:49,007 [INFO] IPUIPlugin:80 - create IPUIPlugin
2023-12-04 20:47:49,008 [INFO] IPUIPlugin:80 - create IPUIPlugin
2023-12-04 20:47:49,008 [INFO] IPUIPlugin:80 - create IPUIPlugin
2023-12-04 20:47:49,008 [INFO] IPUIPlugin:80 - create IPUIPlugin
2023-12-04 20:47:49,008 [INFO] IPUIPlugin:80 - create IPUIPlugin
2023-12-04 20:47:49,008 [INFO] IPUIPlugin:80 - create IPUIPlugin
2023-12-04 20:47:49,008 [INFO] IPUIPlugin:80 - create IPUIPlugin
2023-12-04 20:47:49,008 [INFO] IPUIPlugin:80 - create IPUIPlugin
2023-12-04 20:47:49,008 [INFO] IPUIPlugin:80 - create IPUIPlugin
2023-12-04 20:47:49,008 [INFO] IPUIPlugin:80 - create IPUIPlugin
2023-12-04 20:47:49,008 [INFO] IPUIPlugin:80 - create IPUIPlugin
2023-12-04 20:47:49,009 [INFO] IPUIPlugin:80 - create IPUIPlugin
2023-12-04 20:47:49,009 [INFO] IPUIPlugin:80 - create IPUIPlugin
2023-12-04 20:47:49,009 [INFO] IPUIPlugin:80 - create IPUIPlugin
2023-12-04 20:47:49,009 [INFO] IPUIPlugin:80 - create IPUIPlugin
2023-12-04 20:47:49,009 [INFO] IPUIPlugin:80 - create IPUIPlugin
2023-12-04 20:47:49,010 [INFO] IPUIPlugin:80 - create IPUIPlugin
2023-12-04 20:47:49,010 [INFO] IPUIPlugin:80 - create IPUIPlugin
2023-12-04 20:47:49,013 [INFO] ApiDbMcu:507 - Load IP Config File for PDM2PCM
2023-12-04 20:47:49,045 [INFO] CADModel:165 - CPN selected for project levelSTM32F401RET6
2023-12-04 20:47:49,045 [INFO] CADModel:114 - Register for checkConnection events
2023-12-04 20:47:49,079 [INFO] OpenFileManager:328 - Restore cursor
2023-12-04 20:59:21,141 [ERROR] LogOutputStream:75 - [STDERR_REDIRECT] 
